args Namespace(attention_probs_dropout_prob=0.007, learning_rate=1.8e-05, model_name='debertav3base', test_mode=False)
cuda
fold 0:
model_fold_dir debertav3base_lr18e-05/fold_0/0
start training
{'eval_loss': 0.30071839690208435, 'eval_rmse': 0.5446346998214722, 'eval_runtime': 8.2957, 'eval_samples_per_second': 247.961, 'eval_steps_per_second': 13.139, 'epoch': 0.37}
{'eval_loss': 0.33598488569259644, 'eval_rmse': 0.5773084163665771, 'eval_runtime': 8.3035, 'eval_samples_per_second': 247.726, 'eval_steps_per_second': 13.127, 'epoch': 0.74}
{'eval_loss': 0.2449030727148056, 'eval_rmse': 0.4880106449127197, 'eval_runtime': 8.3091, 'eval_samples_per_second': 247.561, 'eval_steps_per_second': 13.118, 'epoch': 1.12}
{'eval_loss': 0.29218125343322754, 'eval_rmse': 0.5390000343322754, 'eval_runtime': 8.3139, 'eval_samples_per_second': 247.417, 'eval_steps_per_second': 13.111, 'epoch': 1.49}
{'loss': 0.3225, 'learning_rate': 1.1308550185873607e-05, 'epoch': 1.86}
{'eval_loss': 0.29095450043678284, 'eval_rmse': 0.5393244028091431, 'eval_runtime': 8.3039, 'eval_samples_per_second': 247.715, 'eval_steps_per_second': 13.126, 'epoch': 1.86}
{'eval_loss': 0.22801890969276428, 'eval_rmse': 0.4741848111152649, 'eval_runtime': 8.3229, 'eval_samples_per_second': 247.151, 'eval_steps_per_second': 13.096, 'epoch': 2.23}
{'eval_loss': 0.23289653658866882, 'eval_rmse': 0.4812052845954895, 'eval_runtime': 8.3211, 'eval_samples_per_second': 247.202, 'eval_steps_per_second': 13.099, 'epoch': 2.6}
{'eval_loss': 0.24951884150505066, 'eval_rmse': 0.49822577834129333, 'eval_runtime': 8.3209, 'eval_samples_per_second': 247.21, 'eval_steps_per_second': 13.1, 'epoch': 2.97}
{'eval_loss': 0.25864747166633606, 'eval_rmse': 0.507692813873291, 'eval_runtime': 8.3193, 'eval_samples_per_second': 247.257, 'eval_steps_per_second': 13.102, 'epoch': 3.35}
{'loss': 0.1704, 'learning_rate': 4.617100371747212e-06, 'epoch': 3.72}
{'eval_loss': 0.24199284613132477, 'eval_rmse': 0.49104270339012146, 'eval_runtime': 8.3036, 'eval_samples_per_second': 247.724, 'eval_steps_per_second': 13.127, 'epoch': 3.72}
{'eval_loss': 0.24342195689678192, 'eval_rmse': 0.4924355745315552, 'eval_runtime': 8.3245, 'eval_samples_per_second': 247.103, 'eval_steps_per_second': 13.094, 'epoch': 4.09}
{'eval_loss': 0.2585584819316864, 'eval_rmse': 0.5075202584266663, 'eval_runtime': 8.3215, 'eval_samples_per_second': 247.19, 'eval_steps_per_second': 13.099, 'epoch': 4.46}
{'eval_loss': 0.25759178400039673, 'eval_rmse': 0.5070540904998779, 'eval_runtime': 8.3222, 'eval_samples_per_second': 247.171, 'eval_steps_per_second': 13.098, 'epoch': 4.83}
{'train_runtime': 544.1968, 'train_samples_per_second': 46.932, 'train_steps_per_second': 2.472, 'train_loss': 0.21213658839796556, 'epoch': 5.0}
finish training
fold 1:
model_fold_dir debertav3base_lr18e-05/fold_1/1
start training
{'eval_loss': 0.45595240592956543, 'eval_rmse': 0.6646025776863098, 'eval_runtime': 11.9645, 'eval_samples_per_second': 167.913, 'eval_steps_per_second': 8.86, 'epoch': 0.37}
{'eval_loss': 0.5025338530540466, 'eval_rmse': 0.6923004984855652, 'eval_runtime': 11.9658, 'eval_samples_per_second': 167.895, 'eval_steps_per_second': 8.859, 'epoch': 0.74}
{'eval_loss': 0.4924370348453522, 'eval_rmse': 0.6894607543945312, 'eval_runtime': 11.9723, 'eval_samples_per_second': 167.804, 'eval_steps_per_second': 8.854, 'epoch': 1.1}
{'eval_loss': 0.5034688711166382, 'eval_rmse': 0.6934570074081421, 'eval_runtime': 11.9778, 'eval_samples_per_second': 167.727, 'eval_steps_per_second': 8.85, 'epoch': 1.47}
{'loss': 0.2952, 'learning_rate': 1.138235294117647e-05, 'epoch': 1.84}
{'eval_loss': 0.45929259061813354, 'eval_rmse': 0.6633944511413574, 'eval_runtime': 11.9672, 'eval_samples_per_second': 167.876, 'eval_steps_per_second': 8.858, 'epoch': 1.84}
{'eval_loss': 0.4418487846851349, 'eval_rmse': 0.6526943445205688, 'eval_runtime': 11.9815, 'eval_samples_per_second': 167.676, 'eval_steps_per_second': 8.847, 'epoch': 2.21}
{'eval_loss': 0.4842938780784607, 'eval_rmse': 0.682336688041687, 'eval_runtime': 11.976, 'eval_samples_per_second': 167.752, 'eval_steps_per_second': 8.851, 'epoch': 2.57}
{'eval_loss': 0.5189864635467529, 'eval_rmse': 0.6983592510223389, 'eval_runtime': 11.9793, 'eval_samples_per_second': 167.706, 'eval_steps_per_second': 8.849, 'epoch': 2.94}
{'eval_loss': 0.4369872808456421, 'eval_rmse': 0.6520243883132935, 'eval_runtime': 11.9835, 'eval_samples_per_second': 167.647, 'eval_steps_per_second': 8.845, 'epoch': 3.31}
{'loss': 0.1442, 'learning_rate': 4.764705882352941e-06, 'epoch': 3.68}
{'eval_loss': 0.4656520485877991, 'eval_rmse': 0.6691330075263977, 'eval_runtime': 11.9662, 'eval_samples_per_second': 167.89, 'eval_steps_per_second': 8.858, 'epoch': 3.68}
{'eval_loss': 0.43973517417907715, 'eval_rmse': 0.6517065167427063, 'eval_runtime': 11.9857, 'eval_samples_per_second': 167.616, 'eval_steps_per_second': 8.844, 'epoch': 4.04}
{'eval_loss': 0.4719126522541046, 'eval_rmse': 0.672947883605957, 'eval_runtime': 11.9791, 'eval_samples_per_second': 167.709, 'eval_steps_per_second': 8.849, 'epoch': 4.41}
{'eval_loss': 0.45373985171318054, 'eval_rmse': 0.6619296073913574, 'eval_runtime': 11.9774, 'eval_samples_per_second': 167.733, 'eval_steps_per_second': 8.85, 'epoch': 4.78}
{'train_runtime': 545.0252, 'train_samples_per_second': 47.301, 'train_steps_per_second': 2.495, 'train_loss': 0.18684986619388355, 'epoch': 5.0}
finish training
fold 2:
model_fold_dir debertav3base_lr18e-05/fold_2/2
start training
{'eval_loss': 0.42434611916542053, 'eval_rmse': 0.6383014917373657, 'eval_runtime': 10.8462, 'eval_samples_per_second': 184.028, 'eval_steps_per_second': 9.773, 'epoch': 0.37}
{'eval_loss': 0.3220853805541992, 'eval_rmse': 0.5612625479698181, 'eval_runtime': 10.8461, 'eval_samples_per_second': 184.03, 'eval_steps_per_second': 9.773, 'epoch': 0.73}
{'eval_loss': 0.3290872871875763, 'eval_rmse': 0.5641259551048279, 'eval_runtime': 10.8416, 'eval_samples_per_second': 184.106, 'eval_steps_per_second': 9.777, 'epoch': 1.1}
{'eval_loss': 0.2644476592540741, 'eval_rmse': 0.5120221972465515, 'eval_runtime': 10.8444, 'eval_samples_per_second': 184.059, 'eval_steps_per_second': 9.775, 'epoch': 1.47}
{'loss': 0.3217, 'learning_rate': 1.1406593406593407e-05, 'epoch': 1.83}
{'eval_loss': 0.293332576751709, 'eval_rmse': 0.5346529483795166, 'eval_runtime': 10.8271, 'eval_samples_per_second': 184.352, 'eval_steps_per_second': 9.79, 'epoch': 1.83}
{'eval_loss': 0.29685553908348083, 'eval_rmse': 0.5387189388275146, 'eval_runtime': 10.8441, 'eval_samples_per_second': 184.063, 'eval_steps_per_second': 9.775, 'epoch': 2.2}
{'eval_loss': 0.2451290637254715, 'eval_rmse': 0.49177128076553345, 'eval_runtime': 10.8412, 'eval_samples_per_second': 184.113, 'eval_steps_per_second': 9.778, 'epoch': 2.56}
{'eval_loss': 0.25929582118988037, 'eval_rmse': 0.5063123106956482, 'eval_runtime': 10.8425, 'eval_samples_per_second': 184.091, 'eval_steps_per_second': 9.776, 'epoch': 2.93}
{'eval_loss': 0.29071369767189026, 'eval_rmse': 0.5358673334121704, 'eval_runtime': 10.8385, 'eval_samples_per_second': 184.158, 'eval_steps_per_second': 9.78, 'epoch': 3.3}
{'loss': 0.1581, 'learning_rate': 4.813186813186813e-06, 'epoch': 3.66}
{'eval_loss': 0.276526540517807, 'eval_rmse': 0.5222921967506409, 'eval_runtime': 10.826, 'eval_samples_per_second': 184.371, 'eval_steps_per_second': 9.791, 'epoch': 3.66}
{'eval_loss': 0.2657640278339386, 'eval_rmse': 0.5120982527732849, 'eval_runtime': 10.843, 'eval_samples_per_second': 184.081, 'eval_steps_per_second': 9.776, 'epoch': 4.03}
{'eval_loss': 0.28193265199661255, 'eval_rmse': 0.5294809937477112, 'eval_runtime': 10.8442, 'eval_samples_per_second': 184.061, 'eval_steps_per_second': 9.775, 'epoch': 4.4}
{'eval_loss': 0.27116653323173523, 'eval_rmse': 0.5193896293640137, 'eval_runtime': 10.8428, 'eval_samples_per_second': 184.084, 'eval_steps_per_second': 9.776, 'epoch': 4.76}
{'train_runtime': 554.3596, 'train_samples_per_second': 46.621, 'train_steps_per_second': 2.462, 'train_loss': 0.20255618811527015, 'epoch': 5.0}
finish training
fold 3:
model_fold_dir debertav3base_lr18e-05/fold_3/3
start training
{'eval_loss': 0.5844461917877197, 'eval_rmse': 0.7537620067596436, 'eval_runtime': 4.8005, 'eval_samples_per_second': 229.768, 'eval_steps_per_second': 12.29, 'epoch': 0.31}
{'eval_loss': 0.43843406438827515, 'eval_rmse': 0.6543759703636169, 'eval_runtime': 4.7952, 'eval_samples_per_second': 230.02, 'eval_steps_per_second': 12.304, 'epoch': 0.62}
{'eval_loss': 0.4614267349243164, 'eval_rmse': 0.6736927032470703, 'eval_runtime': 4.7991, 'eval_samples_per_second': 229.833, 'eval_steps_per_second': 12.294, 'epoch': 0.94}
{'eval_loss': 0.39773452281951904, 'eval_rmse': 0.6252564191818237, 'eval_runtime': 4.7964, 'eval_samples_per_second': 229.964, 'eval_steps_per_second': 12.301, 'epoch': 1.25}
{'loss': 0.2972, 'learning_rate': 1.2375000000000001e-05, 'epoch': 1.56}
{'eval_loss': 0.3745710253715515, 'eval_rmse': 0.6083220839500427, 'eval_runtime': 4.7811, 'eval_samples_per_second': 230.7, 'eval_steps_per_second': 12.34, 'epoch': 1.56}
{'eval_loss': 0.3578033149242401, 'eval_rmse': 0.5924776792526245, 'eval_runtime': 4.7962, 'eval_samples_per_second': 229.972, 'eval_steps_per_second': 12.301, 'epoch': 1.88}
{'eval_loss': 0.3794934153556824, 'eval_rmse': 0.6135351657867432, 'eval_runtime': 4.7947, 'eval_samples_per_second': 230.044, 'eval_steps_per_second': 12.305, 'epoch': 2.19}
{'eval_loss': 0.3635982275009155, 'eval_rmse': 0.6003706455230713, 'eval_runtime': 4.7955, 'eval_samples_per_second': 230.008, 'eval_steps_per_second': 12.303, 'epoch': 2.5}
{'eval_loss': 0.38988572359085083, 'eval_rmse': 0.6223903894424438, 'eval_runtime': 4.7983, 'eval_samples_per_second': 229.873, 'eval_steps_per_second': 12.296, 'epoch': 2.81}
{'loss': 0.1692, 'learning_rate': 6.75e-06, 'epoch': 3.12}
{'eval_loss': 0.3931368589401245, 'eval_rmse': 0.6247429847717285, 'eval_runtime': 4.7806, 'eval_samples_per_second': 230.725, 'eval_steps_per_second': 12.342, 'epoch': 3.12}
{'eval_loss': 0.4262358546257019, 'eval_rmse': 0.652105450630188, 'eval_runtime': 4.7973, 'eval_samples_per_second': 229.922, 'eval_steps_per_second': 12.299, 'epoch': 3.44}
{'eval_loss': 0.37859779596328735, 'eval_rmse': 0.6124141812324524, 'eval_runtime': 4.7971, 'eval_samples_per_second': 229.932, 'eval_steps_per_second': 12.299, 'epoch': 3.75}
{'eval_loss': 0.3940098285675049, 'eval_rmse': 0.6256008148193359, 'eval_runtime': 4.7991, 'eval_samples_per_second': 229.836, 'eval_steps_per_second': 12.294, 'epoch': 4.06}
{'eval_loss': 0.42710644006729126, 'eval_rmse': 0.6529079675674438, 'eval_runtime': 4.7964, 'eval_samples_per_second': 229.962, 'eval_steps_per_second': 12.301, 'epoch': 4.38}
{'loss': 0.0984, 'learning_rate': 1.125e-06, 'epoch': 4.69}
{'eval_loss': 0.39761871099472046, 'eval_rmse': 0.6284735202789307, 'eval_runtime': 4.7811, 'eval_samples_per_second': 230.702, 'eval_steps_per_second': 12.34, 'epoch': 4.69}
{'eval_loss': 0.4130095839500427, 'eval_rmse': 0.6414039134979248, 'eval_runtime': 4.795, 'eval_samples_per_second': 230.033, 'eval_steps_per_second': 12.305, 'epoch': 5.0}
{'train_runtime': 584.3349, 'train_samples_per_second': 51.871, 'train_steps_per_second': 2.738, 'train_loss': 0.18147404372692108, 'epoch': 5.0}
finish training
fold 0:
pred shape (2057, 2)
fold 1:
pred shape (2009, 2)
fold 2:
pred shape (1996, 2)
fold 3:
pred shape (1103, 2)
cv content rmse: 0.5782926161186306
cv wording rmse: 0.7364426973621645
fold 0:
fold 1:
fold 2:
fold 3:
[LightGBM] [Info] Auto-choosing col-wise multi-threading, the overhead of testing was 0.000134 seconds.
You can set `force_col_wise=true` to remove the overhead.
[LightGBM] [Info] Total Bins 1682
[LightGBM] [Info] Number of data points in the train set: 5108, number of used features: 11
[LightGBM] [Info] Start training from score 0.017606
Training until validation scores don't improve for 30 rounds
[LightGBM] [Warning] No further splits with positive gain, best gain: -inf
[LightGBM] [Warning] No further splits with positive gain, best gain: -inf
[LightGBM] [Warning] No further splits with positive gain, best gain: -inf
[LightGBM] [Warning] No further splits with positive gain, best gain: -inf
[LightGBM] [Warning] No further splits with positive gain, best gain: -inf
[LightGBM] [Warning] No further splits with positive gain, best gain: -inf
[LightGBM] [Warning] No further splits with positive gain, best gain: -inf
[LightGBM] [Warning] No further splits with positive gain, best gain: -inf
[LightGBM] [Warning] No further splits with positive gain, best gain: -inf
[LightGBM] [Warning] No further splits with positive gain, best gain: -inf
[LightGBM] [Warning] No further splits with positive gain, best gain: -inf
[LightGBM] [Warning] No further splits with positive gain, best gain: -inf
[LightGBM] [Warning] No further splits with positive gain, best gain: -inf
[LightGBM] [Warning] No further splits with positive gain, best gain: -inf
[LightGBM] [Warning] No further splits with positive gain, best gain: -inf
[LightGBM] [Warning] No further splits with positive gain, best gain: -inf
[LightGBM] [Warning] No further splits with positive gain, best gain: -inf
[LightGBM] [Warning] No further splits with positive gain, best gain: -inf
[LightGBM] [Warning] No further splits with positive gain, best gain: -inf
[LightGBM] [Warning] No further splits with positive gain, best gain: -inf
[LightGBM] [Warning] No further splits with positive gain, best gain: -inf
[LightGBM] [Warning] No further splits with positive gain, best gain: -inf
[LightGBM] [Warning] No further splits with positive gain, best gain: -inf
[LightGBM] [Warning] No further splits with positive gain, best gain: -inf
[LightGBM] [Warning] No further splits with positive gain, best gain: -inf
[LightGBM] [Warning] No further splits with positive gain, best gain: -inf
[LightGBM] [Warning] No further splits with positive gain, best gain: -inf
[LightGBM] [Warning] No further splits with positive gain, best gain: -inf
[LightGBM] [Warning] No further splits with positive gain, best gain: -inf
[LightGBM] [Warning] No further splits with positive gain, best gain: -inf
[LightGBM] [Warning] No further splits with positive gain, best gain: -inf
[LightGBM] [Warning] No further splits with positive gain, best gain: -inf
[LightGBM] [Warning] No further splits with positive gain, best gain: -inf
[100]	train's rmse: 0.404373
[LightGBM] [Warning] No further splits with positive gain, best gain: -inf
[LightGBM] [Warning] No further splits with positive gain, best gain: -inf
[LightGBM] [Warning] No further splits with positive gain, best gain: -inf
[LightGBM] [Warning] No further splits with positive gain, best gain: -inf
[LightGBM] [Warning] No further splits with positive gain, best gain: -inf
[LightGBM] [Warning] No further splits with positive gain, best gain: -inf
[LightGBM] [Warning] No further splits with positive gain, best gain: -inf
[LightGBM] [Warning] No further splits with positive gain, best gain: -inf
[LightGBM] [Warning] No further splits with positive gain, best gain: -inf
[LightGBM] [Warning] No further splits with positive gain, best gain: -inf
[LightGBM] [Warning] No further splits with positive gain, best gain: -inf
[LightGBM] [Warning] No further splits with positive gain, best gain: -inf
[LightGBM] [Warning] No further splits with positive gain, best gain: -inf
[LightGBM] [Warning] No further splits with positive gain, best gain: -inf
[LightGBM] [Warning] No further splits with positive gain, best gain: -inf
Early stopping, best iteration is:
[88]	train's rmse: 0.403973
[LightGBM] [Info] Auto-choosing col-wise multi-threading, the overhead of testing was 0.000096 seconds.
You can set `force_col_wise=true` to remove the overhead.
[LightGBM] [Info] Total Bins 1646
[LightGBM] [Info] Number of data points in the train set: 5156, number of used features: 11
[LightGBM] [Info] Start training from score -0.039959
Training until validation scores don't improve for 30 rounds
[LightGBM] [Warning] No further splits with positive gain, best gain: -inf
[LightGBM] [Warning] No further splits with positive gain, best gain: -inf
[LightGBM] [Warning] No further splits with positive gain, best gain: -inf
[LightGBM] [Warning] No further splits with positive gain, best gain: -inf
[LightGBM] [Warning] No further splits with positive gain, best gain: -inf
[LightGBM] [Warning] No further splits with positive gain, best gain: -inf
[LightGBM] [Warning] No further splits with positive gain, best gain: -inf
[LightGBM] [Warning] No further splits with positive gain, best gain: -inf
[LightGBM] [Warning] No further splits with positive gain, best gain: -inf
[LightGBM] [Warning] No further splits with positive gain, best gain: -inf
[100]	train's rmse: 0.456972
[LightGBM] [Warning] No further splits with positive gain, best gain: -inf
[LightGBM] [Warning] No further splits with positive gain, best gain: -inf
[LightGBM] [Warning] No further splits with positive gain, best gain: -inf
[LightGBM] [Warning] No further splits with positive gain, best gain: -inf
[LightGBM] [Warning] No further splits with positive gain, best gain: -inf
[LightGBM] [Warning] No further splits with positive gain, best gain: -inf
[LightGBM] [Warning] No further splits with positive gain, best gain: -inf
[LightGBM] [Warning] No further splits with positive gain, best gain: -inf
[LightGBM] [Warning] No further splits with positive gain, best gain: -inf
[LightGBM] [Warning] No further splits with positive gain, best gain: -inf
[LightGBM] [Warning] No further splits with positive gain, best gain: -inf
[LightGBM] [Warning] No further splits with positive gain, best gain: -inf
[LightGBM] [Warning] No further splits with positive gain, best gain: -inf
[LightGBM] [Warning] No further splits with positive gain, best gain: -inf
[LightGBM] [Warning] No further splits with positive gain, best gain: -inf
[LightGBM] [Warning] No further splits with positive gain, best gain: -inf
[LightGBM] [Warning] No further splits with positive gain, best gain: -inf
[LightGBM] [Warning] No further splits with positive gain, best gain: -inf
[LightGBM] [Warning] No further splits with positive gain, best gain: -inf
[LightGBM] [Warning] No further splits with positive gain, best gain: -inf
[LightGBM] [Warning] No further splits with positive gain, best gain: -inf
[LightGBM] [Warning] No further splits with positive gain, best gain: -inf
[LightGBM] [Warning] No further splits with positive gain, best gain: -inf
[LightGBM] [Warning] No further splits with positive gain, best gain: -inf
[LightGBM] [Warning] No further splits with positive gain, best gain: -inf
[LightGBM] [Warning] No further splits with positive gain, best gain: -inf
[LightGBM] [Warning] No further splits with positive gain, best gain: -inf
[LightGBM] [Warning] No further splits with positive gain, best gain: -inf
[LightGBM] [Warning] No further splits with positive gain, best gain: -inf
[LightGBM] [Warning] No further splits with positive gain, best gain: -inf
[LightGBM] [Warning] No further splits with positive gain, best gain: -inf
[LightGBM] [Warning] No further splits with positive gain, best gain: -inf
[LightGBM] [Warning] No further splits with positive gain, best gain: -inf
[LightGBM] [Warning] No further splits with positive gain, best gain: -inf
Early stopping, best iteration is:
[122]	train's rmse: 0.455407
[LightGBM] [Info] Auto-choosing col-wise multi-threading, the overhead of testing was 0.000100 seconds.
You can set `force_col_wise=true` to remove the overhead.
[LightGBM] [Info] Total Bins 1634
[LightGBM] [Info] Number of data points in the train set: 5169, number of used features: 11
[LightGBM] [Info] Start training from score 0.013356
Training until validation scores don't improve for 30 rounds
[LightGBM] [Warning] No further splits with positive gain, best gain: -inf
[LightGBM] [Warning] No further splits with positive gain, best gain: -inf
[LightGBM] [Warning] No further splits with positive gain, best gain: -inf
[LightGBM] [Warning] No further splits with positive gain, best gain: -inf
[LightGBM] [Warning] No further splits with positive gain, best gain: -inf
[LightGBM] [Warning] No further splits with positive gain, best gain: -inf
[LightGBM] [Warning] No further splits with positive gain, best gain: -inf
[LightGBM] [Warning] No further splits with positive gain, best gain: -inf
[LightGBM] [Warning] No further splits with positive gain, best gain: -inf
[LightGBM] [Warning] No further splits with positive gain, best gain: -inf
[LightGBM] [Warning] No further splits with positive gain, best gain: -inf
[LightGBM] [Warning] No further splits with positive gain, best gain: -inf
[LightGBM] [Warning] No further splits with positive gain, best gain: -inf
[LightGBM] [Warning] No further splits with positive gain, best gain: -inf
[LightGBM] [Warning] No further splits with positive gain, best gain: -inf
[LightGBM] [Warning] No further splits with positive gain, best gain: -inf
[LightGBM] [Warning] No further splits with positive gain, best gain: -inf
[LightGBM] [Warning] No further splits with positive gain, best gain: -inf
[LightGBM] [Warning] No further splits with positive gain, best gain: -inf
[LightGBM] [Warning] No further splits with positive gain, best gain: -inf
[LightGBM] [Warning] No further splits with positive gain, best gain: -inf
[LightGBM] [Warning] No further splits with positive gain, best gain: -inf
[LightGBM] [Warning] No further splits with positive gain, best gain: -inf
[100]	train's rmse: 0.424158
[LightGBM] [Warning] No further splits with positive gain, best gain: -inf
[LightGBM] [Warning] No further splits with positive gain, best gain: -inf
[LightGBM] [Warning] No further splits with positive gain, best gain: -inf
[LightGBM] [Warning] No further splits with positive gain, best gain: -inf
[LightGBM] [Warning] No further splits with positive gain, best gain: -inf
[LightGBM] [Warning] No further splits with positive gain, best gain: -inf
[LightGBM] [Warning] No further splits with positive gain, best gain: -inf
Early stopping, best iteration is:
[80]	train's rmse: 0.42351
[LightGBM] [Info] Auto-choosing col-wise multi-threading, the overhead of testing was 0.000109 seconds.
You can set `force_col_wise=true` to remove the overhead.
[LightGBM] [Info] Total Bins 1687
[LightGBM] [Info] Number of data points in the train set: 6062, number of used features: 11
[LightGBM] [Info] Start training from score -0.044904
Training until validation scores don't improve for 30 rounds
[LightGBM] [Warning] No further splits with positive gain, best gain: -inf
[LightGBM] [Warning] No further splits with positive gain, best gain: -inf
[LightGBM] [Warning] No further splits with positive gain, best gain: -inf
[LightGBM] [Warning] No further splits with positive gain, best gain: -inf
[LightGBM] [Warning] No further splits with positive gain, best gain: -inf
[LightGBM] [Warning] No further splits with positive gain, best gain: -inf
[LightGBM] [Warning] No further splits with positive gain, best gain: -inf
[LightGBM] [Warning] No further splits with positive gain, best gain: -inf
[LightGBM] [Warning] No further splits with positive gain, best gain: -inf
[LightGBM] [Warning] No further splits with positive gain, best gain: -inf
[LightGBM] [Warning] No further splits with positive gain, best gain: -inf
[LightGBM] [Warning] No further splits with positive gain, best gain: -inf
[LightGBM] [Warning] No further splits with positive gain, best gain: -inf
[LightGBM] [Warning] No further splits with positive gain, best gain: -inf
[LightGBM] [Warning] No further splits with positive gain, best gain: -inf
[LightGBM] [Warning] No further splits with positive gain, best gain: -inf
[LightGBM] [Warning] No further splits with positive gain, best gain: -inf
[LightGBM] [Warning] No further splits with positive gain, best gain: -inf
[LightGBM] [Warning] No further splits with positive gain, best gain: -inf
[LightGBM] [Warning] No further splits with positive gain, best gain: -inf
[LightGBM] [Warning] No further splits with positive gain, best gain: -inf
[LightGBM] [Warning] No further splits with positive gain, best gain: -inf
[100]	train's rmse: 0.458002
[LightGBM] [Warning] No further splits with positive gain, best gain: -inf
[LightGBM] [Warning] No further splits with positive gain, best gain: -inf
[LightGBM] [Warning] No further splits with positive gain, best gain: -inf
[LightGBM] [Warning] No further splits with positive gain, best gain: -inf
[LightGBM] [Warning] No further splits with positive gain, best gain: -inf
[LightGBM] [Warning] No further splits with positive gain, best gain: -inf
[LightGBM] [Warning] No further splits with positive gain, best gain: -inf
[LightGBM] [Warning] No further splits with positive gain, best gain: -inf
[LightGBM] [Warning] No further splits with positive gain, best gain: -inf
[LightGBM] [Warning] No further splits with positive gain, best gain: -inf
[LightGBM] [Warning] No further splits with positive gain, best gain: -inf
[LightGBM] [Warning] No further splits with positive gain, best gain: -inf
[LightGBM] [Warning] No further splits with positive gain, best gain: -inf
[LightGBM] [Warning] No further splits with positive gain, best gain: -inf
[LightGBM] [Warning] No further splits with positive gain, best gain: -inf
[LightGBM] [Warning] No further splits with positive gain, best gain: -inf
[LightGBM] [Warning] No further splits with positive gain, best gain: -inf
[LightGBM] [Warning] No further splits with positive gain, best gain: -inf
[LightGBM] [Warning] No further splits with positive gain, best gain: -inf
[LightGBM] [Warning] No further splits with positive gain, best gain: -inf
[LightGBM] [Warning] No further splits with positive gain, best gain: -inf
[LightGBM] [Warning] No further splits with positive gain, best gain: -inf
[LightGBM] [Warning] No further splits with positive gain, best gain: -inf
[LightGBM] [Warning] No further splits with positive gain, best gain: -inf
[LightGBM] [Warning] No further splits with positive gain, best gain: -inf
[LightGBM] [Warning] No further splits with positive gain, best gain: -inf
[LightGBM] [Warning] No further splits with positive gain, best gain: -inf
[LightGBM] [Warning] No further splits with positive gain, best gain: -inf
[LightGBM] [Warning] No further splits with positive gain, best gain: -inf
[LightGBM] [Warning] No further splits with positive gain, best gain: -inf
[LightGBM] [Warning] No further splits with positive gain, best gain: -inf
[LightGBM] [Warning] No further splits with positive gain, best gain: -inf
[LightGBM] [Warning] No further splits with positive gain, best gain: -inf
[LightGBM] [Warning] No further splits with positive gain, best gain: -inf
[LightGBM] [Warning] No further splits with positive gain, best gain: -inf
[LightGBM] [Warning] No further splits with positive gain, best gain: -inf
[LightGBM] [Warning] No further splits with positive gain, best gain: -inf
[LightGBM] [Warning] No further splits with positive gain, best gain: -inf
[LightGBM] [Warning] No further splits with positive gain, best gain: -inf
[LightGBM] [Warning] No further splits with positive gain, best gain: -inf
[LightGBM] [Warning] No further splits with positive gain, best gain: -inf
[LightGBM] [Warning] No further splits with positive gain, best gain: -inf
[LightGBM] [Warning] No further splits with positive gain, best gain: -inf
[LightGBM] [Warning] No further splits with positive gain, best gain: -inf
[LightGBM] [Warning] No further splits with positive gain, best gain: -inf
[LightGBM] [Warning] No further splits with positive gain, best gain: -inf
[LightGBM] [Warning] No further splits with positive gain, best gain: -inf
[LightGBM] [Warning] No further splits with positive gain, best gain: -inf
[LightGBM] [Warning] No further splits with positive gain, best gain: -inf
[LightGBM] [Warning] No further splits with positive gain, best gain: -inf
[LightGBM] [Warning] No further splits with positive gain, best gain: -inf
[LightGBM] [Warning] No further splits with positive gain, best gain: -inf
[LightGBM] [Warning] No further splits with positive gain, best gain: -inf
[LightGBM] [Warning] No further splits with positive gain, best gain: -inf
[LightGBM] [Warning] No further splits with positive gain, best gain: -inf
[LightGBM] [Warning] No further splits with positive gain, best gain: -inf
[LightGBM] [Warning] No further splits with positive gain, best gain: -inf
[LightGBM] [Warning] No further splits with positive gain, best gain: -inf
[LightGBM] [Warning] No further splits with positive gain, best gain: -inf
[LightGBM] [Warning] No further splits with positive gain, best gain: -inf
[LightGBM] [Warning] No further splits with positive gain, best gain: -inf
[LightGBM] [Warning] No further splits with positive gain, best gain: -inf
[200]	train's rmse: 0.451197
[LightGBM] [Warning] No further splits with positive gain, best gain: -inf
[LightGBM] [Warning] No further splits with positive gain, best gain: -inf
[LightGBM] [Warning] No further splits with positive gain, best gain: -inf
[LightGBM] [Warning] No further splits with positive gain, best gain: -inf
[LightGBM] [Warning] No further splits with positive gain, best gain: -inf
[LightGBM] [Warning] No further splits with positive gain, best gain: -inf
[LightGBM] [Warning] No further splits with positive gain, best gain: -inf
[LightGBM] [Warning] No further splits with positive gain, best gain: -inf
[LightGBM] [Warning] No further splits with positive gain, best gain: -inf
[LightGBM] [Warning] No further splits with positive gain, best gain: -inf
[LightGBM] [Warning] No further splits with positive gain, best gain: -inf
[LightGBM] [Warning] No further splits with positive gain, best gain: -inf
[LightGBM] [Warning] No further splits with positive gain, best gain: -inf
[LightGBM] [Warning] No further splits with positive gain, best gain: -inf
[LightGBM] [Warning] No further splits with positive gain, best gain: -inf
[LightGBM] [Warning] No further splits with positive gain, best gain: -inf
[LightGBM] [Warning] No further splits with positive gain, best gain: -inf
[LightGBM] [Warning] No further splits with positive gain, best gain: -inf
[LightGBM] [Warning] No further splits with positive gain, best gain: -inf
[LightGBM] [Warning] No further splits with positive gain, best gain: -inf
[LightGBM] [Warning] No further splits with positive gain, best gain: -inf
[LightGBM] [Warning] No further splits with positive gain, best gain: -inf
[LightGBM] [Warning] No further splits with positive gain, best gain: -inf
[LightGBM] [Warning] No further splits with positive gain, best gain: -inf
[LightGBM] [Warning] No further splits with positive gain, best gain: -inf
[LightGBM] [Warning] No further splits with positive gain, best gain: -inf
[LightGBM] [Warning] No further splits with positive gain, best gain: -inf
[LightGBM] [Warning] No further splits with positive gain, best gain: -inf
[LightGBM] [Warning] No further splits with positive gain, best gain: -inf
[LightGBM] [Warning] No further splits with positive gain, best gain: -inf
[LightGBM] [Warning] No further splits with positive gain, best gain: -inf
[LightGBM] [Warning] No further splits with positive gain, best gain: -inf
[LightGBM] [Warning] No further splits with positive gain, best gain: -inf
[LightGBM] [Warning] No further splits with positive gain, best gain: -inf
[LightGBM] [Warning] No further splits with positive gain, best gain: -inf
[LightGBM] [Warning] No further splits with positive gain, best gain: -inf
[LightGBM] [Warning] No further splits with positive gain, best gain: -inf
[LightGBM] [Warning] No further splits with positive gain, best gain: -inf
[LightGBM] [Warning] No further splits with positive gain, best gain: -inf
Early stopping, best iteration is:
[242]	train's rmse: 0.450297
[LightGBM] [Info] Auto-choosing col-wise multi-threading, the overhead of testing was 0.000099 seconds.
You can set `force_col_wise=true` to remove the overhead.
[LightGBM] [Info] Total Bins 1682
[LightGBM] [Info] Number of data points in the train set: 5108, number of used features: 11
[LightGBM] [Info] Start training from score -0.031791
Training until validation scores don't improve for 30 rounds
[LightGBM] [Warning] No further splits with positive gain, best gain: -inf
[LightGBM] [Warning] No further splits with positive gain, best gain: -inf
[LightGBM] [Warning] No further splits with positive gain, best gain: -inf
[LightGBM] [Warning] No further splits with positive gain, best gain: -inf
[LightGBM] [Warning] No further splits with positive gain, best gain: -inf
[LightGBM] [Warning] No further splits with positive gain, best gain: -inf
[LightGBM] [Warning] No further splits with positive gain, best gain: -inf
[LightGBM] [Warning] No further splits with positive gain, best gain: -inf
[LightGBM] [Warning] No further splits with positive gain, best gain: -inf
[LightGBM] [Warning] No further splits with positive gain, best gain: -inf
[LightGBM] [Warning] No further splits with positive gain, best gain: -inf
[LightGBM] [Warning] No further splits with positive gain, best gain: -inf
[LightGBM] [Warning] No further splits with positive gain, best gain: -inf
[LightGBM] [Warning] No further splits with positive gain, best gain: -inf
[LightGBM] [Warning] No further splits with positive gain, best gain: -inf
[LightGBM] [Warning] No further splits with positive gain, best gain: -inf
[100]	train's rmse: 0.51907
[LightGBM] [Warning] No further splits with positive gain, best gain: -inf
Early stopping, best iteration is:
[75]	train's rmse: 0.516826
[LightGBM] [Info] Auto-choosing col-wise multi-threading, the overhead of testing was 0.000099 seconds.
You can set `force_col_wise=true` to remove the overhead.
[LightGBM] [Info] Total Bins 1646
[LightGBM] [Info] Number of data points in the train set: 5156, number of used features: 11
[LightGBM] [Info] Start training from score -0.060941
Training until validation scores don't improve for 30 rounds
[LightGBM] [Warning] No further splits with positive gain, best gain: -inf
[LightGBM] [Warning] No further splits with positive gain, best gain: -inf
[LightGBM] [Warning] No further splits with positive gain, best gain: -inf
[LightGBM] [Warning] No further splits with positive gain, best gain: -inf
[LightGBM] [Warning] No further splits with positive gain, best gain: -inf
[LightGBM] [Warning] No further splits with positive gain, best gain: -inf
[LightGBM] [Warning] No further splits with positive gain, best gain: -inf
[LightGBM] [Warning] No further splits with positive gain, best gain: -inf
[LightGBM] [Warning] No further splits with positive gain, best gain: -inf
[LightGBM] [Warning] No further splits with positive gain, best gain: -inf
[LightGBM] [Warning] No further splits with positive gain, best gain: -inf
[LightGBM] [Warning] No further splits with positive gain, best gain: -inf
[LightGBM] [Warning] No further splits with positive gain, best gain: -inf
[LightGBM] [Warning] No further splits with positive gain, best gain: -inf
[LightGBM] [Warning] No further splits with positive gain, best gain: -inf
[LightGBM] [Warning] No further splits with positive gain, best gain: -inf
[LightGBM] [Warning] No further splits with positive gain, best gain: -inf
[LightGBM] [Warning] No further splits with positive gain, best gain: -inf
[LightGBM] [Warning] No further splits with positive gain, best gain: -inf
[LightGBM] [Warning] No further splits with positive gain, best gain: -inf
[LightGBM] [Warning] No further splits with positive gain, best gain: -inf
[LightGBM] [Warning] No further splits with positive gain, best gain: -inf
[LightGBM] [Warning] No further splits with positive gain, best gain: -inf
[LightGBM] [Warning] No further splits with positive gain, best gain: -inf
[LightGBM] [Warning] No further splits with positive gain, best gain: -inf
[LightGBM] [Warning] No further splits with positive gain, best gain: -inf
[LightGBM] [Warning] No further splits with positive gain, best gain: -inf
[LightGBM] [Warning] No further splits with positive gain, best gain: -inf
[100]	train's rmse: 0.649758
[LightGBM] [Warning] No further splits with positive gain, best gain: -inf
[LightGBM] [Warning] No further splits with positive gain, best gain: -inf
[LightGBM] [Warning] No further splits with positive gain, best gain: -inf
[LightGBM] [Warning] No further splits with positive gain, best gain: -inf
[LightGBM] [Warning] No further splits with positive gain, best gain: -inf
[LightGBM] [Warning] No further splits with positive gain, best gain: -inf
[LightGBM] [Warning] No further splits with positive gain, best gain: -inf
[LightGBM] [Warning] No further splits with positive gain, best gain: -inf
[LightGBM] [Warning] No further splits with positive gain, best gain: -inf
[LightGBM] [Warning] No further splits with positive gain, best gain: -inf
[LightGBM] [Warning] No further splits with positive gain, best gain: -inf
[LightGBM] [Warning] No further splits with positive gain, best gain: -inf
[LightGBM] [Warning] No further splits with positive gain, best gain: -inf
[LightGBM] [Warning] No further splits with positive gain, best gain: -inf
[LightGBM] [Warning] No further splits with positive gain, best gain: -inf
[LightGBM] [Warning] No further splits with positive gain, best gain: -inf
[LightGBM] [Warning] No further splits with positive gain, best gain: -inf
[LightGBM] [Warning] No further splits with positive gain, best gain: -inf
[LightGBM] [Warning] No further splits with positive gain, best gain: -inf
[LightGBM] [Warning] No further splits with positive gain, best gain: -inf
[LightGBM] [Warning] No further splits with positive gain, best gain: -inf
[LightGBM] [Warning] No further splits with positive gain, best gain: -inf
[LightGBM] [Warning] No further splits with positive gain, best gain: -inf
[LightGBM] [Warning] No further splits with positive gain, best gain: -inf
[LightGBM] [Warning] No further splits with positive gain, best gain: -inf
[LightGBM] [Warning] No further splits with positive gain, best gain: -inf
[LightGBM] [Warning] No further splits with positive gain, best gain: -inf
[LightGBM] [Warning] No further splits with positive gain, best gain: -inf
[LightGBM] [Warning] No further splits with positive gain, best gain: -inf
Early stopping, best iteration is:
[126]	train's rmse: 0.646933
[LightGBM] [Info] Auto-choosing col-wise multi-threading, the overhead of testing was 0.000103 seconds.
You can set `force_col_wise=true` to remove the overhead.
[LightGBM] [Info] Total Bins 1634
[LightGBM] [Info] Number of data points in the train set: 5169, number of used features: 11
[LightGBM] [Info] Start training from score 0.028040
Training until validation scores don't improve for 30 rounds
[LightGBM] [Warning] No further splits with positive gain, best gain: -inf
[LightGBM] [Warning] No further splits with positive gain, best gain: -inf
[LightGBM] [Warning] No further splits with positive gain, best gain: -inf
[LightGBM] [Warning] No further splits with positive gain, best gain: -inf
[LightGBM] [Warning] No further splits with positive gain, best gain: -inf
[LightGBM] [Warning] No further splits with positive gain, best gain: -inf
[LightGBM] [Warning] No further splits with positive gain, best gain: -inf
[LightGBM] [Warning] No further splits with positive gain, best gain: -inf
[LightGBM] [Warning] No further splits with positive gain, best gain: -inf
[LightGBM] [Warning] No further splits with positive gain, best gain: -inf
[LightGBM] [Warning] No further splits with positive gain, best gain: -inf
[LightGBM] [Warning] No further splits with positive gain, best gain: -inf
[LightGBM] [Warning] No further splits with positive gain, best gain: -inf
[LightGBM] [Warning] No further splits with positive gain, best gain: -inf
[LightGBM] [Warning] No further splits with positive gain, best gain: -inf
[LightGBM] [Warning] No further splits with positive gain, best gain: -inf
[LightGBM] [Warning] No further splits with positive gain, best gain: -inf
[LightGBM] [Warning] No further splits with positive gain, best gain: -inf
[LightGBM] [Warning] No further splits with positive gain, best gain: -inf
[LightGBM] [Warning] No further splits with positive gain, best gain: -inf
[100]	train's rmse: 0.504978
[LightGBM] [Warning] No further splits with positive gain, best gain: -inf
[LightGBM] [Warning] No further splits with positive gain, best gain: -inf
[LightGBM] [Warning] No further splits with positive gain, best gain: -inf
[LightGBM] [Warning] No further splits with positive gain, best gain: -inf
[LightGBM] [Warning] No further splits with positive gain, best gain: -inf
[LightGBM] [Warning] No further splits with positive gain, best gain: -inf
[LightGBM] [Warning] No further splits with positive gain, best gain: -inf
[LightGBM] [Warning] No further splits with positive gain, best gain: -inf
[LightGBM] [Warning] No further splits with positive gain, best gain: -inf
[LightGBM] [Warning] No further splits with positive gain, best gain: -inf
Early stopping, best iteration is:
[94]	train's rmse: 0.5044
[LightGBM] [Info] Auto-choosing col-wise multi-threading, the overhead of testing was 0.000110 seconds.
You can set `force_col_wise=true` to remove the overhead.
[LightGBM] [Info] Total Bins 1687
[LightGBM] [Info] Number of data points in the train set: 6062, number of used features: 11
[LightGBM] [Info] Start training from score -0.168933
Training until validation scores don't improve for 30 rounds
[LightGBM] [Warning] No further splits with positive gain, best gain: -inf
[LightGBM] [Warning] No further splits with positive gain, best gain: -inf
[LightGBM] [Warning] No further splits with positive gain, best gain: -inf
[LightGBM] [Warning] No further splits with positive gain, best gain: -inf
[LightGBM] [Warning] No further splits with positive gain, best gain: -inf
[LightGBM] [Warning] No further splits with positive gain, best gain: -inf
[LightGBM] [Warning] No further splits with positive gain, best gain: -inf
[LightGBM] [Warning] No further splits with positive gain, best gain: -inf
[LightGBM] [Warning] No further splits with positive gain, best gain: -inf
[LightGBM] [Warning] No further splits with positive gain, best gain: -inf
[LightGBM] [Warning] No further splits with positive gain, best gain: -inf
[LightGBM] [Warning] No further splits with positive gain, best gain: -inf
[LightGBM] [Warning] No further splits with positive gain, best gain: -inf
[100]	train's rmse: 0.643493
[LightGBM] [Warning] No further splits with positive gain, best gain: -inf
[LightGBM] [Warning] No further splits with positive gain, best gain: -inf
[LightGBM] [Warning] No further splits with positive gain, best gain: -inf
[LightGBM] [Warning] No further splits with positive gain, best gain: -inf
[LightGBM] [Warning] No further splits with positive gain, best gain: -inf
[LightGBM] [Warning] No further splits with positive gain, best gain: -inf
[LightGBM] [Warning] No further splits with positive gain, best gain: -inf
[LightGBM] [Warning] No further splits with positive gain, best gain: -inf
[LightGBM] [Warning] No further splits with positive gain, best gain: -inf
[LightGBM] [Warning] No further splits with positive gain, best gain: -inf
[LightGBM] [Warning] No further splits with positive gain, best gain: -inf
[LightGBM] [Warning] No further splits with positive gain, best gain: -inf
[LightGBM] [Warning] No further splits with positive gain, best gain: -inf
[LightGBM] [Warning] No further splits with positive gain, best gain: -inf
[LightGBM] [Warning] No further splits with positive gain, best gain: -inf
[LightGBM] [Warning] No further splits with positive gain, best gain: -inf
[LightGBM] [Warning] No further splits with positive gain, best gain: -inf
[LightGBM] [Warning] No further splits with positive gain, best gain: -inf
[LightGBM] [Warning] No further splits with positive gain, best gain: -inf
[LightGBM] [Warning] No further splits with positive gain, best gain: -inf
[LightGBM] [Warning] No further splits with positive gain, best gain: -inf
[LightGBM] [Warning] No further splits with positive gain, best gain: -inf
[LightGBM] [Warning] No further splits with positive gain, best gain: -inf
[LightGBM] [Warning] No further splits with positive gain, best gain: -inf
[LightGBM] [Warning] No further splits with positive gain, best gain: -inf
[LightGBM] [Warning] No further splits with positive gain, best gain: -inf
[LightGBM] [Warning] No further splits with positive gain, best gain: -inf
[LightGBM] [Warning] No further splits with positive gain, best gain: -inf
[LightGBM] [Warning] No further splits with positive gain, best gain: -inf
[LightGBM] [Warning] No further splits with positive gain, best gain: -inf
[LightGBM] [Warning] No further splits with positive gain, best gain: -inf
[LightGBM] [Warning] No further splits with positive gain, best gain: -inf
[LightGBM] [Warning] No further splits with positive gain, best gain: -inf
[LightGBM] [Warning] No further splits with positive gain, best gain: -inf
[LightGBM] [Warning] No further splits with positive gain, best gain: -inf
[LightGBM] [Warning] No further splits with positive gain, best gain: -inf
[LightGBM] [Warning] No further splits with positive gain, best gain: -inf
[LightGBM] [Warning] No further splits with positive gain, best gain: -inf
[LightGBM] [Warning] No further splits with positive gain, best gain: -inf
[LightGBM] [Warning] No further splits with positive gain, best gain: -inf
[LightGBM] [Warning] No further splits with positive gain, best gain: -inf
[LightGBM] [Warning] No further splits with positive gain, best gain: -inf
[LightGBM] [Warning] No further splits with positive gain, best gain: -inf
[LightGBM] [Warning] No further splits with positive gain, best gain: -inf
[LightGBM] [Warning] No further splits with positive gain, best gain: -inf
[LightGBM] [Warning] No further splits with positive gain, best gain: -inf
[LightGBM] [Warning] No further splits with positive gain, best gain: -inf
[LightGBM] [Warning] No further splits with positive gain, best gain: -inf
[LightGBM] [Warning] No further splits with positive gain, best gain: -inf
[LightGBM] [Warning] No further splits with positive gain, best gain: -inf
[LightGBM] [Warning] No further splits with positive gain, best gain: -inf
[LightGBM] [Warning] No further splits with positive gain, best gain: -inf
[LightGBM] [Warning] No further splits with positive gain, best gain: -inf
[LightGBM] [Warning] No further splits with positive gain, best gain: -inf
[LightGBM] [Warning] No further splits with positive gain, best gain: -inf
[LightGBM] [Warning] No further splits with positive gain, best gain: -inf
[LightGBM] [Warning] No further splits with positive gain, best gain: -inf
[LightGBM] [Warning] No further splits with positive gain, best gain: -inf
[LightGBM] [Warning] No further splits with positive gain, best gain: -inf
[LightGBM] [Warning] No further splits with positive gain, best gain: -inf
[LightGBM] [Warning] No further splits with positive gain, best gain: -inf
[LightGBM] [Warning] No further splits with positive gain, best gain: -inf
[LightGBM] [Warning] No further splits with positive gain, best gain: -inf
[LightGBM] [Warning] No further splits with positive gain, best gain: -inf
[LightGBM] [Warning] No further splits with positive gain, best gain: -inf
[LightGBM] [Warning] No further splits with positive gain, best gain: -inf
[LightGBM] [Warning] No further splits with positive gain, best gain: -inf
[LightGBM] [Warning] No further splits with positive gain, best gain: -inf
[LightGBM] [Warning] No further splits with positive gain, best gain: -inf
[LightGBM] [Warning] No further splits with positive gain, best gain: -inf
[LightGBM] [Warning] No further splits with positive gain, best gain: -inf
[200]	train's rmse: 0.639618
[LightGBM] [Warning] No further splits with positive gain, best gain: -inf
[LightGBM] [Warning] No further splits with positive gain, best gain: -inf
[LightGBM] [Warning] No further splits with positive gain, best gain: -inf
[LightGBM] [Warning] No further splits with positive gain, best gain: -inf
[LightGBM] [Warning] No further splits with positive gain, best gain: -inf
[LightGBM] [Warning] No further splits with positive gain, best gain: -inf
[LightGBM] [Warning] No further splits with positive gain, best gain: -inf
[LightGBM] [Warning] No further splits with positive gain, best gain: -inf
[LightGBM] [Warning] No further splits with positive gain, best gain: -inf
[LightGBM] [Warning] No further splits with positive gain, best gain: -inf
[LightGBM] [Warning] No further splits with positive gain, best gain: -inf
[LightGBM] [Warning] No further splits with positive gain, best gain: -inf
[LightGBM] [Warning] No further splits with positive gain, best gain: -inf
[LightGBM] [Warning] No further splits with positive gain, best gain: -inf
[LightGBM] [Warning] No further splits with positive gain, best gain: -inf
[LightGBM] [Warning] No further splits with positive gain, best gain: -inf
[LightGBM] [Warning] No further splits with positive gain, best gain: -inf
[LightGBM] [Warning] No further splits with positive gain, best gain: -inf
[LightGBM] [Warning] No further splits with positive gain, best gain: -inf
[LightGBM] [Warning] No further splits with positive gain, best gain: -inf
[LightGBM] [Warning] No further splits with positive gain, best gain: -inf
[LightGBM] [Warning] No further splits with positive gain, best gain: -inf
[LightGBM] [Warning] No further splits with positive gain, best gain: -inf
[LightGBM] [Warning] No further splits with positive gain, best gain: -inf
[LightGBM] [Warning] No further splits with positive gain, best gain: -inf
[LightGBM] [Warning] No further splits with positive gain, best gain: -inf
[LightGBM] [Warning] No further splits with positive gain, best gain: -inf
[LightGBM] [Warning] No further splits with positive gain, best gain: -inf
[LightGBM] [Warning] No further splits with positive gain, best gain: -inf
[LightGBM] [Warning] No further splits with positive gain, best gain: -inf
Early stopping, best iteration is:
[213]	train's rmse: 0.63936
content_rmse : 0.4314897214246297
wording_rmse : 0.5725716399422351
mcrmse : 0.5020306806834325
__module__ __main__
model_name debertav3base
learning_rate 1.8e-05
weight_decay 0.03
hidden_dropout_prob 0.0
attention_probs_dropout_prob 0.007
num_train_epochs 5
n_splits 4
batch_size 19
random_seed 42
save_steps 100
max_length 512
test_mode False
device GPU
__dict__ {'__module__': '__main__', 'model_name': 'debertav3base', 'learning_rate': 1.8e-05, 'weight_decay': 0.03, 'hidden_dropout_prob': 0.0, 'attention_probs_dropout_prob': 0.007, 'num_train_epochs': 5, 'n_splits': 4, 'batch_size': 19, 'random_seed': 42, 'save_steps': 100, 'max_length': 512, 'test_mode': False, 'device': 'GPU', '__dict__': <attribute '__dict__' of 'CFG' objects>, '__weakref__': <attribute '__weakref__' of 'CFG' objects>, '__doc__': None}
__weakref__ <attribute '__weakref__' of 'CFG' objects>
__doc__ None
