args Namespace(attention_probs_dropout_prob=0.007, learning_rate=1.5e-05, model_name='debertav3large', test_mode=False)
cuda
['pos_ratios', 'sentiment_scores', 'punctuation_ratios', 'sentiment_scores_prompt']
['pos_ratios', 'sentiment_scores', 'punctuation_ratios', 'sentiment_scores_prompt']
fold 0:
load model:  debertav3large
model_fold_dir debertav3large_lr15e-05_clean_text/fold_0/0
start training
{'eval_loss': 0.5625996589660645, 'eval_content_rmse': 0.618416965007782, 'eval_wording_rmse': 0.8618346452713013, 'eval_mcrmse': 0.7401257753372192, 'eval_runtime': 19.5628, 'eval_samples_per_second': 105.149, 'eval_steps_per_second': 35.067, 'epoch': 0.06}
{'eval_loss': 0.4817315936088562, 'eval_content_rmse': 0.5586290955543518, 'eval_wording_rmse': 0.8070915937423706, 'eval_mcrmse': 0.6828603744506836, 'eval_runtime': 19.6203, 'eval_samples_per_second': 104.84, 'eval_steps_per_second': 34.964, 'epoch': 0.12}
{'eval_loss': 0.3676042854785919, 'eval_content_rmse': 0.48792868852615356, 'eval_wording_rmse': 0.7050771713256836, 'eval_mcrmse': 0.5965029001235962, 'eval_runtime': 19.6279, 'eval_samples_per_second': 104.8, 'eval_steps_per_second': 34.95, 'epoch': 0.18}
{'eval_loss': 0.3578670918941498, 'eval_content_rmse': 0.5015515685081482, 'eval_wording_rmse': 0.6813075542449951, 'eval_mcrmse': 0.591429591178894, 'eval_runtime': 19.6383, 'eval_samples_per_second': 104.744, 'eval_steps_per_second': 34.932, 'epoch': 0.23}
{'loss': 0.5616, 'learning_rate': 1.4119201409277744e-05, 'epoch': 0.29}
{'eval_loss': 0.3275352716445923, 'eval_content_rmse': 0.46433770656585693, 'eval_wording_rmse': 0.662918210029602, 'eval_mcrmse': 0.5636279582977295, 'eval_runtime': 19.5873, 'eval_samples_per_second': 105.017, 'eval_steps_per_second': 35.023, 'epoch': 0.29}
{'eval_loss': 0.3294168710708618, 'eval_content_rmse': 0.4861944615840912, 'eval_wording_rmse': 0.6499602794647217, 'eval_mcrmse': 0.5680773854255676, 'eval_runtime': 19.6435, 'eval_samples_per_second': 104.717, 'eval_steps_per_second': 34.923, 'epoch': 0.35}
{'eval_loss': 0.35420021414756775, 'eval_content_rmse': 0.5401706099510193, 'eval_wording_rmse': 0.6454584002494812, 'eval_mcrmse': 0.5928145051002502, 'eval_runtime': 19.6526, 'eval_samples_per_second': 104.668, 'eval_steps_per_second': 34.906, 'epoch': 0.41}
{'eval_loss': 0.3558904528617859, 'eval_content_rmse': 0.49173739552497864, 'eval_wording_rmse': 0.6855471134185791, 'eval_mcrmse': 0.5886422395706177, 'eval_runtime': 19.658, 'eval_samples_per_second': 104.64, 'eval_steps_per_second': 34.897, 'epoch': 0.47}
{'eval_loss': 0.306600421667099, 'eval_content_rmse': 0.47217440605163574, 'eval_wording_rmse': 0.6247016787528992, 'eval_mcrmse': 0.5484380722045898, 'eval_runtime': 19.6588, 'eval_samples_per_second': 104.635, 'eval_steps_per_second': 34.895, 'epoch': 0.53}
{'loss': 0.3791, 'learning_rate': 1.3238402818555492e-05, 'epoch': 0.59}
{'eval_loss': 0.40762946009635925, 'eval_content_rmse': 0.6012871861457825, 'eval_wording_rmse': 0.6735818982124329, 'eval_mcrmse': 0.6374345421791077, 'eval_runtime': 19.6125, 'eval_samples_per_second': 104.882, 'eval_steps_per_second': 34.978, 'epoch': 0.59}
{'eval_loss': 0.3270372748374939, 'eval_content_rmse': 0.5083882808685303, 'eval_wording_rmse': 0.628980278968811, 'eval_mcrmse': 0.5686842799186707, 'eval_runtime': 19.6573, 'eval_samples_per_second': 104.643, 'eval_steps_per_second': 34.898, 'epoch': 0.65}
{'eval_loss': 0.3497932553291321, 'eval_content_rmse': 0.45845261216163635, 'eval_wording_rmse': 0.6995764970779419, 'eval_mcrmse': 0.5790145397186279, 'eval_runtime': 19.6754, 'eval_samples_per_second': 104.547, 'eval_steps_per_second': 34.866, 'epoch': 0.7}
{'eval_loss': 0.35069990158081055, 'eval_content_rmse': 0.48598265647888184, 'eval_wording_rmse': 0.6820704936981201, 'eval_mcrmse': 0.584026575088501, 'eval_runtime': 19.6746, 'eval_samples_per_second': 104.551, 'eval_steps_per_second': 34.867, 'epoch': 0.76}
{'eval_loss': 0.34712791442871094, 'eval_content_rmse': 0.5742221474647522, 'eval_wording_rmse': 0.6037590503692627, 'eval_mcrmse': 0.5889905691146851, 'eval_runtime': 19.6793, 'eval_samples_per_second': 104.526, 'eval_steps_per_second': 34.859, 'epoch': 0.82}
{'loss': 0.3426, 'learning_rate': 1.2357604227833236e-05, 'epoch': 0.88}
{'eval_loss': 0.38945692777633667, 'eval_content_rmse': 0.6072913408279419, 'eval_wording_rmse': 0.6403992176055908, 'eval_mcrmse': 0.6238452792167664, 'eval_runtime': 19.6353, 'eval_samples_per_second': 104.76, 'eval_steps_per_second': 34.937, 'epoch': 0.88}
{'eval_loss': 0.3019784092903137, 'eval_content_rmse': 0.4990851879119873, 'eval_wording_rmse': 0.5957102179527283, 'eval_mcrmse': 0.5473977327346802, 'eval_runtime': 19.6818, 'eval_samples_per_second': 104.513, 'eval_steps_per_second': 34.855, 'epoch': 0.94}
{'eval_loss': 0.34081876277923584, 'eval_content_rmse': 0.4979504346847534, 'eval_wording_rmse': 0.6585461497306824, 'eval_mcrmse': 0.5782482624053955, 'eval_runtime': 19.6765, 'eval_samples_per_second': 104.541, 'eval_steps_per_second': 34.864, 'epoch': 1.0}
{'eval_loss': 0.33597204089164734, 'eval_content_rmse': 0.5392426252365112, 'eval_wording_rmse': 0.6173825263977051, 'eval_mcrmse': 0.5783125758171082, 'eval_runtime': 19.6761, 'eval_samples_per_second': 104.543, 'eval_steps_per_second': 34.865, 'epoch': 1.06}
{'eval_loss': 0.3975333273410797, 'eval_content_rmse': 0.4284363389015198, 'eval_wording_rmse': 0.7819902896881104, 'eval_mcrmse': 0.6052132844924927, 'eval_runtime': 19.6774, 'eval_samples_per_second': 104.536, 'eval_steps_per_second': 34.862, 'epoch': 1.12}
{'loss': 0.2818, 'learning_rate': 1.147680563711098e-05, 'epoch': 1.17}
{'eval_loss': 0.39362743496894836, 'eval_content_rmse': 0.570639431476593, 'eval_wording_rmse': 0.6794305443763733, 'eval_mcrmse': 0.6250349879264832, 'eval_runtime': 19.6313, 'eval_samples_per_second': 104.782, 'eval_steps_per_second': 34.944, 'epoch': 1.17}
{'eval_loss': 0.3399082124233246, 'eval_content_rmse': 0.5022539496421814, 'eval_wording_rmse': 0.6538788676261902, 'eval_mcrmse': 0.5780664086341858, 'eval_runtime': 19.6789, 'eval_samples_per_second': 104.528, 'eval_steps_per_second': 34.86, 'epoch': 1.23}
{'eval_loss': 0.30455148220062256, 'eval_content_rmse': 0.4557458162307739, 'eval_wording_rmse': 0.6335598230361938, 'eval_mcrmse': 0.5446528196334839, 'eval_runtime': 19.692, 'eval_samples_per_second': 104.459, 'eval_steps_per_second': 34.837, 'epoch': 1.29}
{'eval_loss': 0.3399616479873657, 'eval_content_rmse': 0.516161322593689, 'eval_wording_rmse': 0.6430399417877197, 'eval_mcrmse': 0.5796006321907043, 'eval_runtime': 19.6805, 'eval_samples_per_second': 104.52, 'eval_steps_per_second': 34.857, 'epoch': 1.35}
{'eval_loss': 0.4476613998413086, 'eval_content_rmse': 0.4539209306240082, 'eval_wording_rmse': 0.830227792263031, 'eval_mcrmse': 0.6420743465423584, 'eval_runtime': 19.6848, 'eval_samples_per_second': 104.497, 'eval_steps_per_second': 34.849, 'epoch': 1.41}
{'loss': 0.2398, 'learning_rate': 1.0596007046388727e-05, 'epoch': 1.47}
{'eval_loss': 0.35694369673728943, 'eval_content_rmse': 0.553552508354187, 'eval_wording_rmse': 0.6383313536643982, 'eval_mcrmse': 0.5959419012069702, 'eval_runtime': 19.6329, 'eval_samples_per_second': 104.773, 'eval_steps_per_second': 34.941, 'epoch': 1.47}
{'eval_loss': 0.3782588243484497, 'eval_content_rmse': 0.5140699148178101, 'eval_wording_rmse': 0.7016051411628723, 'eval_mcrmse': 0.6078375577926636, 'eval_runtime': 19.6875, 'eval_samples_per_second': 104.483, 'eval_steps_per_second': 34.845, 'epoch': 1.53}
{'eval_loss': 0.32310950756073, 'eval_content_rmse': 0.48069876432418823, 'eval_wording_rmse': 0.6443196535110474, 'eval_mcrmse': 0.5625091791152954, 'eval_runtime': 19.6983, 'eval_samples_per_second': 104.425, 'eval_steps_per_second': 34.825, 'epoch': 1.59}
{'eval_loss': 0.4730711579322815, 'eval_content_rmse': 0.7072945237159729, 'eval_wording_rmse': 0.6677401661872864, 'eval_mcrmse': 0.6875173449516296, 'eval_runtime': 19.6852, 'eval_samples_per_second': 104.495, 'eval_steps_per_second': 34.849, 'epoch': 1.64}
{'eval_loss': 0.410187691450119, 'eval_content_rmse': 0.6731956005096436, 'eval_wording_rmse': 0.6059563159942627, 'eval_mcrmse': 0.6395759582519531, 'eval_runtime': 19.7295, 'eval_samples_per_second': 104.26, 'eval_steps_per_second': 34.77, 'epoch': 1.7}
{'loss': 0.2326, 'learning_rate': 9.715208455666471e-06, 'epoch': 1.76}
{'eval_loss': 0.33067214488983154, 'eval_content_rmse': 0.5147671103477478, 'eval_wording_rmse': 0.6295708417892456, 'eval_mcrmse': 0.5721689462661743, 'eval_runtime': 19.7124, 'eval_samples_per_second': 104.351, 'eval_steps_per_second': 34.801, 'epoch': 1.76}
{'eval_loss': 0.3608701527118683, 'eval_content_rmse': 0.5143281817436218, 'eval_wording_rmse': 0.6761708855628967, 'eval_mcrmse': 0.5952495336532593, 'eval_runtime': 19.6933, 'eval_samples_per_second': 104.452, 'eval_steps_per_second': 34.834, 'epoch': 1.82}
{'eval_loss': 0.31939616799354553, 'eval_content_rmse': 0.4581930935382843, 'eval_wording_rmse': 0.65486741065979, 'eval_mcrmse': 0.556530237197876, 'eval_runtime': 19.6912, 'eval_samples_per_second': 104.463, 'eval_steps_per_second': 34.838, 'epoch': 1.88}
{'eval_loss': 0.34394511580467224, 'eval_content_rmse': 0.46846649050712585, 'eval_wording_rmse': 0.6844187378883362, 'eval_mcrmse': 0.5764425992965698, 'eval_runtime': 19.6991, 'eval_samples_per_second': 104.421, 'eval_steps_per_second': 34.824, 'epoch': 1.94}
{'eval_loss': 0.3264240026473999, 'eval_content_rmse': 0.47422370314598083, 'eval_wording_rmse': 0.6541860699653625, 'eval_mcrmse': 0.5642048716545105, 'eval_runtime': 19.6956, 'eval_samples_per_second': 104.44, 'eval_steps_per_second': 34.83, 'epoch': 2.0}
{'loss': 0.2151, 'learning_rate': 8.834409864944215e-06, 'epoch': 2.06}
{'eval_loss': 0.3520923852920532, 'eval_content_rmse': 0.476323664188385, 'eval_wording_rmse': 0.690869152545929, 'eval_mcrmse': 0.583596408367157, 'eval_runtime': 204.5073, 'eval_samples_per_second': 10.058, 'eval_steps_per_second': 3.354, 'epoch': 2.06}
{'eval_loss': 0.3573444187641144, 'eval_content_rmse': 0.46093302965164185, 'eval_wording_rmse': 0.7086814641952515, 'eval_mcrmse': 0.584807276725769, 'eval_runtime': 19.6089, 'eval_samples_per_second': 104.901, 'eval_steps_per_second': 34.984, 'epoch': 2.11}
{'eval_loss': 0.4174480438232422, 'eval_content_rmse': 0.5543557405471802, 'eval_wording_rmse': 0.726350724697113, 'eval_mcrmse': 0.6403532028198242, 'eval_runtime': 19.6125, 'eval_samples_per_second': 104.882, 'eval_steps_per_second': 34.978, 'epoch': 2.17}
{'eval_loss': 0.40293994545936584, 'eval_content_rmse': 0.5503667593002319, 'eval_wording_rmse': 0.709208071231842, 'eval_mcrmse': 0.6297874450683594, 'eval_runtime': 19.6349, 'eval_samples_per_second': 104.762, 'eval_steps_per_second': 34.938, 'epoch': 2.23}
{'eval_loss': 0.31478723883628845, 'eval_content_rmse': 0.4679332375526428, 'eval_wording_rmse': 0.6407906413078308, 'eval_mcrmse': 0.5543619394302368, 'eval_runtime': 19.6448, 'eval_samples_per_second': 104.709, 'eval_steps_per_second': 34.92, 'epoch': 2.29}
{'loss': 0.142, 'learning_rate': 7.953611274221961e-06, 'epoch': 2.35}
{'eval_loss': 0.38151121139526367, 'eval_content_rmse': 0.5726056098937988, 'eval_wording_rmse': 0.6596548557281494, 'eval_mcrmse': 0.6161302328109741, 'eval_runtime': 19.6136, 'eval_samples_per_second': 104.876, 'eval_steps_per_second': 34.976, 'epoch': 2.35}
{'eval_loss': 0.36648058891296387, 'eval_content_rmse': 0.5262951850891113, 'eval_wording_rmse': 0.6752586364746094, 'eval_mcrmse': 0.6007769107818604, 'eval_runtime': 19.7135, 'eval_samples_per_second': 104.345, 'eval_steps_per_second': 34.798, 'epoch': 2.41}
{'eval_loss': 0.3839004337787628, 'eval_content_rmse': 0.5564240217208862, 'eval_wording_rmse': 0.6768999099731445, 'eval_mcrmse': 0.6166619658470154, 'eval_runtime': 19.7171, 'eval_samples_per_second': 104.326, 'eval_steps_per_second': 34.792, 'epoch': 2.47}
{'eval_loss': 0.3798719048500061, 'eval_content_rmse': 0.5439688563346863, 'eval_wording_rmse': 0.6810592412948608, 'eval_mcrmse': 0.6125140190124512, 'eval_runtime': 19.7479, 'eval_samples_per_second': 104.163, 'eval_steps_per_second': 34.738, 'epoch': 2.52}
{'eval_loss': 0.32998567819595337, 'eval_content_rmse': 0.4992946982383728, 'eval_wording_rmse': 0.6408400535583496, 'eval_mcrmse': 0.5700674057006836, 'eval_runtime': 19.737, 'eval_samples_per_second': 104.221, 'eval_steps_per_second': 34.757, 'epoch': 2.58}
{'loss': 0.1485, 'learning_rate': 7.072812683499706e-06, 'epoch': 2.64}
{'eval_loss': 0.40119805932044983, 'eval_content_rmse': 0.5772806406021118, 'eval_wording_rmse': 0.6849398016929626, 'eval_mcrmse': 0.6311101913452148, 'eval_runtime': 19.6559, 'eval_samples_per_second': 104.651, 'eval_steps_per_second': 34.901, 'epoch': 2.64}
{'eval_loss': 0.4052708148956299, 'eval_content_rmse': 0.5358886122703552, 'eval_wording_rmse': 0.7234396934509277, 'eval_mcrmse': 0.6296641826629639, 'eval_runtime': 19.6893, 'eval_samples_per_second': 104.473, 'eval_steps_per_second': 34.841, 'epoch': 2.7}
{'eval_loss': 0.35679903626441956, 'eval_content_rmse': 0.5164909362792969, 'eval_wording_rmse': 0.6684573292732239, 'eval_mcrmse': 0.592474102973938, 'eval_runtime': 19.7023, 'eval_samples_per_second': 104.404, 'eval_steps_per_second': 34.818, 'epoch': 2.76}
{'eval_loss': 0.3208109438419342, 'eval_content_rmse': 0.49440431594848633, 'eval_wording_rmse': 0.6302269697189331, 'eval_mcrmse': 0.5623156428337097, 'eval_runtime': 19.7165, 'eval_samples_per_second': 104.329, 'eval_steps_per_second': 34.793, 'epoch': 2.82}
{'eval_loss': 0.4335102438926697, 'eval_content_rmse': 0.478471040725708, 'eval_wording_rmse': 0.7988028526306152, 'eval_mcrmse': 0.6386369466781616, 'eval_runtime': 19.7607, 'eval_samples_per_second': 104.096, 'eval_steps_per_second': 34.715, 'epoch': 2.88}
{'loss': 0.1284, 'learning_rate': 6.192014092777452e-06, 'epoch': 2.94}
{'eval_loss': 0.4023135006427765, 'eval_content_rmse': 0.4667440950870514, 'eval_wording_rmse': 0.7660137414932251, 'eval_mcrmse': 0.616378903388977, 'eval_runtime': 19.6428, 'eval_samples_per_second': 104.72, 'eval_steps_per_second': 34.924, 'epoch': 2.94}
{'eval_loss': 0.369331032037735, 'eval_content_rmse': 0.4665098190307617, 'eval_wording_rmse': 0.7218242287635803, 'eval_mcrmse': 0.5941669940948486, 'eval_runtime': 19.6928, 'eval_samples_per_second': 104.454, 'eval_steps_per_second': 34.835, 'epoch': 2.99}
{'eval_loss': 0.36116263270378113, 'eval_content_rmse': 0.5349659323692322, 'eval_wording_rmse': 0.6604065299034119, 'eval_mcrmse': 0.597686231136322, 'eval_runtime': 19.7037, 'eval_samples_per_second': 104.396, 'eval_steps_per_second': 34.816, 'epoch': 3.05}
{'eval_loss': 0.42771995067596436, 'eval_content_rmse': 0.5506807565689087, 'eval_wording_rmse': 0.7430948615074158, 'eval_mcrmse': 0.6468877792358398, 'eval_runtime': 19.7029, 'eval_samples_per_second': 104.401, 'eval_steps_per_second': 34.817, 'epoch': 3.11}
{'eval_loss': 0.3781028985977173, 'eval_content_rmse': 0.5452182292938232, 'eval_wording_rmse': 0.6774532794952393, 'eval_mcrmse': 0.6113357543945312, 'eval_runtime': 19.7057, 'eval_samples_per_second': 104.386, 'eval_steps_per_second': 34.812, 'epoch': 3.17}
{'loss': 0.0918, 'learning_rate': 5.3112155020551975e-06, 'epoch': 3.23}
{'eval_loss': 0.3557540774345398, 'eval_content_rmse': 0.5517653822898865, 'eval_wording_rmse': 0.6380153894424438, 'eval_mcrmse': 0.5948903560638428, 'eval_runtime': 19.6608, 'eval_samples_per_second': 104.625, 'eval_steps_per_second': 34.892, 'epoch': 3.23}
{'eval_loss': 0.4674104154109955, 'eval_content_rmse': 0.6923273205757141, 'eval_wording_rmse': 0.6749098300933838, 'eval_mcrmse': 0.6836185455322266, 'eval_runtime': 19.7098, 'eval_samples_per_second': 104.364, 'eval_steps_per_second': 34.805, 'epoch': 3.29}
{'eval_loss': 0.39401641488075256, 'eval_content_rmse': 0.5505294799804688, 'eval_wording_rmse': 0.6963834166526794, 'eval_mcrmse': 0.6234564781188965, 'eval_runtime': 19.7042, 'eval_samples_per_second': 104.394, 'eval_steps_per_second': 34.815, 'epoch': 3.35}
{'eval_loss': 0.3979188799858093, 'eval_content_rmse': 0.5448657274246216, 'eval_wording_rmse': 0.7063703536987305, 'eval_mcrmse': 0.625618040561676, 'eval_runtime': 19.7128, 'eval_samples_per_second': 104.348, 'eval_steps_per_second': 34.8, 'epoch': 3.41}
{'eval_loss': 0.4076879620552063, 'eval_content_rmse': 0.4958827793598175, 'eval_wording_rmse': 0.7546366453170776, 'eval_mcrmse': 0.6252596974372864, 'eval_runtime': 19.7068, 'eval_samples_per_second': 104.38, 'eval_steps_per_second': 34.81, 'epoch': 3.46}
{'loss': 0.0807, 'learning_rate': 4.4304169113329416e-06, 'epoch': 3.52}
{'eval_loss': 0.36389753222465515, 'eval_content_rmse': 0.5539752244949341, 'eval_wording_rmse': 0.6487728357315063, 'eval_mcrmse': 0.6013740301132202, 'eval_runtime': 19.6623, 'eval_samples_per_second': 104.616, 'eval_steps_per_second': 34.889, 'epoch': 3.52}
{'eval_loss': 0.3741505444049835, 'eval_content_rmse': 0.5708437561988831, 'eval_wording_rmse': 0.6499526500701904, 'eval_mcrmse': 0.6103981733322144, 'eval_runtime': 19.7022, 'eval_samples_per_second': 104.405, 'eval_steps_per_second': 34.818, 'epoch': 3.58}
{'eval_loss': 0.41889870166778564, 'eval_content_rmse': 0.6105096936225891, 'eval_wording_rmse': 0.6819638013839722, 'eval_mcrmse': 0.646236777305603, 'eval_runtime': 19.7041, 'eval_samples_per_second': 104.395, 'eval_steps_per_second': 34.815, 'epoch': 3.64}
{'eval_loss': 0.40724942088127136, 'eval_content_rmse': 0.5915653109550476, 'eval_wording_rmse': 0.681578516960144, 'eval_mcrmse': 0.6365718841552734, 'eval_runtime': 19.7057, 'eval_samples_per_second': 104.386, 'eval_steps_per_second': 34.812, 'epoch': 3.7}
{'eval_loss': 0.3819451928138733, 'eval_content_rmse': 0.5142518877983093, 'eval_wording_rmse': 0.7067078948020935, 'eval_mcrmse': 0.6104798913002014, 'eval_runtime': 19.7133, 'eval_samples_per_second': 104.346, 'eval_steps_per_second': 34.799, 'epoch': 3.76}
{'loss': 0.0805, 'learning_rate': 3.5496183206106873e-06, 'epoch': 3.82}
{'eval_loss': 0.408118337392807, 'eval_content_rmse': 0.5908265113830566, 'eval_wording_rmse': 0.6834912300109863, 'eval_mcrmse': 0.6371588706970215, 'eval_runtime': 19.6577, 'eval_samples_per_second': 104.641, 'eval_steps_per_second': 34.897, 'epoch': 3.82}
{'eval_loss': 0.3774837255477905, 'eval_content_rmse': 0.5675424933433533, 'eval_wording_rmse': 0.6579231023788452, 'eval_mcrmse': 0.6127327680587769, 'eval_runtime': 19.7074, 'eval_samples_per_second': 104.377, 'eval_steps_per_second': 34.809, 'epoch': 3.88}
{'eval_loss': 0.34845858812332153, 'eval_content_rmse': 0.5441625714302063, 'eval_wording_rmse': 0.6330912709236145, 'eval_mcrmse': 0.5886269211769104, 'eval_runtime': 19.7089, 'eval_samples_per_second': 104.369, 'eval_steps_per_second': 34.807, 'epoch': 3.93}
{'eval_loss': 0.3645532727241516, 'eval_content_rmse': 0.5557270050048828, 'eval_wording_rmse': 0.648285448551178, 'eval_mcrmse': 0.602006196975708, 'eval_runtime': 19.7109, 'eval_samples_per_second': 104.359, 'eval_steps_per_second': 34.803, 'epoch': 3.99}
{'eval_loss': 0.3666452169418335, 'eval_content_rmse': 0.5591573715209961, 'eval_wording_rmse': 0.6485625505447388, 'eval_mcrmse': 0.6038599610328674, 'eval_runtime': 19.7059, 'eval_samples_per_second': 104.385, 'eval_steps_per_second': 34.812, 'epoch': 4.05}
{'loss': 0.0623, 'learning_rate': 2.668819729888432e-06, 'epoch': 4.11}
{'eval_loss': 0.39502713084220886, 'eval_content_rmse': 0.5672186017036438, 'eval_wording_rmse': 0.6843369007110596, 'eval_mcrmse': 0.6257777214050293, 'eval_runtime': 19.674, 'eval_samples_per_second': 104.554, 'eval_steps_per_second': 34.868, 'epoch': 4.11}
{'eval_loss': 0.3745113015174866, 'eval_content_rmse': 0.5522593855857849, 'eval_wording_rmse': 0.6663573980331421, 'eval_mcrmse': 0.6093083620071411, 'eval_runtime': 19.7212, 'eval_samples_per_second': 104.304, 'eval_steps_per_second': 34.785, 'epoch': 4.17}
{'eval_loss': 0.39199021458625793, 'eval_content_rmse': 0.5800672769546509, 'eval_wording_rmse': 0.6689561009407043, 'eval_mcrmse': 0.62451171875, 'eval_runtime': 19.7198, 'eval_samples_per_second': 104.311, 'eval_steps_per_second': 34.787, 'epoch': 4.23}
{'eval_loss': 0.3718770444393158, 'eval_content_rmse': 0.5537050366401672, 'eval_wording_rmse': 0.6611842513084412, 'eval_mcrmse': 0.6074446439743042, 'eval_runtime': 19.8479, 'eval_samples_per_second': 103.638, 'eval_steps_per_second': 34.563, 'epoch': 4.29}
{'eval_loss': 0.39261338114738464, 'eval_content_rmse': 0.5680216550827026, 'eval_wording_rmse': 0.6801308393478394, 'eval_mcrmse': 0.624076247215271, 'eval_runtime': 19.7082, 'eval_samples_per_second': 104.373, 'eval_steps_per_second': 34.808, 'epoch': 4.35}
{'loss': 0.0407, 'learning_rate': 1.7880211391661773e-06, 'epoch': 4.4}
{'eval_loss': 0.3895362317562103, 'eval_content_rmse': 0.5752792954444885, 'eval_wording_rmse': 0.6694222688674927, 'eval_mcrmse': 0.622350811958313, 'eval_runtime': 19.8079, 'eval_samples_per_second': 103.847, 'eval_steps_per_second': 34.633, 'epoch': 4.4}
{'eval_loss': 0.3573789894580841, 'eval_content_rmse': 0.5398173928260803, 'eval_wording_rmse': 0.6506572365760803, 'eval_mcrmse': 0.5952373147010803, 'eval_runtime': 19.7501, 'eval_samples_per_second': 104.151, 'eval_steps_per_second': 34.734, 'epoch': 4.46}
{'eval_loss': 0.3615136444568634, 'eval_content_rmse': 0.5489904880523682, 'eval_wording_rmse': 0.6493348479270935, 'eval_mcrmse': 0.5991626977920532, 'eval_runtime': 19.7156, 'eval_samples_per_second': 104.334, 'eval_steps_per_second': 34.795, 'epoch': 4.52}
{'eval_loss': 0.3823014795780182, 'eval_content_rmse': 0.5677703619003296, 'eval_wording_rmse': 0.6650113463401794, 'eval_mcrmse': 0.6163908243179321, 'eval_runtime': 19.8109, 'eval_samples_per_second': 103.832, 'eval_steps_per_second': 34.627, 'epoch': 4.58}
{'eval_loss': 0.38845792412757874, 'eval_content_rmse': 0.5780966877937317, 'eval_wording_rmse': 0.6653717160224915, 'eval_mcrmse': 0.6217342019081116, 'eval_runtime': 19.6964, 'eval_samples_per_second': 104.435, 'eval_steps_per_second': 34.829, 'epoch': 4.64}
{'loss': 0.0425, 'learning_rate': 9.072225484439226e-07, 'epoch': 4.7}
{'eval_loss': 0.3581819236278534, 'eval_content_rmse': 0.5316897034645081, 'eval_wording_rmse': 0.6585365533828735, 'eval_mcrmse': 0.5951131582260132, 'eval_runtime': 19.7609, 'eval_samples_per_second': 104.094, 'eval_steps_per_second': 34.715, 'epoch': 4.7}
{'eval_loss': 0.36560308933258057, 'eval_content_rmse': 0.5576688051223755, 'eval_wording_rmse': 0.6482368111610413, 'eval_mcrmse': 0.6029528379440308, 'eval_runtime': 19.7159, 'eval_samples_per_second': 104.332, 'eval_steps_per_second': 34.794, 'epoch': 4.76}
{'eval_loss': 0.36613285541534424, 'eval_content_rmse': 0.541475772857666, 'eval_wording_rmse': 0.6626237034797668, 'eval_mcrmse': 0.602049708366394, 'eval_runtime': 19.7773, 'eval_samples_per_second': 104.008, 'eval_steps_per_second': 34.686, 'epoch': 4.82}
{'eval_loss': 0.3589375913143158, 'eval_content_rmse': 0.5338351130485535, 'eval_wording_rmse': 0.6579474210739136, 'eval_mcrmse': 0.5958912372589111, 'eval_runtime': 19.7423, 'eval_samples_per_second': 104.193, 'eval_steps_per_second': 34.748, 'epoch': 4.87}
{'eval_loss': 0.37328800559043884, 'eval_content_rmse': 0.5504463315010071, 'eval_wording_rmse': 0.6660217046737671, 'eval_mcrmse': 0.6082340478897095, 'eval_runtime': 19.7958, 'eval_samples_per_second': 103.911, 'eval_steps_per_second': 34.654, 'epoch': 4.93}
{'loss': 0.0358, 'learning_rate': 2.6423957721667646e-08, 'epoch': 4.99}
{'eval_loss': 0.3702460825443268, 'eval_content_rmse': 0.5422595143318176, 'eval_wording_rmse': 0.66816645860672, 'eval_mcrmse': 0.6052129864692688, 'eval_runtime': 19.6675, 'eval_samples_per_second': 104.589, 'eval_steps_per_second': 34.88, 'epoch': 4.99}
{'train_runtime': 3487.3129, 'train_samples_per_second': 7.324, 'train_steps_per_second': 2.442, 'train_loss': 0.18247415840940762, 'epoch': 5.0}
finish training
fold 1:
load model:  debertav3large
model_fold_dir debertav3large_lr15e-05_clean_text/fold_1/1
start training
{'eval_loss': 0.687052309513092, 'eval_content_rmse': 0.6483374834060669, 'eval_wording_rmse': 0.976607620716095, 'eval_mcrmse': 0.8124725818634033, 'eval_runtime': 25.982, 'eval_samples_per_second': 77.323, 'eval_steps_per_second': 25.787, 'epoch': 0.06}
{'eval_loss': 0.7011746764183044, 'eval_content_rmse': 0.7131690979003906, 'eval_wording_rmse': 0.9453778266906738, 'eval_mcrmse': 0.8292734622955322, 'eval_runtime': 26.0536, 'eval_samples_per_second': 77.11, 'eval_steps_per_second': 25.716, 'epoch': 0.12}
{'eval_loss': 0.5755202770233154, 'eval_content_rmse': 0.6977241635322571, 'eval_wording_rmse': 0.8149983882904053, 'eval_mcrmse': 0.7563612461090088, 'eval_runtime': 26.0445, 'eval_samples_per_second': 77.137, 'eval_steps_per_second': 25.725, 'epoch': 0.17}
{'eval_loss': 0.7760336995124817, 'eval_content_rmse': 0.7861362099647522, 'eval_wording_rmse': 0.9664661288261414, 'eval_mcrmse': 0.8763011693954468, 'eval_runtime': 26.0308, 'eval_samples_per_second': 77.178, 'eval_steps_per_second': 25.739, 'epoch': 0.23}
{'loss': 0.4518, 'learning_rate': 1.412739965095986e-05, 'epoch': 0.29}
{'eval_loss': 0.45985904335975647, 'eval_content_rmse': 0.5799967646598816, 'eval_wording_rmse': 0.7637556791305542, 'eval_mcrmse': 0.6718761920928955, 'eval_runtime': 25.9978, 'eval_samples_per_second': 77.276, 'eval_steps_per_second': 25.771, 'epoch': 0.29}
{'eval_loss': 0.6399372816085815, 'eval_content_rmse': 0.5899773836135864, 'eval_wording_rmse': 0.9652982950210571, 'eval_mcrmse': 0.7776378393173218, 'eval_runtime': 25.9798, 'eval_samples_per_second': 77.329, 'eval_steps_per_second': 25.789, 'epoch': 0.35}
{'eval_loss': 0.9216803312301636, 'eval_content_rmse': 0.7755315899848938, 'eval_wording_rmse': 1.1144105195999146, 'eval_mcrmse': 0.9449710845947266, 'eval_runtime': 25.9754, 'eval_samples_per_second': 77.343, 'eval_steps_per_second': 25.794, 'epoch': 0.41}
{'eval_loss': 1.1159223318099976, 'eval_content_rmse': 0.8538779020309448, 'eval_wording_rmse': 1.225860834121704, 'eval_mcrmse': 1.0398693084716797, 'eval_runtime': 25.9848, 'eval_samples_per_second': 77.314, 'eval_steps_per_second': 25.784, 'epoch': 0.47}
{'eval_loss': 0.8718054890632629, 'eval_content_rmse': 0.7610377669334412, 'eval_wording_rmse': 1.0790895223617554, 'eval_mcrmse': 0.9200636148452759, 'eval_runtime': 25.9938, 'eval_samples_per_second': 77.288, 'eval_steps_per_second': 25.775, 'epoch': 0.52}
{'loss': 0.3818, 'learning_rate': 1.3254799301919722e-05, 'epoch': 0.58}
{'eval_loss': 0.7695019841194153, 'eval_content_rmse': 0.7370158433914185, 'eval_wording_rmse': 0.9979034662246704, 'eval_mcrmse': 0.8674596548080444, 'eval_runtime': 25.936, 'eval_samples_per_second': 77.46, 'eval_steps_per_second': 25.833, 'epoch': 0.58}
{'eval_loss': 0.680425763130188, 'eval_content_rmse': 0.7753133177757263, 'eval_wording_rmse': 0.871630847454071, 'eval_mcrmse': 0.8234720826148987, 'eval_runtime': 25.9834, 'eval_samples_per_second': 77.319, 'eval_steps_per_second': 25.786, 'epoch': 0.64}
{'eval_loss': 0.8482381701469421, 'eval_content_rmse': 0.7809439301490784, 'eval_wording_rmse': 1.0424025058746338, 'eval_mcrmse': 0.9116731882095337, 'eval_runtime': 25.9818, 'eval_samples_per_second': 77.323, 'eval_steps_per_second': 25.787, 'epoch': 0.7}
{'eval_loss': 1.2092413902282715, 'eval_content_rmse': 0.8186240196228027, 'eval_wording_rmse': 1.3222475051879883, 'eval_mcrmse': 1.0704357624053955, 'eval_runtime': 25.9974, 'eval_samples_per_second': 77.277, 'eval_steps_per_second': 25.772, 'epoch': 0.76}
{'eval_loss': 0.7204605937004089, 'eval_content_rmse': 0.6597533226013184, 'eval_wording_rmse': 1.0028198957443237, 'eval_mcrmse': 0.831286609172821, 'eval_runtime': 26.0085, 'eval_samples_per_second': 77.244, 'eval_steps_per_second': 25.761, 'epoch': 0.81}
{'loss': 0.3888, 'learning_rate': 1.2382198952879581e-05, 'epoch': 0.87}
{'eval_loss': 0.7245652675628662, 'eval_content_rmse': 0.6380169987678528, 'eval_wording_rmse': 1.0208158493041992, 'eval_mcrmse': 0.8294163942337036, 'eval_runtime': 25.9427, 'eval_samples_per_second': 77.44, 'eval_steps_per_second': 25.826, 'epoch': 0.87}
{'eval_loss': 1.2651104927062988, 'eval_content_rmse': 1.1128002405166626, 'eval_wording_rmse': 1.136617660522461, 'eval_mcrmse': 1.124708890914917, 'eval_runtime': 25.8691, 'eval_samples_per_second': 77.66, 'eval_steps_per_second': 25.9, 'epoch': 0.93}
{'eval_loss': 1.0894496440887451, 'eval_content_rmse': 1.1204414367675781, 'eval_wording_rmse': 0.9609950184822083, 'eval_mcrmse': 1.0407181978225708, 'eval_runtime': 25.8967, 'eval_samples_per_second': 77.578, 'eval_steps_per_second': 25.872, 'epoch': 0.99}
{'eval_loss': 1.0857959985733032, 'eval_content_rmse': 1.1243975162506104, 'eval_wording_rmse': 0.9525346755981445, 'eval_mcrmse': 1.0384660959243774, 'eval_runtime': 25.8813, 'eval_samples_per_second': 77.623, 'eval_steps_per_second': 25.887, 'epoch': 1.05}
{'eval_loss': 1.067751169204712, 'eval_content_rmse': 1.1059538125991821, 'eval_wording_rmse': 0.9551792740821838, 'eval_mcrmse': 1.0305665731430054, 'eval_runtime': 25.863, 'eval_samples_per_second': 77.679, 'eval_steps_per_second': 25.906, 'epoch': 1.11}
{'loss': 1.0411, 'learning_rate': 1.1509598603839443e-05, 'epoch': 1.16}
{'eval_loss': 1.0687307119369507, 'eval_content_rmse': 1.1064403057098389, 'eval_wording_rmse': 0.9556422233581543, 'eval_mcrmse': 1.0310412645339966, 'eval_runtime': 25.8248, 'eval_samples_per_second': 77.794, 'eval_steps_per_second': 25.944, 'epoch': 1.16}
{'eval_loss': 1.1249581575393677, 'eval_content_rmse': 1.1430035829544067, 'eval_wording_rmse': 0.9713188409805298, 'eval_mcrmse': 1.0571612119674683, 'eval_runtime': 25.8852, 'eval_samples_per_second': 77.612, 'eval_steps_per_second': 25.883, 'epoch': 1.22}
{'eval_loss': 1.1064200401306152, 'eval_content_rmse': 1.1272640228271484, 'eval_wording_rmse': 0.9706261157989502, 'eval_mcrmse': 1.0489450693130493, 'eval_runtime': 25.8961, 'eval_samples_per_second': 77.579, 'eval_steps_per_second': 25.873, 'epoch': 1.28}
{'eval_loss': 1.0733689069747925, 'eval_content_rmse': 1.1133432388305664, 'eval_wording_rmse': 0.9524739384651184, 'eval_mcrmse': 1.03290855884552, 'eval_runtime': 25.87, 'eval_samples_per_second': 77.658, 'eval_steps_per_second': 25.899, 'epoch': 1.34}
{'eval_loss': 1.0754014253616333, 'eval_content_rmse': 1.1127792596817017, 'eval_wording_rmse': 0.955262303352356, 'eval_mcrmse': 1.0340207815170288, 'eval_runtime': 25.8663, 'eval_samples_per_second': 77.669, 'eval_steps_per_second': 25.902, 'epoch': 1.4}
{'loss': 1.0843, 'learning_rate': 1.0636998254799302e-05, 'epoch': 1.45}
{'eval_loss': 1.0810832977294922, 'eval_content_rmse': 1.1153191328048706, 'eval_wording_rmse': 0.9582432508468628, 'eval_mcrmse': 1.0367811918258667, 'eval_runtime': 25.8488, 'eval_samples_per_second': 77.721, 'eval_steps_per_second': 25.92, 'epoch': 1.45}
{'eval_loss': 1.093992829322815, 'eval_content_rmse': 1.1256378889083862, 'eval_wording_rmse': 0.9596477150917053, 'eval_mcrmse': 1.0426428318023682, 'eval_runtime': 25.8794, 'eval_samples_per_second': 77.629, 'eval_steps_per_second': 25.889, 'epoch': 1.51}
{'eval_loss': 1.073427438735962, 'eval_content_rmse': 1.1070640087127686, 'eval_wording_rmse': 0.9598268270492554, 'eval_mcrmse': 1.0334453582763672, 'eval_runtime': 25.8586, 'eval_samples_per_second': 77.692, 'eval_steps_per_second': 25.91, 'epoch': 1.57}
{'eval_loss': 1.0941065549850464, 'eval_content_rmse': 1.1306017637252808, 'eval_wording_rmse': 0.9539152383804321, 'eval_mcrmse': 1.0422585010528564, 'eval_runtime': 25.8881, 'eval_samples_per_second': 77.603, 'eval_steps_per_second': 25.881, 'epoch': 1.63}
{'eval_loss': 1.0667859315872192, 'eval_content_rmse': 1.107295274734497, 'eval_wording_rmse': 0.9526113271713257, 'eval_mcrmse': 1.0299532413482666, 'eval_runtime': 25.8822, 'eval_samples_per_second': 77.621, 'eval_steps_per_second': 25.887, 'epoch': 1.69}
{'loss': 1.0945, 'learning_rate': 9.764397905759162e-06, 'epoch': 1.75}
{'eval_loss': 1.0884982347488403, 'eval_content_rmse': 1.1267770528793335, 'eval_wording_rmse': 0.9525579810142517, 'eval_mcrmse': 1.0396674871444702, 'eval_runtime': 25.8226, 'eval_samples_per_second': 77.8, 'eval_steps_per_second': 25.946, 'epoch': 1.75}
{'eval_loss': 1.0702426433563232, 'eval_content_rmse': 1.110266923904419, 'eval_wording_rmse': 0.9527822136878967, 'eval_mcrmse': 1.0315245389938354, 'eval_runtime': 25.862, 'eval_samples_per_second': 77.682, 'eval_steps_per_second': 25.907, 'epoch': 1.8}
{'eval_loss': 1.0895395278930664, 'eval_content_rmse': 1.1266921758651733, 'eval_wording_rmse': 0.9537534713745117, 'eval_mcrmse': 1.0402228832244873, 'eval_runtime': 25.8823, 'eval_samples_per_second': 77.621, 'eval_steps_per_second': 25.886, 'epoch': 1.86}
{'eval_loss': 1.0766658782958984, 'eval_content_rmse': 1.1162759065628052, 'eval_wording_rmse': 0.9525027871131897, 'eval_mcrmse': 1.0343893766403198, 'eval_runtime': 25.8804, 'eval_samples_per_second': 77.626, 'eval_steps_per_second': 25.888, 'epoch': 1.92}
{'eval_loss': 1.070476770401001, 'eval_content_rmse': 1.1103994846343994, 'eval_wording_rmse': 0.952873706817627, 'eval_mcrmse': 1.0316365957260132, 'eval_runtime': 25.864, 'eval_samples_per_second': 77.676, 'eval_steps_per_second': 25.905, 'epoch': 1.98}
{'loss': 1.0792, 'learning_rate': 8.891797556719024e-06, 'epoch': 2.04}
{'eval_loss': 1.0751476287841797, 'eval_content_rmse': 1.1140698194503784, 'eval_wording_rmse': 0.9534908533096313, 'eval_mcrmse': 1.0337803363800049, 'eval_runtime': 25.8156, 'eval_samples_per_second': 77.821, 'eval_steps_per_second': 25.953, 'epoch': 2.04}
{'eval_loss': 1.0677460432052612, 'eval_content_rmse': 1.1082203388214111, 'eval_wording_rmse': 0.952543318271637, 'eval_mcrmse': 1.0303817987442017, 'eval_runtime': 25.8841, 'eval_samples_per_second': 77.615, 'eval_steps_per_second': 25.885, 'epoch': 2.09}
{'eval_loss': 1.1104966402053833, 'eval_content_rmse': 1.1448227167129517, 'eval_wording_rmse': 0.9541370272636414, 'eval_mcrmse': 1.0494798421859741, 'eval_runtime': 25.8892, 'eval_samples_per_second': 77.6, 'eval_steps_per_second': 25.879, 'epoch': 2.15}
{'eval_loss': 1.0749160051345825, 'eval_content_rmse': 1.1083580255508423, 'eval_wording_rmse': 0.9598798751831055, 'eval_mcrmse': 1.034118890762329, 'eval_runtime': 25.8869, 'eval_samples_per_second': 77.607, 'eval_steps_per_second': 25.882, 'epoch': 2.21}
{'eval_loss': 1.0696974992752075, 'eval_content_rmse': 1.1100400686264038, 'eval_wording_rmse': 0.9524739980697632, 'eval_mcrmse': 1.0312570333480835, 'eval_runtime': 25.874, 'eval_samples_per_second': 77.646, 'eval_steps_per_second': 25.895, 'epoch': 2.27}
{'loss': 1.1381, 'learning_rate': 8.019197207678883e-06, 'epoch': 2.33}
{'eval_loss': 1.0744386911392212, 'eval_content_rmse': 1.1129977703094482, 'eval_wording_rmse': 0.953999936580658, 'eval_mcrmse': 1.0334988832473755, 'eval_runtime': 25.8245, 'eval_samples_per_second': 77.794, 'eval_steps_per_second': 25.944, 'epoch': 2.33}
{'eval_loss': 1.1071457862854004, 'eval_content_rmse': 1.1304104328155518, 'eval_wording_rmse': 0.9677101373672485, 'eval_mcrmse': 1.049060344696045, 'eval_runtime': 25.8697, 'eval_samples_per_second': 77.658, 'eval_steps_per_second': 25.899, 'epoch': 2.39}
{'eval_loss': 1.0859475135803223, 'eval_content_rmse': 1.1175909042358398, 'eval_wording_rmse': 0.960668683052063, 'eval_mcrmse': 1.0391297340393066, 'eval_runtime': 25.8214, 'eval_samples_per_second': 77.804, 'eval_steps_per_second': 25.948, 'epoch': 2.44}
{'eval_loss': 1.068607211112976, 'eval_content_rmse': 1.1088051795959473, 'eval_wording_rmse': 0.9527682065963745, 'eval_mcrmse': 1.0307867527008057, 'eval_runtime': 25.814, 'eval_samples_per_second': 77.826, 'eval_steps_per_second': 25.955, 'epoch': 2.5}
