args Namespace(attention_probs_dropout_prob=0.007, learning_rate=1.5e-05, model_name='debertav3base', test_mode=False)
cuda
fold 0:
model_fold_dir debertav3base_lr15e-05/fold_0/0
start training
{'eval_loss': 0.41531381011009216, 'eval_rmse': 0.6346316337585449, 'eval_runtime': 8.2801, 'eval_samples_per_second': 248.427, 'eval_steps_per_second': 13.164, 'epoch': 0.37}
{'eval_loss': 0.3517272174358368, 'eval_rmse': 0.583113431930542, 'eval_runtime': 8.2857, 'eval_samples_per_second': 248.258, 'eval_steps_per_second': 13.155, 'epoch': 0.74}
{'eval_loss': 0.2684061527252197, 'eval_rmse': 0.508915901184082, 'eval_runtime': 8.2938, 'eval_samples_per_second': 248.017, 'eval_steps_per_second': 13.142, 'epoch': 1.12}
{'eval_loss': 0.24457600712776184, 'eval_rmse': 0.49093925952911377, 'eval_runtime': 8.2925, 'eval_samples_per_second': 248.056, 'eval_steps_per_second': 13.144, 'epoch': 1.49}
{'loss': 0.3756, 'learning_rate': 9.423791821561338e-06, 'epoch': 1.86}
{'eval_loss': 0.264742910861969, 'eval_rmse': 0.512054979801178, 'eval_runtime': 8.2798, 'eval_samples_per_second': 248.436, 'eval_steps_per_second': 13.165, 'epoch': 1.86}
{'eval_loss': 0.22847880423069, 'eval_rmse': 0.4723486304283142, 'eval_runtime': 8.2992, 'eval_samples_per_second': 247.856, 'eval_steps_per_second': 13.134, 'epoch': 2.23}
{'eval_loss': 0.2279316782951355, 'eval_rmse': 0.47414910793304443, 'eval_runtime': 8.3043, 'eval_samples_per_second': 247.703, 'eval_steps_per_second': 13.126, 'epoch': 2.6}
{'eval_loss': 0.24630816280841827, 'eval_rmse': 0.4934060871601105, 'eval_runtime': 8.3189, 'eval_samples_per_second': 247.268, 'eval_steps_per_second': 13.103, 'epoch': 2.97}
{'eval_loss': 0.2598004937171936, 'eval_rmse': 0.5040781497955322, 'eval_runtime': 8.3195, 'eval_samples_per_second': 247.25, 'eval_steps_per_second': 13.102, 'epoch': 3.35}
{'loss': 0.1854, 'learning_rate': 3.847583643122677e-06, 'epoch': 3.72}
{'eval_loss': 0.23696206510066986, 'eval_rmse': 0.484472393989563, 'eval_runtime': 8.3059, 'eval_samples_per_second': 247.655, 'eval_steps_per_second': 13.123, 'epoch': 3.72}
{'eval_loss': 0.22844186425209045, 'eval_rmse': 0.47426700592041016, 'eval_runtime': 8.3186, 'eval_samples_per_second': 247.277, 'eval_steps_per_second': 13.103, 'epoch': 4.09}
{'eval_loss': 0.2515806555747986, 'eval_rmse': 0.4966201186180115, 'eval_runtime': 8.3181, 'eval_samples_per_second': 247.291, 'eval_steps_per_second': 13.104, 'epoch': 4.46}
{'eval_loss': 0.24317647516727448, 'eval_rmse': 0.49061813950538635, 'eval_runtime': 8.3192, 'eval_samples_per_second': 247.261, 'eval_steps_per_second': 13.102, 'epoch': 4.83}
{'train_runtime': 543.8529, 'train_samples_per_second': 46.961, 'train_steps_per_second': 2.473, 'train_loss': 0.24241508852593519, 'epoch': 5.0}
finish training
fold 1:
model_fold_dir debertav3base_lr15e-05/fold_1/1
start training
{'eval_loss': 0.4782271385192871, 'eval_rmse': 0.6851537823677063, 'eval_runtime': 11.9606, 'eval_samples_per_second': 167.969, 'eval_steps_per_second': 8.862, 'epoch': 0.37}
{'eval_loss': 0.5234307050704956, 'eval_rmse': 0.7069828510284424, 'eval_runtime': 11.9595, 'eval_samples_per_second': 167.984, 'eval_steps_per_second': 8.863, 'epoch': 0.74}
{'eval_loss': 0.5057939291000366, 'eval_rmse': 0.6987664699554443, 'eval_runtime': 11.9636, 'eval_samples_per_second': 167.925, 'eval_steps_per_second': 8.86, 'epoch': 1.1}
{'eval_loss': 0.49926722049713135, 'eval_rmse': 0.6911160945892334, 'eval_runtime': 11.9628, 'eval_samples_per_second': 167.938, 'eval_steps_per_second': 8.861, 'epoch': 1.47}
{'loss': 0.3001, 'learning_rate': 9.485294117647058e-06, 'epoch': 1.84}
{'eval_loss': 0.4561234712600708, 'eval_rmse': 0.660761833190918, 'eval_runtime': 11.9474, 'eval_samples_per_second': 168.154, 'eval_steps_per_second': 8.872, 'epoch': 1.84}
{'eval_loss': 0.41744181513786316, 'eval_rmse': 0.634257435798645, 'eval_runtime': 11.9657, 'eval_samples_per_second': 167.897, 'eval_steps_per_second': 8.859, 'epoch': 2.21}
{'eval_loss': 0.4660792946815491, 'eval_rmse': 0.667955756187439, 'eval_runtime': 11.9672, 'eval_samples_per_second': 167.876, 'eval_steps_per_second': 8.858, 'epoch': 2.57}
{'eval_loss': 0.4759608507156372, 'eval_rmse': 0.6733508110046387, 'eval_runtime': 11.9685, 'eval_samples_per_second': 167.857, 'eval_steps_per_second': 8.857, 'epoch': 2.94}
{'eval_loss': 0.43082964420318604, 'eval_rmse': 0.647773027420044, 'eval_runtime': 11.9628, 'eval_samples_per_second': 167.938, 'eval_steps_per_second': 8.861, 'epoch': 3.31}
{'loss': 0.1509, 'learning_rate': 3.970588235294118e-06, 'epoch': 3.68}
{'eval_loss': 0.44157710671424866, 'eval_rmse': 0.6529451608657837, 'eval_runtime': 11.9516, 'eval_samples_per_second': 168.095, 'eval_steps_per_second': 8.869, 'epoch': 3.68}
{'eval_loss': 0.4333708584308624, 'eval_rmse': 0.647198498249054, 'eval_runtime': 11.9721, 'eval_samples_per_second': 167.807, 'eval_steps_per_second': 8.854, 'epoch': 4.04}
{'eval_loss': 0.4585718512535095, 'eval_rmse': 0.6663417816162109, 'eval_runtime': 11.9691, 'eval_samples_per_second': 167.849, 'eval_steps_per_second': 8.856, 'epoch': 4.41}
{'eval_loss': 0.45389285683631897, 'eval_rmse': 0.6617262363433838, 'eval_runtime': 11.9678, 'eval_samples_per_second': 167.867, 'eval_steps_per_second': 8.857, 'epoch': 4.78}
{'train_runtime': 544.6484, 'train_samples_per_second': 47.333, 'train_steps_per_second': 2.497, 'train_loss': 0.19419413734884822, 'epoch': 5.0}
finish training
fold 2:
model_fold_dir debertav3base_lr15e-05/fold_2/2
start training
{'eval_loss': 0.42445412278175354, 'eval_rmse': 0.6366526484489441, 'eval_runtime': 10.8385, 'eval_samples_per_second': 184.159, 'eval_steps_per_second': 9.78, 'epoch': 0.37}
{'eval_loss': 0.3402129113674164, 'eval_rmse': 0.5769821405410767, 'eval_runtime': 10.8316, 'eval_samples_per_second': 184.276, 'eval_steps_per_second': 9.786, 'epoch': 0.73}
{'eval_loss': 0.30949822068214417, 'eval_rmse': 0.5504359006881714, 'eval_runtime': 10.8304, 'eval_samples_per_second': 184.296, 'eval_steps_per_second': 9.787, 'epoch': 1.1}
{'eval_loss': 0.2646004855632782, 'eval_rmse': 0.5120204091072083, 'eval_runtime': 10.8343, 'eval_samples_per_second': 184.23, 'eval_steps_per_second': 9.784, 'epoch': 1.47}
{'loss': 0.3339, 'learning_rate': 9.505494505494505e-06, 'epoch': 1.83}
{'eval_loss': 0.36124712228775024, 'eval_rmse': 0.58794105052948, 'eval_runtime': 10.8171, 'eval_samples_per_second': 184.523, 'eval_steps_per_second': 9.799, 'epoch': 1.83}
{'eval_loss': 0.3018479347229004, 'eval_rmse': 0.5444744825363159, 'eval_runtime': 10.8333, 'eval_samples_per_second': 184.247, 'eval_steps_per_second': 9.785, 'epoch': 2.2}
{'eval_loss': 0.2491752654314041, 'eval_rmse': 0.4963286221027374, 'eval_runtime': 10.8357, 'eval_samples_per_second': 184.206, 'eval_steps_per_second': 9.782, 'epoch': 2.56}
{'eval_loss': 0.27333077788352966, 'eval_rmse': 0.5193458199501038, 'eval_runtime': 10.832, 'eval_samples_per_second': 184.268, 'eval_steps_per_second': 9.786, 'epoch': 2.93}
{'eval_loss': 0.3060290515422821, 'eval_rmse': 0.5478998422622681, 'eval_runtime': 10.8309, 'eval_samples_per_second': 184.287, 'eval_steps_per_second': 9.787, 'epoch': 3.3}
{'loss': 0.1674, 'learning_rate': 4.010989010989011e-06, 'epoch': 3.66}
{'eval_loss': 0.2892339825630188, 'eval_rmse': 0.5340020656585693, 'eval_runtime': 10.8147, 'eval_samples_per_second': 184.563, 'eval_steps_per_second': 9.801, 'epoch': 3.66}
{'eval_loss': 0.2769816219806671, 'eval_rmse': 0.5217800140380859, 'eval_runtime': 10.8276, 'eval_samples_per_second': 184.343, 'eval_steps_per_second': 9.79, 'epoch': 4.03}
{'eval_loss': 0.2943005859851837, 'eval_rmse': 0.5384063124656677, 'eval_runtime': 10.8334, 'eval_samples_per_second': 184.245, 'eval_steps_per_second': 9.785, 'epoch': 4.4}
{'eval_loss': 0.2793935537338257, 'eval_rmse': 0.5260816216468811, 'eval_runtime': 10.8338, 'eval_samples_per_second': 184.237, 'eval_steps_per_second': 9.784, 'epoch': 4.76}
{'train_runtime': 553.8858, 'train_samples_per_second': 46.661, 'train_steps_per_second': 2.464, 'train_loss': 0.2144751719939403, 'epoch': 5.0}
finish training
fold 3:
model_fold_dir debertav3base_lr15e-05/fold_3/3
start training
{'eval_loss': 0.5749426484107971, 'eval_rmse': 0.7448073625564575, 'eval_runtime': 4.7923, 'eval_samples_per_second': 230.161, 'eval_steps_per_second': 12.311, 'epoch': 0.31}
{'eval_loss': 0.4133259952068329, 'eval_rmse': 0.6345065832138062, 'eval_runtime': 4.7926, 'eval_samples_per_second': 230.147, 'eval_steps_per_second': 12.311, 'epoch': 0.62}
{'eval_loss': 0.4499513506889343, 'eval_rmse': 0.6647979021072388, 'eval_runtime': 4.7936, 'eval_samples_per_second': 230.098, 'eval_steps_per_second': 12.308, 'epoch': 0.94}
{'eval_loss': 0.42904943227767944, 'eval_rmse': 0.6475824117660522, 'eval_runtime': 4.7907, 'eval_samples_per_second': 230.238, 'eval_steps_per_second': 12.316, 'epoch': 1.25}
{'loss': 0.2979, 'learning_rate': 1.03125e-05, 'epoch': 1.56}
{'eval_loss': 0.37434694170951843, 'eval_rmse': 0.6082260608673096, 'eval_runtime': 4.7784, 'eval_samples_per_second': 230.831, 'eval_steps_per_second': 12.347, 'epoch': 1.56}
{'eval_loss': 0.3627415895462036, 'eval_rmse': 0.5973705053329468, 'eval_runtime': 4.7937, 'eval_samples_per_second': 230.096, 'eval_steps_per_second': 12.308, 'epoch': 1.88}
{'eval_loss': 0.3670545220375061, 'eval_rmse': 0.6018929481506348, 'eval_runtime': 4.7907, 'eval_samples_per_second': 230.238, 'eval_steps_per_second': 12.316, 'epoch': 2.19}
{'eval_loss': 0.3840911090373993, 'eval_rmse': 0.617229700088501, 'eval_runtime': 4.7958, 'eval_samples_per_second': 229.991, 'eval_steps_per_second': 12.302, 'epoch': 2.5}
{'eval_loss': 0.38760432600975037, 'eval_rmse': 0.6204526424407959, 'eval_runtime': 4.7942, 'eval_samples_per_second': 230.069, 'eval_steps_per_second': 12.307, 'epoch': 2.81}
{'loss': 0.1757, 'learning_rate': 5.625e-06, 'epoch': 3.12}
{'eval_loss': 0.390224814414978, 'eval_rmse': 0.622661828994751, 'eval_runtime': 4.7785, 'eval_samples_per_second': 230.824, 'eval_steps_per_second': 12.347, 'epoch': 3.12}
{'eval_loss': 0.4126306176185608, 'eval_rmse': 0.6414463520050049, 'eval_runtime': 4.7928, 'eval_samples_per_second': 230.137, 'eval_steps_per_second': 12.31, 'epoch': 3.44}
{'eval_loss': 0.36874598264694214, 'eval_rmse': 0.6042289733886719, 'eval_runtime': 4.7928, 'eval_samples_per_second': 230.139, 'eval_steps_per_second': 12.31, 'epoch': 3.75}
{'eval_loss': 0.3864043354988098, 'eval_rmse': 0.620225727558136, 'eval_runtime': 4.7936, 'eval_samples_per_second': 230.101, 'eval_steps_per_second': 12.308, 'epoch': 4.06}
{'eval_loss': 0.39667826890945435, 'eval_rmse': 0.6286953091621399, 'eval_runtime': 4.7957, 'eval_samples_per_second': 229.995, 'eval_steps_per_second': 12.303, 'epoch': 4.38}
{'loss': 0.1129, 'learning_rate': 9.375e-07, 'epoch': 4.69}
{'eval_loss': 0.3829883635044098, 'eval_rmse': 0.6169306039810181, 'eval_runtime': 4.7759, 'eval_samples_per_second': 230.952, 'eval_steps_per_second': 12.354, 'epoch': 4.69}
{'eval_loss': 0.3941567540168762, 'eval_rmse': 0.6263373494148254, 'eval_runtime': 4.7948, 'eval_samples_per_second': 230.043, 'eval_steps_per_second': 12.305, 'epoch': 5.0}
{'train_runtime': 584.037, 'train_samples_per_second': 51.897, 'train_steps_per_second': 2.74, 'train_loss': 0.1892915791273117, 'epoch': 5.0}
finish training
fold 0:
pred shape (2057, 2)
fold 1:
pred shape (2009, 2)
fold 2:
pred shape (1996, 2)
fold 3:
pred shape (1103, 2)
cv content rmse: 0.5629632621424718
cv wording rmse: 0.7245655410682882
fold 0:
fold 1:
fold 2:
fold 3:
[LightGBM] [Info] Auto-choosing col-wise multi-threading, the overhead of testing was 0.001051 seconds.
You can set `force_col_wise=true` to remove the overhead.
[LightGBM] [Info] Total Bins 1682
[LightGBM] [Info] Number of data points in the train set: 5108, number of used features: 11
[LightGBM] [Info] Start training from score 0.017606
Training until validation scores don't improve for 30 rounds
[LightGBM] [Warning] No further splits with positive gain, best gain: -inf
[LightGBM] [Warning] No further splits with positive gain, best gain: -inf
[LightGBM] [Warning] No further splits with positive gain, best gain: -inf
[LightGBM] [Warning] No further splits with positive gain, best gain: -inf
[LightGBM] [Warning] No further splits with positive gain, best gain: -inf
[LightGBM] [Warning] No further splits with positive gain, best gain: -inf
[LightGBM] [Warning] No further splits with positive gain, best gain: -inf
[LightGBM] [Warning] No further splits with positive gain, best gain: -inf
[LightGBM] [Warning] No further splits with positive gain, best gain: -inf
[LightGBM] [Warning] No further splits with positive gain, best gain: -inf
[LightGBM] [Warning] No further splits with positive gain, best gain: -inf
[LightGBM] [Warning] No further splits with positive gain, best gain: -inf
[LightGBM] [Warning] No further splits with positive gain, best gain: -inf
[LightGBM] [Warning] No further splits with positive gain, best gain: -inf
[LightGBM] [Warning] No further splits with positive gain, best gain: -inf
[LightGBM] [Warning] No further splits with positive gain, best gain: -inf
[LightGBM] [Warning] No further splits with positive gain, best gain: -inf
[LightGBM] [Warning] No further splits with positive gain, best gain: -inf
[LightGBM] [Warning] No further splits with positive gain, best gain: -inf
[LightGBM] [Warning] No further splits with positive gain, best gain: -inf
[LightGBM] [Warning] No further splits with positive gain, best gain: -inf
[LightGBM] [Warning] No further splits with positive gain, best gain: -inf
[LightGBM] [Warning] No further splits with positive gain, best gain: -inf
[LightGBM] [Warning] No further splits with positive gain, best gain: -inf
[LightGBM] [Warning] No further splits with positive gain, best gain: -inf
[LightGBM] [Warning] No further splits with positive gain, best gain: -inf
[LightGBM] [Warning] No further splits with positive gain, best gain: -inf
[LightGBM] [Warning] No further splits with positive gain, best gain: -inf
[100]	train's rmse: 0.39254
[LightGBM] [Warning] No further splits with positive gain, best gain: -inf
[LightGBM] [Warning] No further splits with positive gain, best gain: -inf
[LightGBM] [Warning] No further splits with positive gain, best gain: -inf
[LightGBM] [Warning] No further splits with positive gain, best gain: -inf
[LightGBM] [Warning] No further splits with positive gain, best gain: -inf
[LightGBM] [Warning] No further splits with positive gain, best gain: -inf
[LightGBM] [Warning] No further splits with positive gain, best gain: -inf
[LightGBM] [Warning] No further splits with positive gain, best gain: -inf
[LightGBM] [Warning] No further splits with positive gain, best gain: -inf
[LightGBM] [Warning] No further splits with positive gain, best gain: -inf
[LightGBM] [Warning] No further splits with positive gain, best gain: -inf
[LightGBM] [Warning] No further splits with positive gain, best gain: -inf
[LightGBM] [Warning] No further splits with positive gain, best gain: -inf
[LightGBM] [Warning] No further splits with positive gain, best gain: -inf
[LightGBM] [Warning] No further splits with positive gain, best gain: -inf
[LightGBM] [Warning] No further splits with positive gain, best gain: -inf
[LightGBM] [Warning] No further splits with positive gain, best gain: -inf
[LightGBM] [Warning] No further splits with positive gain, best gain: -inf
[LightGBM] [Warning] No further splits with positive gain, best gain: -inf
[LightGBM] [Warning] No further splits with positive gain, best gain: -inf
[LightGBM] [Warning] No further splits with positive gain, best gain: -inf
[LightGBM] [Warning] No further splits with positive gain, best gain: -inf
[LightGBM] [Warning] No further splits with positive gain, best gain: -inf
[LightGBM] [Warning] No further splits with positive gain, best gain: -inf
[LightGBM] [Warning] No further splits with positive gain, best gain: -inf
[LightGBM] [Warning] No further splits with positive gain, best gain: -inf
[LightGBM] [Warning] No further splits with positive gain, best gain: -inf
[LightGBM] [Warning] No further splits with positive gain, best gain: -inf
[LightGBM] [Warning] No further splits with positive gain, best gain: -inf
[LightGBM] [Warning] No further splits with positive gain, best gain: -inf
[LightGBM] [Warning] No further splits with positive gain, best gain: -inf
[LightGBM] [Warning] No further splits with positive gain, best gain: -inf
[LightGBM] [Warning] No further splits with positive gain, best gain: -inf
[LightGBM] [Warning] No further splits with positive gain, best gain: -inf
[LightGBM] [Warning] No further splits with positive gain, best gain: -inf
[LightGBM] [Warning] No further splits with positive gain, best gain: -inf
[LightGBM] [Warning] No further splits with positive gain, best gain: -inf
[LightGBM] [Warning] No further splits with positive gain, best gain: -inf
[LightGBM] [Warning] No further splits with positive gain, best gain: -inf
[LightGBM] [Warning] No further splits with positive gain, best gain: -inf
Early stopping, best iteration is:
[126]	train's rmse: 0.391396
[LightGBM] [Info] Auto-choosing col-wise multi-threading, the overhead of testing was 0.000118 seconds.
You can set `force_col_wise=true` to remove the overhead.
[LightGBM] [Info] Total Bins 1646
[LightGBM] [Info] Number of data points in the train set: 5156, number of used features: 11
[LightGBM] [Info] Start training from score -0.039959
Training until validation scores don't improve for 30 rounds
[LightGBM] [Warning] No further splits with positive gain, best gain: -inf
[LightGBM] [Warning] No further splits with positive gain, best gain: -inf
[LightGBM] [Warning] No further splits with positive gain, best gain: -inf
[LightGBM] [Warning] No further splits with positive gain, best gain: -inf
[LightGBM] [Warning] No further splits with positive gain, best gain: -inf
[LightGBM] [Warning] No further splits with positive gain, best gain: -inf
[LightGBM] [Warning] No further splits with positive gain, best gain: -inf
[LightGBM] [Warning] No further splits with positive gain, best gain: -inf
[LightGBM] [Warning] No further splits with positive gain, best gain: -inf
[LightGBM] [Warning] No further splits with positive gain, best gain: -inf
[LightGBM] [Warning] No further splits with positive gain, best gain: -inf
[LightGBM] [Warning] No further splits with positive gain, best gain: -inf
[LightGBM] [Warning] No further splits with positive gain, best gain: -inf
[100]	train's rmse: 0.451214
[LightGBM] [Warning] No further splits with positive gain, best gain: -inf
[LightGBM] [Warning] No further splits with positive gain, best gain: -inf
[LightGBM] [Warning] No further splits with positive gain, best gain: -inf
[LightGBM] [Warning] No further splits with positive gain, best gain: -inf
[LightGBM] [Warning] No further splits with positive gain, best gain: -inf
[LightGBM] [Warning] No further splits with positive gain, best gain: -inf
[LightGBM] [Warning] No further splits with positive gain, best gain: -inf
[LightGBM] [Warning] No further splits with positive gain, best gain: -inf
[LightGBM] [Warning] No further splits with positive gain, best gain: -inf
[LightGBM] [Warning] No further splits with positive gain, best gain: -inf
[LightGBM] [Warning] No further splits with positive gain, best gain: -inf
[LightGBM] [Warning] No further splits with positive gain, best gain: -inf
[LightGBM] [Warning] No further splits with positive gain, best gain: -inf
[LightGBM] [Warning] No further splits with positive gain, best gain: -inf
[LightGBM] [Warning] No further splits with positive gain, best gain: -inf
[LightGBM] [Warning] No further splits with positive gain, best gain: -inf
[LightGBM] [Warning] No further splits with positive gain, best gain: -inf
[LightGBM] [Warning] No further splits with positive gain, best gain: -inf
[LightGBM] [Warning] No further splits with positive gain, best gain: -inf
[LightGBM] [Warning] No further splits with positive gain, best gain: -inf
[LightGBM] [Warning] No further splits with positive gain, best gain: -inf
[LightGBM] [Warning] No further splits with positive gain, best gain: -inf
[LightGBM] [Warning] No further splits with positive gain, best gain: -inf
[LightGBM] [Warning] No further splits with positive gain, best gain: -inf
[LightGBM] [Warning] No further splits with positive gain, best gain: -inf
[LightGBM] [Warning] No further splits with positive gain, best gain: -inf
[LightGBM] [Warning] No further splits with positive gain, best gain: -inf
[LightGBM] [Warning] No further splits with positive gain, best gain: -inf
[LightGBM] [Warning] No further splits with positive gain, best gain: -inf
[LightGBM] [Warning] No further splits with positive gain, best gain: -inf
[LightGBM] [Warning] No further splits with positive gain, best gain: -inf
[LightGBM] [Warning] No further splits with positive gain, best gain: -inf
[LightGBM] [Warning] No further splits with positive gain, best gain: -inf
[LightGBM] [Warning] No further splits with positive gain, best gain: -inf
[LightGBM] [Warning] No further splits with positive gain, best gain: -inf
[LightGBM] [Warning] No further splits with positive gain, best gain: -inf
[LightGBM] [Warning] No further splits with positive gain, best gain: -inf
[LightGBM] [Warning] No further splits with positive gain, best gain: -inf
[LightGBM] [Warning] No further splits with positive gain, best gain: -inf
[LightGBM] [Warning] No further splits with positive gain, best gain: -inf
[LightGBM] [Warning] No further splits with positive gain, best gain: -inf
[LightGBM] [Warning] No further splits with positive gain, best gain: -inf
[LightGBM] [Warning] No further splits with positive gain, best gain: -inf
[LightGBM] [Warning] No further splits with positive gain, best gain: -inf
[LightGBM] [Warning] No further splits with positive gain, best gain: -inf
[LightGBM] [Warning] No further splits with positive gain, best gain: -inf
[LightGBM] [Warning] No further splits with positive gain, best gain: -inf
[LightGBM] [Warning] No further splits with positive gain, best gain: -inf
[LightGBM] [Warning] No further splits with positive gain, best gain: -inf
[LightGBM] [Warning] No further splits with positive gain, best gain: -inf
[LightGBM] [Warning] No further splits with positive gain, best gain: -inf
[LightGBM] [Warning] No further splits with positive gain, best gain: -inf
[LightGBM] [Warning] No further splits with positive gain, best gain: -inf
[LightGBM] [Warning] No further splits with positive gain, best gain: -inf
[LightGBM] [Warning] No further splits with positive gain, best gain: -inf
[LightGBM] [Warning] No further splits with positive gain, best gain: -inf
[LightGBM] [Warning] No further splits with positive gain, best gain: -inf
[LightGBM] [Warning] No further splits with positive gain, best gain: -inf
[LightGBM] [Warning] No further splits with positive gain, best gain: -inf
[LightGBM] [Warning] No further splits with positive gain, best gain: -inf
[LightGBM] [Warning] No further splits with positive gain, best gain: -inf
[LightGBM] [Warning] No further splits with positive gain, best gain: -inf
[LightGBM] [Warning] No further splits with positive gain, best gain: -inf
[LightGBM] [Warning] No further splits with positive gain, best gain: -inf
[LightGBM] [Warning] No further splits with positive gain, best gain: -inf
[LightGBM] [Warning] No further splits with positive gain, best gain: -inf
[LightGBM] [Warning] No further splits with positive gain, best gain: -inf
[LightGBM] [Warning] No further splits with positive gain, best gain: -inf
[LightGBM] [Warning] No further splits with positive gain, best gain: -inf
[LightGBM] [Warning] No further splits with positive gain, best gain: -inf
[LightGBM] [Warning] No further splits with positive gain, best gain: -inf
[LightGBM] [Warning] No further splits with positive gain, best gain: -inf
[200]	train's rmse: 0.448641
[LightGBM] [Warning] No further splits with positive gain, best gain: -inf
Early stopping, best iteration is:
[172]	train's rmse: 0.44797
[LightGBM] [Info] Auto-choosing col-wise multi-threading, the overhead of testing was 0.000119 seconds.
You can set `force_col_wise=true` to remove the overhead.
[LightGBM] [Info] Total Bins 1634
[LightGBM] [Info] Number of data points in the train set: 5169, number of used features: 11
[LightGBM] [Info] Start training from score 0.013356
Training until validation scores don't improve for 30 rounds
[LightGBM] [Warning] No further splits with positive gain, best gain: -inf
[LightGBM] [Warning] No further splits with positive gain, best gain: -inf
[LightGBM] [Warning] No further splits with positive gain, best gain: -inf
[LightGBM] [Warning] No further splits with positive gain, best gain: -inf
[LightGBM] [Warning] No further splits with positive gain, best gain: -inf
[LightGBM] [Warning] No further splits with positive gain, best gain: -inf
[LightGBM] [Warning] No further splits with positive gain, best gain: -inf
[LightGBM] [Warning] No further splits with positive gain, best gain: -inf
[LightGBM] [Warning] No further splits with positive gain, best gain: -inf
[LightGBM] [Warning] No further splits with positive gain, best gain: -inf
[LightGBM] [Warning] No further splits with positive gain, best gain: -inf
[LightGBM] [Warning] No further splits with positive gain, best gain: -inf
[LightGBM] [Warning] No further splits with positive gain, best gain: -inf
[LightGBM] [Warning] No further splits with positive gain, best gain: -inf
[LightGBM] [Warning] No further splits with positive gain, best gain: -inf
[LightGBM] [Warning] No further splits with positive gain, best gain: -inf
[LightGBM] [Warning] No further splits with positive gain, best gain: -inf
[LightGBM] [Warning] No further splits with positive gain, best gain: -inf
[LightGBM] [Warning] No further splits with positive gain, best gain: -inf
[LightGBM] [Warning] No further splits with positive gain, best gain: -inf
[LightGBM] [Warning] No further splits with positive gain, best gain: -inf
[LightGBM] [Warning] No further splits with positive gain, best gain: -inf
Early stopping, best iteration is:
[58]	train's rmse: 0.429682
[LightGBM] [Info] Auto-choosing col-wise multi-threading, the overhead of testing was 0.000144 seconds.
You can set `force_col_wise=true` to remove the overhead.
[LightGBM] [Info] Total Bins 1687
[LightGBM] [Info] Number of data points in the train set: 6062, number of used features: 11
[LightGBM] [Info] Start training from score -0.044904
Training until validation scores don't improve for 30 rounds
[LightGBM] [Warning] No further splits with positive gain, best gain: -inf
[LightGBM] [Warning] No further splits with positive gain, best gain: -inf
[LightGBM] [Warning] No further splits with positive gain, best gain: -inf
[LightGBM] [Warning] No further splits with positive gain, best gain: -inf
[LightGBM] [Warning] No further splits with positive gain, best gain: -inf
[LightGBM] [Warning] No further splits with positive gain, best gain: -inf
[LightGBM] [Warning] No further splits with positive gain, best gain: -inf
[LightGBM] [Warning] No further splits with positive gain, best gain: -inf
[LightGBM] [Warning] No further splits with positive gain, best gain: -inf
[LightGBM] [Warning] No further splits with positive gain, best gain: -inf
[LightGBM] [Warning] No further splits with positive gain, best gain: -inf
[LightGBM] [Warning] No further splits with positive gain, best gain: -inf
[LightGBM] [Warning] No further splits with positive gain, best gain: -inf
[LightGBM] [Warning] No further splits with positive gain, best gain: -inf
[LightGBM] [Warning] No further splits with positive gain, best gain: -inf
[LightGBM] [Warning] No further splits with positive gain, best gain: -inf
[LightGBM] [Warning] No further splits with positive gain, best gain: -inf
[LightGBM] [Warning] No further splits with positive gain, best gain: -inf
[LightGBM] [Warning] No further splits with positive gain, best gain: -inf
[LightGBM] [Warning] No further splits with positive gain, best gain: -inf
[LightGBM] [Warning] No further splits with positive gain, best gain: -inf
[LightGBM] [Warning] No further splits with positive gain, best gain: -inf
[LightGBM] [Warning] No further splits with positive gain, best gain: -inf
[LightGBM] [Warning] No further splits with positive gain, best gain: -inf
[LightGBM] [Warning] No further splits with positive gain, best gain: -inf
[LightGBM] [Warning] No further splits with positive gain, best gain: -inf
[LightGBM] [Warning] No further splits with positive gain, best gain: -inf
[100]	train's rmse: 0.468496
[LightGBM] [Warning] No further splits with positive gain, best gain: -inf
[LightGBM] [Warning] No further splits with positive gain, best gain: -inf
[LightGBM] [Warning] No further splits with positive gain, best gain: -inf
[LightGBM] [Warning] No further splits with positive gain, best gain: -inf
[LightGBM] [Warning] No further splits with positive gain, best gain: -inf
[LightGBM] [Warning] No further splits with positive gain, best gain: -inf
[LightGBM] [Warning] No further splits with positive gain, best gain: -inf
[LightGBM] [Warning] No further splits with positive gain, best gain: -inf
[LightGBM] [Warning] No further splits with positive gain, best gain: -inf
[LightGBM] [Warning] No further splits with positive gain, best gain: -inf
[LightGBM] [Warning] No further splits with positive gain, best gain: -inf
[LightGBM] [Warning] No further splits with positive gain, best gain: -inf
[LightGBM] [Warning] No further splits with positive gain, best gain: -inf
[LightGBM] [Warning] No further splits with positive gain, best gain: -inf
[LightGBM] [Warning] No further splits with positive gain, best gain: -inf
[LightGBM] [Warning] No further splits with positive gain, best gain: -inf
[LightGBM] [Warning] No further splits with positive gain, best gain: -inf
[LightGBM] [Warning] No further splits with positive gain, best gain: -inf
[LightGBM] [Warning] No further splits with positive gain, best gain: -inf
[LightGBM] [Warning] No further splits with positive gain, best gain: -inf
[LightGBM] [Warning] No further splits with positive gain, best gain: -inf
[LightGBM] [Warning] No further splits with positive gain, best gain: -inf
[LightGBM] [Warning] No further splits with positive gain, best gain: -inf
[LightGBM] [Warning] No further splits with positive gain, best gain: -inf
[LightGBM] [Warning] No further splits with positive gain, best gain: -inf
[LightGBM] [Warning] No further splits with positive gain, best gain: -inf
[LightGBM] [Warning] No further splits with positive gain, best gain: -inf
[LightGBM] [Warning] No further splits with positive gain, best gain: -inf
[LightGBM] [Warning] No further splits with positive gain, best gain: -inf
[LightGBM] [Warning] No further splits with positive gain, best gain: -inf
[LightGBM] [Warning] No further splits with positive gain, best gain: -inf
[LightGBM] [Warning] No further splits with positive gain, best gain: -inf
[LightGBM] [Warning] No further splits with positive gain, best gain: -inf
[LightGBM] [Warning] No further splits with positive gain, best gain: -inf
[LightGBM] [Warning] No further splits with positive gain, best gain: -inf
[LightGBM] [Warning] No further splits with positive gain, best gain: -inf
[LightGBM] [Warning] No further splits with positive gain, best gain: -inf
[LightGBM] [Warning] No further splits with positive gain, best gain: -inf
[LightGBM] [Warning] No further splits with positive gain, best gain: -inf
[LightGBM] [Warning] No further splits with positive gain, best gain: -inf
[LightGBM] [Warning] No further splits with positive gain, best gain: -inf
[LightGBM] [Warning] No further splits with positive gain, best gain: -inf
[LightGBM] [Warning] No further splits with positive gain, best gain: -inf
[LightGBM] [Warning] No further splits with positive gain, best gain: -inf
[LightGBM] [Warning] No further splits with positive gain, best gain: -inf
[LightGBM] [Warning] No further splits with positive gain, best gain: -inf
[LightGBM] [Warning] No further splits with positive gain, best gain: -inf
[LightGBM] [Warning] No further splits with positive gain, best gain: -inf
[LightGBM] [Warning] No further splits with positive gain, best gain: -inf
[LightGBM] [Warning] No further splits with positive gain, best gain: -inf
[LightGBM] [Warning] No further splits with positive gain, best gain: -inf
[LightGBM] [Warning] No further splits with positive gain, best gain: -inf
[LightGBM] [Warning] No further splits with positive gain, best gain: -inf
[LightGBM] [Warning] No further splits with positive gain, best gain: -inf
[LightGBM] [Warning] No further splits with positive gain, best gain: -inf
[LightGBM] [Warning] No further splits with positive gain, best gain: -inf
[LightGBM] [Warning] No further splits with positive gain, best gain: -inf
[LightGBM] [Warning] No further splits with positive gain, best gain: -inf
[LightGBM] [Warning] No further splits with positive gain, best gain: -inf
[LightGBM] [Warning] No further splits with positive gain, best gain: -inf
[LightGBM] [Warning] No further splits with positive gain, best gain: -inf
[LightGBM] [Warning] No further splits with positive gain, best gain: -inf
[LightGBM] [Warning] No further splits with positive gain, best gain: -inf
[LightGBM] [Warning] No further splits with positive gain, best gain: -inf
[LightGBM] [Warning] No further splits with positive gain, best gain: -inf
[LightGBM] [Warning] No further splits with positive gain, best gain: -inf
[LightGBM] [Warning] No further splits with positive gain, best gain: -inf
[LightGBM] [Warning] No further splits with positive gain, best gain: -inf
[LightGBM] [Warning] No further splits with positive gain, best gain: -inf
[LightGBM] [Warning] No further splits with positive gain, best gain: -inf
[LightGBM] [Warning] No further splits with positive gain, best gain: -inf
[LightGBM] [Warning] No further splits with positive gain, best gain: -inf
[LightGBM] [Warning] No further splits with positive gain, best gain: -inf
[LightGBM] [Warning] No further splits with positive gain, best gain: -inf
[LightGBM] [Warning] No further splits with positive gain, best gain: -inf
[LightGBM] [Warning] No further splits with positive gain, best gain: -inf
[LightGBM] [Warning] No further splits with positive gain, best gain: -inf
[LightGBM] [Warning] No further splits with positive gain, best gain: -inf
[LightGBM] [Warning] No further splits with positive gain, best gain: -inf
[LightGBM] [Warning] No further splits with positive gain, best gain: -inf
[200]	train's rmse: 0.458103
[LightGBM] [Warning] No further splits with positive gain, best gain: -inf
[LightGBM] [Warning] No further splits with positive gain, best gain: -inf
[LightGBM] [Warning] No further splits with positive gain, best gain: -inf
[LightGBM] [Warning] No further splits with positive gain, best gain: -inf
[LightGBM] [Warning] No further splits with positive gain, best gain: -inf
[LightGBM] [Warning] No further splits with positive gain, best gain: -inf
[LightGBM] [Warning] No further splits with positive gain, best gain: -inf
[LightGBM] [Warning] No further splits with positive gain, best gain: -inf
[LightGBM] [Warning] No further splits with positive gain, best gain: -inf
[LightGBM] [Warning] No further splits with positive gain, best gain: -inf
[LightGBM] [Warning] No further splits with positive gain, best gain: -inf
[LightGBM] [Warning] No further splits with positive gain, best gain: -inf
[LightGBM] [Warning] No further splits with positive gain, best gain: -inf
[LightGBM] [Warning] No further splits with positive gain, best gain: -inf
[LightGBM] [Warning] No further splits with positive gain, best gain: -inf
[LightGBM] [Warning] No further splits with positive gain, best gain: -inf
[LightGBM] [Warning] No further splits with positive gain, best gain: -inf
[LightGBM] [Warning] No further splits with positive gain, best gain: -inf
[LightGBM] [Warning] No further splits with positive gain, best gain: -inf
[LightGBM] [Warning] No further splits with positive gain, best gain: -inf
[LightGBM] [Warning] No further splits with positive gain, best gain: -inf
[LightGBM] [Warning] No further splits with positive gain, best gain: -inf
[LightGBM] [Warning] No further splits with positive gain, best gain: -inf
[LightGBM] [Warning] No further splits with positive gain, best gain: -inf
[LightGBM] [Warning] No further splits with positive gain, best gain: -inf
[LightGBM] [Warning] No further splits with positive gain, best gain: -inf
[LightGBM] [Warning] No further splits with positive gain, best gain: -inf
[LightGBM] [Warning] No further splits with positive gain, best gain: -inf
[LightGBM] [Warning] No further splits with positive gain, best gain: -inf
[LightGBM] [Warning] No further splits with positive gain, best gain: -inf
[LightGBM] [Warning] No further splits with positive gain, best gain: -inf
[LightGBM] [Warning] No further splits with positive gain, best gain: -inf
[LightGBM] [Warning] No further splits with positive gain, best gain: -inf
[LightGBM] [Warning] No further splits with positive gain, best gain: -inf
[LightGBM] [Warning] No further splits with positive gain, best gain: -inf
[LightGBM] [Warning] No further splits with positive gain, best gain: -inf
[LightGBM] [Warning] No further splits with positive gain, best gain: -inf
[LightGBM] [Warning] No further splits with positive gain, best gain: -inf
[LightGBM] [Warning] No further splits with positive gain, best gain: -inf
[LightGBM] [Warning] No further splits with positive gain, best gain: -inf
[LightGBM] [Warning] No further splits with positive gain, best gain: -inf
[LightGBM] [Warning] No further splits with positive gain, best gain: -inf
[LightGBM] [Warning] No further splits with positive gain, best gain: -inf
[LightGBM] [Warning] No further splits with positive gain, best gain: -inf
[LightGBM] [Warning] No further splits with positive gain, best gain: -inf
[LightGBM] [Warning] No further splits with positive gain, best gain: -inf
[LightGBM] [Warning] No further splits with positive gain, best gain: -inf
[LightGBM] [Warning] No further splits with positive gain, best gain: -inf
[LightGBM] [Warning] No further splits with positive gain, best gain: -inf
[LightGBM] [Warning] No further splits with positive gain, best gain: -inf
[LightGBM] [Warning] No further splits with positive gain, best gain: -inf
[LightGBM] [Warning] No further splits with positive gain, best gain: -inf
[LightGBM] [Warning] No further splits with positive gain, best gain: -inf
[LightGBM] [Warning] No further splits with positive gain, best gain: -inf
[LightGBM] [Warning] No further splits with positive gain, best gain: -inf
[LightGBM] [Warning] No further splits with positive gain, best gain: -inf
[LightGBM] [Warning] No further splits with positive gain, best gain: -inf
[LightGBM] [Warning] No further splits with positive gain, best gain: -inf
[LightGBM] [Warning] No further splits with positive gain, best gain: -inf
[LightGBM] [Warning] No further splits with positive gain, best gain: -inf
[LightGBM] [Warning] No further splits with positive gain, best gain: -inf
[LightGBM] [Warning] No further splits with positive gain, best gain: -inf
[LightGBM] [Warning] No further splits with positive gain, best gain: -inf
[300]	train's rmse: 0.455073
[LightGBM] [Warning] No further splits with positive gain, best gain: -inf
[LightGBM] [Warning] No further splits with positive gain, best gain: -inf
[LightGBM] [Warning] No further splits with positive gain, best gain: -inf
[LightGBM] [Warning] No further splits with positive gain, best gain: -inf
[LightGBM] [Warning] No further splits with positive gain, best gain: -inf
[LightGBM] [Warning] No further splits with positive gain, best gain: -inf
[LightGBM] [Warning] No further splits with positive gain, best gain: -inf
[LightGBM] [Warning] No further splits with positive gain, best gain: -inf
[LightGBM] [Warning] No further splits with positive gain, best gain: -inf
[LightGBM] [Warning] No further splits with positive gain, best gain: -inf
[LightGBM] [Warning] No further splits with positive gain, best gain: -inf
[LightGBM] [Warning] No further splits with positive gain, best gain: -inf
[LightGBM] [Warning] No further splits with positive gain, best gain: -inf
[LightGBM] [Warning] No further splits with positive gain, best gain: -inf
[LightGBM] [Warning] No further splits with positive gain, best gain: -inf
[LightGBM] [Warning] No further splits with positive gain, best gain: -inf
[LightGBM] [Warning] No further splits with positive gain, best gain: -inf
Early stopping, best iteration is:
[302]	train's rmse: 0.455014
[LightGBM] [Info] Auto-choosing col-wise multi-threading, the overhead of testing was 0.000119 seconds.
You can set `force_col_wise=true` to remove the overhead.
[LightGBM] [Info] Total Bins 1682
[LightGBM] [Info] Number of data points in the train set: 5108, number of used features: 11
[LightGBM] [Info] Start training from score -0.031791
Training until validation scores don't improve for 30 rounds
[LightGBM] [Warning] No further splits with positive gain, best gain: -inf
[LightGBM] [Warning] No further splits with positive gain, best gain: -inf
[LightGBM] [Warning] No further splits with positive gain, best gain: -inf
[LightGBM] [Warning] No further splits with positive gain, best gain: -inf
[LightGBM] [Warning] No further splits with positive gain, best gain: -inf
[LightGBM] [Warning] No further splits with positive gain, best gain: -inf
[LightGBM] [Warning] No further splits with positive gain, best gain: -inf
[LightGBM] [Warning] No further splits with positive gain, best gain: -inf
[LightGBM] [Warning] No further splits with positive gain, best gain: -inf
[LightGBM] [Warning] No further splits with positive gain, best gain: -inf
[LightGBM] [Warning] No further splits with positive gain, best gain: -inf
[LightGBM] [Warning] No further splits with positive gain, best gain: -inf
[LightGBM] [Warning] No further splits with positive gain, best gain: -inf
[LightGBM] [Warning] No further splits with positive gain, best gain: -inf
[LightGBM] [Warning] No further splits with positive gain, best gain: -inf
[LightGBM] [Warning] No further splits with positive gain, best gain: -inf
[LightGBM] [Warning] No further splits with positive gain, best gain: -inf
[LightGBM] [Warning] No further splits with positive gain, best gain: -inf
[LightGBM] [Warning] No further splits with positive gain, best gain: -inf
[LightGBM] [Warning] No further splits with positive gain, best gain: -inf
[LightGBM] [Warning] No further splits with positive gain, best gain: -inf
[LightGBM] [Warning] No further splits with positive gain, best gain: -inf
[LightGBM] [Warning] No further splits with positive gain, best gain: -inf
[LightGBM] [Warning] No further splits with positive gain, best gain: -inf
[100]	train's rmse: 0.535175
[LightGBM] [Warning] No further splits with positive gain, best gain: -inf
Early stopping, best iteration is:
[76]	train's rmse: 0.532445
[LightGBM] [Info] Auto-choosing col-wise multi-threading, the overhead of testing was 0.000115 seconds.
You can set `force_col_wise=true` to remove the overhead.
[LightGBM] [Info] Total Bins 1646
[LightGBM] [Info] Number of data points in the train set: 5156, number of used features: 11
[LightGBM] [Info] Start training from score -0.060941
Training until validation scores don't improve for 30 rounds
[LightGBM] [Warning] No further splits with positive gain, best gain: -inf
[LightGBM] [Warning] No further splits with positive gain, best gain: -inf
[LightGBM] [Warning] No further splits with positive gain, best gain: -inf
[LightGBM] [Warning] No further splits with positive gain, best gain: -inf
[LightGBM] [Warning] No further splits with positive gain, best gain: -inf
[LightGBM] [Warning] No further splits with positive gain, best gain: -inf
[LightGBM] [Warning] No further splits with positive gain, best gain: -inf
[LightGBM] [Warning] No further splits with positive gain, best gain: -inf
[LightGBM] [Warning] No further splits with positive gain, best gain: -inf
[LightGBM] [Warning] No further splits with positive gain, best gain: -inf
[LightGBM] [Warning] No further splits with positive gain, best gain: -inf
[LightGBM] [Warning] No further splits with positive gain, best gain: -inf
[LightGBM] [Warning] No further splits with positive gain, best gain: -inf
[LightGBM] [Warning] No further splits with positive gain, best gain: -inf
[LightGBM] [Warning] No further splits with positive gain, best gain: -inf
[LightGBM] [Warning] No further splits with positive gain, best gain: -inf
[LightGBM] [Warning] No further splits with positive gain, best gain: -inf
[LightGBM] [Warning] No further splits with positive gain, best gain: -inf
[LightGBM] [Warning] No further splits with positive gain, best gain: -inf
[LightGBM] [Warning] No further splits with positive gain, best gain: -inf
[LightGBM] [Warning] No further splits with positive gain, best gain: -inf
[100]	train's rmse: 0.643655
[LightGBM] [Warning] No further splits with positive gain, best gain: -inf
[LightGBM] [Warning] No further splits with positive gain, best gain: -inf
[LightGBM] [Warning] No further splits with positive gain, best gain: -inf
[LightGBM] [Warning] No further splits with positive gain, best gain: -inf
Early stopping, best iteration is:
[78]	train's rmse: 0.640773
[LightGBM] [Info] Auto-choosing col-wise multi-threading, the overhead of testing was 0.000119 seconds.
You can set `force_col_wise=true` to remove the overhead.
[LightGBM] [Info] Total Bins 1634
[LightGBM] [Info] Number of data points in the train set: 5169, number of used features: 11
[LightGBM] [Info] Start training from score 0.028040
Training until validation scores don't improve for 30 rounds
[LightGBM] [Warning] No further splits with positive gain, best gain: -inf
[LightGBM] [Warning] No further splits with positive gain, best gain: -inf
[LightGBM] [Warning] No further splits with positive gain, best gain: -inf
[LightGBM] [Warning] No further splits with positive gain, best gain: -inf
[LightGBM] [Warning] No further splits with positive gain, best gain: -inf
[LightGBM] [Warning] No further splits with positive gain, best gain: -inf
[LightGBM] [Warning] No further splits with positive gain, best gain: -inf
[LightGBM] [Warning] No further splits with positive gain, best gain: -inf
[LightGBM] [Warning] No further splits with positive gain, best gain: -inf
[LightGBM] [Warning] No further splits with positive gain, best gain: -inf
[LightGBM] [Warning] No further splits with positive gain, best gain: -inf
[LightGBM] [Warning] No further splits with positive gain, best gain: -inf
[LightGBM] [Warning] No further splits with positive gain, best gain: -inf
[LightGBM] [Warning] No further splits with positive gain, best gain: -inf
[LightGBM] [Warning] No further splits with positive gain, best gain: -inf
[LightGBM] [Warning] No further splits with positive gain, best gain: -inf
[LightGBM] [Warning] No further splits with positive gain, best gain: -inf
[LightGBM] [Warning] No further splits with positive gain, best gain: -inf
[100]	train's rmse: 0.504142
[LightGBM] [Warning] No further splits with positive gain, best gain: -inf
[LightGBM] [Warning] No further splits with positive gain, best gain: -inf
[LightGBM] [Warning] No further splits with positive gain, best gain: -inf
[LightGBM] [Warning] No further splits with positive gain, best gain: -inf
[LightGBM] [Warning] No further splits with positive gain, best gain: -inf
[LightGBM] [Warning] No further splits with positive gain, best gain: -inf
Early stopping, best iteration is:
[79]	train's rmse: 0.501776
[LightGBM] [Info] Auto-choosing col-wise multi-threading, the overhead of testing was 0.000139 seconds.
You can set `force_col_wise=true` to remove the overhead.
[LightGBM] [Info] Total Bins 1687
[LightGBM] [Info] Number of data points in the train set: 6062, number of used features: 11
[LightGBM] [Info] Start training from score -0.168933
Training until validation scores don't improve for 30 rounds
[LightGBM] [Warning] No further splits with positive gain, best gain: -inf
[LightGBM] [Warning] No further splits with positive gain, best gain: -inf
[LightGBM] [Warning] No further splits with positive gain, best gain: -inf
[LightGBM] [Warning] No further splits with positive gain, best gain: -inf
[LightGBM] [Warning] No further splits with positive gain, best gain: -inf
[LightGBM] [Warning] No further splits with positive gain, best gain: -inf
[LightGBM] [Warning] No further splits with positive gain, best gain: -inf
[LightGBM] [Warning] No further splits with positive gain, best gain: -inf
[LightGBM] [Warning] No further splits with positive gain, best gain: -inf
[LightGBM] [Warning] No further splits with positive gain, best gain: -inf
[LightGBM] [Warning] No further splits with positive gain, best gain: -inf
[LightGBM] [Warning] No further splits with positive gain, best gain: -inf
[LightGBM] [Warning] No further splits with positive gain, best gain: -inf
[LightGBM] [Warning] No further splits with positive gain, best gain: -inf
[LightGBM] [Warning] No further splits with positive gain, best gain: -inf
[LightGBM] [Warning] No further splits with positive gain, best gain: -inf
[LightGBM] [Warning] No further splits with positive gain, best gain: -inf
[LightGBM] [Warning] No further splits with positive gain, best gain: -inf
[LightGBM] [Warning] No further splits with positive gain, best gain: -inf
[LightGBM] [Warning] No further splits with positive gain, best gain: -inf
[LightGBM] [Warning] No further splits with positive gain, best gain: -inf
[100]	train's rmse: 0.652135
[LightGBM] [Warning] No further splits with positive gain, best gain: -inf
[LightGBM] [Warning] No further splits with positive gain, best gain: -inf
[LightGBM] [Warning] No further splits with positive gain, best gain: -inf
[LightGBM] [Warning] No further splits with positive gain, best gain: -inf
[LightGBM] [Warning] No further splits with positive gain, best gain: -inf
[LightGBM] [Warning] No further splits with positive gain, best gain: -inf
[LightGBM] [Warning] No further splits with positive gain, best gain: -inf
[LightGBM] [Warning] No further splits with positive gain, best gain: -inf
[LightGBM] [Warning] No further splits with positive gain, best gain: -inf
[LightGBM] [Warning] No further splits with positive gain, best gain: -inf
[LightGBM] [Warning] No further splits with positive gain, best gain: -inf
[LightGBM] [Warning] No further splits with positive gain, best gain: -inf
[LightGBM] [Warning] No further splits with positive gain, best gain: -inf
[LightGBM] [Warning] No further splits with positive gain, best gain: -inf
[LightGBM] [Warning] No further splits with positive gain, best gain: -inf
[LightGBM] [Warning] No further splits with positive gain, best gain: -inf
[LightGBM] [Warning] No further splits with positive gain, best gain: -inf
[LightGBM] [Warning] No further splits with positive gain, best gain: -inf
[LightGBM] [Warning] No further splits with positive gain, best gain: -inf
[LightGBM] [Warning] No further splits with positive gain, best gain: -inf
[LightGBM] [Warning] No further splits with positive gain, best gain: -inf
[LightGBM] [Warning] No further splits with positive gain, best gain: -inf
[LightGBM] [Warning] No further splits with positive gain, best gain: -inf
[LightGBM] [Warning] No further splits with positive gain, best gain: -inf
[LightGBM] [Warning] No further splits with positive gain, best gain: -inf
[LightGBM] [Warning] No further splits with positive gain, best gain: -inf
[LightGBM] [Warning] No further splits with positive gain, best gain: -inf
[LightGBM] [Warning] No further splits with positive gain, best gain: -inf
[LightGBM] [Warning] No further splits with positive gain, best gain: -inf
[LightGBM] [Warning] No further splits with positive gain, best gain: -inf
[LightGBM] [Warning] No further splits with positive gain, best gain: -inf
[LightGBM] [Warning] No further splits with positive gain, best gain: -inf
[LightGBM] [Warning] No further splits with positive gain, best gain: -inf
[LightGBM] [Warning] No further splits with positive gain, best gain: -inf
Early stopping, best iteration is:
[129]	train's rmse: 0.650612
content_rmse : 0.42842996598256555
wording_rmse : 0.5760366076922285
mcrmse : 0.5022332868373971
__module__ __main__
model_name debertav3base
learning_rate 1.5e-05
weight_decay 0.03
hidden_dropout_prob 0.0
attention_probs_dropout_prob 0.007
num_train_epochs 5
n_splits 4
batch_size 19
random_seed 42
save_steps 100
max_length 512
test_mode False
device GPU
__dict__ {'__module__': '__main__', 'model_name': 'debertav3base', 'learning_rate': 1.5e-05, 'weight_decay': 0.03, 'hidden_dropout_prob': 0.0, 'attention_probs_dropout_prob': 0.007, 'num_train_epochs': 5, 'n_splits': 4, 'batch_size': 19, 'random_seed': 42, 'save_steps': 100, 'max_length': 512, 'test_mode': False, 'device': 'GPU', '__dict__': <attribute '__dict__' of 'CFG' objects>, '__weakref__': <attribute '__weakref__' of 'CFG' objects>, '__doc__': None}
__weakref__ <attribute '__weakref__' of 'CFG' objects>
__doc__ None
