args Namespace(attention_probs_dropout_prob=0.007, learning_rate=2.2e-05, model_name='debertav3base', test_mode=False)
cuda
fold 0:
model_fold_dir debertav3base_lr22e-05/fold_0/0
start training
{'eval_loss': 0.3344156742095947, 'eval_rmse': 0.5755032300949097, 'eval_runtime': 8.2937, 'eval_samples_per_second': 248.02, 'eval_steps_per_second': 13.143, 'epoch': 0.37}
{'eval_loss': 0.32459789514541626, 'eval_rmse': 0.5652639865875244, 'eval_runtime': 8.3014, 'eval_samples_per_second': 247.79, 'eval_steps_per_second': 13.13, 'epoch': 0.74}
{'eval_loss': 0.23571892082691193, 'eval_rmse': 0.48096010088920593, 'eval_runtime': 8.3068, 'eval_samples_per_second': 247.63, 'eval_steps_per_second': 13.122, 'epoch': 1.12}
{'eval_loss': 0.2391815185546875, 'eval_rmse': 0.4863331913948059, 'eval_runtime': 8.3184, 'eval_samples_per_second': 247.282, 'eval_steps_per_second': 13.103, 'epoch': 1.49}
{'loss': 0.3389, 'learning_rate': 1.3821561338289963e-05, 'epoch': 1.86}
{'eval_loss': 0.2730664908885956, 'eval_rmse': 0.5159800052642822, 'eval_runtime': 8.3002, 'eval_samples_per_second': 247.826, 'eval_steps_per_second': 13.132, 'epoch': 1.86}
{'eval_loss': 0.24300141632556915, 'eval_rmse': 0.48668578267097473, 'eval_runtime': 8.3186, 'eval_samples_per_second': 247.278, 'eval_steps_per_second': 13.103, 'epoch': 2.23}
{'eval_loss': 0.24108248949050903, 'eval_rmse': 0.4887331426143646, 'eval_runtime': 8.3276, 'eval_samples_per_second': 247.01, 'eval_steps_per_second': 13.089, 'epoch': 2.6}
{'eval_loss': 0.24763813614845276, 'eval_rmse': 0.49346083402633667, 'eval_runtime': 8.3285, 'eval_samples_per_second': 246.982, 'eval_steps_per_second': 13.088, 'epoch': 2.97}
{'eval_loss': 0.257026731967926, 'eval_rmse': 0.5029690861701965, 'eval_runtime': 8.33, 'eval_samples_per_second': 246.937, 'eval_steps_per_second': 13.085, 'epoch': 3.35}
{'loss': 0.151, 'learning_rate': 5.643122676579925e-06, 'epoch': 3.72}
{'eval_loss': 0.2542336583137512, 'eval_rmse': 0.5013141632080078, 'eval_runtime': 8.3135, 'eval_samples_per_second': 247.429, 'eval_steps_per_second': 13.111, 'epoch': 3.72}
{'eval_loss': 0.2410414218902588, 'eval_rmse': 0.48631465435028076, 'eval_runtime': 8.3303, 'eval_samples_per_second': 246.93, 'eval_steps_per_second': 13.085, 'epoch': 4.09}
{'eval_loss': 0.2578010559082031, 'eval_rmse': 0.5043439865112305, 'eval_runtime': 8.3281, 'eval_samples_per_second': 246.996, 'eval_steps_per_second': 13.088, 'epoch': 4.46}
{'eval_loss': 0.25397899746894836, 'eval_rmse': 0.500392496585846, 'eval_runtime': 8.3293, 'eval_samples_per_second': 246.961, 'eval_steps_per_second': 13.086, 'epoch': 4.83}
{'train_runtime': 544.8478, 'train_samples_per_second': 46.875, 'train_steps_per_second': 2.469, 'train_loss': 0.20406684024626437, 'epoch': 5.0}
finish training
fold 1:
model_fold_dir debertav3base_lr22e-05/fold_1/1
start training
{'eval_loss': 0.4648258686065674, 'eval_rmse': 0.6710219383239746, 'eval_runtime': 11.9736, 'eval_samples_per_second': 167.786, 'eval_steps_per_second': 8.853, 'epoch': 0.37}
{'eval_loss': 0.5142877101898193, 'eval_rmse': 0.6996713876724243, 'eval_runtime': 11.9734, 'eval_samples_per_second': 167.789, 'eval_steps_per_second': 8.853, 'epoch': 0.74}
{'eval_loss': 0.481829971075058, 'eval_rmse': 0.6803337335586548, 'eval_runtime': 11.9728, 'eval_samples_per_second': 167.798, 'eval_steps_per_second': 8.853, 'epoch': 1.1}
{'eval_loss': 0.4567871689796448, 'eval_rmse': 0.6623399257659912, 'eval_runtime': 11.9774, 'eval_samples_per_second': 167.732, 'eval_steps_per_second': 8.85, 'epoch': 1.47}
{'loss': 0.2918, 'learning_rate': 1.3911764705882351e-05, 'epoch': 1.84}
{'eval_loss': 0.44687214493751526, 'eval_rmse': 0.6546145677566528, 'eval_runtime': 11.9595, 'eval_samples_per_second': 167.984, 'eval_steps_per_second': 8.863, 'epoch': 1.84}
{'eval_loss': 0.4141263961791992, 'eval_rmse': 0.6325689554214478, 'eval_runtime': 11.9738, 'eval_samples_per_second': 167.784, 'eval_steps_per_second': 8.853, 'epoch': 2.21}
{'eval_loss': 0.44867920875549316, 'eval_rmse': 0.6578466892242432, 'eval_runtime': 11.9758, 'eval_samples_per_second': 167.756, 'eval_steps_per_second': 8.851, 'epoch': 2.57}
{'eval_loss': 0.48096275329589844, 'eval_rmse': 0.6734499931335449, 'eval_runtime': 11.9768, 'eval_samples_per_second': 167.741, 'eval_steps_per_second': 8.85, 'epoch': 2.94}
{'eval_loss': 0.41745442152023315, 'eval_rmse': 0.637198805809021, 'eval_runtime': 11.977, 'eval_samples_per_second': 167.738, 'eval_steps_per_second': 8.85, 'epoch': 3.31}
{'loss': 0.137, 'learning_rate': 5.823529411764706e-06, 'epoch': 3.68}
{'eval_loss': 0.459347128868103, 'eval_rmse': 0.6634969115257263, 'eval_runtime': 11.9588, 'eval_samples_per_second': 167.993, 'eval_steps_per_second': 8.864, 'epoch': 3.68}
{'eval_loss': 0.41853541135787964, 'eval_rmse': 0.6373775005340576, 'eval_runtime': 11.9766, 'eval_samples_per_second': 167.744, 'eval_steps_per_second': 8.851, 'epoch': 4.04}
{'eval_loss': 0.45806074142456055, 'eval_rmse': 0.6628935933113098, 'eval_runtime': 11.9737, 'eval_samples_per_second': 167.784, 'eval_steps_per_second': 8.853, 'epoch': 4.41}
{'eval_loss': 0.44085264205932617, 'eval_rmse': 0.6525214910507202, 'eval_runtime': 11.9786, 'eval_samples_per_second': 167.716, 'eval_steps_per_second': 8.849, 'epoch': 4.78}
{'train_runtime': 545.2218, 'train_samples_per_second': 47.284, 'train_steps_per_second': 2.494, 'train_loss': 0.17933396311367258, 'epoch': 5.0}
finish training
fold 2:
model_fold_dir debertav3base_lr22e-05/fold_2/2
start training
{'eval_loss': 0.4084988832473755, 'eval_rmse': 0.6276141405105591, 'eval_runtime': 10.8447, 'eval_samples_per_second': 184.054, 'eval_steps_per_second': 9.774, 'epoch': 0.37}
{'eval_loss': 0.31380993127822876, 'eval_rmse': 0.5554299354553223, 'eval_runtime': 10.8443, 'eval_samples_per_second': 184.059, 'eval_steps_per_second': 9.775, 'epoch': 0.73}
{'eval_loss': 0.3264923691749573, 'eval_rmse': 0.5624352097511292, 'eval_runtime': 10.8412, 'eval_samples_per_second': 184.112, 'eval_steps_per_second': 9.777, 'epoch': 1.1}
{'eval_loss': 0.26914286613464355, 'eval_rmse': 0.5174798965454102, 'eval_runtime': 10.8507, 'eval_samples_per_second': 183.95, 'eval_steps_per_second': 9.769, 'epoch': 1.47}
{'loss': 0.3186, 'learning_rate': 1.394139194139194e-05, 'epoch': 1.83}
{'eval_loss': 0.2722721993923187, 'eval_rmse': 0.5176181793212891, 'eval_runtime': 10.8296, 'eval_samples_per_second': 184.31, 'eval_steps_per_second': 9.788, 'epoch': 1.83}
{'eval_loss': 0.2894720733165741, 'eval_rmse': 0.5340009927749634, 'eval_runtime': 10.8441, 'eval_samples_per_second': 184.063, 'eval_steps_per_second': 9.775, 'epoch': 2.2}
{'eval_loss': 0.24085316061973572, 'eval_rmse': 0.48834937810897827, 'eval_runtime': 10.8467, 'eval_samples_per_second': 184.02, 'eval_steps_per_second': 9.773, 'epoch': 2.56}
{'eval_loss': 0.25541695952415466, 'eval_rmse': 0.5036371946334839, 'eval_runtime': 10.8511, 'eval_samples_per_second': 183.944, 'eval_steps_per_second': 9.769, 'epoch': 2.93}
{'eval_loss': 0.30082595348358154, 'eval_rmse': 0.5429651737213135, 'eval_runtime': 10.846, 'eval_samples_per_second': 184.031, 'eval_steps_per_second': 9.773, 'epoch': 3.3}
{'loss': 0.1515, 'learning_rate': 5.882783882783883e-06, 'epoch': 3.66}
{'eval_loss': 0.2865400016307831, 'eval_rmse': 0.5323733687400818, 'eval_runtime': 10.8266, 'eval_samples_per_second': 184.36, 'eval_steps_per_second': 9.791, 'epoch': 3.66}
{'eval_loss': 0.27373990416526794, 'eval_rmse': 0.5195897817611694, 'eval_runtime': 10.8499, 'eval_samples_per_second': 183.965, 'eval_steps_per_second': 9.77, 'epoch': 4.03}
{'eval_loss': 0.28442347049713135, 'eval_rmse': 0.5324098467826843, 'eval_runtime': 10.8452, 'eval_samples_per_second': 184.045, 'eval_steps_per_second': 9.774, 'epoch': 4.4}
{'eval_loss': 0.2740880846977234, 'eval_rmse': 0.5224530696868896, 'eval_runtime': 10.8474, 'eval_samples_per_second': 184.007, 'eval_steps_per_second': 9.772, 'epoch': 4.76}
{'train_runtime': 554.7528, 'train_samples_per_second': 46.588, 'train_steps_per_second': 2.461, 'train_loss': 0.19604978736066994, 'epoch': 5.0}
finish training
fold 3:
model_fold_dir debertav3base_lr22e-05/fold_3/3
start training
{'eval_loss': 0.606347382068634, 'eval_rmse': 0.7615654468536377, 'eval_runtime': 4.799, 'eval_samples_per_second': 229.837, 'eval_steps_per_second': 12.294, 'epoch': 0.31}
{'eval_loss': 0.3930349051952362, 'eval_rmse': 0.6171271800994873, 'eval_runtime': 4.8009, 'eval_samples_per_second': 229.748, 'eval_steps_per_second': 12.289, 'epoch': 0.62}
{'eval_loss': 0.45770731568336487, 'eval_rmse': 0.6692562103271484, 'eval_runtime': 4.8004, 'eval_samples_per_second': 229.774, 'eval_steps_per_second': 12.291, 'epoch': 0.94}
{'eval_loss': 0.4136207401752472, 'eval_rmse': 0.6359221935272217, 'eval_runtime': 4.7989, 'eval_samples_per_second': 229.846, 'eval_steps_per_second': 12.295, 'epoch': 1.25}
{'loss': 0.293, 'learning_rate': 1.5125e-05, 'epoch': 1.56}
{'eval_loss': 0.3814217448234558, 'eval_rmse': 0.6120102405548096, 'eval_runtime': 4.7839, 'eval_samples_per_second': 230.565, 'eval_steps_per_second': 12.333, 'epoch': 1.56}
{'eval_loss': 0.366025447845459, 'eval_rmse': 0.5972657799720764, 'eval_runtime': 4.805, 'eval_samples_per_second': 229.554, 'eval_steps_per_second': 12.279, 'epoch': 1.88}
{'eval_loss': 0.38094404339790344, 'eval_rmse': 0.6138172149658203, 'eval_runtime': 4.7998, 'eval_samples_per_second': 229.804, 'eval_steps_per_second': 12.292, 'epoch': 2.19}
{'eval_loss': 0.36839911341667175, 'eval_rmse': 0.6039302349090576, 'eval_runtime': 4.8007, 'eval_samples_per_second': 229.759, 'eval_steps_per_second': 12.29, 'epoch': 2.5}
{'eval_loss': 0.3959001898765564, 'eval_rmse': 0.6261014342308044, 'eval_runtime': 4.8052, 'eval_samples_per_second': 229.542, 'eval_steps_per_second': 12.278, 'epoch': 2.81}
{'loss': 0.1621, 'learning_rate': 8.25e-06, 'epoch': 3.12}
{'eval_loss': 0.4102451503276825, 'eval_rmse': 0.638617992401123, 'eval_runtime': 4.7851, 'eval_samples_per_second': 230.506, 'eval_steps_per_second': 12.33, 'epoch': 3.12}
{'eval_loss': 0.449224054813385, 'eval_rmse': 0.669908881187439, 'eval_runtime': 4.8014, 'eval_samples_per_second': 229.724, 'eval_steps_per_second': 12.288, 'epoch': 3.44}
{'eval_loss': 0.3924536108970642, 'eval_rmse': 0.6246431469917297, 'eval_runtime': 4.8024, 'eval_samples_per_second': 229.676, 'eval_steps_per_second': 12.285, 'epoch': 3.75}
{'eval_loss': 0.4168992340564728, 'eval_rmse': 0.6449954509735107, 'eval_runtime': 4.8027, 'eval_samples_per_second': 229.66, 'eval_steps_per_second': 12.285, 'epoch': 4.06}
{'eval_loss': 0.4596615135669708, 'eval_rmse': 0.6778838038444519, 'eval_runtime': 4.8032, 'eval_samples_per_second': 229.636, 'eval_steps_per_second': 12.283, 'epoch': 4.38}
{'loss': 0.0855, 'learning_rate': 1.375e-06, 'epoch': 4.69}
{'eval_loss': 0.41777169704437256, 'eval_rmse': 0.6454821825027466, 'eval_runtime': 4.7868, 'eval_samples_per_second': 230.426, 'eval_steps_per_second': 12.326, 'epoch': 4.69}
{'eval_loss': 0.4303041398525238, 'eval_rmse': 0.6553642749786377, 'eval_runtime': 4.8028, 'eval_samples_per_second': 229.658, 'eval_steps_per_second': 12.285, 'epoch': 5.0}
{'train_runtime': 584.8428, 'train_samples_per_second': 51.826, 'train_steps_per_second': 2.736, 'train_loss': 0.1730004957318306, 'epoch': 5.0}
finish training
fold 0:
pred shape (2057, 2)
fold 1:
pred shape (2009, 2)
fold 2:
pred shape (1996, 2)
fold 3:
pred shape (1103, 2)
cv content rmse: 0.5517826821627759
cv wording rmse: 0.75233258658849
fold 0:
fold 1:
fold 2:
fold 3:
[LightGBM] [Info] Auto-choosing col-wise multi-threading, the overhead of testing was 0.000992 seconds.
You can set `force_col_wise=true` to remove the overhead.
[LightGBM] [Info] Total Bins 1682
[LightGBM] [Info] Number of data points in the train set: 5108, number of used features: 11
[LightGBM] [Info] Start training from score 0.017606
Training until validation scores don't improve for 30 rounds
[LightGBM] [Warning] No further splits with positive gain, best gain: -inf
[LightGBM] [Warning] No further splits with positive gain, best gain: -inf
[LightGBM] [Warning] No further splits with positive gain, best gain: -inf
[LightGBM] [Warning] No further splits with positive gain, best gain: -inf
[LightGBM] [Warning] No further splits with positive gain, best gain: -inf
[LightGBM] [Warning] No further splits with positive gain, best gain: -inf
[LightGBM] [Warning] No further splits with positive gain, best gain: -inf
[LightGBM] [Warning] No further splits with positive gain, best gain: -inf
[LightGBM] [Warning] No further splits with positive gain, best gain: -inf
[LightGBM] [Warning] No further splits with positive gain, best gain: -inf
[LightGBM] [Warning] No further splits with positive gain, best gain: -inf
[LightGBM] [Warning] No further splits with positive gain, best gain: -inf
[LightGBM] [Warning] No further splits with positive gain, best gain: -inf
[LightGBM] [Warning] No further splits with positive gain, best gain: -inf
[LightGBM] [Warning] No further splits with positive gain, best gain: -inf
[LightGBM] [Warning] No further splits with positive gain, best gain: -inf
[LightGBM] [Warning] No further splits with positive gain, best gain: -inf
[LightGBM] [Warning] No further splits with positive gain, best gain: -inf
[LightGBM] [Warning] No further splits with positive gain, best gain: -inf
[LightGBM] [Warning] No further splits with positive gain, best gain: -inf
[LightGBM] [Warning] No further splits with positive gain, best gain: -inf
[LightGBM] [Warning] No further splits with positive gain, best gain: -inf
[LightGBM] [Warning] No further splits with positive gain, best gain: -inf
[LightGBM] [Warning] No further splits with positive gain, best gain: -inf
[LightGBM] [Warning] No further splits with positive gain, best gain: -inf
[LightGBM] [Warning] No further splits with positive gain, best gain: -inf
[LightGBM] [Warning] No further splits with positive gain, best gain: -inf
[LightGBM] [Warning] No further splits with positive gain, best gain: -inf
[LightGBM] [Warning] No further splits with positive gain, best gain: -inf
[LightGBM] [Warning] No further splits with positive gain, best gain: -inf
[LightGBM] [Warning] No further splits with positive gain, best gain: -inf
[LightGBM] [Warning] No further splits with positive gain, best gain: -inf
[LightGBM] [Warning] No further splits with positive gain, best gain: -inf
[100]	train's rmse: 0.402878
[LightGBM] [Warning] No further splits with positive gain, best gain: -inf
[LightGBM] [Warning] No further splits with positive gain, best gain: -inf
[LightGBM] [Warning] No further splits with positive gain, best gain: -inf
[LightGBM] [Warning] No further splits with positive gain, best gain: -inf
[LightGBM] [Warning] No further splits with positive gain, best gain: -inf
[LightGBM] [Warning] No further splits with positive gain, best gain: -inf
[LightGBM] [Warning] No further splits with positive gain, best gain: -inf
[LightGBM] [Warning] No further splits with positive gain, best gain: -inf
[LightGBM] [Warning] No further splits with positive gain, best gain: -inf
[LightGBM] [Warning] No further splits with positive gain, best gain: -inf
[LightGBM] [Warning] No further splits with positive gain, best gain: -inf
[LightGBM] [Warning] No further splits with positive gain, best gain: -inf
[LightGBM] [Warning] No further splits with positive gain, best gain: -inf
[LightGBM] [Warning] No further splits with positive gain, best gain: -inf
[LightGBM] [Warning] No further splits with positive gain, best gain: -inf
[LightGBM] [Warning] No further splits with positive gain, best gain: -inf
[LightGBM] [Warning] No further splits with positive gain, best gain: -inf
[LightGBM] [Warning] No further splits with positive gain, best gain: -inf
[LightGBM] [Warning] No further splits with positive gain, best gain: -inf
[LightGBM] [Warning] No further splits with positive gain, best gain: -inf
[LightGBM] [Warning] No further splits with positive gain, best gain: -inf
[LightGBM] [Warning] No further splits with positive gain, best gain: -inf
[LightGBM] [Warning] No further splits with positive gain, best gain: -inf
[LightGBM] [Warning] No further splits with positive gain, best gain: -inf
[LightGBM] [Warning] No further splits with positive gain, best gain: -inf
[LightGBM] [Warning] No further splits with positive gain, best gain: -inf
[LightGBM] [Warning] No further splits with positive gain, best gain: -inf
[LightGBM] [Warning] No further splits with positive gain, best gain: -inf
[LightGBM] [Warning] No further splits with positive gain, best gain: -inf
[LightGBM] [Warning] No further splits with positive gain, best gain: -inf
[LightGBM] [Warning] No further splits with positive gain, best gain: -inf
[LightGBM] [Warning] No further splits with positive gain, best gain: -inf
[LightGBM] [Warning] No further splits with positive gain, best gain: -inf
[LightGBM] [Warning] No further splits with positive gain, best gain: -inf
[LightGBM] [Warning] No further splits with positive gain, best gain: -inf
[LightGBM] [Warning] No further splits with positive gain, best gain: -inf
[LightGBM] [Warning] No further splits with positive gain, best gain: -inf
[LightGBM] [Warning] No further splits with positive gain, best gain: -inf
[LightGBM] [Warning] No further splits with positive gain, best gain: -inf
[LightGBM] [Warning] No further splits with positive gain, best gain: -inf
[LightGBM] [Warning] No further splits with positive gain, best gain: -inf
[LightGBM] [Warning] No further splits with positive gain, best gain: -inf
[LightGBM] [Warning] No further splits with positive gain, best gain: -inf
[LightGBM] [Warning] No further splits with positive gain, best gain: -inf
[LightGBM] [Warning] No further splits with positive gain, best gain: -inf
[LightGBM] [Warning] No further splits with positive gain, best gain: -inf
[LightGBM] [Warning] No further splits with positive gain, best gain: -inf
[LightGBM] [Warning] No further splits with positive gain, best gain: -inf
[LightGBM] [Warning] No further splits with positive gain, best gain: -inf
[LightGBM] [Warning] No further splits with positive gain, best gain: -inf
[LightGBM] [Warning] No further splits with positive gain, best gain: -inf
[LightGBM] [Warning] No further splits with positive gain, best gain: -inf
[LightGBM] [Warning] No further splits with positive gain, best gain: -inf
[LightGBM] [Warning] No further splits with positive gain, best gain: -inf
[LightGBM] [Warning] No further splits with positive gain, best gain: -inf
[LightGBM] [Warning] No further splits with positive gain, best gain: -inf
[LightGBM] [Warning] No further splits with positive gain, best gain: -inf
[LightGBM] [Warning] No further splits with positive gain, best gain: -inf
[LightGBM] [Warning] No further splits with positive gain, best gain: -inf
[LightGBM] [Warning] No further splits with positive gain, best gain: -inf
[LightGBM] [Warning] No further splits with positive gain, best gain: -inf
[LightGBM] [Warning] No further splits with positive gain, best gain: -inf
[LightGBM] [Warning] No further splits with positive gain, best gain: -inf
[LightGBM] [Warning] No further splits with positive gain, best gain: -inf
[LightGBM] [Warning] No further splits with positive gain, best gain: -inf
[LightGBM] [Warning] No further splits with positive gain, best gain: -inf
Early stopping, best iteration is:
[162]	train's rmse: 0.40213
[LightGBM] [Info] Auto-choosing col-wise multi-threading, the overhead of testing was 0.000137 seconds.
You can set `force_col_wise=true` to remove the overhead.
[LightGBM] [Info] Total Bins 1646
[LightGBM] [Info] Number of data points in the train set: 5156, number of used features: 11
[LightGBM] [Info] Start training from score -0.039959
Training until validation scores don't improve for 30 rounds
[LightGBM] [Warning] No further splits with positive gain, best gain: -inf
[LightGBM] [Warning] No further splits with positive gain, best gain: -inf
[LightGBM] [Warning] No further splits with positive gain, best gain: -inf
[LightGBM] [Warning] No further splits with positive gain, best gain: -inf
[LightGBM] [Warning] No further splits with positive gain, best gain: -inf
[LightGBM] [Warning] No further splits with positive gain, best gain: -inf
[LightGBM] [Warning] No further splits with positive gain, best gain: -inf
[LightGBM] [Warning] No further splits with positive gain, best gain: -inf
[LightGBM] [Warning] No further splits with positive gain, best gain: -inf
[LightGBM] [Warning] No further splits with positive gain, best gain: -inf
[LightGBM] [Warning] No further splits with positive gain, best gain: -inf
[LightGBM] [Warning] No further splits with positive gain, best gain: -inf
[LightGBM] [Warning] No further splits with positive gain, best gain: -inf
[LightGBM] [Warning] No further splits with positive gain, best gain: -inf
[LightGBM] [Warning] No further splits with positive gain, best gain: -inf
[100]	train's rmse: 0.45792
[LightGBM] [Warning] No further splits with positive gain, best gain: -inf
[LightGBM] [Warning] No further splits with positive gain, best gain: -inf
[LightGBM] [Warning] No further splits with positive gain, best gain: -inf
[LightGBM] [Warning] No further splits with positive gain, best gain: -inf
[LightGBM] [Warning] No further splits with positive gain, best gain: -inf
[LightGBM] [Warning] No further splits with positive gain, best gain: -inf
[LightGBM] [Warning] No further splits with positive gain, best gain: -inf
[LightGBM] [Warning] No further splits with positive gain, best gain: -inf
[LightGBM] [Warning] No further splits with positive gain, best gain: -inf
[LightGBM] [Warning] No further splits with positive gain, best gain: -inf
[LightGBM] [Warning] No further splits with positive gain, best gain: -inf
[LightGBM] [Warning] No further splits with positive gain, best gain: -inf
[LightGBM] [Warning] No further splits with positive gain, best gain: -inf
[LightGBM] [Warning] No further splits with positive gain, best gain: -inf
[LightGBM] [Warning] No further splits with positive gain, best gain: -inf
[LightGBM] [Warning] No further splits with positive gain, best gain: -inf
[LightGBM] [Warning] No further splits with positive gain, best gain: -inf
[LightGBM] [Warning] No further splits with positive gain, best gain: -inf
[LightGBM] [Warning] No further splits with positive gain, best gain: -inf
[LightGBM] [Warning] No further splits with positive gain, best gain: -inf
[LightGBM] [Warning] No further splits with positive gain, best gain: -inf
[LightGBM] [Warning] No further splits with positive gain, best gain: -inf
[LightGBM] [Warning] No further splits with positive gain, best gain: -inf
[LightGBM] [Warning] No further splits with positive gain, best gain: -inf
[LightGBM] [Warning] No further splits with positive gain, best gain: -inf
[LightGBM] [Warning] No further splits with positive gain, best gain: -inf
[LightGBM] [Warning] No further splits with positive gain, best gain: -inf
[LightGBM] [Warning] No further splits with positive gain, best gain: -inf
[LightGBM] [Warning] No further splits with positive gain, best gain: -inf
[LightGBM] [Warning] No further splits with positive gain, best gain: -inf
[LightGBM] [Warning] No further splits with positive gain, best gain: -inf
[LightGBM] [Warning] No further splits with positive gain, best gain: -inf
[LightGBM] [Warning] No further splits with positive gain, best gain: -inf
[LightGBM] [Warning] No further splits with positive gain, best gain: -inf
[LightGBM] [Warning] No further splits with positive gain, best gain: -inf
[LightGBM] [Warning] No further splits with positive gain, best gain: -inf
[LightGBM] [Warning] No further splits with positive gain, best gain: -inf
[LightGBM] [Warning] No further splits with positive gain, best gain: -inf
[LightGBM] [Warning] No further splits with positive gain, best gain: -inf
[LightGBM] [Warning] No further splits with positive gain, best gain: -inf
[LightGBM] [Warning] No further splits with positive gain, best gain: -inf
[LightGBM] [Warning] No further splits with positive gain, best gain: -inf
[LightGBM] [Warning] No further splits with positive gain, best gain: -inf
[LightGBM] [Warning] No further splits with positive gain, best gain: -inf
[LightGBM] [Warning] No further splits with positive gain, best gain: -inf
[LightGBM] [Warning] No further splits with positive gain, best gain: -inf
[LightGBM] [Warning] No further splits with positive gain, best gain: -inf
[LightGBM] [Warning] No further splits with positive gain, best gain: -inf
[LightGBM] [Warning] No further splits with positive gain, best gain: -inf
[LightGBM] [Warning] No further splits with positive gain, best gain: -inf
[LightGBM] [Warning] No further splits with positive gain, best gain: -inf
[LightGBM] [Warning] No further splits with positive gain, best gain: -inf
[LightGBM] [Warning] No further splits with positive gain, best gain: -inf
[LightGBM] [Warning] No further splits with positive gain, best gain: -inf
[LightGBM] [Warning] No further splits with positive gain, best gain: -inf
[LightGBM] [Warning] No further splits with positive gain, best gain: -inf
[LightGBM] [Warning] No further splits with positive gain, best gain: -inf
[LightGBM] [Warning] No further splits with positive gain, best gain: -inf
[LightGBM] [Warning] No further splits with positive gain, best gain: -inf
[LightGBM] [Warning] No further splits with positive gain, best gain: -inf
[LightGBM] [Warning] No further splits with positive gain, best gain: -inf
[LightGBM] [Warning] No further splits with positive gain, best gain: -inf
[LightGBM] [Warning] No further splits with positive gain, best gain: -inf
[LightGBM] [Warning] No further splits with positive gain, best gain: -inf
[200]	train's rmse: 0.451969
[LightGBM] [Warning] No further splits with positive gain, best gain: -inf
[LightGBM] [Warning] No further splits with positive gain, best gain: -inf
[LightGBM] [Warning] No further splits with positive gain, best gain: -inf
[LightGBM] [Warning] No further splits with positive gain, best gain: -inf
[LightGBM] [Warning] No further splits with positive gain, best gain: -inf
[LightGBM] [Warning] No further splits with positive gain, best gain: -inf
[LightGBM] [Warning] No further splits with positive gain, best gain: -inf
[LightGBM] [Warning] No further splits with positive gain, best gain: -inf
[LightGBM] [Warning] No further splits with positive gain, best gain: -inf
[LightGBM] [Warning] No further splits with positive gain, best gain: -inf
[LightGBM] [Warning] No further splits with positive gain, best gain: -inf
[LightGBM] [Warning] No further splits with positive gain, best gain: -inf
[LightGBM] [Warning] No further splits with positive gain, best gain: -inf
[LightGBM] [Warning] No further splits with positive gain, best gain: -inf
[LightGBM] [Warning] No further splits with positive gain, best gain: -inf
[LightGBM] [Warning] No further splits with positive gain, best gain: -inf
[LightGBM] [Warning] No further splits with positive gain, best gain: -inf
[LightGBM] [Warning] No further splits with positive gain, best gain: -inf
[LightGBM] [Warning] No further splits with positive gain, best gain: -inf
[LightGBM] [Warning] No further splits with positive gain, best gain: -inf
[LightGBM] [Warning] No further splits with positive gain, best gain: -inf
[LightGBM] [Warning] No further splits with positive gain, best gain: -inf
[LightGBM] [Warning] No further splits with positive gain, best gain: -inf
[LightGBM] [Warning] No further splits with positive gain, best gain: -inf
[LightGBM] [Warning] No further splits with positive gain, best gain: -inf
[LightGBM] [Warning] No further splits with positive gain, best gain: -inf
[LightGBM] [Warning] No further splits with positive gain, best gain: -inf
[LightGBM] [Warning] No further splits with positive gain, best gain: -inf
[LightGBM] [Warning] No further splits with positive gain, best gain: -inf
[LightGBM] [Warning] No further splits with positive gain, best gain: -inf
[LightGBM] [Warning] No further splits with positive gain, best gain: -inf
[LightGBM] [Warning] No further splits with positive gain, best gain: -inf
[LightGBM] [Warning] No further splits with positive gain, best gain: -inf
[LightGBM] [Warning] No further splits with positive gain, best gain: -inf
[LightGBM] [Warning] No further splits with positive gain, best gain: -inf
[LightGBM] [Warning] No further splits with positive gain, best gain: -inf
[LightGBM] [Warning] No further splits with positive gain, best gain: -inf
[LightGBM] [Warning] No further splits with positive gain, best gain: -inf
[LightGBM] [Warning] No further splits with positive gain, best gain: -inf
[LightGBM] [Warning] No further splits with positive gain, best gain: -inf
Early stopping, best iteration is:
[231]	train's rmse: 0.451395
[LightGBM] [Info] Auto-choosing col-wise multi-threading, the overhead of testing was 0.000133 seconds.
You can set `force_col_wise=true` to remove the overhead.
[LightGBM] [Info] Total Bins 1634
[LightGBM] [Info] Number of data points in the train set: 5169, number of used features: 11
[LightGBM] [Info] Start training from score 0.013356
Training until validation scores don't improve for 30 rounds
[LightGBM] [Warning] No further splits with positive gain, best gain: -inf
[LightGBM] [Warning] No further splits with positive gain, best gain: -inf
[LightGBM] [Warning] No further splits with positive gain, best gain: -inf
[LightGBM] [Warning] No further splits with positive gain, best gain: -inf
[LightGBM] [Warning] No further splits with positive gain, best gain: -inf
[LightGBM] [Warning] No further splits with positive gain, best gain: -inf
[LightGBM] [Warning] No further splits with positive gain, best gain: -inf
[LightGBM] [Warning] No further splits with positive gain, best gain: -inf
[LightGBM] [Warning] No further splits with positive gain, best gain: -inf
[LightGBM] [Warning] No further splits with positive gain, best gain: -inf
[LightGBM] [Warning] No further splits with positive gain, best gain: -inf
[LightGBM] [Warning] No further splits with positive gain, best gain: -inf
[LightGBM] [Warning] No further splits with positive gain, best gain: -inf
[LightGBM] [Warning] No further splits with positive gain, best gain: -inf
[LightGBM] [Warning] No further splits with positive gain, best gain: -inf
[LightGBM] [Warning] No further splits with positive gain, best gain: -inf
[LightGBM] [Warning] No further splits with positive gain, best gain: -inf
[LightGBM] [Warning] No further splits with positive gain, best gain: -inf
[LightGBM] [Warning] No further splits with positive gain, best gain: -inf
[LightGBM] [Warning] No further splits with positive gain, best gain: -inf
[LightGBM] [Warning] No further splits with positive gain, best gain: -inf
[LightGBM] [Warning] No further splits with positive gain, best gain: -inf
[100]	train's rmse: 0.419858
[LightGBM] [Warning] No further splits with positive gain, best gain: -inf
[LightGBM] [Warning] No further splits with positive gain, best gain: -inf
[LightGBM] [Warning] No further splits with positive gain, best gain: -inf
[LightGBM] [Warning] No further splits with positive gain, best gain: -inf
[LightGBM] [Warning] No further splits with positive gain, best gain: -inf
[LightGBM] [Warning] No further splits with positive gain, best gain: -inf
[LightGBM] [Warning] No further splits with positive gain, best gain: -inf
[LightGBM] [Warning] No further splits with positive gain, best gain: -inf
Early stopping, best iteration is:
[88]	train's rmse: 0.418985
[LightGBM] [Info] Auto-choosing col-wise multi-threading, the overhead of testing was 0.000143 seconds.
You can set `force_col_wise=true` to remove the overhead.
[LightGBM] [Info] Total Bins 1687
[LightGBM] [Info] Number of data points in the train set: 6062, number of used features: 11
[LightGBM] [Info] Start training from score -0.044904
Training until validation scores don't improve for 30 rounds
[LightGBM] [Warning] No further splits with positive gain, best gain: -inf
[LightGBM] [Warning] No further splits with positive gain, best gain: -inf
[LightGBM] [Warning] No further splits with positive gain, best gain: -inf
[LightGBM] [Warning] No further splits with positive gain, best gain: -inf
[LightGBM] [Warning] No further splits with positive gain, best gain: -inf
[LightGBM] [Warning] No further splits with positive gain, best gain: -inf
[LightGBM] [Warning] No further splits with positive gain, best gain: -inf
[LightGBM] [Warning] No further splits with positive gain, best gain: -inf
[LightGBM] [Warning] No further splits with positive gain, best gain: -inf
[LightGBM] [Warning] No further splits with positive gain, best gain: -inf
[LightGBM] [Warning] No further splits with positive gain, best gain: -inf
[LightGBM] [Warning] No further splits with positive gain, best gain: -inf
[LightGBM] [Warning] No further splits with positive gain, best gain: -inf
[LightGBM] [Warning] No further splits with positive gain, best gain: -inf
[LightGBM] [Warning] No further splits with positive gain, best gain: -inf
[LightGBM] [Warning] No further splits with positive gain, best gain: -inf
[LightGBM] [Warning] No further splits with positive gain, best gain: -inf
[LightGBM] [Warning] No further splits with positive gain, best gain: -inf
[LightGBM] [Warning] No further splits with positive gain, best gain: -inf
[LightGBM] [Warning] No further splits with positive gain, best gain: -inf
[LightGBM] [Warning] No further splits with positive gain, best gain: -inf
[LightGBM] [Warning] No further splits with positive gain, best gain: -inf
[LightGBM] [Warning] No further splits with positive gain, best gain: -inf
[LightGBM] [Warning] No further splits with positive gain, best gain: -inf
[LightGBM] [Warning] No further splits with positive gain, best gain: -inf
[LightGBM] [Warning] No further splits with positive gain, best gain: -inf
[LightGBM] [Warning] No further splits with positive gain, best gain: -inf
[LightGBM] [Warning] No further splits with positive gain, best gain: -inf
[LightGBM] [Warning] No further splits with positive gain, best gain: -inf
[LightGBM] [Warning] No further splits with positive gain, best gain: -inf
[LightGBM] [Warning] No further splits with positive gain, best gain: -inf
[LightGBM] [Warning] No further splits with positive gain, best gain: -inf
[LightGBM] [Warning] No further splits with positive gain, best gain: -inf
[100]	train's rmse: 0.453837
[LightGBM] [Warning] No further splits with positive gain, best gain: -inf
[LightGBM] [Warning] No further splits with positive gain, best gain: -inf
[LightGBM] [Warning] No further splits with positive gain, best gain: -inf
[LightGBM] [Warning] No further splits with positive gain, best gain: -inf
[LightGBM] [Warning] No further splits with positive gain, best gain: -inf
[LightGBM] [Warning] No further splits with positive gain, best gain: -inf
[LightGBM] [Warning] No further splits with positive gain, best gain: -inf
[LightGBM] [Warning] No further splits with positive gain, best gain: -inf
[LightGBM] [Warning] No further splits with positive gain, best gain: -inf
[LightGBM] [Warning] No further splits with positive gain, best gain: -inf
[LightGBM] [Warning] No further splits with positive gain, best gain: -inf
[LightGBM] [Warning] No further splits with positive gain, best gain: -inf
[LightGBM] [Warning] No further splits with positive gain, best gain: -inf
[LightGBM] [Warning] No further splits with positive gain, best gain: -inf
[LightGBM] [Warning] No further splits with positive gain, best gain: -inf
[LightGBM] [Warning] No further splits with positive gain, best gain: -inf
[LightGBM] [Warning] No further splits with positive gain, best gain: -inf
[LightGBM] [Warning] No further splits with positive gain, best gain: -inf
[LightGBM] [Warning] No further splits with positive gain, best gain: -inf
[LightGBM] [Warning] No further splits with positive gain, best gain: -inf
[LightGBM] [Warning] No further splits with positive gain, best gain: -inf
[LightGBM] [Warning] No further splits with positive gain, best gain: -inf
[LightGBM] [Warning] No further splits with positive gain, best gain: -inf
[LightGBM] [Warning] No further splits with positive gain, best gain: -inf
[LightGBM] [Warning] No further splits with positive gain, best gain: -inf
[LightGBM] [Warning] No further splits with positive gain, best gain: -inf
[LightGBM] [Warning] No further splits with positive gain, best gain: -inf
[LightGBM] [Warning] No further splits with positive gain, best gain: -inf
[LightGBM] [Warning] No further splits with positive gain, best gain: -inf
[LightGBM] [Warning] No further splits with positive gain, best gain: -inf
[LightGBM] [Warning] No further splits with positive gain, best gain: -inf
[LightGBM] [Warning] No further splits with positive gain, best gain: -inf
[LightGBM] [Warning] No further splits with positive gain, best gain: -inf
[LightGBM] [Warning] No further splits with positive gain, best gain: -inf
[LightGBM] [Warning] No further splits with positive gain, best gain: -inf
[LightGBM] [Warning] No further splits with positive gain, best gain: -inf
[LightGBM] [Warning] No further splits with positive gain, best gain: -inf
[LightGBM] [Warning] No further splits with positive gain, best gain: -inf
[LightGBM] [Warning] No further splits with positive gain, best gain: -inf
[LightGBM] [Warning] No further splits with positive gain, best gain: -inf
[LightGBM] [Warning] No further splits with positive gain, best gain: -inf
[LightGBM] [Warning] No further splits with positive gain, best gain: -inf
[LightGBM] [Warning] No further splits with positive gain, best gain: -inf
[LightGBM] [Warning] No further splits with positive gain, best gain: -inf
[LightGBM] [Warning] No further splits with positive gain, best gain: -inf
[LightGBM] [Warning] No further splits with positive gain, best gain: -inf
[LightGBM] [Warning] No further splits with positive gain, best gain: -inf
[LightGBM] [Warning] No further splits with positive gain, best gain: -inf
[LightGBM] [Warning] No further splits with positive gain, best gain: -inf
[LightGBM] [Warning] No further splits with positive gain, best gain: -inf
[LightGBM] [Warning] No further splits with positive gain, best gain: -inf
[LightGBM] [Warning] No further splits with positive gain, best gain: -inf
[LightGBM] [Warning] No further splits with positive gain, best gain: -inf
[LightGBM] [Warning] No further splits with positive gain, best gain: -inf
[LightGBM] [Warning] No further splits with positive gain, best gain: -inf
[LightGBM] [Warning] No further splits with positive gain, best gain: -inf
[LightGBM] [Warning] No further splits with positive gain, best gain: -inf
[LightGBM] [Warning] No further splits with positive gain, best gain: -inf
[LightGBM] [Warning] No further splits with positive gain, best gain: -inf
[LightGBM] [Warning] No further splits with positive gain, best gain: -inf
[LightGBM] [Warning] No further splits with positive gain, best gain: -inf
[200]	train's rmse: 0.44868
[LightGBM] [Warning] No further splits with positive gain, best gain: -inf
[LightGBM] [Warning] No further splits with positive gain, best gain: -inf
Early stopping, best iteration is:
[174]	train's rmse: 0.448333
[LightGBM] [Info] Auto-choosing col-wise multi-threading, the overhead of testing was 0.000148 seconds.
You can set `force_col_wise=true` to remove the overhead.
[LightGBM] [Info] Total Bins 1682
[LightGBM] [Info] Number of data points in the train set: 5108, number of used features: 11
[LightGBM] [Info] Start training from score -0.031791
Training until validation scores don't improve for 30 rounds
[LightGBM] [Warning] No further splits with positive gain, best gain: -inf
[LightGBM] [Warning] No further splits with positive gain, best gain: -inf
[LightGBM] [Warning] No further splits with positive gain, best gain: -inf
[LightGBM] [Warning] No further splits with positive gain, best gain: -inf
[LightGBM] [Warning] No further splits with positive gain, best gain: -inf
[LightGBM] [Warning] No further splits with positive gain, best gain: -inf
[LightGBM] [Warning] No further splits with positive gain, best gain: -inf
[LightGBM] [Warning] No further splits with positive gain, best gain: -inf
[LightGBM] [Warning] No further splits with positive gain, best gain: -inf
[LightGBM] [Warning] No further splits with positive gain, best gain: -inf
[LightGBM] [Warning] No further splits with positive gain, best gain: -inf
Early stopping, best iteration is:
[62]	train's rmse: 0.548504
[LightGBM] [Info] Auto-choosing col-wise multi-threading, the overhead of testing was 0.000129 seconds.
You can set `force_col_wise=true` to remove the overhead.
[LightGBM] [Info] Total Bins 1646
[LightGBM] [Info] Number of data points in the train set: 5156, number of used features: 11
[LightGBM] [Info] Start training from score -0.060941
Training until validation scores don't improve for 30 rounds
[LightGBM] [Warning] No further splits with positive gain, best gain: -inf
[LightGBM] [Warning] No further splits with positive gain, best gain: -inf
[LightGBM] [Warning] No further splits with positive gain, best gain: -inf
[LightGBM] [Warning] No further splits with positive gain, best gain: -inf
[LightGBM] [Warning] No further splits with positive gain, best gain: -inf
[LightGBM] [Warning] No further splits with positive gain, best gain: -inf
[LightGBM] [Warning] No further splits with positive gain, best gain: -inf
[LightGBM] [Warning] No further splits with positive gain, best gain: -inf
[LightGBM] [Warning] No further splits with positive gain, best gain: -inf
[LightGBM] [Warning] No further splits with positive gain, best gain: -inf
[LightGBM] [Warning] No further splits with positive gain, best gain: -inf
[LightGBM] [Warning] No further splits with positive gain, best gain: -inf
[LightGBM] [Warning] No further splits with positive gain, best gain: -inf
[LightGBM] [Warning] No further splits with positive gain, best gain: -inf
[LightGBM] [Warning] No further splits with positive gain, best gain: -inf
[LightGBM] [Warning] No further splits with positive gain, best gain: -inf
[LightGBM] [Warning] No further splits with positive gain, best gain: -inf
[LightGBM] [Warning] No further splits with positive gain, best gain: -inf
[LightGBM] [Warning] No further splits with positive gain, best gain: -inf
[LightGBM] [Warning] No further splits with positive gain, best gain: -inf
[LightGBM] [Warning] No further splits with positive gain, best gain: -inf
[LightGBM] [Warning] No further splits with positive gain, best gain: -inf
[LightGBM] [Warning] No further splits with positive gain, best gain: -inf
[LightGBM] [Warning] No further splits with positive gain, best gain: -inf
Early stopping, best iteration is:
[68]	train's rmse: 0.645704
[LightGBM] [Info] Auto-choosing col-wise multi-threading, the overhead of testing was 0.000131 seconds.
You can set `force_col_wise=true` to remove the overhead.
[LightGBM] [Info] Total Bins 1634
[LightGBM] [Info] Number of data points in the train set: 5169, number of used features: 11
[LightGBM] [Info] Start training from score 0.028040
Training until validation scores don't improve for 30 rounds
[LightGBM] [Warning] No further splits with positive gain, best gain: -inf
[LightGBM] [Warning] No further splits with positive gain, best gain: -inf
[LightGBM] [Warning] No further splits with positive gain, best gain: -inf
[LightGBM] [Warning] No further splits with positive gain, best gain: -inf
[LightGBM] [Warning] No further splits with positive gain, best gain: -inf
[LightGBM] [Warning] No further splits with positive gain, best gain: -inf
[LightGBM] [Warning] No further splits with positive gain, best gain: -inf
[LightGBM] [Warning] No further splits with positive gain, best gain: -inf
[LightGBM] [Warning] No further splits with positive gain, best gain: -inf
[LightGBM] [Warning] No further splits with positive gain, best gain: -inf
[LightGBM] [Warning] No further splits with positive gain, best gain: -inf
[LightGBM] [Warning] No further splits with positive gain, best gain: -inf
[LightGBM] [Warning] No further splits with positive gain, best gain: -inf
[LightGBM] [Warning] No further splits with positive gain, best gain: -inf
[LightGBM] [Warning] No further splits with positive gain, best gain: -inf
[LightGBM] [Warning] No further splits with positive gain, best gain: -inf
[LightGBM] [Warning] No further splits with positive gain, best gain: -inf
[100]	train's rmse: 0.513618
Early stopping, best iteration is:
[70]	train's rmse: 0.510597
[LightGBM] [Info] Auto-choosing col-wise multi-threading, the overhead of testing was 0.000152 seconds.
You can set `force_col_wise=true` to remove the overhead.
[LightGBM] [Info] Total Bins 1687
[LightGBM] [Info] Number of data points in the train set: 6062, number of used features: 11
[LightGBM] [Info] Start training from score -0.168933
Training until validation scores don't improve for 30 rounds
[LightGBM] [Warning] No further splits with positive gain, best gain: -inf
[LightGBM] [Warning] No further splits with positive gain, best gain: -inf
[LightGBM] [Warning] No further splits with positive gain, best gain: -inf
[LightGBM] [Warning] No further splits with positive gain, best gain: -inf
[LightGBM] [Warning] No further splits with positive gain, best gain: -inf
[LightGBM] [Warning] No further splits with positive gain, best gain: -inf
[LightGBM] [Warning] No further splits with positive gain, best gain: -inf
[LightGBM] [Warning] No further splits with positive gain, best gain: -inf
[LightGBM] [Warning] No further splits with positive gain, best gain: -inf
[100]	train's rmse: 0.667468
[LightGBM] [Warning] No further splits with positive gain, best gain: -inf
[LightGBM] [Warning] No further splits with positive gain, best gain: -inf
[LightGBM] [Warning] No further splits with positive gain, best gain: -inf
[LightGBM] [Warning] No further splits with positive gain, best gain: -inf
[LightGBM] [Warning] No further splits with positive gain, best gain: -inf
[LightGBM] [Warning] No further splits with positive gain, best gain: -inf
[LightGBM] [Warning] No further splits with positive gain, best gain: -inf
[LightGBM] [Warning] No further splits with positive gain, best gain: -inf
[LightGBM] [Warning] No further splits with positive gain, best gain: -inf
[LightGBM] [Warning] No further splits with positive gain, best gain: -inf
[LightGBM] [Warning] No further splits with positive gain, best gain: -inf
[LightGBM] [Warning] No further splits with positive gain, best gain: -inf
[LightGBM] [Warning] No further splits with positive gain, best gain: -inf
[LightGBM] [Warning] No further splits with positive gain, best gain: -inf
[LightGBM] [Warning] No further splits with positive gain, best gain: -inf
[LightGBM] [Warning] No further splits with positive gain, best gain: -inf
[LightGBM] [Warning] No further splits with positive gain, best gain: -inf
[LightGBM] [Warning] No further splits with positive gain, best gain: -inf
[LightGBM] [Warning] No further splits with positive gain, best gain: -inf
[LightGBM] [Warning] No further splits with positive gain, best gain: -inf
[LightGBM] [Warning] No further splits with positive gain, best gain: -inf
[LightGBM] [Warning] No further splits with positive gain, best gain: -inf
[LightGBM] [Warning] No further splits with positive gain, best gain: -inf
[LightGBM] [Warning] No further splits with positive gain, best gain: -inf
[LightGBM] [Warning] No further splits with positive gain, best gain: -inf
[LightGBM] [Warning] No further splits with positive gain, best gain: -inf
[LightGBM] [Warning] No further splits with positive gain, best gain: -inf
[LightGBM] [Warning] No further splits with positive gain, best gain: -inf
[LightGBM] [Warning] No further splits with positive gain, best gain: -inf
[LightGBM] [Warning] No further splits with positive gain, best gain: -inf
[LightGBM] [Warning] No further splits with positive gain, best gain: -inf
[LightGBM] [Warning] No further splits with positive gain, best gain: -inf
[LightGBM] [Warning] No further splits with positive gain, best gain: -inf
[LightGBM] [Warning] No further splits with positive gain, best gain: -inf
[LightGBM] [Warning] No further splits with positive gain, best gain: -inf
[LightGBM] [Warning] No further splits with positive gain, best gain: -inf
[LightGBM] [Warning] No further splits with positive gain, best gain: -inf
[LightGBM] [Warning] No further splits with positive gain, best gain: -inf
[LightGBM] [Warning] No further splits with positive gain, best gain: -inf
[LightGBM] [Warning] No further splits with positive gain, best gain: -inf
[LightGBM] [Warning] No further splits with positive gain, best gain: -inf
[LightGBM] [Warning] No further splits with positive gain, best gain: -inf
[LightGBM] [Warning] No further splits with positive gain, best gain: -inf
[LightGBM] [Warning] No further splits with positive gain, best gain: -inf
[LightGBM] [Warning] No further splits with positive gain, best gain: -inf
[LightGBM] [Warning] No further splits with positive gain, best gain: -inf
[LightGBM] [Warning] No further splits with positive gain, best gain: -inf
[LightGBM] [Warning] No further splits with positive gain, best gain: -inf
[LightGBM] [Warning] No further splits with positive gain, best gain: -inf
[LightGBM] [Warning] No further splits with positive gain, best gain: -inf
[LightGBM] [Warning] No further splits with positive gain, best gain: -inf
[LightGBM] [Warning] No further splits with positive gain, best gain: -inf
[LightGBM] [Warning] No further splits with positive gain, best gain: -inf
[LightGBM] [Warning] No further splits with positive gain, best gain: -inf
[LightGBM] [Warning] No further splits with positive gain, best gain: -inf
[LightGBM] [Warning] No further splits with positive gain, best gain: -inf
[LightGBM] [Warning] No further splits with positive gain, best gain: -inf
[LightGBM] [Warning] No further splits with positive gain, best gain: -inf
[LightGBM] [Warning] No further splits with positive gain, best gain: -inf
[LightGBM] [Warning] No further splits with positive gain, best gain: -inf
[LightGBM] [Warning] No further splits with positive gain, best gain: -inf
[LightGBM] [Warning] No further splits with positive gain, best gain: -inf
[LightGBM] [Warning] No further splits with positive gain, best gain: -inf
[LightGBM] [Warning] No further splits with positive gain, best gain: -inf
[LightGBM] [Warning] No further splits with positive gain, best gain: -inf
[LightGBM] [Warning] No further splits with positive gain, best gain: -inf
[LightGBM] [Warning] No further splits with positive gain, best gain: -inf
[200]	train's rmse: 0.659256
[LightGBM] [Warning] No further splits with positive gain, best gain: -inf
[LightGBM] [Warning] No further splits with positive gain, best gain: -inf
[LightGBM] [Warning] No further splits with positive gain, best gain: -inf
[LightGBM] [Warning] No further splits with positive gain, best gain: -inf
[LightGBM] [Warning] No further splits with positive gain, best gain: -inf
[LightGBM] [Warning] No further splits with positive gain, best gain: -inf
[LightGBM] [Warning] No further splits with positive gain, best gain: -inf
[LightGBM] [Warning] No further splits with positive gain, best gain: -inf
[LightGBM] [Warning] No further splits with positive gain, best gain: -inf
[LightGBM] [Warning] No further splits with positive gain, best gain: -inf
[LightGBM] [Warning] No further splits with positive gain, best gain: -inf
[LightGBM] [Warning] No further splits with positive gain, best gain: -inf
[LightGBM] [Warning] No further splits with positive gain, best gain: -inf
[LightGBM] [Warning] No further splits with positive gain, best gain: -inf
[LightGBM] [Warning] No further splits with positive gain, best gain: -inf
[LightGBM] [Warning] No further splits with positive gain, best gain: -inf
[LightGBM] [Warning] No further splits with positive gain, best gain: -inf
[LightGBM] [Warning] No further splits with positive gain, best gain: -inf
[LightGBM] [Warning] No further splits with positive gain, best gain: -inf
[LightGBM] [Warning] No further splits with positive gain, best gain: -inf
[LightGBM] [Warning] No further splits with positive gain, best gain: -inf
[LightGBM] [Warning] No further splits with positive gain, best gain: -inf
[LightGBM] [Warning] No further splits with positive gain, best gain: -inf
[LightGBM] [Warning] No further splits with positive gain, best gain: -inf
[LightGBM] [Warning] No further splits with positive gain, best gain: -inf
[LightGBM] [Warning] No further splits with positive gain, best gain: -inf
[LightGBM] [Warning] No further splits with positive gain, best gain: -inf
[LightGBM] [Warning] No further splits with positive gain, best gain: -inf
[LightGBM] [Warning] No further splits with positive gain, best gain: -inf
[LightGBM] [Warning] No further splits with positive gain, best gain: -inf
[LightGBM] [Warning] No further splits with positive gain, best gain: -inf
[LightGBM] [Warning] No further splits with positive gain, best gain: -inf
[LightGBM] [Warning] No further splits with positive gain, best gain: -inf
[LightGBM] [Warning] No further splits with positive gain, best gain: -inf
[LightGBM] [Warning] No further splits with positive gain, best gain: -inf
[LightGBM] [Warning] No further splits with positive gain, best gain: -inf
[LightGBM] [Warning] No further splits with positive gain, best gain: -inf
[LightGBM] [Warning] No further splits with positive gain, best gain: -inf
Early stopping, best iteration is:
[224]	train's rmse: 0.658507
content_rmse : 0.4282559545202193
wording_rmse : 0.5853709326535372
mcrmse : 0.5068134435868783
__module__ __main__
model_name debertav3base
learning_rate 2.2e-05
weight_decay 0.03
hidden_dropout_prob 0.0
attention_probs_dropout_prob 0.007
num_train_epochs 5
n_splits 4
batch_size 19
random_seed 42
save_steps 100
max_length 512
test_mode False
device GPU
__dict__ {'__module__': '__main__', 'model_name': 'debertav3base', 'learning_rate': 2.2e-05, 'weight_decay': 0.03, 'hidden_dropout_prob': 0.0, 'attention_probs_dropout_prob': 0.007, 'num_train_epochs': 5, 'n_splits': 4, 'batch_size': 19, 'random_seed': 42, 'save_steps': 100, 'max_length': 512, 'test_mode': False, 'device': 'GPU', '__dict__': <attribute '__dict__' of 'CFG' objects>, '__weakref__': <attribute '__weakref__' of 'CFG' objects>, '__doc__': None}
__weakref__ <attribute '__weakref__' of 'CFG' objects>
__doc__ None
