args Namespace(attention_probs_dropout_prob=0.007, learning_rate=8e-06, model_name='debertav3large', test_mode=False)
cuda
['pos_ratios', 'sentiment_scores', 'punctuation_ratios', 'sentiment_scores_prompt']
['pos_ratios', 'sentiment_scores', 'punctuation_ratios', 'sentiment_scores_prompt']
fold 0:
load model:  debertav3large
model_fold_dir debertav3large_lr8e-06_clean_text/fold_0/0
start training
{'eval_loss': 0.5545058846473694, 'eval_content_rmse': 0.6089696884155273, 'eval_wording_rmse': 0.8591670989990234, 'eval_mcrmse': 0.7340683937072754, 'eval_runtime': 19.605, 'eval_samples_per_second': 104.922, 'eval_steps_per_second': 34.991, 'epoch': 0.06}
{'eval_loss': 0.4251222610473633, 'eval_content_rmse': 0.5492269992828369, 'eval_wording_rmse': 0.7406708002090454, 'eval_mcrmse': 0.6449488997459412, 'eval_runtime': 19.6379, 'eval_samples_per_second': 104.746, 'eval_steps_per_second': 34.932, 'epoch': 0.12}
{'eval_loss': 0.35314133763313293, 'eval_content_rmse': 0.5357128381729126, 'eval_wording_rmse': 0.6475298404693604, 'eval_mcrmse': 0.5916213393211365, 'eval_runtime': 19.6489, 'eval_samples_per_second': 104.688, 'eval_steps_per_second': 34.913, 'epoch': 0.18}
{'eval_loss': 0.3279546797275543, 'eval_content_rmse': 0.5154060125350952, 'eval_wording_rmse': 0.6247129440307617, 'eval_mcrmse': 0.5700594782829285, 'eval_runtime': 19.6583, 'eval_samples_per_second': 104.638, 'eval_steps_per_second': 34.896, 'epoch': 0.23}
{'loss': 0.4981, 'learning_rate': 7.5302407516147965e-06, 'epoch': 0.29}
{'eval_loss': 0.42925411462783813, 'eval_content_rmse': 0.6518521308898926, 'eval_wording_rmse': 0.6584818959236145, 'eval_mcrmse': 0.6551669836044312, 'eval_runtime': 19.629, 'eval_samples_per_second': 104.794, 'eval_steps_per_second': 34.948, 'epoch': 0.29}
{'eval_loss': 0.31352338194847107, 'eval_content_rmse': 0.4789445698261261, 'eval_wording_rmse': 0.6306018233299255, 'eval_mcrmse': 0.554773211479187, 'eval_runtime': 19.7039, 'eval_samples_per_second': 104.396, 'eval_steps_per_second': 34.815, 'epoch': 0.35}
{'eval_loss': 0.33635979890823364, 'eval_content_rmse': 0.5576264262199402, 'eval_wording_rmse': 0.6014754772186279, 'eval_mcrmse': 0.5795509815216064, 'eval_runtime': 19.7059, 'eval_samples_per_second': 104.385, 'eval_steps_per_second': 34.812, 'epoch': 0.41}
{'eval_loss': 0.35095974802970886, 'eval_content_rmse': 0.526871383190155, 'eval_wording_rmse': 0.65140300989151, 'eval_mcrmse': 0.5891371965408325, 'eval_runtime': 19.7144, 'eval_samples_per_second': 104.34, 'eval_steps_per_second': 34.797, 'epoch': 0.47}
{'eval_loss': 0.32528212666511536, 'eval_content_rmse': 0.549467146396637, 'eval_wording_rmse': 0.5904656052589417, 'eval_mcrmse': 0.5699663758277893, 'eval_runtime': 19.7217, 'eval_samples_per_second': 104.301, 'eval_steps_per_second': 34.784, 'epoch': 0.53}
{'loss': 0.341, 'learning_rate': 7.060481503229595e-06, 'epoch': 0.59}
{'eval_loss': 0.4266975224018097, 'eval_content_rmse': 0.6220510005950928, 'eval_wording_rmse': 0.6829695701599121, 'eval_mcrmse': 0.6525102853775024, 'eval_runtime': 19.6705, 'eval_samples_per_second': 104.573, 'eval_steps_per_second': 34.874, 'epoch': 0.59}
{'eval_loss': 0.27550461888313293, 'eval_content_rmse': 0.4910372197628021, 'eval_wording_rmse': 0.5566784739494324, 'eval_mcrmse': 0.523857831954956, 'eval_runtime': 19.7451, 'eval_samples_per_second': 104.178, 'eval_steps_per_second': 34.743, 'epoch': 0.65}
{'eval_loss': 0.3006863296031952, 'eval_content_rmse': 0.4701208770275116, 'eval_wording_rmse': 0.6167323589324951, 'eval_mcrmse': 0.5434266328811646, 'eval_runtime': 19.7282, 'eval_samples_per_second': 104.267, 'eval_steps_per_second': 34.772, 'epoch': 0.7}
{'eval_loss': 0.29243004322052, 'eval_content_rmse': 0.47320234775543213, 'eval_wording_rmse': 0.6007823348045349, 'eval_mcrmse': 0.5369923114776611, 'eval_runtime': 19.7307, 'eval_samples_per_second': 104.254, 'eval_steps_per_second': 34.768, 'epoch': 0.76}
{'eval_loss': 0.29421359300613403, 'eval_content_rmse': 0.5507606863975525, 'eval_wording_rmse': 0.5339380502700806, 'eval_mcrmse': 0.5423493385314941, 'eval_runtime': 19.7361, 'eval_samples_per_second': 104.225, 'eval_steps_per_second': 34.759, 'epoch': 0.82}
{'loss': 0.3114, 'learning_rate': 6.590722254844392e-06, 'epoch': 0.88}
{'eval_loss': 0.424031525850296, 'eval_content_rmse': 0.6290705800056458, 'eval_wording_rmse': 0.6725572347640991, 'eval_mcrmse': 0.6508139371871948, 'eval_runtime': 19.6889, 'eval_samples_per_second': 104.475, 'eval_steps_per_second': 34.842, 'epoch': 0.88}
{'eval_loss': 0.2754184603691101, 'eval_content_rmse': 0.5052278637886047, 'eval_wording_rmse': 0.5436745285987854, 'eval_mcrmse': 0.5244511961936951, 'eval_runtime': 19.7376, 'eval_samples_per_second': 104.217, 'eval_steps_per_second': 34.756, 'epoch': 0.94}
{'eval_loss': 0.28810790181159973, 'eval_content_rmse': 0.4397638142108917, 'eval_wording_rmse': 0.6187276244163513, 'eval_mcrmse': 0.5292457342147827, 'eval_runtime': 19.7461, 'eval_samples_per_second': 104.172, 'eval_steps_per_second': 34.741, 'epoch': 1.0}
{'eval_loss': 0.3198980391025543, 'eval_content_rmse': 0.5637488961219788, 'eval_wording_rmse': 0.5674354434013367, 'eval_mcrmse': 0.5655921697616577, 'eval_runtime': 19.7544, 'eval_samples_per_second': 104.129, 'eval_steps_per_second': 34.726, 'epoch': 1.06}
{'eval_loss': 0.28426793217658997, 'eval_content_rmse': 0.41336044669151306, 'eval_wording_rmse': 0.6306101679801941, 'eval_mcrmse': 0.5219852924346924, 'eval_runtime': 19.754, 'eval_samples_per_second': 104.131, 'eval_steps_per_second': 34.727, 'epoch': 1.12}
{'loss': 0.2531, 'learning_rate': 6.1209630064591895e-06, 'epoch': 1.17}
{'eval_loss': 0.3395419716835022, 'eval_content_rmse': 0.5825839042663574, 'eval_wording_rmse': 0.5828201770782471, 'eval_mcrmse': 0.5827020406723022, 'eval_runtime': 19.6949, 'eval_samples_per_second': 104.443, 'eval_steps_per_second': 34.831, 'epoch': 1.17}
{'eval_loss': 0.31620097160339355, 'eval_content_rmse': 0.544403612613678, 'eval_wording_rmse': 0.5796786546707153, 'eval_mcrmse': 0.562041163444519, 'eval_runtime': 19.7497, 'eval_samples_per_second': 104.153, 'eval_steps_per_second': 34.735, 'epoch': 1.23}
{'eval_loss': 0.25127026438713074, 'eval_content_rmse': 0.44581499695777893, 'eval_wording_rmse': 0.5511714220046997, 'eval_mcrmse': 0.4984931945800781, 'eval_runtime': 19.7496, 'eval_samples_per_second': 104.154, 'eval_steps_per_second': 34.735, 'epoch': 1.29}
{'eval_loss': 0.27650755643844604, 'eval_content_rmse': 0.4825343191623688, 'eval_wording_rmse': 0.5658408403396606, 'eval_mcrmse': 0.5241875648498535, 'eval_runtime': 19.7433, 'eval_samples_per_second': 104.187, 'eval_steps_per_second': 34.746, 'epoch': 1.35}
{'eval_loss': 0.3871823251247406, 'eval_content_rmse': 0.4655373692512512, 'eval_wording_rmse': 0.7467529773712158, 'eval_mcrmse': 0.6061451435089111, 'eval_runtime': 19.7403, 'eval_samples_per_second': 104.203, 'eval_steps_per_second': 34.751, 'epoch': 1.41}
{'loss': 0.2186, 'learning_rate': 5.651203758073987e-06, 'epoch': 1.47}
{'eval_loss': 0.2839165925979614, 'eval_content_rmse': 0.4612680971622467, 'eval_wording_rmse': 0.595873236656189, 'eval_mcrmse': 0.5285706520080566, 'eval_runtime': 19.6919, 'eval_samples_per_second': 104.459, 'eval_steps_per_second': 34.837, 'epoch': 1.47}
{'eval_loss': 0.3107520341873169, 'eval_content_rmse': 0.4732280373573303, 'eval_wording_rmse': 0.630523145198822, 'eval_mcrmse': 0.5518755912780762, 'eval_runtime': 19.7497, 'eval_samples_per_second': 104.153, 'eval_steps_per_second': 34.735, 'epoch': 1.53}
{'eval_loss': 0.2693641483783722, 'eval_content_rmse': 0.43253886699676514, 'eval_wording_rmse': 0.5929909944534302, 'eval_mcrmse': 0.5127649307250977, 'eval_runtime': 19.749, 'eval_samples_per_second': 104.157, 'eval_steps_per_second': 34.736, 'epoch': 1.59}
{'eval_loss': 0.3382854461669922, 'eval_content_rmse': 0.5607635378837585, 'eval_wording_rmse': 0.6017591953277588, 'eval_mcrmse': 0.581261396408081, 'eval_runtime': 19.7647, 'eval_samples_per_second': 104.074, 'eval_steps_per_second': 34.708, 'epoch': 1.64}
{'eval_loss': 0.31294092535972595, 'eval_content_rmse': 0.5160030722618103, 'eval_wording_rmse': 0.5996853113174438, 'eval_mcrmse': 0.5578441619873047, 'eval_runtime': 19.7505, 'eval_samples_per_second': 104.149, 'eval_steps_per_second': 34.733, 'epoch': 1.7}
{'loss': 0.2258, 'learning_rate': 5.181444509688784e-06, 'epoch': 1.76}
{'eval_loss': 0.275799959897995, 'eval_content_rmse': 0.5152980089187622, 'eval_wording_rmse': 0.5348532199859619, 'eval_mcrmse': 0.5250756144523621, 'eval_runtime': 19.6966, 'eval_samples_per_second': 104.434, 'eval_steps_per_second': 34.828, 'epoch': 1.76}
{'eval_loss': 0.2793031930923462, 'eval_content_rmse': 0.4878818094730377, 'eval_wording_rmse': 0.566196084022522, 'eval_mcrmse': 0.5270389318466187, 'eval_runtime': 19.7405, 'eval_samples_per_second': 104.202, 'eval_steps_per_second': 34.751, 'epoch': 1.82}
{'eval_loss': 0.26896125078201294, 'eval_content_rmse': 0.430031955242157, 'eval_wording_rmse': 0.5941336154937744, 'eval_mcrmse': 0.5120828151702881, 'eval_runtime': 19.7474, 'eval_samples_per_second': 104.166, 'eval_steps_per_second': 34.739, 'epoch': 1.88}
{'eval_loss': 0.2616177201271057, 'eval_content_rmse': 0.4370627701282501, 'eval_wording_rmse': 0.5763776302337646, 'eval_mcrmse': 0.5067201852798462, 'eval_runtime': 19.7496, 'eval_samples_per_second': 104.154, 'eval_steps_per_second': 34.735, 'epoch': 1.94}
{'eval_loss': 0.2598751187324524, 'eval_content_rmse': 0.45512905716896057, 'eval_wording_rmse': 0.559113621711731, 'eval_mcrmse': 0.5071213245391846, 'eval_runtime': 19.7479, 'eval_samples_per_second': 104.163, 'eval_steps_per_second': 34.738, 'epoch': 2.0}
{'loss': 0.2034, 'learning_rate': 4.711685261303582e-06, 'epoch': 2.06}
{'eval_loss': 0.27640047669410706, 'eval_content_rmse': 0.4446210563182831, 'eval_wording_rmse': 0.5959135890007019, 'eval_mcrmse': 0.5202673077583313, 'eval_runtime': 19.7102, 'eval_samples_per_second': 104.362, 'eval_steps_per_second': 34.804, 'epoch': 2.06}
{'eval_loss': 0.27357321977615356, 'eval_content_rmse': 0.4556135833263397, 'eval_wording_rmse': 0.5827202796936035, 'eval_mcrmse': 0.5191669464111328, 'eval_runtime': 19.7627, 'eval_samples_per_second': 104.085, 'eval_steps_per_second': 34.712, 'epoch': 2.11}
{'eval_loss': 0.31223443150520325, 'eval_content_rmse': 0.4973088800907135, 'eval_wording_rmse': 0.6141278743743896, 'eval_mcrmse': 0.5557183623313904, 'eval_runtime': 19.7558, 'eval_samples_per_second': 104.121, 'eval_steps_per_second': 34.724, 'epoch': 2.17}
{'eval_loss': 0.33535337448120117, 'eval_content_rmse': 0.494220495223999, 'eval_wording_rmse': 0.6530337929725647, 'eval_mcrmse': 0.5736271142959595, 'eval_runtime': 19.7561, 'eval_samples_per_second': 104.12, 'eval_steps_per_second': 34.723, 'epoch': 2.23}
{'eval_loss': 0.2950044274330139, 'eval_content_rmse': 0.4323876202106476, 'eval_wording_rmse': 0.6348621249198914, 'eval_mcrmse': 0.5336248874664307, 'eval_runtime': 19.7507, 'eval_samples_per_second': 104.148, 'eval_steps_per_second': 34.733, 'epoch': 2.29}
{'loss': 0.1402, 'learning_rate': 4.241926012918379e-06, 'epoch': 2.35}
{'eval_loss': 0.31984925270080566, 'eval_content_rmse': 0.5237659811973572, 'eval_wording_rmse': 0.6044566035270691, 'eval_mcrmse': 0.5641112923622131, 'eval_runtime': 19.7078, 'eval_samples_per_second': 104.375, 'eval_steps_per_second': 34.809, 'epoch': 2.35}
{'eval_loss': 0.3225439488887787, 'eval_content_rmse': 0.48764991760253906, 'eval_wording_rmse': 0.6381887793540955, 'eval_mcrmse': 0.5629193782806396, 'eval_runtime': 19.7523, 'eval_samples_per_second': 104.14, 'eval_steps_per_second': 34.73, 'epoch': 2.41}
{'eval_loss': 0.3245255947113037, 'eval_content_rmse': 0.522017240524292, 'eval_wording_rmse': 0.6136361956596375, 'eval_mcrmse': 0.5678267478942871, 'eval_runtime': 19.7554, 'eval_samples_per_second': 104.123, 'eval_steps_per_second': 34.725, 'epoch': 2.47}
{'eval_loss': 0.3126896917819977, 'eval_content_rmse': 0.5528542399406433, 'eval_wording_rmse': 0.5654479265213013, 'eval_mcrmse': 0.5591510534286499, 'eval_runtime': 19.7566, 'eval_samples_per_second': 104.117, 'eval_steps_per_second': 34.723, 'epoch': 2.52}
{'eval_loss': 0.2567979097366333, 'eval_content_rmse': 0.42955702543258667, 'eval_wording_rmse': 0.5736515522003174, 'eval_mcrmse': 0.5016043186187744, 'eval_runtime': 19.7562, 'eval_samples_per_second': 104.119, 'eval_steps_per_second': 34.723, 'epoch': 2.58}
{'loss': 0.1425, 'learning_rate': 3.7721667645331765e-06, 'epoch': 2.64}
{'eval_loss': 0.32015952467918396, 'eval_content_rmse': 0.5217748880386353, 'eval_wording_rmse': 0.6066880226135254, 'eval_mcrmse': 0.5642314553260803, 'eval_runtime': 19.707, 'eval_samples_per_second': 104.379, 'eval_steps_per_second': 34.81, 'epoch': 2.64}
{'eval_loss': 0.3091183602809906, 'eval_content_rmse': 0.5566186308860779, 'eval_wording_rmse': 0.5553490519523621, 'eval_mcrmse': 0.55598384141922, 'eval_runtime': 19.7617, 'eval_samples_per_second': 104.09, 'eval_steps_per_second': 34.714, 'epoch': 2.7}
{'eval_loss': 0.27996060252189636, 'eval_content_rmse': 0.4694417715072632, 'eval_wording_rmse': 0.5827052593231201, 'eval_mcrmse': 0.5260735154151917, 'eval_runtime': 19.749, 'eval_samples_per_second': 104.157, 'eval_steps_per_second': 34.736, 'epoch': 2.76}
{'eval_loss': 0.26772475242614746, 'eval_content_rmse': 0.45721760392189026, 'eval_wording_rmse': 0.5713152289390564, 'eval_mcrmse': 0.5142664313316345, 'eval_runtime': 19.7615, 'eval_samples_per_second': 104.091, 'eval_steps_per_second': 34.714, 'epoch': 2.82}
{'eval_loss': 0.3285278379917145, 'eval_content_rmse': 0.44787105917930603, 'eval_wording_rmse': 0.6756237745285034, 'eval_mcrmse': 0.5617474317550659, 'eval_runtime': 19.7544, 'eval_samples_per_second': 104.129, 'eval_steps_per_second': 34.726, 'epoch': 2.88}
{'loss': 0.1286, 'learning_rate': 3.302407516147974e-06, 'epoch': 2.94}
{'eval_loss': 0.3214748203754425, 'eval_content_rmse': 0.4349691867828369, 'eval_wording_rmse': 0.6736107468605042, 'eval_mcrmse': 0.5542899370193481, 'eval_runtime': 19.7117, 'eval_samples_per_second': 104.354, 'eval_steps_per_second': 34.802, 'epoch': 2.94}
{'eval_loss': 0.2959657907485962, 'eval_content_rmse': 0.4382289946079254, 'eval_wording_rmse': 0.6323660612106323, 'eval_mcrmse': 0.5352975130081177, 'eval_runtime': 19.7567, 'eval_samples_per_second': 104.116, 'eval_steps_per_second': 34.722, 'epoch': 2.99}
{'eval_loss': 0.29176461696624756, 'eval_content_rmse': 0.5207666158676147, 'eval_wording_rmse': 0.558866024017334, 'eval_mcrmse': 0.5398163199424744, 'eval_runtime': 19.7558, 'eval_samples_per_second': 104.121, 'eval_steps_per_second': 34.724, 'epoch': 3.05}
{'eval_loss': 0.31823480129241943, 'eval_content_rmse': 0.5384597778320312, 'eval_wording_rmse': 0.5886685848236084, 'eval_mcrmse': 0.5635641813278198, 'eval_runtime': 19.7546, 'eval_samples_per_second': 104.128, 'eval_steps_per_second': 34.726, 'epoch': 3.11}
{'eval_loss': 0.2895183265209198, 'eval_content_rmse': 0.5072929859161377, 'eval_wording_rmse': 0.5671778321266174, 'eval_mcrmse': 0.5372353792190552, 'eval_runtime': 19.7562, 'eval_samples_per_second': 104.119, 'eval_steps_per_second': 34.723, 'epoch': 3.17}
{'loss': 0.0909, 'learning_rate': 2.832648267762772e-06, 'epoch': 3.23}
{'eval_loss': 0.2866445779800415, 'eval_content_rmse': 0.4806649386882782, 'eval_wording_rmse': 0.5850214958190918, 'eval_mcrmse': 0.5328432321548462, 'eval_runtime': 19.71, 'eval_samples_per_second': 104.363, 'eval_steps_per_second': 34.805, 'epoch': 3.23}
{'eval_loss': 0.3951123058795929, 'eval_content_rmse': 0.6884115934371948, 'eval_wording_rmse': 0.5624184608459473, 'eval_mcrmse': 0.625415027141571, 'eval_runtime': 19.7585, 'eval_samples_per_second': 104.107, 'eval_steps_per_second': 34.719, 'epoch': 3.29}
{'eval_loss': 0.29436713457107544, 'eval_content_rmse': 0.5066356062889099, 'eval_wording_rmse': 0.5762414932250977, 'eval_mcrmse': 0.5414385795593262, 'eval_runtime': 19.7554, 'eval_samples_per_second': 104.123, 'eval_steps_per_second': 34.725, 'epoch': 3.35}
{'eval_loss': 0.26532283425331116, 'eval_content_rmse': 0.46147334575653076, 'eval_wording_rmse': 0.5636380910873413, 'eval_mcrmse': 0.512555718421936, 'eval_runtime': 19.7495, 'eval_samples_per_second': 104.154, 'eval_steps_per_second': 34.735, 'epoch': 3.41}
{'eval_loss': 0.2780754864215851, 'eval_content_rmse': 0.4694642126560211, 'eval_wording_rmse': 0.5794433355331421, 'eval_mcrmse': 0.5244537591934204, 'eval_runtime': 19.7614, 'eval_samples_per_second': 104.092, 'eval_steps_per_second': 34.714, 'epoch': 3.46}
{'loss': 0.0802, 'learning_rate': 2.3628890193775687e-06, 'epoch': 3.52}
{'eval_loss': 0.27628451585769653, 'eval_content_rmse': 0.44048872590065, 'eval_wording_rmse': 0.5987811088562012, 'eval_mcrmse': 0.5196349024772644, 'eval_runtime': 19.7106, 'eval_samples_per_second': 104.36, 'eval_steps_per_second': 34.804, 'epoch': 3.52}
{'eval_loss': 0.2571420669555664, 'eval_content_rmse': 0.45215848088264465, 'eval_wording_rmse': 0.5566295385360718, 'eval_mcrmse': 0.504393994808197, 'eval_runtime': 19.7631, 'eval_samples_per_second': 104.083, 'eval_steps_per_second': 34.711, 'epoch': 3.58}
{'eval_loss': 0.2948133051395416, 'eval_content_rmse': 0.4819066822528839, 'eval_wording_rmse': 0.5978231430053711, 'eval_mcrmse': 0.5398648977279663, 'eval_runtime': 19.7654, 'eval_samples_per_second': 104.071, 'eval_steps_per_second': 34.707, 'epoch': 3.64}
{'eval_loss': 0.2918631434440613, 'eval_content_rmse': 0.503104031085968, 'eval_wording_rmse': 0.5749894380569458, 'eval_mcrmse': 0.5390467643737793, 'eval_runtime': 19.7656, 'eval_samples_per_second': 104.07, 'eval_steps_per_second': 34.707, 'epoch': 3.7}
{'eval_loss': 0.27997177839279175, 'eval_content_rmse': 0.45878052711486816, 'eval_wording_rmse': 0.5911548137664795, 'eval_mcrmse': 0.5249676704406738, 'eval_runtime': 19.7626, 'eval_samples_per_second': 104.085, 'eval_steps_per_second': 34.712, 'epoch': 3.76}
{'loss': 0.0799, 'learning_rate': 1.8931297709923664e-06, 'epoch': 3.82}
{'eval_loss': 0.2873951196670532, 'eval_content_rmse': 0.48368364572525024, 'eval_wording_rmse': 0.5838152766227722, 'eval_mcrmse': 0.5337494611740112, 'eval_runtime': 19.7138, 'eval_samples_per_second': 104.343, 'eval_steps_per_second': 34.798, 'epoch': 3.82}
{'eval_loss': 0.29647743701934814, 'eval_content_rmse': 0.49118512868881226, 'eval_wording_rmse': 0.5930366516113281, 'eval_mcrmse': 0.5421109199523926, 'eval_runtime': 19.7571, 'eval_samples_per_second': 104.114, 'eval_steps_per_second': 34.722, 'epoch': 3.88}
{'eval_loss': 0.2609710097312927, 'eval_content_rmse': 0.4648570120334625, 'eval_wording_rmse': 0.5530371069908142, 'eval_mcrmse': 0.5089470744132996, 'eval_runtime': 19.7627, 'eval_samples_per_second': 104.085, 'eval_steps_per_second': 34.712, 'epoch': 3.93}
{'eval_loss': 0.2719821035861969, 'eval_content_rmse': 0.46919766068458557, 'eval_wording_rmse': 0.5690496563911438, 'eval_mcrmse': 0.5191236734390259, 'eval_runtime': 19.7535, 'eval_samples_per_second': 104.134, 'eval_steps_per_second': 34.728, 'epoch': 3.99}
{'eval_loss': 0.2795713543891907, 'eval_content_rmse': 0.4754534959793091, 'eval_wording_rmse': 0.577136218547821, 'eval_mcrmse': 0.5262948274612427, 'eval_runtime': 19.7514, 'eval_samples_per_second': 104.144, 'eval_steps_per_second': 34.732, 'epoch': 4.05}
{'loss': 0.0653, 'learning_rate': 1.4233705226071638e-06, 'epoch': 4.11}
{'eval_loss': 0.2870618999004364, 'eval_content_rmse': 0.48813316226005554, 'eval_wording_rmse': 0.5795255303382874, 'eval_mcrmse': 0.5338293313980103, 'eval_runtime': 19.7097, 'eval_samples_per_second': 104.365, 'eval_steps_per_second': 34.805, 'epoch': 4.11}
{'eval_loss': 0.2681454122066498, 'eval_content_rmse': 0.45814254879951477, 'eval_wording_rmse': 0.5713104605674744, 'eval_mcrmse': 0.5147265195846558, 'eval_runtime': 19.7511, 'eval_samples_per_second': 104.146, 'eval_steps_per_second': 34.732, 'epoch': 4.17}
{'eval_loss': 0.279482901096344, 'eval_content_rmse': 0.47771063446998596, 'eval_wording_rmse': 0.5751162767410278, 'eval_mcrmse': 0.5264134407043457, 'eval_runtime': 19.7521, 'eval_samples_per_second': 104.141, 'eval_steps_per_second': 34.731, 'epoch': 4.23}
{'eval_loss': 0.28127145767211914, 'eval_content_rmse': 0.4867333471775055, 'eval_wording_rmse': 0.5706428289413452, 'eval_mcrmse': 0.5286880731582642, 'eval_runtime': 19.7493, 'eval_samples_per_second': 104.156, 'eval_steps_per_second': 34.735, 'epoch': 4.29}
{'eval_loss': 0.29116249084472656, 'eval_content_rmse': 0.47092434763908386, 'eval_wording_rmse': 0.6004624366760254, 'eval_mcrmse': 0.5356934070587158, 'eval_runtime': 19.75, 'eval_samples_per_second': 104.152, 'eval_steps_per_second': 34.734, 'epoch': 4.35}
{'loss': 0.0442, 'learning_rate': 9.536112742219612e-07, 'epoch': 4.4}
{'eval_loss': 0.2842158377170563, 'eval_content_rmse': 0.5016030073165894, 'eval_wording_rmse': 0.5628727078437805, 'eval_mcrmse': 0.5322378873825073, 'eval_runtime': 19.7071, 'eval_samples_per_second': 104.378, 'eval_steps_per_second': 34.81, 'epoch': 4.4}
{'eval_loss': 0.2643119692802429, 'eval_content_rmse': 0.4626043438911438, 'eval_wording_rmse': 0.5609110593795776, 'eval_mcrmse': 0.5117577314376831, 'eval_runtime': 19.7545, 'eval_samples_per_second': 104.128, 'eval_steps_per_second': 34.726, 'epoch': 4.46}
{'eval_loss': 0.2757527530193329, 'eval_content_rmse': 0.4797760546207428, 'eval_wording_rmse': 0.5668514966964722, 'eval_mcrmse': 0.5233137607574463, 'eval_runtime': 19.7535, 'eval_samples_per_second': 104.134, 'eval_steps_per_second': 34.728, 'epoch': 4.52}
{'eval_loss': 0.28559041023254395, 'eval_content_rmse': 0.5000001192092896, 'eval_wording_rmse': 0.5667283535003662, 'eval_mcrmse': 0.5333642363548279, 'eval_runtime': 19.7523, 'eval_samples_per_second': 104.14, 'eval_steps_per_second': 34.73, 'epoch': 4.58}
{'eval_loss': 0.28066861629486084, 'eval_content_rmse': 0.48245012760162354, 'eval_wording_rmse': 0.573218047618866, 'eval_mcrmse': 0.5278340578079224, 'eval_runtime': 19.7693, 'eval_samples_per_second': 104.05, 'eval_steps_per_second': 34.7, 'epoch': 4.64}
{'loss': 0.0442, 'learning_rate': 4.838520258367586e-07, 'epoch': 4.7}
{'eval_loss': 0.27938103675842285, 'eval_content_rmse': 0.4757433235645294, 'eval_wording_rmse': 0.5765677094459534, 'eval_mcrmse': 0.5261555314064026, 'eval_runtime': 19.7104, 'eval_samples_per_second': 104.361, 'eval_steps_per_second': 34.804, 'epoch': 4.7}
{'eval_loss': 0.27726009488105774, 'eval_content_rmse': 0.4777809977531433, 'eval_wording_rmse': 0.5711790919303894, 'eval_mcrmse': 0.5244800448417664, 'eval_runtime': 19.7536, 'eval_samples_per_second': 104.133, 'eval_steps_per_second': 34.728, 'epoch': 4.76}
{'eval_loss': 0.2829001843929291, 'eval_content_rmse': 0.4894751012325287, 'eval_wording_rmse': 0.5711519122123718, 'eval_mcrmse': 0.5303134918212891, 'eval_runtime': 19.7585, 'eval_samples_per_second': 104.107, 'eval_steps_per_second': 34.719, 'epoch': 4.82}
{'eval_loss': 0.276856005191803, 'eval_content_rmse': 0.47700005769729614, 'eval_wording_rmse': 0.5711244940757751, 'eval_mcrmse': 0.5240622758865356, 'eval_runtime': 19.7457, 'eval_samples_per_second': 104.175, 'eval_steps_per_second': 34.742, 'epoch': 4.87}
{'eval_loss': 0.277901828289032, 'eval_content_rmse': 0.4772001802921295, 'eval_wording_rmse': 0.5727860927581787, 'eval_mcrmse': 0.5249931216239929, 'eval_runtime': 19.756, 'eval_samples_per_second': 104.12, 'eval_steps_per_second': 34.724, 'epoch': 4.93}
{'loss': 0.037, 'learning_rate': 1.4092777451556078e-08, 'epoch': 4.99}
{'eval_loss': 0.27623251080513, 'eval_content_rmse': 0.47387659549713135, 'eval_wording_rmse': 0.5726305246353149, 'eval_mcrmse': 0.5232535600662231, 'eval_runtime': 19.7095, 'eval_samples_per_second': 104.366, 'eval_steps_per_second': 34.805, 'epoch': 4.99}
{'train_runtime': 3304.1427, 'train_samples_per_second': 7.73, 'train_steps_per_second': 2.577, 'train_loss': 0.1706627941593589, 'epoch': 5.0}
finish training
fold 1:
load model:  debertav3large
model_fold_dir debertav3large_lr8e-06_clean_text/fold_1/1
start training
{'eval_loss': 0.8145229816436768, 'eval_content_rmse': 0.6883866190910339, 'eval_wording_rmse': 1.0747877359390259, 'eval_mcrmse': 0.8815871477127075, 'eval_runtime': 26.0278, 'eval_samples_per_second': 77.187, 'eval_steps_per_second': 25.742, 'epoch': 0.06}
{'eval_loss': 0.8254678845405579, 'eval_content_rmse': 0.871626615524292, 'eval_wording_rmse': 0.9440346956253052, 'eval_mcrmse': 0.9078306555747986, 'eval_runtime': 26.0311, 'eval_samples_per_second': 77.177, 'eval_steps_per_second': 25.738, 'epoch': 0.12}
{'eval_loss': 0.5615472793579102, 'eval_content_rmse': 0.6753125786781311, 'eval_wording_rmse': 0.8167299032211304, 'eval_mcrmse': 0.7460212707519531, 'eval_runtime': 26.0426, 'eval_samples_per_second': 77.143, 'eval_steps_per_second': 25.727, 'epoch': 0.17}
{'eval_loss': 0.6688609719276428, 'eval_content_rmse': 0.7068860530853271, 'eval_wording_rmse': 0.9154418706893921, 'eval_mcrmse': 0.8111639618873596, 'eval_runtime': 26.035, 'eval_samples_per_second': 77.165, 'eval_steps_per_second': 25.735, 'epoch': 0.23}
{'loss': 0.4417, 'learning_rate': 7.534613147178592e-06, 'epoch': 0.29}
{'eval_loss': 0.44859760999679565, 'eval_content_rmse': 0.5603808164596558, 'eval_wording_rmse': 0.7636547684669495, 'eval_mcrmse': 0.662017822265625, 'eval_runtime': 25.9875, 'eval_samples_per_second': 77.306, 'eval_steps_per_second': 25.782, 'epoch': 0.29}
{'eval_loss': 0.8747940063476562, 'eval_content_rmse': 0.8383479714393616, 'eval_wording_rmse': 1.023113489151001, 'eval_mcrmse': 0.9307307004928589, 'eval_runtime': 26.0317, 'eval_samples_per_second': 77.175, 'eval_steps_per_second': 25.738, 'epoch': 0.35}
{'eval_loss': 0.6533971428871155, 'eval_content_rmse': 0.6676409244537354, 'eval_wording_rmse': 0.9279279708862305, 'eval_mcrmse': 0.7977844476699829, 'eval_runtime': 26.0315, 'eval_samples_per_second': 77.176, 'eval_steps_per_second': 25.738, 'epoch': 0.41}
{'eval_loss': 0.9278129935264587, 'eval_content_rmse': 0.8483145833015442, 'eval_wording_rmse': 1.06582772731781, 'eval_mcrmse': 0.9570711851119995, 'eval_runtime': 26.0376, 'eval_samples_per_second': 77.158, 'eval_steps_per_second': 25.732, 'epoch': 0.47}
{'eval_loss': 0.8076587319374084, 'eval_content_rmse': 0.7097176909446716, 'eval_wording_rmse': 1.054333209991455, 'eval_mcrmse': 0.8820254802703857, 'eval_runtime': 26.0361, 'eval_samples_per_second': 77.162, 'eval_steps_per_second': 25.733, 'epoch': 0.52}
{'loss': 0.3287, 'learning_rate': 7.069226294357184e-06, 'epoch': 0.58}
{'eval_loss': 1.0080621242523193, 'eval_content_rmse': 0.8081667423248291, 'eval_wording_rmse': 1.1674726009368896, 'eval_mcrmse': 0.9878196716308594, 'eval_runtime': 25.9856, 'eval_samples_per_second': 77.312, 'eval_steps_per_second': 25.784, 'epoch': 0.58}
{'eval_loss': 0.7078042030334473, 'eval_content_rmse': 0.7284146547317505, 'eval_wording_rmse': 0.9407551884651184, 'eval_mcrmse': 0.8345849514007568, 'eval_runtime': 26.0386, 'eval_samples_per_second': 77.155, 'eval_steps_per_second': 25.731, 'epoch': 0.64}
{'eval_loss': 1.2967586517333984, 'eval_content_rmse': 0.9992220997810364, 'eval_wording_rmse': 1.262961745262146, 'eval_mcrmse': 1.1310919523239136, 'eval_runtime': 26.0342, 'eval_samples_per_second': 77.168, 'eval_steps_per_second': 25.735, 'epoch': 0.7}
{'eval_loss': 0.7245805859565735, 'eval_content_rmse': 0.6814106106758118, 'eval_wording_rmse': 0.9923914670944214, 'eval_mcrmse': 0.836901068687439, 'eval_runtime': 26.0407, 'eval_samples_per_second': 77.148, 'eval_steps_per_second': 25.729, 'epoch': 0.76}
{'eval_loss': 0.8795701265335083, 'eval_content_rmse': 0.6595980525016785, 'eval_wording_rmse': 1.1506825685501099, 'eval_mcrmse': 0.9051402807235718, 'eval_runtime': 26.0392, 'eval_samples_per_second': 77.153, 'eval_steps_per_second': 25.73, 'epoch': 0.81}
{'loss': 0.3019, 'learning_rate': 6.603839441535777e-06, 'epoch': 0.87}
{'eval_loss': 0.4995465874671936, 'eval_content_rmse': 0.5775603652000427, 'eval_wording_rmse': 0.8157922625541687, 'eval_mcrmse': 0.6966763138771057, 'eval_runtime': 25.9966, 'eval_samples_per_second': 77.279, 'eval_steps_per_second': 25.773, 'epoch': 0.87}
{'eval_loss': 0.5677312016487122, 'eval_content_rmse': 0.6383539438247681, 'eval_wording_rmse': 0.8532096743583679, 'eval_mcrmse': 0.7457817792892456, 'eval_runtime': 26.0416, 'eval_samples_per_second': 77.146, 'eval_steps_per_second': 25.728, 'epoch': 0.93}
{'eval_loss': 0.7834409475326538, 'eval_content_rmse': 0.7032603621482849, 'eval_wording_rmse': 1.0355223417282104, 'eval_mcrmse': 0.8693913221359253, 'eval_runtime': 26.0449, 'eval_samples_per_second': 77.136, 'eval_steps_per_second': 25.725, 'epoch': 0.99}
{'eval_loss': 0.8637797236442566, 'eval_content_rmse': 0.7012214660644531, 'eval_wording_rmse': 1.1116868257522583, 'eval_mcrmse': 0.9064541459083557, 'eval_runtime': 26.046, 'eval_samples_per_second': 77.133, 'eval_steps_per_second': 25.724, 'epoch': 1.05}
{'eval_loss': 0.6148524880409241, 'eval_content_rmse': 0.7074031829833984, 'eval_wording_rmse': 0.8539825081825256, 'eval_mcrmse': 0.7806928157806396, 'eval_runtime': 26.047, 'eval_samples_per_second': 77.13, 'eval_steps_per_second': 25.723, 'epoch': 1.11}
{'loss': 0.2355, 'learning_rate': 6.138452588714368e-06, 'epoch': 1.16}
{'eval_loss': 0.8627033829689026, 'eval_content_rmse': 0.6533869504928589, 'eval_wording_rmse': 1.1395139694213867, 'eval_mcrmse': 0.8964504599571228, 'eval_runtime': 26.0041, 'eval_samples_per_second': 77.257, 'eval_steps_per_second': 25.765, 'epoch': 1.16}
{'eval_loss': 0.830632209777832, 'eval_content_rmse': 0.8337144255638123, 'eval_wording_rmse': 0.9829462766647339, 'eval_mcrmse': 0.9083303213119507, 'eval_runtime': 26.047, 'eval_samples_per_second': 77.13, 'eval_steps_per_second': 25.723, 'epoch': 1.22}
{'eval_loss': 0.8520796895027161, 'eval_content_rmse': 0.6278558969497681, 'eval_wording_rmse': 1.1445330381393433, 'eval_mcrmse': 0.8861944675445557, 'eval_runtime': 26.053, 'eval_samples_per_second': 77.112, 'eval_steps_per_second': 25.717, 'epoch': 1.28}
{'eval_loss': 0.7535433769226074, 'eval_content_rmse': 0.6362621188163757, 'eval_wording_rmse': 1.049883246421814, 'eval_mcrmse': 0.8430726528167725, 'eval_runtime': 26.0523, 'eval_samples_per_second': 77.114, 'eval_steps_per_second': 25.718, 'epoch': 1.34}
{'eval_loss': 0.9055959582328796, 'eval_content_rmse': 0.8036108613014221, 'eval_wording_rmse': 1.079538345336914, 'eval_mcrmse': 0.9415745735168457, 'eval_runtime': 26.051, 'eval_samples_per_second': 77.118, 'eval_steps_per_second': 25.719, 'epoch': 1.4}
{'loss': 0.206, 'learning_rate': 5.673065735892961e-06, 'epoch': 1.45}
{'eval_loss': 0.7320480942726135, 'eval_content_rmse': 0.7854239344596863, 'eval_wording_rmse': 0.9204370379447937, 'eval_mcrmse': 0.85293048620224, 'eval_runtime': 25.9985, 'eval_samples_per_second': 77.274, 'eval_steps_per_second': 25.771, 'epoch': 1.45}
{'eval_loss': 0.6190237402915955, 'eval_content_rmse': 0.5629873871803284, 'eval_wording_rmse': 0.9597363471984863, 'eval_mcrmse': 0.761361837387085, 'eval_runtime': 26.0431, 'eval_samples_per_second': 77.141, 'eval_steps_per_second': 25.727, 'epoch': 1.51}
{'eval_loss': 0.7036064267158508, 'eval_content_rmse': 0.5751879215240479, 'eval_wording_rmse': 1.0374833345413208, 'eval_mcrmse': 0.8063356280326843, 'eval_runtime': 26.045, 'eval_samples_per_second': 77.136, 'eval_steps_per_second': 25.725, 'epoch': 1.57}
{'eval_loss': 0.7601613998413086, 'eval_content_rmse': 0.6213886737823486, 'eval_wording_rmse': 1.0649875402450562, 'eval_mcrmse': 0.8431881070137024, 'eval_runtime': 26.0395, 'eval_samples_per_second': 77.152, 'eval_steps_per_second': 25.73, 'epoch': 1.63}
{'eval_loss': 0.8176013231277466, 'eval_content_rmse': 0.6322435736656189, 'eval_wording_rmse': 1.1115177869796753, 'eval_mcrmse': 0.8718806505203247, 'eval_runtime': 26.0403, 'eval_samples_per_second': 77.15, 'eval_steps_per_second': 25.729, 'epoch': 1.69}
{'loss': 0.1989, 'learning_rate': 5.207678883071553e-06, 'epoch': 1.75}
{'eval_loss': 0.7367368340492249, 'eval_content_rmse': 0.6222754120826721, 'eval_wording_rmse': 1.042231559753418, 'eval_mcrmse': 0.8322534561157227, 'eval_runtime': 26.0064, 'eval_samples_per_second': 77.25, 'eval_steps_per_second': 25.763, 'epoch': 1.75}
{'eval_loss': 0.7279567122459412, 'eval_content_rmse': 0.6297561526298523, 'eval_wording_rmse': 1.0292328596115112, 'eval_mcrmse': 0.8294944763183594, 'eval_runtime': 26.0468, 'eval_samples_per_second': 77.13, 'eval_steps_per_second': 25.723, 'epoch': 1.8}
{'eval_loss': 0.6773045659065247, 'eval_content_rmse': 0.5918204188346863, 'eval_wording_rmse': 1.00217604637146, 'eval_mcrmse': 0.7969982624053955, 'eval_runtime': 26.0395, 'eval_samples_per_second': 77.152, 'eval_steps_per_second': 25.73, 'epoch': 1.86}
{'eval_loss': 0.6698485016822815, 'eval_content_rmse': 0.6075133681297302, 'eval_wording_rmse': 0.9852026700973511, 'eval_mcrmse': 0.7963579893112183, 'eval_runtime': 26.0348, 'eval_samples_per_second': 77.166, 'eval_steps_per_second': 25.735, 'epoch': 1.92}
{'eval_loss': 0.7361100912094116, 'eval_content_rmse': 0.5968561768531799, 'eval_wording_rmse': 1.0564005374908447, 'eval_mcrmse': 0.8266283273696899, 'eval_runtime': 26.0473, 'eval_samples_per_second': 77.129, 'eval_steps_per_second': 25.722, 'epoch': 1.98}
{'loss': 0.1862, 'learning_rate': 4.742292030250145e-06, 'epoch': 2.04}
{'eval_loss': 0.6315479278564453, 'eval_content_rmse': 0.6062328815460205, 'eval_wording_rmse': 0.9463492631912231, 'eval_mcrmse': 0.7762910723686218, 'eval_runtime': 25.9986, 'eval_samples_per_second': 77.273, 'eval_steps_per_second': 25.771, 'epoch': 2.04}
{'eval_loss': 0.6494118571281433, 'eval_content_rmse': 0.5636101961135864, 'eval_wording_rmse': 0.9905393719673157, 'eval_mcrmse': 0.7770748138427734, 'eval_runtime': 26.0458, 'eval_samples_per_second': 77.133, 'eval_steps_per_second': 25.724, 'epoch': 2.09}
{'eval_loss': 0.8704690337181091, 'eval_content_rmse': 0.6271551251411438, 'eval_wording_rmse': 1.1608670949935913, 'eval_mcrmse': 0.8940111398696899, 'eval_runtime': 26.0455, 'eval_samples_per_second': 77.134, 'eval_steps_per_second': 25.724, 'epoch': 2.15}
{'eval_loss': 1.0466305017471313, 'eval_content_rmse': 0.7145366072654724, 'eval_wording_rmse': 1.258053183555603, 'eval_mcrmse': 0.9862948656082153, 'eval_runtime': 26.0402, 'eval_samples_per_second': 77.15, 'eval_steps_per_second': 25.729, 'epoch': 2.21}
{'eval_loss': 1.0034432411193848, 'eval_content_rmse': 0.6660792231559753, 'eval_wording_rmse': 1.2502894401550293, 'eval_mcrmse': 0.9581843614578247, 'eval_runtime': 26.0372, 'eval_samples_per_second': 77.159, 'eval_steps_per_second': 25.732, 'epoch': 2.27}
{'loss': 0.1272, 'learning_rate': 4.276905177428738e-06, 'epoch': 2.33}
{'eval_loss': 0.7474559545516968, 'eval_content_rmse': 0.6230542659759521, 'eval_wording_rmse': 1.0520049333572388, 'eval_mcrmse': 0.8375295996665955, 'eval_runtime': 25.9911, 'eval_samples_per_second': 77.296, 'eval_steps_per_second': 25.778, 'epoch': 2.33}
{'eval_loss': 0.6081058382987976, 'eval_content_rmse': 0.6462370753288269, 'eval_wording_rmse': 0.8936379551887512, 'eval_mcrmse': 0.7699375152587891, 'eval_runtime': 26.0346, 'eval_samples_per_second': 77.166, 'eval_steps_per_second': 25.735, 'epoch': 2.39}
{'eval_loss': 0.6099600195884705, 'eval_content_rmse': 0.5822269320487976, 'eval_wording_rmse': 0.9385791420936584, 'eval_mcrmse': 0.760403037071228, 'eval_runtime': 26.0349, 'eval_samples_per_second': 77.166, 'eval_steps_per_second': 25.735, 'epoch': 2.44}
{'eval_loss': 0.9095104932785034, 'eval_content_rmse': 0.7385900616645813, 'eval_wording_rmse': 1.1284977197647095, 'eval_mcrmse': 0.9335439205169678, 'eval_runtime': 26.0378, 'eval_samples_per_second': 77.157, 'eval_steps_per_second': 25.732, 'epoch': 2.5}
{'eval_loss': 0.8545491695404053, 'eval_content_rmse': 0.6759837865829468, 'eval_wording_rmse': 1.1189924478530884, 'eval_mcrmse': 0.8974881172180176, 'eval_runtime': 26.0402, 'eval_samples_per_second': 77.15, 'eval_steps_per_second': 25.729, 'epoch': 2.56}
{'loss': 0.1197, 'learning_rate': 3.8115183246073296e-06, 'epoch': 2.62}
{'eval_loss': 0.9098403453826904, 'eval_content_rmse': 0.7146110534667969, 'eval_wording_rmse': 1.1441210508346558, 'eval_mcrmse': 0.9293660521507263, 'eval_runtime': 25.9821, 'eval_samples_per_second': 77.323, 'eval_steps_per_second': 25.787, 'epoch': 2.62}
{'eval_loss': 0.7268750667572021, 'eval_content_rmse': 0.6078066229820251, 'eval_wording_rmse': 1.0413072109222412, 'eval_mcrmse': 0.8245569467544556, 'eval_runtime': 26.0257, 'eval_samples_per_second': 77.193, 'eval_steps_per_second': 25.744, 'epoch': 2.68}
{'eval_loss': 0.807945966720581, 'eval_content_rmse': 0.6331306099891663, 'eval_wording_rmse': 1.1022878885269165, 'eval_mcrmse': 0.8677092790603638, 'eval_runtime': 26.0353, 'eval_samples_per_second': 77.164, 'eval_steps_per_second': 25.734, 'epoch': 2.73}
{'eval_loss': 0.8642234802246094, 'eval_content_rmse': 0.7276328802108765, 'eval_wording_rmse': 1.0949876308441162, 'eval_mcrmse': 0.9113102555274963, 'eval_runtime': 26.0331, 'eval_samples_per_second': 77.171, 'eval_steps_per_second': 25.736, 'epoch': 2.79}
{'eval_loss': 0.9173780083656311, 'eval_content_rmse': 0.7187098860740662, 'eval_wording_rmse': 1.1481345891952515, 'eval_mcrmse': 0.9334222078323364, 'eval_runtime': 26.032, 'eval_samples_per_second': 77.174, 'eval_steps_per_second': 25.738, 'epoch': 2.85}
{'loss': 0.1179, 'learning_rate': 3.346131471785922e-06, 'epoch': 2.91}
{'eval_loss': 0.7116965651512146, 'eval_content_rmse': 0.5572817325592041, 'eval_wording_rmse': 1.054908275604248, 'eval_mcrmse': 0.8060950040817261, 'eval_runtime': 25.9882, 'eval_samples_per_second': 77.304, 'eval_steps_per_second': 25.781, 'epoch': 2.91}
{'eval_loss': 0.8144736886024475, 'eval_content_rmse': 0.6471278071403503, 'eval_wording_rmse': 1.1000785827636719, 'eval_mcrmse': 0.8736032247543335, 'eval_runtime': 26.0306, 'eval_samples_per_second': 77.178, 'eval_steps_per_second': 25.739, 'epoch': 2.97}
{'eval_loss': 0.7643848657608032, 'eval_content_rmse': 0.6279436349868774, 'eval_wording_rmse': 1.0651090145111084, 'eval_mcrmse': 0.8465263247489929, 'eval_runtime': 26.0289, 'eval_samples_per_second': 77.183, 'eval_steps_per_second': 25.741, 'epoch': 3.03}
{'eval_loss': 0.7270267009735107, 'eval_content_rmse': 0.6468973159790039, 'eval_wording_rmse': 1.0176329612731934, 'eval_mcrmse': 0.8322651386260986, 'eval_runtime': 26.0141, 'eval_samples_per_second': 77.227, 'eval_steps_per_second': 25.755, 'epoch': 3.08}
{'eval_loss': 0.7593666911125183, 'eval_content_rmse': 0.6258869767189026, 'eval_wording_rmse': 1.0616027116775513, 'eval_mcrmse': 0.8437448740005493, 'eval_runtime': 26.0324, 'eval_samples_per_second': 77.173, 'eval_steps_per_second': 25.737, 'epoch': 3.14}
{'loss': 0.0888, 'learning_rate': 2.880744618964514e-06, 'epoch': 3.2}
{'eval_loss': 0.8290427327156067, 'eval_content_rmse': 0.6314502954483032, 'eval_wording_rmse': 1.1222105026245117, 'eval_mcrmse': 0.8768303990364075, 'eval_runtime': 25.9928, 'eval_samples_per_second': 77.29, 'eval_steps_per_second': 25.776, 'epoch': 3.2}
{'eval_loss': 0.8140830993652344, 'eval_content_rmse': 0.6229327917098999, 'eval_wording_rmse': 1.113606572151184, 'eval_mcrmse': 0.868269681930542, 'eval_runtime': 26.0405, 'eval_samples_per_second': 77.149, 'eval_steps_per_second': 25.729, 'epoch': 3.26}
{'eval_loss': 0.7276670336723328, 'eval_content_rmse': 0.5996124148368835, 'eval_wording_rmse': 1.0468040704727173, 'eval_mcrmse': 0.823208212852478, 'eval_runtime': 26.0341, 'eval_samples_per_second': 77.168, 'eval_steps_per_second': 25.736, 'epoch': 3.32}
{'eval_loss': 0.9365404844284058, 'eval_content_rmse': 0.6203374266624451, 'eval_wording_rmse': 1.2199442386627197, 'eval_mcrmse': 0.9201408624649048, 'eval_runtime': 26.0318, 'eval_samples_per_second': 77.175, 'eval_steps_per_second': 25.738, 'epoch': 3.37}
{'eval_loss': 0.7750015258789062, 'eval_content_rmse': 0.6067613363265991, 'eval_wording_rmse': 1.0871269702911377, 'eval_mcrmse': 0.8469441533088684, 'eval_runtime': 26.0352, 'eval_samples_per_second': 77.165, 'eval_steps_per_second': 25.734, 'epoch': 3.43}
{'loss': 0.069, 'learning_rate': 2.4153577661431063e-06, 'epoch': 3.49}
{'eval_loss': 0.6941067576408386, 'eval_content_rmse': 0.5511851906776428, 'eval_wording_rmse': 1.041349172592163, 'eval_mcrmse': 0.7962671518325806, 'eval_runtime': 25.9968, 'eval_samples_per_second': 77.279, 'eval_steps_per_second': 25.772, 'epoch': 3.49}
{'eval_loss': 0.700104296207428, 'eval_content_rmse': 0.6405357122421265, 'eval_wording_rmse': 0.9949482083320618, 'eval_mcrmse': 0.8177419900894165, 'eval_runtime': 26.0406, 'eval_samples_per_second': 77.149, 'eval_steps_per_second': 25.729, 'epoch': 3.55}
{'eval_loss': 0.7031437754631042, 'eval_content_rmse': 0.5991863012313843, 'eval_wording_rmse': 1.0233588218688965, 'eval_mcrmse': 0.8112725615501404, 'eval_runtime': 26.0373, 'eval_samples_per_second': 77.158, 'eval_steps_per_second': 25.732, 'epoch': 3.61}
{'eval_loss': 0.7425419688224792, 'eval_content_rmse': 0.6168123483657837, 'eval_wording_rmse': 1.051011562347412, 'eval_mcrmse': 0.8339119553565979, 'eval_runtime': 26.0418, 'eval_samples_per_second': 77.145, 'eval_steps_per_second': 25.728, 'epoch': 3.66}
{'eval_loss': 0.7613354921340942, 'eval_content_rmse': 0.6188539266586304, 'eval_wording_rmse': 1.0675631761550903, 'eval_mcrmse': 0.8432085514068604, 'eval_runtime': 26.0397, 'eval_samples_per_second': 77.151, 'eval_steps_per_second': 25.73, 'epoch': 3.72}
{'loss': 0.0665, 'learning_rate': 1.9499709133216987e-06, 'epoch': 3.78}
{'eval_loss': 0.7164463400840759, 'eval_content_rmse': 0.6082215905189514, 'eval_wording_rmse': 1.030998945236206, 'eval_mcrmse': 0.8196102380752563, 'eval_runtime': 25.9967, 'eval_samples_per_second': 77.279, 'eval_steps_per_second': 25.773, 'epoch': 3.78}
{'eval_loss': 0.8271782398223877, 'eval_content_rmse': 0.6452187895774841, 'eval_wording_rmse': 1.1126762628555298, 'eval_mcrmse': 0.8789474964141846, 'eval_runtime': 26.037, 'eval_samples_per_second': 77.159, 'eval_steps_per_second': 25.733, 'epoch': 3.84}
{'eval_loss': 0.8784005045890808, 'eval_content_rmse': 0.5784776210784912, 'eval_wording_rmse': 1.1925456523895264, 'eval_mcrmse': 0.8855116367340088, 'eval_runtime': 26.0407, 'eval_samples_per_second': 77.148, 'eval_steps_per_second': 25.729, 'epoch': 3.9}
{'eval_loss': 0.7372320294380188, 'eval_content_rmse': 0.61033034324646, 'eval_wording_rmse': 1.0497430562973022, 'eval_mcrmse': 0.8300366997718811, 'eval_runtime': 26.0451, 'eval_samples_per_second': 77.135, 'eval_steps_per_second': 25.725, 'epoch': 3.96}
{'eval_loss': 0.7024884819984436, 'eval_content_rmse': 0.5816645622253418, 'eval_wording_rmse': 1.032784342765808, 'eval_mcrmse': 0.807224452495575, 'eval_runtime': 26.0475, 'eval_samples_per_second': 77.128, 'eval_steps_per_second': 25.722, 'epoch': 4.01}
{'loss': 0.0589, 'learning_rate': 1.4845840605002908e-06, 'epoch': 4.07}
{'eval_loss': 0.7382361888885498, 'eval_content_rmse': 0.5922160148620605, 'eval_wording_rmse': 1.0610144138336182, 'eval_mcrmse': 0.8266152143478394, 'eval_runtime': 25.9922, 'eval_samples_per_second': 77.292, 'eval_steps_per_second': 25.777, 'epoch': 4.07}
{'eval_loss': 0.7646372318267822, 'eval_content_rmse': 0.5819173455238342, 'eval_wording_rmse': 1.0911668539047241, 'eval_mcrmse': 0.8365421295166016, 'eval_runtime': 26.0444, 'eval_samples_per_second': 77.138, 'eval_steps_per_second': 25.725, 'epoch': 4.13}
{'eval_loss': 0.7296805381774902, 'eval_content_rmse': 0.6059551239013672, 'eval_wording_rmse': 1.0450735092163086, 'eval_mcrmse': 0.8255143165588379, 'eval_runtime': 26.0402, 'eval_samples_per_second': 77.15, 'eval_steps_per_second': 25.729, 'epoch': 4.19}
{'eval_loss': 0.7866963744163513, 'eval_content_rmse': 0.5978129506111145, 'eval_wording_rmse': 1.102729320526123, 'eval_mcrmse': 0.8502711057662964, 'eval_runtime': 26.043, 'eval_samples_per_second': 77.142, 'eval_steps_per_second': 25.727, 'epoch': 4.25}
{'eval_loss': 0.6993856430053711, 'eval_content_rmse': 0.6157525777816772, 'eval_wording_rmse': 1.0097626447677612, 'eval_mcrmse': 0.8127576112747192, 'eval_runtime': 26.0427, 'eval_samples_per_second': 77.143, 'eval_steps_per_second': 25.727, 'epoch': 4.3}
{'loss': 0.0353, 'learning_rate': 1.019197207678883e-06, 'epoch': 4.36}
{'eval_loss': 0.7246595621109009, 'eval_content_rmse': 0.5799698829650879, 'eval_wording_rmse': 1.0549662113189697, 'eval_mcrmse': 0.8174680471420288, 'eval_runtime': 26.0001, 'eval_samples_per_second': 77.269, 'eval_steps_per_second': 25.769, 'epoch': 4.36}
{'eval_loss': 0.825029194355011, 'eval_content_rmse': 0.624690055847168, 'eval_wording_rmse': 1.1224172115325928, 'eval_mcrmse': 0.8735536336898804, 'eval_runtime': 26.0429, 'eval_samples_per_second': 77.142, 'eval_steps_per_second': 25.727, 'epoch': 4.42}
{'eval_loss': 0.7384416460990906, 'eval_content_rmse': 0.6407997608184814, 'eval_wording_rmse': 1.0325983762741089, 'eval_mcrmse': 0.8366990685462952, 'eval_runtime': 26.0412, 'eval_samples_per_second': 77.147, 'eval_steps_per_second': 25.728, 'epoch': 4.48}
{'eval_loss': 0.7527100443840027, 'eval_content_rmse': 0.6199281811714172, 'eval_wording_rmse': 1.058824062347412, 'eval_mcrmse': 0.8393760919570923, 'eval_runtime': 26.0377, 'eval_samples_per_second': 77.157, 'eval_steps_per_second': 25.732, 'epoch': 4.54}
{'eval_loss': 0.823828399181366, 'eval_content_rmse': 0.6646599173545837, 'eval_wording_rmse': 1.0981272459030151, 'eval_mcrmse': 0.881393551826477, 'eval_runtime': 26.0396, 'eval_samples_per_second': 77.152, 'eval_steps_per_second': 25.73, 'epoch': 4.6}
{'loss': 0.0361, 'learning_rate': 5.538103548574752e-07, 'epoch': 4.65}
{'eval_loss': 0.7370466589927673, 'eval_content_rmse': 0.6030606031417847, 'eval_wording_rmse': 1.0537604093551636, 'eval_mcrmse': 0.8284105062484741, 'eval_runtime': 25.9917, 'eval_samples_per_second': 77.294, 'eval_steps_per_second': 25.778, 'epoch': 4.65}
{'eval_loss': 0.7526917457580566, 'eval_content_rmse': 0.6252112984657288, 'eval_wording_rmse': 1.0556966066360474, 'eval_mcrmse': 0.8404539823532104, 'eval_runtime': 26.0348, 'eval_samples_per_second': 77.166, 'eval_steps_per_second': 25.735, 'epoch': 4.71}
{'eval_loss': 0.751242458820343, 'eval_content_rmse': 0.5992865562438965, 'eval_wording_rmse': 1.0692710876464844, 'eval_mcrmse': 0.8342788219451904, 'eval_runtime': 26.032, 'eval_samples_per_second': 77.174, 'eval_steps_per_second': 25.738, 'epoch': 4.77}
{'eval_loss': 0.7759969830513, 'eval_content_rmse': 0.610797107219696, 'eval_wording_rmse': 1.0857810974121094, 'eval_mcrmse': 0.8482891321182251, 'eval_runtime': 26.0379, 'eval_samples_per_second': 77.157, 'eval_steps_per_second': 25.732, 'epoch': 4.83}
{'eval_loss': 0.7467536926269531, 'eval_content_rmse': 0.6101856827735901, 'eval_wording_rmse': 1.0588583946228027, 'eval_mcrmse': 0.834522008895874, 'eval_runtime': 26.0393, 'eval_samples_per_second': 77.153, 'eval_steps_per_second': 25.73, 'epoch': 4.89}
{'loss': 0.0329, 'learning_rate': 8.842350203606748e-08, 'epoch': 4.94}
{'eval_loss': 0.7524948716163635, 'eval_content_rmse': 0.6049689650535583, 'eval_wording_rmse': 1.067240595817566, 'eval_mcrmse': 0.8361047506332397, 'eval_runtime': 26.0003, 'eval_samples_per_second': 77.268, 'eval_steps_per_second': 25.769, 'epoch': 4.94}
{'train_runtime': 3760.0048, 'train_samples_per_second': 6.856, 'train_steps_per_second': 2.286, 'train_loss': 0.15463752155736687, 'epoch': 5.0}
finish training
fold 2:
load model:  debertav3large
model_fold_dir debertav3large_lr8e-06_clean_text/fold_2/2
start training
{'eval_loss': 0.4937478005886078, 'eval_content_rmse': 0.5893653035163879, 'eval_wording_rmse': 0.8000906109809875, 'eval_mcrmse': 0.6947279572486877, 'eval_runtime': 23.4387, 'eval_samples_per_second': 85.158, 'eval_steps_per_second': 28.415, 'epoch': 0.06}
{'eval_loss': 0.5982792377471924, 'eval_content_rmse': 0.7921625375747681, 'eval_wording_rmse': 0.7543452978134155, 'eval_mcrmse': 0.7732539176940918, 'eval_runtime': 23.4393, 'eval_samples_per_second': 85.156, 'eval_steps_per_second': 28.414, 'epoch': 0.12}
{'eval_loss': 0.4435773193836212, 'eval_content_rmse': 0.6076967716217041, 'eval_wording_rmse': 0.7196244597434998, 'eval_mcrmse': 0.6636606454849243, 'eval_runtime': 23.4412, 'eval_samples_per_second': 85.149, 'eval_steps_per_second': 28.412, 'epoch': 0.17}
{'eval_loss': 0.34754347801208496, 'eval_content_rmse': 0.4968706965446472, 'eval_wording_rmse': 0.6694817543029785, 'eval_mcrmse': 0.5831762552261353, 'eval_runtime': 23.4427, 'eval_samples_per_second': 85.144, 'eval_steps_per_second': 28.41, 'epoch': 0.23}
{'loss': 0.501, 'learning_rate': 7.535693557748113e-06, 'epoch': 0.29}
{'eval_loss': 0.5605924725532532, 'eval_content_rmse': 0.5338613390922546, 'eval_wording_rmse': 0.9144273996353149, 'eval_mcrmse': 0.7241443395614624, 'eval_runtime': 23.3956, 'eval_samples_per_second': 85.315, 'eval_steps_per_second': 28.467, 'epoch': 0.29}
{'eval_loss': 0.5678091645240784, 'eval_content_rmse': 0.6411558389663696, 'eval_wording_rmse': 0.8511978387832642, 'eval_mcrmse': 0.7461768388748169, 'eval_runtime': 23.4403, 'eval_samples_per_second': 85.152, 'eval_steps_per_second': 28.413, 'epoch': 0.35}
{'eval_loss': 0.3929406404495239, 'eval_content_rmse': 0.5684211254119873, 'eval_wording_rmse': 0.6802782416343689, 'eval_mcrmse': 0.6243497133255005, 'eval_runtime': 23.438, 'eval_samples_per_second': 85.161, 'eval_steps_per_second': 28.415, 'epoch': 0.41}
{'eval_loss': 0.340132474899292, 'eval_content_rmse': 0.477809339761734, 'eval_wording_rmse': 0.6722821593284607, 'eval_mcrmse': 0.5750457644462585, 'eval_runtime': 23.4401, 'eval_samples_per_second': 85.153, 'eval_steps_per_second': 28.413, 'epoch': 0.46}
{'eval_loss': 0.34218719601631165, 'eval_content_rmse': 0.503666877746582, 'eval_wording_rmse': 0.6562727689743042, 'eval_mcrmse': 0.5799698233604431, 'eval_runtime': 23.4461, 'eval_samples_per_second': 85.132, 'eval_steps_per_second': 28.406, 'epoch': 0.52}
{'loss': 0.3304, 'learning_rate': 7.071387115496227e-06, 'epoch': 0.58}
{'eval_loss': 0.6219732761383057, 'eval_content_rmse': 0.5153341293334961, 'eval_wording_rmse': 0.989129364490509, 'eval_mcrmse': 0.7522317171096802, 'eval_runtime': 23.3935, 'eval_samples_per_second': 85.323, 'eval_steps_per_second': 28.469, 'epoch': 0.58}
{'eval_loss': 0.3786171078681946, 'eval_content_rmse': 0.5033838152885437, 'eval_wording_rmse': 0.7098159193992615, 'eval_mcrmse': 0.6065998673439026, 'eval_runtime': 23.4395, 'eval_samples_per_second': 85.156, 'eval_steps_per_second': 28.414, 'epoch': 0.64}
{'eval_loss': 0.5126215815544128, 'eval_content_rmse': 0.5332242250442505, 'eval_wording_rmse': 0.8607637882232666, 'eval_mcrmse': 0.6969940066337585, 'eval_runtime': 23.4446, 'eval_samples_per_second': 85.137, 'eval_steps_per_second': 28.407, 'epoch': 0.7}
{'eval_loss': 0.4102279245853424, 'eval_content_rmse': 0.5032018423080444, 'eval_wording_rmse': 0.7531562447547913, 'eval_mcrmse': 0.6281790733337402, 'eval_runtime': 23.4439, 'eval_samples_per_second': 85.139, 'eval_steps_per_second': 28.408, 'epoch': 0.75}
{'eval_loss': 0.39593157172203064, 'eval_content_rmse': 0.4875561594963074, 'eval_wording_rmse': 0.7444139122962952, 'eval_mcrmse': 0.6159850358963013, 'eval_runtime': 23.4461, 'eval_samples_per_second': 85.131, 'eval_steps_per_second': 28.406, 'epoch': 0.81}
{'loss': 0.3278, 'learning_rate': 6.6070806732443405e-06, 'epoch': 0.87}
{'eval_loss': 0.4984898269176483, 'eval_content_rmse': 0.5069057941436768, 'eval_wording_rmse': 0.8602476119995117, 'eval_mcrmse': 0.6835767030715942, 'eval_runtime': 23.4027, 'eval_samples_per_second': 85.289, 'eval_steps_per_second': 28.458, 'epoch': 0.87}
{'eval_loss': 0.3344351053237915, 'eval_content_rmse': 0.4958949089050293, 'eval_wording_rmse': 0.650352418422699, 'eval_mcrmse': 0.5731236934661865, 'eval_runtime': 23.4416, 'eval_samples_per_second': 85.148, 'eval_steps_per_second': 28.411, 'epoch': 0.93}
{'eval_loss': 0.42573171854019165, 'eval_content_rmse': 0.5208438038825989, 'eval_wording_rmse': 0.761698305606842, 'eval_mcrmse': 0.6412710547447205, 'eval_runtime': 23.4429, 'eval_samples_per_second': 85.143, 'eval_steps_per_second': 28.409, 'epoch': 0.99}
{'eval_loss': 0.30757689476013184, 'eval_content_rmse': 0.4685392379760742, 'eval_wording_rmse': 0.6289865970611572, 'eval_mcrmse': 0.5487629175186157, 'eval_runtime': 23.4438, 'eval_samples_per_second': 85.14, 'eval_steps_per_second': 28.408, 'epoch': 1.04}
{'eval_loss': 0.4218032956123352, 'eval_content_rmse': 0.5007420778274536, 'eval_wording_rmse': 0.7699766159057617, 'eval_mcrmse': 0.6353593468666077, 'eval_runtime': 23.4432, 'eval_samples_per_second': 85.142, 'eval_steps_per_second': 28.409, 'epoch': 1.1}
{'loss': 0.2604, 'learning_rate': 6.142774230992455e-06, 'epoch': 1.16}
{'eval_loss': 0.40993648767471313, 'eval_content_rmse': 0.5079450607299805, 'eval_wording_rmse': 0.7495762705802917, 'eval_mcrmse': 0.6287606954574585, 'eval_runtime': 23.394, 'eval_samples_per_second': 85.321, 'eval_steps_per_second': 28.469, 'epoch': 1.16}
{'eval_loss': 0.3453890383243561, 'eval_content_rmse': 0.46707475185394287, 'eval_wording_rmse': 0.6874729990959167, 'eval_mcrmse': 0.5772738456726074, 'eval_runtime': 23.4406, 'eval_samples_per_second': 85.151, 'eval_steps_per_second': 28.412, 'epoch': 1.22}
{'eval_loss': 0.4420130252838135, 'eval_content_rmse': 0.5008620619773865, 'eval_wording_rmse': 0.7957157492637634, 'eval_mcrmse': 0.648288905620575, 'eval_runtime': 23.4443, 'eval_samples_per_second': 85.138, 'eval_steps_per_second': 28.408, 'epoch': 1.28}
{'eval_loss': 0.4787941873073578, 'eval_content_rmse': 0.5152314305305481, 'eval_wording_rmse': 0.8319401741027832, 'eval_mcrmse': 0.6735857725143433, 'eval_runtime': 23.4375, 'eval_samples_per_second': 85.163, 'eval_steps_per_second': 28.416, 'epoch': 1.33}
{'eval_loss': 0.3727148473262787, 'eval_content_rmse': 0.5111114382743835, 'eval_wording_rmse': 0.6958411335945129, 'eval_mcrmse': 0.6034762859344482, 'eval_runtime': 23.4404, 'eval_samples_per_second': 85.152, 'eval_steps_per_second': 28.413, 'epoch': 1.39}
{'loss': 0.2028, 'learning_rate': 5.678467788740568e-06, 'epoch': 1.45}
{'eval_loss': 0.4199465811252594, 'eval_content_rmse': 0.5135254859924316, 'eval_wording_rmse': 0.7590686082839966, 'eval_mcrmse': 0.6362970471382141, 'eval_runtime': 23.3888, 'eval_samples_per_second': 85.34, 'eval_steps_per_second': 28.475, 'epoch': 1.45}
{'eval_loss': 0.2672322690486908, 'eval_content_rmse': 0.4656033515930176, 'eval_wording_rmse': 0.5636294484138489, 'eval_mcrmse': 0.5146163702011108, 'eval_runtime': 23.4437, 'eval_samples_per_second': 85.14, 'eval_steps_per_second': 28.409, 'epoch': 1.51}
{'eval_loss': 0.32328811287879944, 'eval_content_rmse': 0.46726447343826294, 'eval_wording_rmse': 0.6544005274772644, 'eval_mcrmse': 0.5608325004577637, 'eval_runtime': 23.4405, 'eval_samples_per_second': 85.152, 'eval_steps_per_second': 28.412, 'epoch': 1.57}
{'eval_loss': 0.4041377305984497, 'eval_content_rmse': 0.48905178904533386, 'eval_wording_rmse': 0.7543893456459045, 'eval_mcrmse': 0.621720552444458, 'eval_runtime': 23.4441, 'eval_samples_per_second': 85.139, 'eval_steps_per_second': 28.408, 'epoch': 1.63}
{'eval_loss': 0.388871967792511, 'eval_content_rmse': 0.4786253571510315, 'eval_wording_rmse': 0.7407168745994568, 'eval_mcrmse': 0.6096711158752441, 'eval_runtime': 23.4346, 'eval_samples_per_second': 85.173, 'eval_steps_per_second': 28.42, 'epoch': 1.68}
{'loss': 0.2047, 'learning_rate': 5.214161346488682e-06, 'epoch': 1.74}
{'eval_loss': 0.4658103585243225, 'eval_content_rmse': 0.4914731979370117, 'eval_wording_rmse': 0.8307079672813416, 'eval_mcrmse': 0.661090612411499, 'eval_runtime': 23.3923, 'eval_samples_per_second': 85.327, 'eval_steps_per_second': 28.471, 'epoch': 1.74}
{'eval_loss': 0.5158944129943848, 'eval_content_rmse': 0.4892108738422394, 'eval_wording_rmse': 0.8902028203010559, 'eval_mcrmse': 0.6897068619728088, 'eval_runtime': 23.4476, 'eval_samples_per_second': 85.126, 'eval_steps_per_second': 28.404, 'epoch': 1.8}
{'eval_loss': 0.4095064401626587, 'eval_content_rmse': 0.48481446504592896, 'eval_wording_rmse': 0.7641775012016296, 'eval_mcrmse': 0.6244959831237793, 'eval_runtime': 23.4471, 'eval_samples_per_second': 85.128, 'eval_steps_per_second': 28.404, 'epoch': 1.86}
{'eval_loss': 0.3897232413291931, 'eval_content_rmse': 0.507790744304657, 'eval_wording_rmse': 0.7222148776054382, 'eval_mcrmse': 0.6150028109550476, 'eval_runtime': 23.4374, 'eval_samples_per_second': 85.163, 'eval_steps_per_second': 28.416, 'epoch': 1.92}
{'eval_loss': 0.37468594312667847, 'eval_content_rmse': 0.47628068923950195, 'eval_wording_rmse': 0.7228618860244751, 'eval_mcrmse': 0.5995712876319885, 'eval_runtime': 23.4426, 'eval_samples_per_second': 85.144, 'eval_steps_per_second': 28.41, 'epoch': 1.97}
{'loss': 0.2045, 'learning_rate': 4.7498549042367965e-06, 'epoch': 2.03}
{'eval_loss': 0.337510347366333, 'eval_content_rmse': 0.4726835787296295, 'eval_wording_rmse': 0.6720051169395447, 'eval_mcrmse': 0.5723443627357483, 'eval_runtime': 23.4004, 'eval_samples_per_second': 85.298, 'eval_steps_per_second': 28.461, 'epoch': 2.03}
{'eval_loss': 0.4351404309272766, 'eval_content_rmse': 0.5061227083206177, 'eval_wording_rmse': 0.7836582660675049, 'eval_mcrmse': 0.6448904871940613, 'eval_runtime': 23.4448, 'eval_samples_per_second': 85.136, 'eval_steps_per_second': 28.407, 'epoch': 2.09}
{'eval_loss': 0.2572782337665558, 'eval_content_rmse': 0.43749645352363586, 'eval_wording_rmse': 0.5684655904769897, 'eval_mcrmse': 0.5029810070991516, 'eval_runtime': 23.4348, 'eval_samples_per_second': 85.173, 'eval_steps_per_second': 28.419, 'epoch': 2.15}
{'eval_loss': 0.3122672140598297, 'eval_content_rmse': 0.5138628482818604, 'eval_wording_rmse': 0.6003990173339844, 'eval_mcrmse': 0.5571309328079224, 'eval_runtime': 23.4397, 'eval_samples_per_second': 85.155, 'eval_steps_per_second': 28.413, 'epoch': 2.21}
{'eval_loss': 0.37296262383461, 'eval_content_rmse': 0.48043787479400635, 'eval_wording_rmse': 0.7177077531814575, 'eval_mcrmse': 0.5990728139877319, 'eval_runtime': 23.4452, 'eval_samples_per_second': 85.135, 'eval_steps_per_second': 28.407, 'epoch': 2.26}
{'loss': 0.1364, 'learning_rate': 4.28554846198491e-06, 'epoch': 2.32}
{'eval_loss': 0.35547196865081787, 'eval_content_rmse': 0.4768381714820862, 'eval_wording_rmse': 0.6953913569450378, 'eval_mcrmse': 0.586114764213562, 'eval_runtime': 23.4011, 'eval_samples_per_second': 85.295, 'eval_steps_per_second': 28.46, 'epoch': 2.32}
{'eval_loss': 0.3133977949619293, 'eval_content_rmse': 0.48289933800697327, 'eval_wording_rmse': 0.6273782849311829, 'eval_mcrmse': 0.5551388263702393, 'eval_runtime': 23.4402, 'eval_samples_per_second': 85.153, 'eval_steps_per_second': 28.413, 'epoch': 2.38}
{'eval_loss': 0.42606863379478455, 'eval_content_rmse': 0.4869205951690674, 'eval_wording_rmse': 0.7842485308647156, 'eval_mcrmse': 0.6355845928192139, 'eval_runtime': 23.4459, 'eval_samples_per_second': 85.132, 'eval_steps_per_second': 28.406, 'epoch': 2.44}
{'eval_loss': 0.4130055010318756, 'eval_content_rmse': 0.4851072430610657, 'eval_wording_rmse': 0.7685577273368835, 'eval_mcrmse': 0.6268324851989746, 'eval_runtime': 23.4434, 'eval_samples_per_second': 85.141, 'eval_steps_per_second': 28.409, 'epoch': 2.5}
{'eval_loss': 0.3905661702156067, 'eval_content_rmse': 0.47725123167037964, 'eval_wording_rmse': 0.7438837885856628, 'eval_mcrmse': 0.6105675101280212, 'eval_runtime': 23.4449, 'eval_samples_per_second': 85.136, 'eval_steps_per_second': 28.407, 'epoch': 2.55}
{'loss': 0.1212, 'learning_rate': 3.821242019733024e-06, 'epoch': 2.61}
{'eval_loss': 0.2802738547325134, 'eval_content_rmse': 0.45827436447143555, 'eval_wording_rmse': 0.5920576453208923, 'eval_mcrmse': 0.5251660346984863, 'eval_runtime': 23.3997, 'eval_samples_per_second': 85.3, 'eval_steps_per_second': 28.462, 'epoch': 2.61}
{'eval_loss': 0.39613595604896545, 'eval_content_rmse': 0.4679298996925354, 'eval_wording_rmse': 0.7571744322776794, 'eval_mcrmse': 0.6125521659851074, 'eval_runtime': 23.4508, 'eval_samples_per_second': 85.114, 'eval_steps_per_second': 28.4, 'epoch': 2.67}
{'eval_loss': 0.3983505368232727, 'eval_content_rmse': 0.4896453320980072, 'eval_wording_rmse': 0.7462897300720215, 'eval_mcrmse': 0.6179675459861755, 'eval_runtime': 23.447, 'eval_samples_per_second': 85.128, 'eval_steps_per_second': 28.404, 'epoch': 2.73}
{'eval_loss': 0.3709755539894104, 'eval_content_rmse': 0.5007540583610535, 'eval_wording_rmse': 0.7008541822433472, 'eval_mcrmse': 0.6008040904998779, 'eval_runtime': 23.4534, 'eval_samples_per_second': 85.105, 'eval_steps_per_second': 28.397, 'epoch': 2.79}
{'eval_loss': 0.362276166677475, 'eval_content_rmse': 0.4973902404308319, 'eval_wording_rmse': 0.690764307975769, 'eval_mcrmse': 0.5940772891044617, 'eval_runtime': 23.4592, 'eval_samples_per_second': 85.084, 'eval_steps_per_second': 28.39, 'epoch': 2.84}
{'loss': 0.1223, 'learning_rate': 3.3569355774811374e-06, 'epoch': 2.9}
{'eval_loss': 0.3306410014629364, 'eval_content_rmse': 0.4790951907634735, 'eval_wording_rmse': 0.6570767760276794, 'eval_mcrmse': 0.5680859684944153, 'eval_runtime': 23.4019, 'eval_samples_per_second': 85.292, 'eval_steps_per_second': 28.459, 'epoch': 2.9}
{'eval_loss': 0.38413864374160767, 'eval_content_rmse': 0.5312533378601074, 'eval_wording_rmse': 0.6971709132194519, 'eval_mcrmse': 0.614212155342102, 'eval_runtime': 23.4497, 'eval_samples_per_second': 85.118, 'eval_steps_per_second': 28.401, 'epoch': 2.96}
{'eval_loss': 0.3535501956939697, 'eval_content_rmse': 0.4923448860645294, 'eval_wording_rmse': 0.6816871166229248, 'eval_mcrmse': 0.5870159864425659, 'eval_runtime': 23.4454, 'eval_samples_per_second': 85.134, 'eval_steps_per_second': 28.406, 'epoch': 3.02}
{'eval_loss': 0.3836438059806824, 'eval_content_rmse': 0.5110034942626953, 'eval_wording_rmse': 0.7114511728286743, 'eval_mcrmse': 0.6112273335456848, 'eval_runtime': 23.4481, 'eval_samples_per_second': 85.124, 'eval_steps_per_second': 28.403, 'epoch': 3.08}
{'eval_loss': 0.36813169717788696, 'eval_content_rmse': 0.4911019802093506, 'eval_wording_rmse': 0.7036207914352417, 'eval_mcrmse': 0.5973613858222961, 'eval_runtime': 23.4419, 'eval_samples_per_second': 85.147, 'eval_steps_per_second': 28.411, 'epoch': 3.13}
{'loss': 0.0851, 'learning_rate': 2.892629135229251e-06, 'epoch': 3.19}
{'eval_loss': 0.4232279360294342, 'eval_content_rmse': 0.5596426725387573, 'eval_wording_rmse': 0.7302435040473938, 'eval_mcrmse': 0.644943118095398, 'eval_runtime': 23.4087, 'eval_samples_per_second': 85.268, 'eval_steps_per_second': 28.451, 'epoch': 3.19}
{'eval_loss': 0.3604608476161957, 'eval_content_rmse': 0.4971644878387451, 'eval_wording_rmse': 0.6882939338684082, 'eval_mcrmse': 0.5927292108535767, 'eval_runtime': 23.4608, 'eval_samples_per_second': 85.078, 'eval_steps_per_second': 28.388, 'epoch': 3.25}
{'eval_loss': 0.4105726480484009, 'eval_content_rmse': 0.49874335527420044, 'eval_wording_rmse': 0.7565711140632629, 'eval_mcrmse': 0.6276572346687317, 'eval_runtime': 23.4495, 'eval_samples_per_second': 85.119, 'eval_steps_per_second': 28.402, 'epoch': 3.31}
{'eval_loss': 0.41195860505104065, 'eval_content_rmse': 0.49647921323776245, 'eval_wording_rmse': 0.7598851919174194, 'eval_mcrmse': 0.6281821727752686, 'eval_runtime': 23.4529, 'eval_samples_per_second': 85.107, 'eval_steps_per_second': 28.397, 'epoch': 3.37}
{'eval_loss': 0.37505844235420227, 'eval_content_rmse': 0.5155138969421387, 'eval_wording_rmse': 0.6959612965583801, 'eval_mcrmse': 0.605737566947937, 'eval_runtime': 23.4487, 'eval_samples_per_second': 85.122, 'eval_steps_per_second': 28.402, 'epoch': 3.42}
{'loss': 0.072, 'learning_rate': 2.428322692977365e-06, 'epoch': 3.48}
{'eval_loss': 0.39397087693214417, 'eval_content_rmse': 0.5399478673934937, 'eval_wording_rmse': 0.7045553922653198, 'eval_mcrmse': 0.6222516298294067, 'eval_runtime': 23.3988, 'eval_samples_per_second': 85.303, 'eval_steps_per_second': 28.463, 'epoch': 3.48}
{'eval_loss': 0.4444063603878021, 'eval_content_rmse': 0.5153860449790955, 'eval_wording_rmse': 0.7894241213798523, 'eval_mcrmse': 0.6524050831794739, 'eval_runtime': 23.4485, 'eval_samples_per_second': 85.123, 'eval_steps_per_second': 28.403, 'epoch': 3.54}
{'eval_loss': 0.36027762293815613, 'eval_content_rmse': 0.5030897259712219, 'eval_wording_rmse': 0.683707594871521, 'eval_mcrmse': 0.5933986902236938, 'eval_runtime': 23.4395, 'eval_samples_per_second': 85.156, 'eval_steps_per_second': 28.414, 'epoch': 3.6}
{'eval_loss': 0.3751916289329529, 'eval_content_rmse': 0.5311091542243958, 'eval_wording_rmse': 0.6843293309211731, 'eval_mcrmse': 0.6077192425727844, 'eval_runtime': 23.4561, 'eval_samples_per_second': 85.095, 'eval_steps_per_second': 28.394, 'epoch': 3.66}
{'eval_loss': 0.39212581515312195, 'eval_content_rmse': 0.507362425327301, 'eval_wording_rmse': 0.7258338928222656, 'eval_mcrmse': 0.6165981292724609, 'eval_runtime': 23.4447, 'eval_samples_per_second': 85.136, 'eval_steps_per_second': 28.407, 'epoch': 3.71}
{'loss': 0.0647, 'learning_rate': 1.9640162507254787e-06, 'epoch': 3.77}
{'eval_loss': 0.40759050846099854, 'eval_content_rmse': 0.5166698694229126, 'eval_wording_rmse': 0.7404277324676514, 'eval_mcrmse': 0.628548800945282, 'eval_runtime': 23.4029, 'eval_samples_per_second': 85.289, 'eval_steps_per_second': 28.458, 'epoch': 3.77}
{'eval_loss': 0.41859135031700134, 'eval_content_rmse': 0.5842693448066711, 'eval_wording_rmse': 0.704139232635498, 'eval_mcrmse': 0.6442042589187622, 'eval_runtime': 23.444, 'eval_samples_per_second': 85.139, 'eval_steps_per_second': 28.408, 'epoch': 3.83}
{'eval_loss': 0.41881582140922546, 'eval_content_rmse': 0.52549147605896, 'eval_wording_rmse': 0.7493264675140381, 'eval_mcrmse': 0.637408971786499, 'eval_runtime': 23.438, 'eval_samples_per_second': 85.161, 'eval_steps_per_second': 28.415, 'epoch': 3.89}
{'eval_loss': 0.38477182388305664, 'eval_content_rmse': 0.4988572597503662, 'eval_wording_rmse': 0.7215850353240967, 'eval_mcrmse': 0.6102211475372314, 'eval_runtime': 23.4385, 'eval_samples_per_second': 85.159, 'eval_steps_per_second': 28.415, 'epoch': 3.95}
{'eval_loss': 0.4214664101600647, 'eval_content_rmse': 0.5114055275917053, 'eval_wording_rmse': 0.7624937891960144, 'eval_mcrmse': 0.6369496583938599, 'eval_runtime': 23.4402, 'eval_samples_per_second': 85.153, 'eval_steps_per_second': 28.413, 'epoch': 4.0}
{'loss': 0.0557, 'learning_rate': 1.4997098084735924e-06, 'epoch': 4.06}
{'eval_loss': 0.42333123087882996, 'eval_content_rmse': 0.5234785079956055, 'eval_wording_rmse': 0.7567249536514282, 'eval_mcrmse': 0.6401017308235168, 'eval_runtime': 23.3961, 'eval_samples_per_second': 85.313, 'eval_steps_per_second': 28.466, 'epoch': 4.06}
{'eval_loss': 0.39926716685295105, 'eval_content_rmse': 0.517379879951477, 'eval_wording_rmse': 0.728596031665802, 'eval_mcrmse': 0.6229879856109619, 'eval_runtime': 23.4459, 'eval_samples_per_second': 85.132, 'eval_steps_per_second': 28.406, 'epoch': 4.12}
{'eval_loss': 0.41221651434898376, 'eval_content_rmse': 0.5292444825172424, 'eval_wording_rmse': 0.7377893328666687, 'eval_mcrmse': 0.6335169076919556, 'eval_runtime': 23.4455, 'eval_samples_per_second': 85.134, 'eval_steps_per_second': 28.406, 'epoch': 4.18}
{'eval_loss': 0.4001375138759613, 'eval_content_rmse': 0.5169830322265625, 'eval_wording_rmse': 0.730070948600769, 'eval_mcrmse': 0.6235269904136658, 'eval_runtime': 23.4421, 'eval_samples_per_second': 85.146, 'eval_steps_per_second': 28.41, 'epoch': 4.24}
{'eval_loss': 0.41226544976234436, 'eval_content_rmse': 0.5223814249038696, 'eval_wording_rmse': 0.7427304983139038, 'eval_mcrmse': 0.6325559616088867, 'eval_runtime': 23.447, 'eval_samples_per_second': 85.128, 'eval_steps_per_second': 28.404, 'epoch': 4.29}
{'loss': 0.0351, 'learning_rate': 1.0354033662217062e-06, 'epoch': 4.35}
{'eval_loss': 0.3811209797859192, 'eval_content_rmse': 0.5079846382141113, 'eval_wording_rmse': 0.7100657224655151, 'eval_mcrmse': 0.6090251803398132, 'eval_runtime': 23.4043, 'eval_samples_per_second': 85.283, 'eval_steps_per_second': 28.456, 'epoch': 4.35}
{'eval_loss': 0.38639959692955017, 'eval_content_rmse': 0.5056698322296143, 'eval_wording_rmse': 0.7190945148468018, 'eval_mcrmse': 0.612382173538208, 'eval_runtime': 23.4468, 'eval_samples_per_second': 85.129, 'eval_steps_per_second': 28.405, 'epoch': 4.41}
{'eval_loss': 0.3750413954257965, 'eval_content_rmse': 0.5157214403152466, 'eval_wording_rmse': 0.6957827806472778, 'eval_mcrmse': 0.6057521104812622, 'eval_runtime': 23.4425, 'eval_samples_per_second': 85.144, 'eval_steps_per_second': 28.41, 'epoch': 4.47}
{'eval_loss': 0.40324828028678894, 'eval_content_rmse': 0.5095234513282776, 'eval_wording_rmse': 0.7395150065422058, 'eval_mcrmse': 0.6245192289352417, 'eval_runtime': 23.4461, 'eval_samples_per_second': 85.131, 'eval_steps_per_second': 28.406, 'epoch': 4.53}
{'eval_loss': 0.35918354988098145, 'eval_content_rmse': 0.5028373599052429, 'eval_wording_rmse': 0.6822913289070129, 'eval_mcrmse': 0.5925643444061279, 'eval_runtime': 23.4484, 'eval_samples_per_second': 85.123, 'eval_steps_per_second': 28.403, 'epoch': 4.59}
{'loss': 0.0343, 'learning_rate': 5.7109692396982e-07, 'epoch': 4.64}
{'eval_loss': 0.3677171766757965, 'eval_content_rmse': 0.502484917640686, 'eval_wording_rmse': 0.6949409246444702, 'eval_mcrmse': 0.5987129211425781, 'eval_runtime': 23.4067, 'eval_samples_per_second': 85.275, 'eval_steps_per_second': 28.453, 'epoch': 4.64}
{'eval_loss': 0.36680957674980164, 'eval_content_rmse': 0.5158240795135498, 'eval_wording_rmse': 0.6837723255157471, 'eval_mcrmse': 0.5997982025146484, 'eval_runtime': 23.4423, 'eval_samples_per_second': 85.145, 'eval_steps_per_second': 28.41, 'epoch': 4.7}
{'eval_loss': 0.3900299370288849, 'eval_content_rmse': 0.5096459984779358, 'eval_wording_rmse': 0.7213326096534729, 'eval_mcrmse': 0.6154893040657043, 'eval_runtime': 23.4467, 'eval_samples_per_second': 85.129, 'eval_steps_per_second': 28.405, 'epoch': 4.76}
{'eval_loss': 0.3798275291919708, 'eval_content_rmse': 0.5255297422409058, 'eval_wording_rmse': 0.6953227519989014, 'eval_mcrmse': 0.6104262471199036, 'eval_runtime': 23.4415, 'eval_samples_per_second': 85.148, 'eval_steps_per_second': 28.411, 'epoch': 4.82}
{'eval_loss': 0.38953396677970886, 'eval_content_rmse': 0.5075348019599915, 'eval_wording_rmse': 0.7221332788467407, 'eval_mcrmse': 0.6148340702056885, 'eval_runtime': 23.4428, 'eval_samples_per_second': 85.143, 'eval_steps_per_second': 28.41, 'epoch': 4.88}
{'loss': 0.0357, 'learning_rate': 1.0679048171793383e-07, 'epoch': 4.93}
{'eval_loss': 0.39004212617874146, 'eval_content_rmse': 0.513458251953125, 'eval_wording_rmse': 0.7186412215232849, 'eval_mcrmse': 0.6160497665405273, 'eval_runtime': 23.4004, 'eval_samples_per_second': 85.298, 'eval_steps_per_second': 28.461, 'epoch': 4.93}
{'eval_loss': 0.3848653733730316, 'eval_content_rmse': 0.5126457810401917, 'eval_wording_rmse': 0.7119864821434021, 'eval_mcrmse': 0.6123161315917969, 'eval_runtime': 23.4383, 'eval_samples_per_second': 85.16, 'eval_steps_per_second': 28.415, 'epoch': 4.99}
{'train_runtime': 3611.636, 'train_samples_per_second': 7.156, 'train_steps_per_second': 2.385, 'train_loss': 0.16259164854460376, 'epoch': 5.0}
finish training
fold 3:
load model:  debertav3large
model_fold_dir debertav3large_lr8e-06_clean_text/fold_3/3
start training
{'eval_loss': 0.7278313636779785, 'eval_content_rmse': 0.6165934205055237, 'eval_wording_rmse': 1.0370512008666992, 'eval_mcrmse': 0.8268222808837891, 'eval_runtime': 11.9105, 'eval_samples_per_second': 92.608, 'eval_steps_per_second': 30.897, 'epoch': 0.05}
{'eval_loss': 0.5707190632820129, 'eval_content_rmse': 0.6748232841491699, 'eval_wording_rmse': 0.8282822370529175, 'eval_mcrmse': 0.7515527606010437, 'eval_runtime': 11.9104, 'eval_samples_per_second': 92.608, 'eval_steps_per_second': 30.897, 'epoch': 0.1}
{'eval_loss': 0.5295491218566895, 'eval_content_rmse': 0.5807097554206848, 'eval_wording_rmse': 0.8496322631835938, 'eval_mcrmse': 0.7151709794998169, 'eval_runtime': 11.9081, 'eval_samples_per_second': 92.626, 'eval_steps_per_second': 30.903, 'epoch': 0.15}
{'eval_loss': 0.6354868412017822, 'eval_content_rmse': 0.5568951368331909, 'eval_wording_rmse': 0.9802250266075134, 'eval_mcrmse': 0.7685600519180298, 'eval_runtime': 11.9082, 'eval_samples_per_second': 92.625, 'eval_steps_per_second': 30.903, 'epoch': 0.2}
{'loss': 0.4319, 'learning_rate': 7.604156358238495e-06, 'epoch': 0.25}
{'eval_loss': 0.4922814667224884, 'eval_content_rmse': 0.5282282829284668, 'eval_wording_rmse': 0.8399627804756165, 'eval_mcrmse': 0.6840955018997192, 'eval_runtime': 11.8659, 'eval_samples_per_second': 92.955, 'eval_steps_per_second': 31.013, 'epoch': 0.25}
{'eval_loss': 0.5163354277610779, 'eval_content_rmse': 0.6142732501029968, 'eval_wording_rmse': 0.8095301389694214, 'eval_mcrmse': 0.7119016647338867, 'eval_runtime': 11.9062, 'eval_samples_per_second': 92.641, 'eval_steps_per_second': 30.908, 'epoch': 0.3}
{'eval_loss': 0.5780118703842163, 'eval_content_rmse': 0.5528521537780762, 'eval_wording_rmse': 0.9221596121788025, 'eval_mcrmse': 0.7375059127807617, 'eval_runtime': 11.907, 'eval_samples_per_second': 92.635, 'eval_steps_per_second': 30.906, 'epoch': 0.35}
{'eval_loss': 0.5735355019569397, 'eval_content_rmse': 0.7105658054351807, 'eval_wording_rmse': 0.8013535141944885, 'eval_mcrmse': 0.7559596300125122, 'eval_runtime': 11.9061, 'eval_samples_per_second': 92.641, 'eval_steps_per_second': 30.908, 'epoch': 0.4}
{'eval_loss': 0.3849540948867798, 'eval_content_rmse': 0.5045259594917297, 'eval_wording_rmse': 0.7178869247436523, 'eval_mcrmse': 0.6112064123153687, 'eval_runtime': 11.9087, 'eval_samples_per_second': 92.621, 'eval_steps_per_second': 30.902, 'epoch': 0.45}
{'loss': 0.3012, 'learning_rate': 7.208312716476991e-06, 'epoch': 0.49}
{'eval_loss': 0.4906315803527832, 'eval_content_rmse': 0.5838250517845154, 'eval_wording_rmse': 0.8002569079399109, 'eval_mcrmse': 0.6920409798622131, 'eval_runtime': 11.8609, 'eval_samples_per_second': 92.995, 'eval_steps_per_second': 31.026, 'epoch': 0.49}
{'eval_loss': 0.40390682220458984, 'eval_content_rmse': 0.48758313059806824, 'eval_wording_rmse': 0.7550343871116638, 'eval_mcrmse': 0.6213087439537048, 'eval_runtime': 11.9082, 'eval_samples_per_second': 92.625, 'eval_steps_per_second': 30.903, 'epoch': 0.54}
{'eval_loss': 0.4375849962234497, 'eval_content_rmse': 0.569717526435852, 'eval_wording_rmse': 0.7420188188552856, 'eval_mcrmse': 0.6558681726455688, 'eval_runtime': 11.9106, 'eval_samples_per_second': 92.606, 'eval_steps_per_second': 30.897, 'epoch': 0.59}
{'eval_loss': 0.40686848759651184, 'eval_content_rmse': 0.5165068507194519, 'eval_wording_rmse': 0.7395656704902649, 'eval_mcrmse': 0.6280362606048584, 'eval_runtime': 11.9099, 'eval_samples_per_second': 92.612, 'eval_steps_per_second': 30.899, 'epoch': 0.64}
{'eval_loss': 0.5993152260780334, 'eval_content_rmse': 0.5733885765075684, 'eval_wording_rmse': 0.9326605200767517, 'eval_mcrmse': 0.7530245780944824, 'eval_runtime': 11.9066, 'eval_samples_per_second': 92.638, 'eval_steps_per_second': 30.907, 'epoch': 0.69}
{'loss': 0.2846, 'learning_rate': 6.812469074715487e-06, 'epoch': 0.74}
{'eval_loss': 0.3867935240268707, 'eval_content_rmse': 0.5008647441864014, 'eval_wording_rmse': 0.7229946851730347, 'eval_mcrmse': 0.611929714679718, 'eval_runtime': 11.8613, 'eval_samples_per_second': 92.991, 'eval_steps_per_second': 31.025, 'epoch': 0.74}
{'eval_loss': 0.4334048628807068, 'eval_content_rmse': 0.5527904629707336, 'eval_wording_rmse': 0.749154269695282, 'eval_mcrmse': 0.6509723663330078, 'eval_runtime': 11.9085, 'eval_samples_per_second': 92.623, 'eval_steps_per_second': 30.902, 'epoch': 0.79}
{'eval_loss': 0.39804965257644653, 'eval_content_rmse': 0.4988238513469696, 'eval_wording_rmse': 0.7397799491882324, 'eval_mcrmse': 0.6193019151687622, 'eval_runtime': 11.9049, 'eval_samples_per_second': 92.651, 'eval_steps_per_second': 30.912, 'epoch': 0.84}
{'eval_loss': 0.3820452094078064, 'eval_content_rmse': 0.5028054118156433, 'eval_wording_rmse': 0.7150366902351379, 'eval_mcrmse': 0.6089210510253906, 'eval_runtime': 11.9028, 'eval_samples_per_second': 92.667, 'eval_steps_per_second': 30.917, 'epoch': 0.89}
{'eval_loss': 0.3891989588737488, 'eval_content_rmse': 0.500949501991272, 'eval_wording_rmse': 0.7262561321258545, 'eval_mcrmse': 0.6136028170585632, 'eval_runtime': 11.9079, 'eval_samples_per_second': 92.628, 'eval_steps_per_second': 30.904, 'epoch': 0.94}
{'loss': 0.2585, 'learning_rate': 6.416625432953983e-06, 'epoch': 0.99}
{'eval_loss': 0.40262749791145325, 'eval_content_rmse': 0.5515795350074768, 'eval_wording_rmse': 0.7078239917755127, 'eval_mcrmse': 0.6297017335891724, 'eval_runtime': 11.8621, 'eval_samples_per_second': 92.986, 'eval_steps_per_second': 31.023, 'epoch': 0.99}
{'eval_loss': 0.37335464358329773, 'eval_content_rmse': 0.4894880950450897, 'eval_wording_rmse': 0.7121167778968811, 'eval_mcrmse': 0.6008024215698242, 'eval_runtime': 11.9144, 'eval_samples_per_second': 92.577, 'eval_steps_per_second': 30.887, 'epoch': 1.04}
{'eval_loss': 0.3968987464904785, 'eval_content_rmse': 0.4976358115673065, 'eval_wording_rmse': 0.739023745059967, 'eval_mcrmse': 0.6183297634124756, 'eval_runtime': 11.9092, 'eval_samples_per_second': 92.617, 'eval_steps_per_second': 30.9, 'epoch': 1.09}
{'eval_loss': 0.47724080085754395, 'eval_content_rmse': 0.6658412218093872, 'eval_wording_rmse': 0.7149381041526794, 'eval_mcrmse': 0.6903896331787109, 'eval_runtime': 11.9094, 'eval_samples_per_second': 92.616, 'eval_steps_per_second': 30.9, 'epoch': 1.14}
{'eval_loss': 0.3869004547595978, 'eval_content_rmse': 0.5141375064849854, 'eval_wording_rmse': 0.713766872882843, 'eval_mcrmse': 0.6139521598815918, 'eval_runtime': 11.908, 'eval_samples_per_second': 92.627, 'eval_steps_per_second': 30.904, 'epoch': 1.19}
{'loss': 0.189, 'learning_rate': 6.020781791192479e-06, 'epoch': 1.24}
{'eval_loss': 0.4128904640674591, 'eval_content_rmse': 0.5463063716888428, 'eval_wording_rmse': 0.72617506980896, 'eval_mcrmse': 0.6362407207489014, 'eval_runtime': 11.8719, 'eval_samples_per_second': 92.909, 'eval_steps_per_second': 30.998, 'epoch': 1.24}
{'eval_loss': 0.458659827709198, 'eval_content_rmse': 0.6305598020553589, 'eval_wording_rmse': 0.7209117412567139, 'eval_mcrmse': 0.6757357716560364, 'eval_runtime': 11.9062, 'eval_samples_per_second': 92.641, 'eval_steps_per_second': 30.908, 'epoch': 1.29}
{'eval_loss': 0.3821917474269867, 'eval_content_rmse': 0.47090816497802734, 'eval_wording_rmse': 0.7366337180137634, 'eval_mcrmse': 0.6037709712982178, 'eval_runtime': 11.9103, 'eval_samples_per_second': 92.609, 'eval_steps_per_second': 30.898, 'epoch': 1.34}
{'eval_loss': 0.433650940656662, 'eval_content_rmse': 0.598552405834198, 'eval_wording_rmse': 0.7134684920310974, 'eval_mcrmse': 0.6560104489326477, 'eval_runtime': 11.9037, 'eval_samples_per_second': 92.661, 'eval_steps_per_second': 30.915, 'epoch': 1.39}
{'eval_loss': 0.4164479374885559, 'eval_content_rmse': 0.5857405066490173, 'eval_wording_rmse': 0.699860155582428, 'eval_mcrmse': 0.6428003311157227, 'eval_runtime': 11.9061, 'eval_samples_per_second': 92.642, 'eval_steps_per_second': 30.909, 'epoch': 1.43}
{'loss': 0.1857, 'learning_rate': 5.624938149430974e-06, 'epoch': 1.48}
{'eval_loss': 0.473642498254776, 'eval_content_rmse': 0.6117773652076721, 'eval_wording_rmse': 0.7569766640663147, 'eval_mcrmse': 0.6843770146369934, 'eval_runtime': 11.8604, 'eval_samples_per_second': 92.998, 'eval_steps_per_second': 31.028, 'epoch': 1.48}
{'eval_loss': 0.357461541891098, 'eval_content_rmse': 0.4738352596759796, 'eval_wording_rmse': 0.700287938117981, 'eval_mcrmse': 0.5870615839958191, 'eval_runtime': 11.9142, 'eval_samples_per_second': 92.578, 'eval_steps_per_second': 30.887, 'epoch': 1.53}
{'eval_loss': 0.4071873724460602, 'eval_content_rmse': 0.5031657814979553, 'eval_wording_rmse': 0.749131977558136, 'eval_mcrmse': 0.6261488795280457, 'eval_runtime': 11.9115, 'eval_samples_per_second': 92.6, 'eval_steps_per_second': 30.895, 'epoch': 1.58}
{'eval_loss': 0.47217217087745667, 'eval_content_rmse': 0.6143321394920349, 'eval_wording_rmse': 0.752954363822937, 'eval_mcrmse': 0.6836432218551636, 'eval_runtime': 11.9132, 'eval_samples_per_second': 92.587, 'eval_steps_per_second': 30.89, 'epoch': 1.63}
{'eval_loss': 0.39944693446159363, 'eval_content_rmse': 0.5163654685020447, 'eval_wording_rmse': 0.7295616269111633, 'eval_mcrmse': 0.622963547706604, 'eval_runtime': 11.9087, 'eval_samples_per_second': 92.621, 'eval_steps_per_second': 30.902, 'epoch': 1.68}
{'loss': 0.1876, 'learning_rate': 5.22909450766947e-06, 'epoch': 1.73}
{'eval_loss': 0.4002770781517029, 'eval_content_rmse': 0.5538907051086426, 'eval_wording_rmse': 0.7026798725128174, 'eval_mcrmse': 0.62828528881073, 'eval_runtime': 11.8631, 'eval_samples_per_second': 92.977, 'eval_steps_per_second': 31.021, 'epoch': 1.73}
{'eval_loss': 0.3805375397205353, 'eval_content_rmse': 0.5047426819801331, 'eval_wording_rmse': 0.7115546464920044, 'eval_mcrmse': 0.6081486940383911, 'eval_runtime': 11.9091, 'eval_samples_per_second': 92.618, 'eval_steps_per_second': 30.901, 'epoch': 1.78}
{'eval_loss': 0.4476851224899292, 'eval_content_rmse': 0.6140998601913452, 'eval_wording_rmse': 0.7198967933654785, 'eval_mcrmse': 0.6669983267784119, 'eval_runtime': 11.9138, 'eval_samples_per_second': 92.581, 'eval_steps_per_second': 30.888, 'epoch': 1.83}
{'eval_loss': 0.3749789595603943, 'eval_content_rmse': 0.4931599795818329, 'eval_wording_rmse': 0.7118643522262573, 'eval_mcrmse': 0.6025121808052063, 'eval_runtime': 11.9079, 'eval_samples_per_second': 92.628, 'eval_steps_per_second': 30.904, 'epoch': 1.88}
{'eval_loss': 0.3889482319355011, 'eval_content_rmse': 0.5203477144241333, 'eval_wording_rmse': 0.7121338248252869, 'eval_mcrmse': 0.6162407398223877, 'eval_runtime': 11.9086, 'eval_samples_per_second': 92.622, 'eval_steps_per_second': 30.902, 'epoch': 1.93}
{'loss': 0.1959, 'learning_rate': 4.833250865907966e-06, 'epoch': 1.98}
{'eval_loss': 0.46608248353004456, 'eval_content_rmse': 0.6144726276397705, 'eval_wording_rmse': 0.7447066307067871, 'eval_mcrmse': 0.6795896291732788, 'eval_runtime': 11.8596, 'eval_samples_per_second': 93.005, 'eval_steps_per_second': 31.03, 'epoch': 1.98}
{'eval_loss': 0.39277946949005127, 'eval_content_rmse': 0.5258803367614746, 'eval_wording_rmse': 0.7134484648704529, 'eval_mcrmse': 0.6196644306182861, 'eval_runtime': 11.9102, 'eval_samples_per_second': 92.61, 'eval_steps_per_second': 30.898, 'epoch': 2.03}
{'eval_loss': 0.3678058683872223, 'eval_content_rmse': 0.4940195679664612, 'eval_wording_rmse': 0.7011105418205261, 'eval_mcrmse': 0.5975650548934937, 'eval_runtime': 11.9073, 'eval_samples_per_second': 92.632, 'eval_steps_per_second': 30.905, 'epoch': 2.08}
{'eval_loss': 0.4182010591030121, 'eval_content_rmse': 0.5685741901397705, 'eval_wording_rmse': 0.7163274884223938, 'eval_mcrmse': 0.6424508094787598, 'eval_runtime': 11.9074, 'eval_samples_per_second': 92.631, 'eval_steps_per_second': 30.905, 'epoch': 2.13}
{'eval_loss': 0.387484610080719, 'eval_content_rmse': 0.5471014976501465, 'eval_wording_rmse': 0.6896731853485107, 'eval_mcrmse': 0.6183873414993286, 'eval_runtime': 11.9093, 'eval_samples_per_second': 92.617, 'eval_steps_per_second': 30.9, 'epoch': 2.18}
{'loss': 0.1196, 'learning_rate': 4.437407224146461e-06, 'epoch': 2.23}
{'eval_loss': 0.3816011846065521, 'eval_content_rmse': 0.5140677690505981, 'eval_wording_rmse': 0.706354558467865, 'eval_mcrmse': 0.6102111339569092, 'eval_runtime': 11.8676, 'eval_samples_per_second': 92.942, 'eval_steps_per_second': 31.009, 'epoch': 2.23}
{'eval_loss': 0.4223320782184601, 'eval_content_rmse': 0.581072986125946, 'eval_wording_rmse': 0.7120521068572998, 'eval_mcrmse': 0.6465625762939453, 'eval_runtime': 11.9138, 'eval_samples_per_second': 92.582, 'eval_steps_per_second': 30.889, 'epoch': 2.28}
{'eval_loss': 0.414514422416687, 'eval_content_rmse': 0.569499671459198, 'eval_wording_rmse': 0.7104216814041138, 'eval_mcrmse': 0.6399606466293335, 'eval_runtime': 11.9133, 'eval_samples_per_second': 92.586, 'eval_steps_per_second': 30.89, 'epoch': 2.33}
{'eval_loss': 0.38259851932525635, 'eval_content_rmse': 0.4936269223690033, 'eval_wording_rmse': 0.722170352935791, 'eval_mcrmse': 0.6078986525535583, 'eval_runtime': 11.9096, 'eval_samples_per_second': 92.614, 'eval_steps_per_second': 30.899, 'epoch': 2.38}
{'eval_loss': 0.4769240617752075, 'eval_content_rmse': 0.6747970581054688, 'eval_wording_rmse': 0.7060434222221375, 'eval_mcrmse': 0.6904202699661255, 'eval_runtime': 11.9107, 'eval_samples_per_second': 92.606, 'eval_steps_per_second': 30.897, 'epoch': 2.42}
{'loss': 0.1165, 'learning_rate': 4.041563582384958e-06, 'epoch': 2.47}
{'eval_loss': 0.42436638474464417, 'eval_content_rmse': 0.5375619530677795, 'eval_wording_rmse': 0.7481711506843567, 'eval_mcrmse': 0.6428665518760681, 'eval_runtime': 11.8623, 'eval_samples_per_second': 92.984, 'eval_steps_per_second': 31.023, 'epoch': 2.47}
{'eval_loss': 0.4079305827617645, 'eval_content_rmse': 0.5519132018089294, 'eval_wording_rmse': 0.715019702911377, 'eval_mcrmse': 0.6334664821624756, 'eval_runtime': 11.9123, 'eval_samples_per_second': 92.593, 'eval_steps_per_second': 30.892, 'epoch': 2.52}
{'eval_loss': 0.3595592677593231, 'eval_content_rmse': 0.4967755079269409, 'eval_wording_rmse': 0.6872648000717163, 'eval_mcrmse': 0.5920201539993286, 'eval_runtime': 11.9101, 'eval_samples_per_second': 92.61, 'eval_steps_per_second': 30.898, 'epoch': 2.57}
{'eval_loss': 0.40888866782188416, 'eval_content_rmse': 0.5763844847679138, 'eval_wording_rmse': 0.6968203186988831, 'eval_mcrmse': 0.6366024017333984, 'eval_runtime': 11.9095, 'eval_samples_per_second': 92.616, 'eval_steps_per_second': 30.9, 'epoch': 2.62}
{'eval_loss': 0.41951343417167664, 'eval_content_rmse': 0.5879824161529541, 'eval_wording_rmse': 0.7023556232452393, 'eval_mcrmse': 0.6451690196990967, 'eval_runtime': 11.9077, 'eval_samples_per_second': 92.629, 'eval_steps_per_second': 30.904, 'epoch': 2.67}
{'loss': 0.1164, 'learning_rate': 3.645719940623454e-06, 'epoch': 2.72}
{'eval_loss': 0.45092251896858215, 'eval_content_rmse': 0.6389894485473633, 'eval_wording_rmse': 0.7025223970413208, 'eval_mcrmse': 0.670755922794342, 'eval_runtime': 11.8646, 'eval_samples_per_second': 92.965, 'eval_steps_per_second': 31.017, 'epoch': 2.72}
{'eval_loss': 0.4018895924091339, 'eval_content_rmse': 0.4977084994316101, 'eval_wording_rmse': 0.7456976175308228, 'eval_mcrmse': 0.621703028678894, 'eval_runtime': 11.9088, 'eval_samples_per_second': 92.621, 'eval_steps_per_second': 30.902, 'epoch': 2.77}
{'eval_loss': 0.3812081813812256, 'eval_content_rmse': 0.504581868648529, 'eval_wording_rmse': 0.7126106023788452, 'eval_mcrmse': 0.6085962057113647, 'eval_runtime': 11.9074, 'eval_samples_per_second': 92.632, 'eval_steps_per_second': 30.905, 'epoch': 2.82}
{'eval_loss': 0.42987060546875, 'eval_content_rmse': 0.6114816665649414, 'eval_wording_rmse': 0.6970159411430359, 'eval_mcrmse': 0.654248833656311, 'eval_runtime': 11.9062, 'eval_samples_per_second': 92.641, 'eval_steps_per_second': 30.908, 'epoch': 2.87}
{'eval_loss': 0.4101533591747284, 'eval_content_rmse': 0.5806267261505127, 'eval_wording_rmse': 0.6951110363006592, 'eval_mcrmse': 0.6378688812255859, 'eval_runtime': 11.91, 'eval_samples_per_second': 92.611, 'eval_steps_per_second': 30.898, 'epoch': 2.92}
{'loss': 0.1187, 'learning_rate': 3.2498762988619494e-06, 'epoch': 2.97}
{'eval_loss': 0.38343584537506104, 'eval_content_rmse': 0.5344069600105286, 'eval_wording_rmse': 0.6937441825866699, 'eval_mcrmse': 0.6140755414962769, 'eval_runtime': 11.8624, 'eval_samples_per_second': 92.983, 'eval_steps_per_second': 31.022, 'epoch': 2.97}
{'eval_loss': 0.43188396096229553, 'eval_content_rmse': 0.6173527836799622, 'eval_wording_rmse': 0.6947255730628967, 'eval_mcrmse': 0.6560391783714294, 'eval_runtime': 11.91, 'eval_samples_per_second': 92.611, 'eval_steps_per_second': 30.898, 'epoch': 3.02}
{'eval_loss': 0.406239777803421, 'eval_content_rmse': 0.5790770053863525, 'eval_wording_rmse': 0.69076007604599, 'eval_mcrmse': 0.6349185705184937, 'eval_runtime': 11.9131, 'eval_samples_per_second': 92.587, 'eval_steps_per_second': 30.89, 'epoch': 3.07}
{'eval_loss': 0.4447290301322937, 'eval_content_rmse': 0.6200270056724548, 'eval_wording_rmse': 0.7106508612632751, 'eval_mcrmse': 0.665338933467865, 'eval_runtime': 11.9117, 'eval_samples_per_second': 92.598, 'eval_steps_per_second': 30.894, 'epoch': 3.12}
{'eval_loss': 0.4010534882545471, 'eval_content_rmse': 0.5267314314842224, 'eval_wording_rmse': 0.7243344187736511, 'eval_mcrmse': 0.6255329251289368, 'eval_runtime': 11.9108, 'eval_samples_per_second': 92.605, 'eval_steps_per_second': 30.896, 'epoch': 3.17}
{'loss': 0.0701, 'learning_rate': 2.8540326571004453e-06, 'epoch': 3.22}
{'eval_loss': 0.41105127334594727, 'eval_content_rmse': 0.553570032119751, 'eval_wording_rmse': 0.7180967926979065, 'eval_mcrmse': 0.6358333826065063, 'eval_runtime': 11.8654, 'eval_samples_per_second': 92.96, 'eval_steps_per_second': 31.015, 'epoch': 3.22}
{'eval_loss': 0.3838610351085663, 'eval_content_rmse': 0.5178681015968323, 'eval_wording_rmse': 0.7067775130271912, 'eval_mcrmse': 0.6123228073120117, 'eval_runtime': 11.9033, 'eval_samples_per_second': 92.663, 'eval_steps_per_second': 30.916, 'epoch': 3.27}
{'eval_loss': 0.3967198133468628, 'eval_content_rmse': 0.5596234798431396, 'eval_wording_rmse': 0.693009078502655, 'eval_mcrmse': 0.6263163089752197, 'eval_runtime': 11.9061, 'eval_samples_per_second': 92.642, 'eval_steps_per_second': 30.909, 'epoch': 3.32}
{'eval_loss': 0.38142770528793335, 'eval_content_rmse': 0.51372891664505, 'eval_wording_rmse': 0.7063554525375366, 'eval_mcrmse': 0.6100422143936157, 'eval_runtime': 11.9131, 'eval_samples_per_second': 92.587, 'eval_steps_per_second': 30.89, 'epoch': 3.36}
{'eval_loss': 0.3970484435558319, 'eval_content_rmse': 0.5611218810081482, 'eval_wording_rmse': 0.6922711730003357, 'eval_mcrmse': 0.6266965270042419, 'eval_runtime': 11.9081, 'eval_samples_per_second': 92.626, 'eval_steps_per_second': 30.903, 'epoch': 3.41}
{'loss': 0.0627, 'learning_rate': 2.458189015338941e-06, 'epoch': 3.46}
{'eval_loss': 0.3817739486694336, 'eval_content_rmse': 0.5294751524925232, 'eval_wording_rmse': 0.6951286196708679, 'eval_mcrmse': 0.6123018860816956, 'eval_runtime': 11.8659, 'eval_samples_per_second': 92.955, 'eval_steps_per_second': 31.013, 'epoch': 3.46}
{'eval_loss': 0.4011842608451843, 'eval_content_rmse': 0.5505723357200623, 'eval_wording_rmse': 0.7065684199333191, 'eval_mcrmse': 0.6285703778266907, 'eval_runtime': 11.9091, 'eval_samples_per_second': 92.618, 'eval_steps_per_second': 30.901, 'epoch': 3.51}
{'eval_loss': 0.395441472530365, 'eval_content_rmse': 0.5343011617660522, 'eval_wording_rmse': 0.7109183073043823, 'eval_mcrmse': 0.6226097345352173, 'eval_runtime': 11.9065, 'eval_samples_per_second': 92.639, 'eval_steps_per_second': 30.908, 'epoch': 3.56}
{'eval_loss': 0.4326169192790985, 'eval_content_rmse': 0.6061348915100098, 'eval_wording_rmse': 0.7055734992027283, 'eval_mcrmse': 0.6558542251586914, 'eval_runtime': 11.9076, 'eval_samples_per_second': 92.63, 'eval_steps_per_second': 30.905, 'epoch': 3.61}
{'eval_loss': 0.4396078288555145, 'eval_content_rmse': 0.6192853450775146, 'eval_wording_rmse': 0.7040602564811707, 'eval_mcrmse': 0.661672830581665, 'eval_runtime': 11.9046, 'eval_samples_per_second': 92.653, 'eval_steps_per_second': 30.912, 'epoch': 3.66}
{'loss': 0.0619, 'learning_rate': 2.062345373577437e-06, 'epoch': 3.71}
{'eval_loss': 0.4059368968009949, 'eval_content_rmse': 0.5736778974533081, 'eval_wording_rmse': 0.6948146224021912, 'eval_mcrmse': 0.6342462301254272, 'eval_runtime': 11.8627, 'eval_samples_per_second': 92.98, 'eval_steps_per_second': 31.022, 'epoch': 3.71}
{'eval_loss': 0.4119490683078766, 'eval_content_rmse': 0.5699325203895569, 'eval_wording_rmse': 0.7064523100852966, 'eval_mcrmse': 0.6381924152374268, 'eval_runtime': 11.9118, 'eval_samples_per_second': 92.597, 'eval_steps_per_second': 30.894, 'epoch': 3.76}
{'eval_loss': 0.42123642563819885, 'eval_content_rmse': 0.5985215306282043, 'eval_wording_rmse': 0.6958768963813782, 'eval_mcrmse': 0.6471992135047913, 'eval_runtime': 11.9105, 'eval_samples_per_second': 92.607, 'eval_steps_per_second': 30.897, 'epoch': 3.81}
{'eval_loss': 0.4309232532978058, 'eval_content_rmse': 0.5968720316886902, 'eval_wording_rmse': 0.7110486030578613, 'eval_mcrmse': 0.6539603471755981, 'eval_runtime': 11.9082, 'eval_samples_per_second': 92.625, 'eval_steps_per_second': 30.903, 'epoch': 3.86}
{'eval_loss': 0.39349207282066345, 'eval_content_rmse': 0.5487090945243835, 'eval_wording_rmse': 0.6970669627189636, 'eval_mcrmse': 0.6228880286216736, 'eval_runtime': 11.911, 'eval_samples_per_second': 92.603, 'eval_steps_per_second': 30.896, 'epoch': 3.91}
{'loss': 0.0627, 'learning_rate': 1.6665017318159327e-06, 'epoch': 3.96}
{'eval_loss': 0.4321514964103699, 'eval_content_rmse': 0.6144824028015137, 'eval_wording_rmse': 0.6976491212844849, 'eval_mcrmse': 0.6560657620429993, 'eval_runtime': 11.8618, 'eval_samples_per_second': 92.987, 'eval_steps_per_second': 31.024, 'epoch': 3.96}
{'eval_loss': 0.40546274185180664, 'eval_content_rmse': 0.5651848316192627, 'eval_wording_rmse': 0.7010642886161804, 'eval_mcrmse': 0.633124589920044, 'eval_runtime': 11.9059, 'eval_samples_per_second': 92.643, 'eval_steps_per_second': 30.909, 'epoch': 4.01}
{'eval_loss': 0.422336220741272, 'eval_content_rmse': 0.5979990363121033, 'eval_wording_rmse': 0.697903573513031, 'eval_mcrmse': 0.6479513049125671, 'eval_runtime': 11.9044, 'eval_samples_per_second': 92.655, 'eval_steps_per_second': 30.913, 'epoch': 4.06}
{'eval_loss': 0.41980716586112976, 'eval_content_rmse': 0.5954397320747375, 'eval_wording_rmse': 0.6964665055274963, 'eval_mcrmse': 0.6459531188011169, 'eval_runtime': 11.9047, 'eval_samples_per_second': 92.652, 'eval_steps_per_second': 30.912, 'epoch': 4.11}
{'eval_loss': 0.4136056900024414, 'eval_content_rmse': 0.5831354856491089, 'eval_wording_rmse': 0.6979714035987854, 'eval_mcrmse': 0.6405534744262695, 'eval_runtime': 11.9079, 'eval_samples_per_second': 92.628, 'eval_steps_per_second': 30.904, 'epoch': 4.16}
{'loss': 0.0379, 'learning_rate': 1.2706580900544284e-06, 'epoch': 4.21}
{'eval_loss': 0.4211846590042114, 'eval_content_rmse': 0.5933933258056641, 'eval_wording_rmse': 0.700181245803833, 'eval_mcrmse': 0.6467872858047485, 'eval_runtime': 11.8634, 'eval_samples_per_second': 92.975, 'eval_steps_per_second': 31.02, 'epoch': 4.21}
{'eval_loss': 0.432534784078598, 'eval_content_rmse': 0.620169460773468, 'eval_wording_rmse': 0.6931516528129578, 'eval_mcrmse': 0.6566605567932129, 'eval_runtime': 11.9072, 'eval_samples_per_second': 92.633, 'eval_steps_per_second': 30.906, 'epoch': 4.26}
{'eval_loss': 0.42465052008628845, 'eval_content_rmse': 0.597874104976654, 'eval_wording_rmse': 0.7013189792633057, 'eval_mcrmse': 0.6495965719223022, 'eval_runtime': 11.9058, 'eval_samples_per_second': 92.644, 'eval_steps_per_second': 30.909, 'epoch': 4.3}
{'eval_loss': 0.41278713941574097, 'eval_content_rmse': 0.5822963714599609, 'eval_wording_rmse': 0.69749915599823, 'eval_mcrmse': 0.6398977637290955, 'eval_runtime': 11.9096, 'eval_samples_per_second': 92.614, 'eval_steps_per_second': 30.899, 'epoch': 4.35}
{'eval_loss': 0.41868552565574646, 'eval_content_rmse': 0.5896756649017334, 'eval_wording_rmse': 0.6997522711753845, 'eval_mcrmse': 0.6447139978408813, 'eval_runtime': 11.9014, 'eval_samples_per_second': 92.678, 'eval_steps_per_second': 30.921, 'epoch': 4.4}
{'loss': 0.0326, 'learning_rate': 8.748144482929243e-07, 'epoch': 4.45}
{'eval_loss': 0.4149647057056427, 'eval_content_rmse': 0.5883474946022034, 'eval_wording_rmse': 0.6955404281616211, 'eval_mcrmse': 0.6419439315795898, 'eval_runtime': 11.855, 'eval_samples_per_second': 93.041, 'eval_steps_per_second': 31.042, 'epoch': 4.45}
{'eval_loss': 0.4174882769584656, 'eval_content_rmse': 0.5912628769874573, 'eval_wording_rmse': 0.696695864200592, 'eval_mcrmse': 0.6439793705940247, 'eval_runtime': 11.9068, 'eval_samples_per_second': 92.636, 'eval_steps_per_second': 30.907, 'epoch': 4.5}
{'eval_loss': 0.4069231152534485, 'eval_content_rmse': 0.5713404417037964, 'eval_wording_rmse': 0.6981522440910339, 'eval_mcrmse': 0.6347463130950928, 'eval_runtime': 11.9124, 'eval_samples_per_second': 92.593, 'eval_steps_per_second': 30.892, 'epoch': 4.55}
{'eval_loss': 0.42536357045173645, 'eval_content_rmse': 0.5996745228767395, 'eval_wording_rmse': 0.7007976770401001, 'eval_mcrmse': 0.6502361297607422, 'eval_runtime': 11.9116, 'eval_samples_per_second': 92.599, 'eval_steps_per_second': 30.894, 'epoch': 4.6}
{'eval_loss': 0.40108877420425415, 'eval_content_rmse': 0.5608965754508972, 'eval_wording_rmse': 0.6982640027999878, 'eval_mcrmse': 0.6295802593231201, 'eval_runtime': 11.9096, 'eval_samples_per_second': 92.614, 'eval_steps_per_second': 30.899, 'epoch': 4.65}
{'loss': 0.0312, 'learning_rate': 4.789708065314201e-07, 'epoch': 4.7}
{'eval_loss': 0.41531404852867126, 'eval_content_rmse': 0.5732142329216003, 'eval_wording_rmse': 0.7085572481155396, 'eval_mcrmse': 0.6408857107162476, 'eval_runtime': 11.8607, 'eval_samples_per_second': 92.996, 'eval_steps_per_second': 31.027, 'epoch': 4.7}
{'eval_loss': 0.4111745059490204, 'eval_content_rmse': 0.5744417309761047, 'eval_wording_rmse': 0.7016878724098206, 'eval_mcrmse': 0.6380648016929626, 'eval_runtime': 11.9133, 'eval_samples_per_second': 92.586, 'eval_steps_per_second': 30.89, 'epoch': 4.75}
{'eval_loss': 0.40918517112731934, 'eval_content_rmse': 0.5738576650619507, 'eval_wording_rmse': 0.6993263363838196, 'eval_mcrmse': 0.6365920305252075, 'eval_runtime': 11.9134, 'eval_samples_per_second': 92.584, 'eval_steps_per_second': 30.889, 'epoch': 4.8}
{'eval_loss': 0.41985663771629333, 'eval_content_rmse': 0.5920320153236389, 'eval_wording_rmse': 0.6994365453720093, 'eval_mcrmse': 0.6457343101501465, 'eval_runtime': 11.9114, 'eval_samples_per_second': 92.6, 'eval_steps_per_second': 30.895, 'epoch': 4.85}
{'eval_loss': 0.42463418841362, 'eval_content_rmse': 0.6001081466674805, 'eval_wording_rmse': 0.6993844509124756, 'eval_mcrmse': 0.649746298789978, 'eval_runtime': 11.9058, 'eval_samples_per_second': 92.644, 'eval_steps_per_second': 30.909, 'epoch': 4.9}
{'loss': 0.0294, 'learning_rate': 8.312716476991588e-08, 'epoch': 4.95}
{'eval_loss': 0.4242888391017914, 'eval_content_rmse': 0.5987836718559265, 'eval_wording_rmse': 0.7000256776809692, 'eval_mcrmse': 0.6494046449661255, 'eval_runtime': 11.8633, 'eval_samples_per_second': 92.976, 'eval_steps_per_second': 31.02, 'epoch': 4.95}
{'eval_loss': 0.4226556122303009, 'eval_content_rmse': 0.5961357951164246, 'eval_wording_rmse': 0.6999526023864746, 'eval_mcrmse': 0.648044228553772, 'eval_runtime': 11.9084, 'eval_samples_per_second': 92.624, 'eval_steps_per_second': 30.903, 'epoch': 5.0}
{'train_runtime': 3097.3649, 'train_samples_per_second': 9.786, 'train_steps_per_second': 3.262, 'train_loss': 0.1434808558842028, 'epoch': 5.0}
finish training
fold 0:
pred shape (2057, 2)
fold 1:
pred shape (2009, 2)
fold 2:
pred shape (1996, 2)
fold 3:
pred shape (1103, 2)
cv content rmse: 0.5713882086828804
cv wording rmse: 0.7426079742512233
fold 0:
fold 1:
fold 2:
fold 3:
content_rmse : 0.4351191699245868
wording_rmse : 0.5616882298083395
mcrmse : 0.49840369986646316
__module__ __main__
model_name debertav3large
learning_rate 8e-06
weight_decay 0.03
hidden_dropout_prob 0.0
attention_probs_dropout_prob 0.007
num_train_epochs 5
n_splits 4
batch_size 3
random_seed 42
save_steps 100
max_length 1462
test_mode False
device GPU
__dict__ {'__module__': '__main__', 'model_name': 'debertav3large', 'learning_rate': 8e-06, 'weight_decay': 0.03, 'hidden_dropout_prob': 0.0, 'attention_probs_dropout_prob': 0.007, 'num_train_epochs': 5, 'n_splits': 4, 'batch_size': 3, 'random_seed': 42, 'save_steps': 100, 'max_length': 1462, 'test_mode': False, 'device': 'GPU', '__dict__': <attribute '__dict__' of 'CFG' objects>, '__weakref__': <attribute '__weakref__' of 'CFG' objects>, '__doc__': None}
__weakref__ <attribute '__weakref__' of 'CFG' objects>
__doc__ None
