args Namespace(attention_probs_dropout_prob=0.007, learning_rate=1.2e-05, model_name='debertav3large', test_mode=False)
cuda
['pos_ratios', 'sentiment_scores', 'punctuation_ratios', 'sentiment_scores_prompt']
['pos_ratios', 'sentiment_scores', 'punctuation_ratios', 'sentiment_scores_prompt']
fold 0:
load model:  debertav3large
model_fold_dir debertav3large_lr12e-05_clean_text/fold_0/0
start training
{'eval_loss': 0.4859235882759094, 'eval_content_rmse': 0.5381065011024475, 'eval_wording_rmse': 0.826007604598999, 'eval_mcrmse': 0.6820570230484009, 'eval_runtime': 19.5746, 'eval_samples_per_second': 105.085, 'eval_steps_per_second': 35.045, 'epoch': 0.06}
{'eval_loss': 0.4547490179538727, 'eval_content_rmse': 0.526191771030426, 'eval_wording_rmse': 0.7953744530677795, 'eval_mcrmse': 0.6607831120491028, 'eval_runtime': 19.611, 'eval_samples_per_second': 104.89, 'eval_steps_per_second': 34.98, 'epoch': 0.12}
{'eval_loss': 0.41576525568962097, 'eval_content_rmse': 0.5067985653877258, 'eval_wording_rmse': 0.7580807209014893, 'eval_mcrmse': 0.6324396133422852, 'eval_runtime': 19.6373, 'eval_samples_per_second': 104.75, 'eval_steps_per_second': 34.934, 'epoch': 0.18}
{'eval_loss': 0.36174431443214417, 'eval_content_rmse': 0.5295930504798889, 'eval_wording_rmse': 0.6655972599983215, 'eval_mcrmse': 0.5975951552391052, 'eval_runtime': 19.6375, 'eval_samples_per_second': 104.749, 'eval_steps_per_second': 34.933, 'epoch': 0.23}
{'loss': 0.5451, 'learning_rate': 1.1295361127422196e-05, 'epoch': 0.29}
{'eval_loss': 0.38830727338790894, 'eval_content_rmse': 0.5870897769927979, 'eval_wording_rmse': 0.6572215557098389, 'eval_mcrmse': 0.6221556663513184, 'eval_runtime': 19.6149, 'eval_samples_per_second': 104.869, 'eval_steps_per_second': 34.973, 'epoch': 0.29}
{'eval_loss': 0.3577753007411957, 'eval_content_rmse': 0.5366800427436829, 'eval_wording_rmse': 0.6538540124893188, 'eval_mcrmse': 0.5952670574188232, 'eval_runtime': 19.6727, 'eval_samples_per_second': 104.561, 'eval_steps_per_second': 34.871, 'epoch': 0.35}
{'eval_loss': 0.4123395085334778, 'eval_content_rmse': 0.6257451176643372, 'eval_wording_rmse': 0.6581196188926697, 'eval_mcrmse': 0.6419323682785034, 'eval_runtime': 19.6821, 'eval_samples_per_second': 104.511, 'eval_steps_per_second': 34.854, 'epoch': 0.41}
{'eval_loss': 0.34074896574020386, 'eval_content_rmse': 0.46634534001350403, 'eval_wording_rmse': 0.681190013885498, 'eval_mcrmse': 0.5737676620483398, 'eval_runtime': 19.6971, 'eval_samples_per_second': 104.431, 'eval_steps_per_second': 34.827, 'epoch': 0.47}
{'eval_loss': 0.3233462870121002, 'eval_content_rmse': 0.4800102710723877, 'eval_wording_rmse': 0.6451995372772217, 'eval_mcrmse': 0.5626049041748047, 'eval_runtime': 19.7004, 'eval_samples_per_second': 104.414, 'eval_steps_per_second': 34.822, 'epoch': 0.53}
{'loss': 0.3709, 'learning_rate': 1.0590722254844392e-05, 'epoch': 0.59}
{'eval_loss': 0.4461132287979126, 'eval_content_rmse': 0.6447159647941589, 'eval_wording_rmse': 0.6903389692306519, 'eval_mcrmse': 0.667527437210083, 'eval_runtime': 19.6529, 'eval_samples_per_second': 104.666, 'eval_steps_per_second': 34.906, 'epoch': 0.59}
{'eval_loss': 0.28294625878334045, 'eval_content_rmse': 0.4739450514316559, 'eval_wording_rmse': 0.5841820240020752, 'eval_mcrmse': 0.5290635228157043, 'eval_runtime': 19.7101, 'eval_samples_per_second': 104.363, 'eval_steps_per_second': 34.805, 'epoch': 0.65}
{'eval_loss': 0.3417295217514038, 'eval_content_rmse': 0.446592777967453, 'eval_wording_rmse': 0.6957114338874817, 'eval_mcrmse': 0.5711520910263062, 'eval_runtime': 19.7054, 'eval_samples_per_second': 104.387, 'eval_steps_per_second': 34.813, 'epoch': 0.7}
{'eval_loss': 0.3577446937561035, 'eval_content_rmse': 0.5195552110671997, 'eval_wording_rmse': 0.6674968600273132, 'eval_mcrmse': 0.5935260057449341, 'eval_runtime': 19.7008, 'eval_samples_per_second': 104.412, 'eval_steps_per_second': 34.821, 'epoch': 0.76}
{'eval_loss': 0.40637266635894775, 'eval_content_rmse': 0.5377840399742126, 'eval_wording_rmse': 0.7235565185546875, 'eval_mcrmse': 0.6306703090667725, 'eval_runtime': 19.7076, 'eval_samples_per_second': 104.376, 'eval_steps_per_second': 34.809, 'epoch': 0.82}
{'loss': 0.3223, 'learning_rate': 9.88608338226659e-06, 'epoch': 0.88}
{'eval_loss': 0.35763561725616455, 'eval_content_rmse': 0.5719234943389893, 'eval_wording_rmse': 0.6230365037918091, 'eval_mcrmse': 0.5974799990653992, 'eval_runtime': 19.6705, 'eval_samples_per_second': 104.573, 'eval_steps_per_second': 34.875, 'epoch': 0.88}
{'eval_loss': 0.29450297355651855, 'eval_content_rmse': 0.4939960539340973, 'eval_wording_rmse': 0.5873451828956604, 'eval_mcrmse': 0.54067063331604, 'eval_runtime': 19.7207, 'eval_samples_per_second': 104.307, 'eval_steps_per_second': 34.786, 'epoch': 0.94}
{'eval_loss': 0.34431368112564087, 'eval_content_rmse': 0.4770958423614502, 'eval_wording_rmse': 0.6789752840995789, 'eval_mcrmse': 0.5780355930328369, 'eval_runtime': 19.7157, 'eval_samples_per_second': 104.333, 'eval_steps_per_second': 34.795, 'epoch': 1.0}
{'eval_loss': 0.3293040096759796, 'eval_content_rmse': 0.5482917428016663, 'eval_wording_rmse': 0.5983177423477173, 'eval_mcrmse': 0.5733047723770142, 'eval_runtime': 19.7327, 'eval_samples_per_second': 104.243, 'eval_steps_per_second': 34.765, 'epoch': 1.06}
{'eval_loss': 0.2716544568538666, 'eval_content_rmse': 0.42709770798683167, 'eval_wording_rmse': 0.6007465124130249, 'eval_mcrmse': 0.5139220952987671, 'eval_runtime': 19.7228, 'eval_samples_per_second': 104.296, 'eval_steps_per_second': 34.782, 'epoch': 1.12}
{'loss': 0.262, 'learning_rate': 9.181444509688785e-06, 'epoch': 1.17}
{'eval_loss': 0.34345903992652893, 'eval_content_rmse': 0.5193291902542114, 'eval_wording_rmse': 0.6459220051765442, 'eval_mcrmse': 0.5826256275177002, 'eval_runtime': 19.6845, 'eval_samples_per_second': 104.499, 'eval_steps_per_second': 34.85, 'epoch': 1.17}
{'eval_loss': 0.3939882814884186, 'eval_content_rmse': 0.6330360770225525, 'eval_wording_rmse': 0.6222876906394958, 'eval_mcrmse': 0.6276618838310242, 'eval_runtime': 19.7277, 'eval_samples_per_second': 104.27, 'eval_steps_per_second': 34.773, 'epoch': 1.23}
{'eval_loss': 0.2942584156990051, 'eval_content_rmse': 0.46535801887512207, 'eval_wording_rmse': 0.6098842620849609, 'eval_mcrmse': 0.5376211404800415, 'eval_runtime': 19.7341, 'eval_samples_per_second': 104.236, 'eval_steps_per_second': 34.762, 'epoch': 1.29}
{'eval_loss': 0.3084849715232849, 'eval_content_rmse': 0.46210113167762756, 'eval_wording_rmse': 0.6351629495620728, 'eval_mcrmse': 0.548632025718689, 'eval_runtime': 19.7349, 'eval_samples_per_second': 104.232, 'eval_steps_per_second': 34.761, 'epoch': 1.35}
{'eval_loss': 0.3928973972797394, 'eval_content_rmse': 0.45194563269615173, 'eval_wording_rmse': 0.7625882625579834, 'eval_mcrmse': 0.6072669625282288, 'eval_runtime': 19.7387, 'eval_samples_per_second': 104.212, 'eval_steps_per_second': 34.754, 'epoch': 1.41}
{'loss': 0.2245, 'learning_rate': 8.476805637110982e-06, 'epoch': 1.47}
{'eval_loss': 0.33029651641845703, 'eval_content_rmse': 0.49537402391433716, 'eval_wording_rmse': 0.6443579196929932, 'eval_mcrmse': 0.5698659420013428, 'eval_runtime': 19.6816, 'eval_samples_per_second': 104.514, 'eval_steps_per_second': 34.855, 'epoch': 1.47}
{'eval_loss': 0.3472836911678314, 'eval_content_rmse': 0.5047890543937683, 'eval_wording_rmse': 0.663140594959259, 'eval_mcrmse': 0.5839648246765137, 'eval_runtime': 19.7324, 'eval_samples_per_second': 104.245, 'eval_steps_per_second': 34.765, 'epoch': 1.53}
{'eval_loss': 0.2744482457637787, 'eval_content_rmse': 0.4281347393989563, 'eval_wording_rmse': 0.6046462059020996, 'eval_mcrmse': 0.5163904428482056, 'eval_runtime': 19.7293, 'eval_samples_per_second': 104.261, 'eval_steps_per_second': 34.771, 'epoch': 1.59}
{'eval_loss': 0.4121324419975281, 'eval_content_rmse': 0.6127333641052246, 'eval_wording_rmse': 0.6699422001838684, 'eval_mcrmse': 0.6413377523422241, 'eval_runtime': 19.7357, 'eval_samples_per_second': 104.227, 'eval_steps_per_second': 34.759, 'epoch': 1.64}
{'eval_loss': 0.33795133233070374, 'eval_content_rmse': 0.4953308701515198, 'eval_wording_rmse': 0.6561633348464966, 'eval_mcrmse': 0.5757471323013306, 'eval_runtime': 19.7301, 'eval_samples_per_second': 104.257, 'eval_steps_per_second': 34.769, 'epoch': 1.7}
{'loss': 0.2223, 'learning_rate': 7.772166764533177e-06, 'epoch': 1.76}
{'eval_loss': 0.29232850670814514, 'eval_content_rmse': 0.4802672564983368, 'eval_wording_rmse': 0.5949794054031372, 'eval_mcrmse': 0.5376233458518982, 'eval_runtime': 19.6853, 'eval_samples_per_second': 104.494, 'eval_steps_per_second': 34.848, 'epoch': 1.76}
{'eval_loss': 0.33859914541244507, 'eval_content_rmse': 0.5372723340988159, 'eval_wording_rmse': 0.6233270764350891, 'eval_mcrmse': 0.5802997350692749, 'eval_runtime': 19.7265, 'eval_samples_per_second': 104.276, 'eval_steps_per_second': 34.776, 'epoch': 1.82}
{'eval_loss': 0.33280766010284424, 'eval_content_rmse': 0.4362656772136688, 'eval_wording_rmse': 0.689410924911499, 'eval_mcrmse': 0.5628383159637451, 'eval_runtime': 19.7324, 'eval_samples_per_second': 104.245, 'eval_steps_per_second': 34.765, 'epoch': 1.88}
{'eval_loss': 0.32053449749946594, 'eval_content_rmse': 0.42961955070495605, 'eval_wording_rmse': 0.6756448149681091, 'eval_mcrmse': 0.552632212638855, 'eval_runtime': 19.7347, 'eval_samples_per_second': 104.233, 'eval_steps_per_second': 34.761, 'epoch': 1.94}
{'eval_loss': 0.3267993628978729, 'eval_content_rmse': 0.44622910022735596, 'eval_wording_rmse': 0.6741502285003662, 'eval_mcrmse': 0.5601896643638611, 'eval_runtime': 19.7276, 'eval_samples_per_second': 104.27, 'eval_steps_per_second': 34.774, 'epoch': 2.0}
{'loss': 0.2085, 'learning_rate': 7.067527891955373e-06, 'epoch': 2.06}
{'eval_loss': 0.2993803322315216, 'eval_content_rmse': 0.4559076428413391, 'eval_wording_rmse': 0.6252270936965942, 'eval_mcrmse': 0.5405673980712891, 'eval_runtime': 19.6854, 'eval_samples_per_second': 104.494, 'eval_steps_per_second': 34.848, 'epoch': 2.06}
{'eval_loss': 0.32318100333213806, 'eval_content_rmse': 0.442330002784729, 'eval_wording_rmse': 0.6713467836380005, 'eval_mcrmse': 0.5568383932113647, 'eval_runtime': 19.7263, 'eval_samples_per_second': 104.277, 'eval_steps_per_second': 34.776, 'epoch': 2.11}
{'eval_loss': 0.36984890699386597, 'eval_content_rmse': 0.5087758898735046, 'eval_wording_rmse': 0.6934296488761902, 'eval_mcrmse': 0.6011027693748474, 'eval_runtime': 19.7274, 'eval_samples_per_second': 104.271, 'eval_steps_per_second': 34.774, 'epoch': 2.17}
{'eval_loss': 0.38059332966804504, 'eval_content_rmse': 0.47357842326164246, 'eval_wording_rmse': 0.7327414155006409, 'eval_mcrmse': 0.6031599044799805, 'eval_runtime': 19.7262, 'eval_samples_per_second': 104.278, 'eval_steps_per_second': 34.776, 'epoch': 2.23}
{'eval_loss': 0.3207502067089081, 'eval_content_rmse': 0.4802260100841522, 'eval_wording_rmse': 0.6410019397735596, 'eval_mcrmse': 0.5606139898300171, 'eval_runtime': 19.7326, 'eval_samples_per_second': 104.244, 'eval_steps_per_second': 34.765, 'epoch': 2.29}
{'loss': 0.1343, 'learning_rate': 6.36288901937757e-06, 'epoch': 2.35}
{'eval_loss': 0.33628639578819275, 'eval_content_rmse': 0.4913584291934967, 'eval_wording_rmse': 0.6566120982170105, 'eval_mcrmse': 0.5739852786064148, 'eval_runtime': 19.7002, 'eval_samples_per_second': 104.415, 'eval_steps_per_second': 34.822, 'epoch': 2.35}
{'eval_loss': 0.3349514305591583, 'eval_content_rmse': 0.5039684772491455, 'eval_wording_rmse': 0.6449173092842102, 'eval_mcrmse': 0.5744428634643555, 'eval_runtime': 19.7311, 'eval_samples_per_second': 104.252, 'eval_steps_per_second': 34.767, 'epoch': 2.41}
{'eval_loss': 0.38330620527267456, 'eval_content_rmse': 0.5101358890533447, 'eval_wording_rmse': 0.7115998268127441, 'eval_mcrmse': 0.6108678579330444, 'eval_runtime': 19.7305, 'eval_samples_per_second': 104.255, 'eval_steps_per_second': 34.768, 'epoch': 2.47}
{'eval_loss': 0.35711053013801575, 'eval_content_rmse': 0.5656904578208923, 'eval_wording_rmse': 0.6278660297393799, 'eval_mcrmse': 0.5967782735824585, 'eval_runtime': 19.7321, 'eval_samples_per_second': 104.246, 'eval_steps_per_second': 34.766, 'epoch': 2.52}
{'eval_loss': 0.3104580342769623, 'eval_content_rmse': 0.4845859110355377, 'eval_wording_rmse': 0.6213635206222534, 'eval_mcrmse': 0.5529747009277344, 'eval_runtime': 19.7356, 'eval_samples_per_second': 104.228, 'eval_steps_per_second': 34.759, 'epoch': 2.58}
{'loss': 0.1443, 'learning_rate': 5.658250146799765e-06, 'epoch': 2.64}
{'eval_loss': 0.35028576850891113, 'eval_content_rmse': 0.5151094794273376, 'eval_wording_rmse': 0.6597225069999695, 'eval_mcrmse': 0.5874159932136536, 'eval_runtime': 19.6765, 'eval_samples_per_second': 104.541, 'eval_steps_per_second': 34.864, 'epoch': 2.64}
{'eval_loss': 0.36589232087135315, 'eval_content_rmse': 0.5586997866630554, 'eval_wording_rmse': 0.647795557975769, 'eval_mcrmse': 0.6032476425170898, 'eval_runtime': 19.7323, 'eval_samples_per_second': 104.245, 'eval_steps_per_second': 34.765, 'epoch': 2.7}
{'eval_loss': 0.33045193552970886, 'eval_content_rmse': 0.464959979057312, 'eval_wording_rmse': 0.6668708920478821, 'eval_mcrmse': 0.5659154653549194, 'eval_runtime': 19.7204, 'eval_samples_per_second': 104.308, 'eval_steps_per_second': 34.786, 'epoch': 2.76}
{'eval_loss': 0.32767751812934875, 'eval_content_rmse': 0.50310879945755, 'eval_wording_rmse': 0.6342213749885559, 'eval_mcrmse': 0.568665087223053, 'eval_runtime': 19.7318, 'eval_samples_per_second': 104.248, 'eval_steps_per_second': 34.766, 'epoch': 2.82}
{'eval_loss': 0.370758980512619, 'eval_content_rmse': 0.46648845076560974, 'eval_wording_rmse': 0.7238135933876038, 'eval_mcrmse': 0.5951510071754456, 'eval_runtime': 19.7318, 'eval_samples_per_second': 104.248, 'eval_steps_per_second': 34.766, 'epoch': 2.88}
{'loss': 0.1232, 'learning_rate': 4.953611274221961e-06, 'epoch': 2.94}
{'eval_loss': 0.3942078649997711, 'eval_content_rmse': 0.4683096706867218, 'eval_wording_rmse': 0.7543879747390747, 'eval_mcrmse': 0.6113488078117371, 'eval_runtime': 19.6993, 'eval_samples_per_second': 104.42, 'eval_steps_per_second': 34.824, 'epoch': 2.94}
{'eval_loss': 0.3069973886013031, 'eval_content_rmse': 0.4539089500904083, 'eval_wording_rmse': 0.6387189030647278, 'eval_mcrmse': 0.5463139414787292, 'eval_runtime': 19.7295, 'eval_samples_per_second': 104.26, 'eval_steps_per_second': 34.77, 'epoch': 2.99}
{'eval_loss': 0.32625359296798706, 'eval_content_rmse': 0.5133769512176514, 'eval_wording_rmse': 0.6236594319343567, 'eval_mcrmse': 0.5685181617736816, 'eval_runtime': 19.735, 'eval_samples_per_second': 104.231, 'eval_steps_per_second': 34.761, 'epoch': 3.05}
{'eval_loss': 0.35040482878685, 'eval_content_rmse': 0.5179184079170227, 'eval_wording_rmse': 0.6577008962631226, 'eval_mcrmse': 0.587809681892395, 'eval_runtime': 19.7364, 'eval_samples_per_second': 104.224, 'eval_steps_per_second': 34.758, 'epoch': 3.11}
{'eval_loss': 0.3724365234375, 'eval_content_rmse': 0.5172294974327087, 'eval_wording_rmse': 0.6909030079841614, 'eval_mcrmse': 0.6040662527084351, 'eval_runtime': 19.7293, 'eval_samples_per_second': 104.261, 'eval_steps_per_second': 34.771, 'epoch': 3.17}
{'loss': 0.0909, 'learning_rate': 4.248972401644158e-06, 'epoch': 3.23}
{'eval_loss': 0.36149710416793823, 'eval_content_rmse': 0.5304017066955566, 'eval_wording_rmse': 0.6645815968513489, 'eval_mcrmse': 0.5974916219711304, 'eval_runtime': 19.6833, 'eval_samples_per_second': 104.505, 'eval_steps_per_second': 34.852, 'epoch': 3.23}
{'eval_loss': 0.4281020760536194, 'eval_content_rmse': 0.6328355073928833, 'eval_wording_rmse': 0.6750731468200684, 'eval_mcrmse': 0.6539543271064758, 'eval_runtime': 19.7251, 'eval_samples_per_second': 104.283, 'eval_steps_per_second': 34.778, 'epoch': 3.29}
{'eval_loss': 0.3265058100223541, 'eval_content_rmse': 0.5125870704650879, 'eval_wording_rmse': 0.6247129440307617, 'eval_mcrmse': 0.5686500072479248, 'eval_runtime': 19.7206, 'eval_samples_per_second': 104.307, 'eval_steps_per_second': 34.786, 'epoch': 3.35}
{'eval_loss': 0.3328440487384796, 'eval_content_rmse': 0.4957219362258911, 'eval_wording_rmse': 0.6480339765548706, 'eval_mcrmse': 0.5718779563903809, 'eval_runtime': 19.7271, 'eval_samples_per_second': 104.273, 'eval_steps_per_second': 34.775, 'epoch': 3.41}
{'eval_loss': 0.3507974147796631, 'eval_content_rmse': 0.5069565773010254, 'eval_wording_rmse': 0.6667755842208862, 'eval_mcrmse': 0.5868660807609558, 'eval_runtime': 19.7325, 'eval_samples_per_second': 104.244, 'eval_steps_per_second': 34.765, 'epoch': 3.46}
{'loss': 0.0726, 'learning_rate': 3.5443335290663532e-06, 'epoch': 3.52}
{'eval_loss': 0.33615365624427795, 'eval_content_rmse': 0.47089481353759766, 'eval_wording_rmse': 0.671241819858551, 'eval_mcrmse': 0.571068286895752, 'eval_runtime': 19.6887, 'eval_samples_per_second': 104.476, 'eval_steps_per_second': 34.842, 'epoch': 3.52}
{'eval_loss': 0.30400770902633667, 'eval_content_rmse': 0.47637316584587097, 'eval_wording_rmse': 0.61732017993927, 'eval_mcrmse': 0.5468466877937317, 'eval_runtime': 19.7233, 'eval_samples_per_second': 104.293, 'eval_steps_per_second': 34.781, 'epoch': 3.58}
{'eval_loss': 0.3830612599849701, 'eval_content_rmse': 0.531339704990387, 'eval_wording_rmse': 0.6955577731132507, 'eval_mcrmse': 0.6134487390518188, 'eval_runtime': 19.7268, 'eval_samples_per_second': 104.274, 'eval_steps_per_second': 34.775, 'epoch': 3.64}
{'eval_loss': 0.3544638752937317, 'eval_content_rmse': 0.4997742474079132, 'eval_wording_rmse': 0.6776085495948792, 'eval_mcrmse': 0.5886914134025574, 'eval_runtime': 19.7283, 'eval_samples_per_second': 104.267, 'eval_steps_per_second': 34.772, 'epoch': 3.7}
{'eval_loss': 0.33647826313972473, 'eval_content_rmse': 0.470751017332077, 'eval_wording_rmse': 0.6718257069587708, 'eval_mcrmse': 0.5712883472442627, 'eval_runtime': 19.7335, 'eval_samples_per_second': 104.239, 'eval_steps_per_second': 34.763, 'epoch': 3.76}
{'loss': 0.0743, 'learning_rate': 2.8396946564885497e-06, 'epoch': 3.82}
{'eval_loss': 0.362216979265213, 'eval_content_rmse': 0.5149857997894287, 'eval_wording_rmse': 0.6776599287986755, 'eval_mcrmse': 0.5963228940963745, 'eval_runtime': 19.6751, 'eval_samples_per_second': 104.548, 'eval_steps_per_second': 34.866, 'epoch': 3.82}
{'eval_loss': 0.3433960974216461, 'eval_content_rmse': 0.5024195313453674, 'eval_wording_rmse': 0.6590651869773865, 'eval_mcrmse': 0.580742359161377, 'eval_runtime': 19.7274, 'eval_samples_per_second': 104.271, 'eval_steps_per_second': 34.774, 'epoch': 3.88}
{'eval_loss': 0.3133102357387543, 'eval_content_rmse': 0.4824002683162689, 'eval_wording_rmse': 0.6276226043701172, 'eval_mcrmse': 0.5550114512443542, 'eval_runtime': 19.7229, 'eval_samples_per_second': 104.295, 'eval_steps_per_second': 34.782, 'epoch': 3.93}
{'eval_loss': 0.32840847969055176, 'eval_content_rmse': 0.5027545690536499, 'eval_wording_rmse': 0.635653018951416, 'eval_mcrmse': 0.569203794002533, 'eval_runtime': 19.7359, 'eval_samples_per_second': 104.226, 'eval_steps_per_second': 34.759, 'epoch': 3.99}
{'eval_loss': 0.33660802245140076, 'eval_content_rmse': 0.5132336020469666, 'eval_wording_rmse': 0.6401618123054504, 'eval_mcrmse': 0.5766977071762085, 'eval_runtime': 19.7315, 'eval_samples_per_second': 104.249, 'eval_steps_per_second': 34.767, 'epoch': 4.05}
{'loss': 0.0585, 'learning_rate': 2.135055783910746e-06, 'epoch': 4.11}
{'eval_loss': 0.3625444769859314, 'eval_content_rmse': 0.5208868384361267, 'eval_wording_rmse': 0.6736217141151428, 'eval_mcrmse': 0.5972542762756348, 'eval_runtime': 19.6816, 'eval_samples_per_second': 104.514, 'eval_steps_per_second': 34.855, 'epoch': 4.11}
{'eval_loss': 0.32990562915802, 'eval_content_rmse': 0.4927845299243927, 'eval_wording_rmse': 0.645735502243042, 'eval_mcrmse': 0.5692600011825562, 'eval_runtime': 19.7261, 'eval_samples_per_second': 104.278, 'eval_steps_per_second': 34.776, 'epoch': 4.17}
{'eval_loss': 0.3305570185184479, 'eval_content_rmse': 0.49131259322166443, 'eval_wording_rmse': 0.6478623747825623, 'eval_mcrmse': 0.5695874691009521, 'eval_runtime': 19.7326, 'eval_samples_per_second': 104.244, 'eval_steps_per_second': 34.765, 'epoch': 4.23}
{'eval_loss': 0.3432413339614868, 'eval_content_rmse': 0.5071895122528076, 'eval_wording_rmse': 0.6551650166511536, 'eval_mcrmse': 0.5811772346496582, 'eval_runtime': 19.7332, 'eval_samples_per_second': 104.241, 'eval_steps_per_second': 34.764, 'epoch': 4.29}
{'eval_loss': 0.367158979177475, 'eval_content_rmse': 0.5243226885795593, 'eval_wording_rmse': 0.677793025970459, 'eval_mcrmse': 0.6010578870773315, 'eval_runtime': 19.7311, 'eval_samples_per_second': 104.252, 'eval_steps_per_second': 34.768, 'epoch': 4.35}
{'loss': 0.0376, 'learning_rate': 1.430416911332942e-06, 'epoch': 4.4}
{'eval_loss': 0.318729043006897, 'eval_content_rmse': 0.4990474581718445, 'eval_wording_rmse': 0.6232247948646545, 'eval_mcrmse': 0.5611361265182495, 'eval_runtime': 19.687, 'eval_samples_per_second': 104.485, 'eval_steps_per_second': 34.845, 'epoch': 4.4}
{'eval_loss': 0.3209194242954254, 'eval_content_rmse': 0.4754149615764618, 'eval_wording_rmse': 0.6448407173156738, 'eval_mcrmse': 0.560127854347229, 'eval_runtime': 19.7369, 'eval_samples_per_second': 104.221, 'eval_steps_per_second': 34.757, 'epoch': 4.46}
{'eval_loss': 0.3319189250469208, 'eval_content_rmse': 0.49748438596725464, 'eval_wording_rmse': 0.6452497243881226, 'eval_mcrmse': 0.5713670253753662, 'eval_runtime': 19.7292, 'eval_samples_per_second': 104.262, 'eval_steps_per_second': 34.771, 'epoch': 4.52}
{'eval_loss': 0.375461220741272, 'eval_content_rmse': 0.532269299030304, 'eval_wording_rmse': 0.6838216781616211, 'eval_mcrmse': 0.6080454587936401, 'eval_runtime': 19.7319, 'eval_samples_per_second': 104.248, 'eval_steps_per_second': 34.766, 'epoch': 4.58}
{'eval_loss': 0.3477143943309784, 'eval_content_rmse': 0.5167527198791504, 'eval_wording_rmse': 0.6545190811157227, 'eval_mcrmse': 0.5856359004974365, 'eval_runtime': 19.7269, 'eval_samples_per_second': 104.274, 'eval_steps_per_second': 34.775, 'epoch': 4.64}
{'loss': 0.0389, 'learning_rate': 7.257780387551381e-07, 'epoch': 4.7}
{'eval_loss': 0.33854371309280396, 'eval_content_rmse': 0.495655357837677, 'eval_wording_rmse': 0.6568198204040527, 'eval_mcrmse': 0.5762375593185425, 'eval_runtime': 19.6826, 'eval_samples_per_second': 104.509, 'eval_steps_per_second': 34.853, 'epoch': 4.7}
{'eval_loss': 0.33805030584335327, 'eval_content_rmse': 0.5003818869590759, 'eval_wording_rmse': 0.6524714231491089, 'eval_mcrmse': 0.57642662525177, 'eval_runtime': 19.7297, 'eval_samples_per_second': 104.259, 'eval_steps_per_second': 34.77, 'epoch': 4.76}
{'eval_loss': 0.34536871314048767, 'eval_content_rmse': 0.49789825081825256, 'eval_wording_rmse': 0.6654583215713501, 'eval_mcrmse': 0.5816782712936401, 'eval_runtime': 19.7341, 'eval_samples_per_second': 104.236, 'eval_steps_per_second': 34.762, 'epoch': 4.82}
{'eval_loss': 0.3366768956184387, 'eval_content_rmse': 0.5006654858589172, 'eval_wording_rmse': 0.6501445174217224, 'eval_mcrmse': 0.5754050016403198, 'eval_runtime': 19.7339, 'eval_samples_per_second': 104.237, 'eval_steps_per_second': 34.763, 'epoch': 4.87}
{'eval_loss': 0.34061381220817566, 'eval_content_rmse': 0.4967295527458191, 'eval_wording_rmse': 0.6591563820838928, 'eval_mcrmse': 0.577942967414856, 'eval_runtime': 19.7311, 'eval_samples_per_second': 104.252, 'eval_steps_per_second': 34.767, 'epoch': 4.93}
{'loss': 0.0338, 'learning_rate': 2.1139166177334118e-08, 'epoch': 4.99}
{'eval_loss': 0.3372188210487366, 'eval_content_rmse': 0.49500271677970886, 'eval_wording_rmse': 0.6552940011024475, 'eval_mcrmse': 0.575148344039917, 'eval_runtime': 19.6915, 'eval_samples_per_second': 104.461, 'eval_steps_per_second': 34.837, 'epoch': 4.99}
{'train_runtime': 3302.1042, 'train_samples_per_second': 7.734, 'train_steps_per_second': 2.579, 'train_loss': 0.17413469265995485, 'epoch': 5.0}
finish training
fold 1:
load model:  debertav3large
model_fold_dir debertav3large_lr12e-05_clean_text/fold_1/1
start training
{'eval_loss': 0.927579939365387, 'eval_content_rmse': 0.7344652414321899, 'eval_wording_rmse': 1.1470493078231812, 'eval_mcrmse': 0.9407572746276855, 'eval_runtime': 26.0043, 'eval_samples_per_second': 77.256, 'eval_steps_per_second': 25.765, 'epoch': 0.06}
{'eval_loss': 0.9171490669250488, 'eval_content_rmse': 0.8666030168533325, 'eval_wording_rmse': 1.0408152341842651, 'eval_mcrmse': 0.9537091255187988, 'eval_runtime': 25.9912, 'eval_samples_per_second': 77.295, 'eval_steps_per_second': 25.778, 'epoch': 0.12}
{'eval_loss': 0.678723931312561, 'eval_content_rmse': 0.7327980995178223, 'eval_wording_rmse': 0.9057891964912415, 'eval_mcrmse': 0.8192936182022095, 'eval_runtime': 25.9929, 'eval_samples_per_second': 77.29, 'eval_steps_per_second': 25.776, 'epoch': 0.17}
{'eval_loss': 0.5917033553123474, 'eval_content_rmse': 0.6382059454917908, 'eval_wording_rmse': 0.8809652924537659, 'eval_mcrmse': 0.7595856189727783, 'eval_runtime': 25.9894, 'eval_samples_per_second': 77.301, 'eval_steps_per_second': 25.78, 'epoch': 0.23}
{'loss': 0.464, 'learning_rate': 1.1301919720767888e-05, 'epoch': 0.29}
{'eval_loss': 0.49255043268203735, 'eval_content_rmse': 0.5977370142936707, 'eval_wording_rmse': 0.7923449277877808, 'eval_mcrmse': 0.6950409412384033, 'eval_runtime': 25.9452, 'eval_samples_per_second': 77.432, 'eval_steps_per_second': 25.824, 'epoch': 0.29}
{'eval_loss': 0.713861346244812, 'eval_content_rmse': 0.6416809558868408, 'eval_wording_rmse': 1.007952332496643, 'eval_mcrmse': 0.8248166441917419, 'eval_runtime': 26.0074, 'eval_samples_per_second': 77.247, 'eval_steps_per_second': 25.762, 'epoch': 0.35}
{'eval_loss': 0.8301206827163696, 'eval_content_rmse': 0.6577809453010559, 'eval_wording_rmse': 1.1079548597335815, 'eval_mcrmse': 0.8828679323196411, 'eval_runtime': 26.0125, 'eval_samples_per_second': 77.232, 'eval_steps_per_second': 25.757, 'epoch': 0.41}
{'eval_loss': 0.7727224826812744, 'eval_content_rmse': 0.7173959016799927, 'eval_wording_rmse': 1.015277624130249, 'eval_mcrmse': 0.8663367629051208, 'eval_runtime': 26.0118, 'eval_samples_per_second': 77.234, 'eval_steps_per_second': 25.758, 'epoch': 0.47}
{'eval_loss': 1.0151755809783936, 'eval_content_rmse': 0.7746787667274475, 'eval_wording_rmse': 1.1959190368652344, 'eval_mcrmse': 0.9852988719940186, 'eval_runtime': 26.0118, 'eval_samples_per_second': 77.234, 'eval_steps_per_second': 25.758, 'epoch': 0.52}
{'loss': 0.3191, 'learning_rate': 1.0603839441535777e-05, 'epoch': 0.58}
{'eval_loss': 1.5260107517242432, 'eval_content_rmse': 0.9627828001976013, 'eval_wording_rmse': 1.4577621221542358, 'eval_mcrmse': 1.2102724313735962, 'eval_runtime': 25.9682, 'eval_samples_per_second': 77.364, 'eval_steps_per_second': 25.801, 'epoch': 0.58}
{'eval_loss': 0.7376480102539062, 'eval_content_rmse': 0.7285725474357605, 'eval_wording_rmse': 0.9718428254127502, 'eval_mcrmse': 0.8502076864242554, 'eval_runtime': 26.0177, 'eval_samples_per_second': 77.217, 'eval_steps_per_second': 25.752, 'epoch': 0.64}
{'eval_loss': 1.7563763856887817, 'eval_content_rmse': 1.1007105112075806, 'eval_wording_rmse': 1.5169670581817627, 'eval_mcrmse': 1.3088388442993164, 'eval_runtime': 26.0172, 'eval_samples_per_second': 77.218, 'eval_steps_per_second': 25.752, 'epoch': 0.7}
{'eval_loss': 0.7492921352386475, 'eval_content_rmse': 0.6466171741485596, 'eval_wording_rmse': 1.0394563674926758, 'eval_mcrmse': 0.8430367708206177, 'eval_runtime': 26.0172, 'eval_samples_per_second': 77.218, 'eval_steps_per_second': 25.752, 'epoch': 0.76}
{'eval_loss': 0.7311623096466064, 'eval_content_rmse': 0.5590072870254517, 'eval_wording_rmse': 1.0723040103912354, 'eval_mcrmse': 0.8156556487083435, 'eval_runtime': 26.0155, 'eval_samples_per_second': 77.223, 'eval_steps_per_second': 25.754, 'epoch': 0.81}
{'loss': 0.3076, 'learning_rate': 9.905759162303665e-06, 'epoch': 0.87}
{'eval_loss': 0.5207669138908386, 'eval_content_rmse': 0.5345112681388855, 'eval_wording_rmse': 0.8693856000900269, 'eval_mcrmse': 0.7019484043121338, 'eval_runtime': 25.9699, 'eval_samples_per_second': 77.359, 'eval_steps_per_second': 25.799, 'epoch': 0.87}
{'eval_loss': 0.578802227973938, 'eval_content_rmse': 0.6235901713371277, 'eval_wording_rmse': 0.876777708530426, 'eval_mcrmse': 0.7501839399337769, 'eval_runtime': 26.0134, 'eval_samples_per_second': 77.229, 'eval_steps_per_second': 25.756, 'epoch': 0.93}
{'eval_loss': 0.8186976909637451, 'eval_content_rmse': 0.6280633211135864, 'eval_wording_rmse': 1.114868402481079, 'eval_mcrmse': 0.8714658617973328, 'eval_runtime': 26.0127, 'eval_samples_per_second': 77.231, 'eval_steps_per_second': 25.757, 'epoch': 0.99}
{'eval_loss': 0.7605162262916565, 'eval_content_rmse': 0.6109525561332703, 'eval_wording_rmse': 1.0713402032852173, 'eval_mcrmse': 0.8411463499069214, 'eval_runtime': 26.0134, 'eval_samples_per_second': 77.229, 'eval_steps_per_second': 25.756, 'epoch': 1.05}
{'eval_loss': 0.7397066950798035, 'eval_content_rmse': 0.7136390805244446, 'eval_wording_rmse': 0.9849528670310974, 'eval_mcrmse': 0.849295973777771, 'eval_runtime': 26.0171, 'eval_samples_per_second': 77.218, 'eval_steps_per_second': 25.752, 'epoch': 1.11}
{'loss': 0.2432, 'learning_rate': 9.207678883071553e-06, 'epoch': 1.16}
{'eval_loss': 0.7329901456832886, 'eval_content_rmse': 0.562427818775177, 'eval_wording_rmse': 1.0722198486328125, 'eval_mcrmse': 0.8173238039016724, 'eval_runtime': 25.9698, 'eval_samples_per_second': 77.359, 'eval_steps_per_second': 25.799, 'epoch': 1.16}
{'eval_loss': 0.5065348148345947, 'eval_content_rmse': 0.6043986678123474, 'eval_wording_rmse': 0.8048424124717712, 'eval_mcrmse': 0.7046205401420593, 'eval_runtime': 26.0112, 'eval_samples_per_second': 77.236, 'eval_steps_per_second': 25.758, 'epoch': 1.22}
{'eval_loss': 0.972227156162262, 'eval_content_rmse': 0.5612928867340088, 'eval_wording_rmse': 1.276481032371521, 'eval_mcrmse': 0.9188869595527649, 'eval_runtime': 26.0133, 'eval_samples_per_second': 77.23, 'eval_steps_per_second': 25.756, 'epoch': 1.28}
{'eval_loss': 0.57856684923172, 'eval_content_rmse': 0.560279130935669, 'eval_wording_rmse': 0.9182707071304321, 'eval_mcrmse': 0.7392749190330505, 'eval_runtime': 26.0132, 'eval_samples_per_second': 77.23, 'eval_steps_per_second': 25.756, 'epoch': 1.34}
{'eval_loss': 0.7003273963928223, 'eval_content_rmse': 0.6907222867012024, 'eval_wording_rmse': 0.9610190391540527, 'eval_mcrmse': 0.8258706331253052, 'eval_runtime': 25.9952, 'eval_samples_per_second': 77.284, 'eval_steps_per_second': 25.774, 'epoch': 1.4}
{'loss': 0.2052, 'learning_rate': 8.509598603839443e-06, 'epoch': 1.45}
{'eval_loss': 0.6149307489395142, 'eval_content_rmse': 0.6104395389556885, 'eval_wording_rmse': 0.9258646368980408, 'eval_mcrmse': 0.768152117729187, 'eval_runtime': 25.9506, 'eval_samples_per_second': 77.416, 'eval_steps_per_second': 25.818, 'epoch': 1.45}
{'eval_loss': 0.5238285064697266, 'eval_content_rmse': 0.5108271837234497, 'eval_wording_rmse': 0.8869683146476746, 'eval_mcrmse': 0.6988977193832397, 'eval_runtime': 26.0094, 'eval_samples_per_second': 77.241, 'eval_steps_per_second': 25.76, 'epoch': 1.51}
{'eval_loss': 0.722939133644104, 'eval_content_rmse': 0.5733850598335266, 'eval_wording_rmse': 1.0569331645965576, 'eval_mcrmse': 0.8151590824127197, 'eval_runtime': 26.0088, 'eval_samples_per_second': 77.243, 'eval_steps_per_second': 25.76, 'epoch': 1.57}
{'eval_loss': 0.7800183892250061, 'eval_content_rmse': 0.6037268042564392, 'eval_wording_rmse': 1.0934123992919922, 'eval_mcrmse': 0.8485696315765381, 'eval_runtime': 26.0082, 'eval_samples_per_second': 77.245, 'eval_steps_per_second': 25.761, 'epoch': 1.63}
{'eval_loss': 0.6092520356178284, 'eval_content_rmse': 0.5237522721290588, 'eval_wording_rmse': 0.9716929793357849, 'eval_mcrmse': 0.7477226257324219, 'eval_runtime': 26.0171, 'eval_samples_per_second': 77.219, 'eval_steps_per_second': 25.752, 'epoch': 1.69}
{'loss': 0.1983, 'learning_rate': 7.81151832460733e-06, 'epoch': 1.75}
{'eval_loss': 0.821262776851654, 'eval_content_rmse': 0.6092195510864258, 'eval_wording_rmse': 1.1275538206100464, 'eval_mcrmse': 0.8683866858482361, 'eval_runtime': 25.9731, 'eval_samples_per_second': 77.349, 'eval_steps_per_second': 25.796, 'epoch': 1.75}
{'eval_loss': 0.6397286653518677, 'eval_content_rmse': 0.540115475654602, 'eval_wording_rmse': 0.993847131729126, 'eval_mcrmse': 0.766981303691864, 'eval_runtime': 26.0224, 'eval_samples_per_second': 77.203, 'eval_steps_per_second': 25.747, 'epoch': 1.8}
{'eval_loss': 0.7217654585838318, 'eval_content_rmse': 0.5856303572654724, 'eval_wording_rmse': 1.049079418182373, 'eval_mcrmse': 0.8173549175262451, 'eval_runtime': 26.02, 'eval_samples_per_second': 77.21, 'eval_steps_per_second': 25.749, 'epoch': 1.86}
{'eval_loss': 0.6872850060462952, 'eval_content_rmse': 0.543917715549469, 'eval_wording_rmse': 1.0386160612106323, 'eval_mcrmse': 0.791266918182373, 'eval_runtime': 26.0134, 'eval_samples_per_second': 77.229, 'eval_steps_per_second': 25.756, 'epoch': 1.92}
{'eval_loss': 0.7231214642524719, 'eval_content_rmse': 0.5622568726539612, 'eval_wording_rmse': 1.063065767288208, 'eval_mcrmse': 0.8126612901687622, 'eval_runtime': 26.0072, 'eval_samples_per_second': 77.248, 'eval_steps_per_second': 25.762, 'epoch': 1.98}
{'loss': 0.1923, 'learning_rate': 7.113438045375218e-06, 'epoch': 2.04}
{'eval_loss': 0.6865507960319519, 'eval_content_rmse': 0.6009966731071472, 'eval_wording_rmse': 1.0059345960617065, 'eval_mcrmse': 0.8034656047821045, 'eval_runtime': 25.9725, 'eval_samples_per_second': 77.351, 'eval_steps_per_second': 25.796, 'epoch': 2.04}
{'eval_loss': 0.6669444441795349, 'eval_content_rmse': 0.5451021790504456, 'eval_wording_rmse': 1.0182101726531982, 'eval_mcrmse': 0.7816561460494995, 'eval_runtime': 26.0079, 'eval_samples_per_second': 77.246, 'eval_steps_per_second': 25.761, 'epoch': 2.09}
{'eval_loss': 0.7102794647216797, 'eval_content_rmse': 0.5480331182479858, 'eval_wording_rmse': 1.0584039688110352, 'eval_mcrmse': 0.8032185435295105, 'eval_runtime': 26.0079, 'eval_samples_per_second': 77.246, 'eval_steps_per_second': 25.761, 'epoch': 2.15}
{'eval_loss': 0.9586728811264038, 'eval_content_rmse': 0.6469534635543823, 'eval_wording_rmse': 1.2242530584335327, 'eval_mcrmse': 0.9356032609939575, 'eval_runtime': 26.0155, 'eval_samples_per_second': 77.223, 'eval_steps_per_second': 25.754, 'epoch': 2.21}
{'eval_loss': 0.8034027814865112, 'eval_content_rmse': 0.5630754232406616, 'eval_wording_rmse': 1.1356725692749023, 'eval_mcrmse': 0.849373996257782, 'eval_runtime': 26.0088, 'eval_samples_per_second': 77.243, 'eval_steps_per_second': 25.76, 'epoch': 2.27}
{'loss': 0.1297, 'learning_rate': 6.415357766143107e-06, 'epoch': 2.33}
{'eval_loss': 0.7180328965187073, 'eval_content_rmse': 0.5858127474784851, 'eval_wording_rmse': 1.0454133749008179, 'eval_mcrmse': 0.8156130313873291, 'eval_runtime': 25.9559, 'eval_samples_per_second': 77.401, 'eval_steps_per_second': 25.813, 'epoch': 2.33}
{'eval_loss': 0.5438110828399658, 'eval_content_rmse': 0.5438443422317505, 'eval_wording_rmse': 0.8898624777793884, 'eval_mcrmse': 0.7168533802032471, 'eval_runtime': 26.0099, 'eval_samples_per_second': 77.24, 'eval_steps_per_second': 25.759, 'epoch': 2.39}
{'eval_loss': 0.6077379584312439, 'eval_content_rmse': 0.5572435259819031, 'eval_wording_rmse': 0.9512912034988403, 'eval_mcrmse': 0.7542673349380493, 'eval_runtime': 26.0109, 'eval_samples_per_second': 77.237, 'eval_steps_per_second': 25.758, 'epoch': 2.44}
{'eval_loss': 0.8040921092033386, 'eval_content_rmse': 0.6727302074432373, 'eval_wording_rmse': 1.0749967098236084, 'eval_mcrmse': 0.8738634586334229, 'eval_runtime': 26.0117, 'eval_samples_per_second': 77.235, 'eval_steps_per_second': 25.758, 'epoch': 2.5}
{'eval_loss': 0.7220864295959473, 'eval_content_rmse': 0.6275714635848999, 'eval_wording_rmse': 1.0248547792434692, 'eval_mcrmse': 0.8262131214141846, 'eval_runtime': 26.0071, 'eval_samples_per_second': 77.248, 'eval_steps_per_second': 25.762, 'epoch': 2.56}
{'loss': 0.1192, 'learning_rate': 5.717277486910995e-06, 'epoch': 2.62}
{'eval_loss': 1.016255497932434, 'eval_content_rmse': 0.6749284267425537, 'eval_wording_rmse': 1.2557793855667114, 'eval_mcrmse': 0.9653539061546326, 'eval_runtime': 25.965, 'eval_samples_per_second': 77.373, 'eval_steps_per_second': 25.804, 'epoch': 2.62}
{'eval_loss': 0.6601954102516174, 'eval_content_rmse': 0.5595459938049316, 'eval_wording_rmse': 1.0036420822143555, 'eval_mcrmse': 0.7815940380096436, 'eval_runtime': 26.0155, 'eval_samples_per_second': 77.223, 'eval_steps_per_second': 25.754, 'epoch': 2.68}
{'eval_loss': 0.7312654852867126, 'eval_content_rmse': 0.5577265024185181, 'eval_wording_rmse': 1.0730668306350708, 'eval_mcrmse': 0.8153966665267944, 'eval_runtime': 26.0145, 'eval_samples_per_second': 77.226, 'eval_steps_per_second': 25.755, 'epoch': 2.73}
{'eval_loss': 0.8878729343414307, 'eval_content_rmse': 0.6342519521713257, 'eval_wording_rmse': 1.1719515323638916, 'eval_mcrmse': 0.9031017422676086, 'eval_runtime': 26.0102, 'eval_samples_per_second': 77.239, 'eval_steps_per_second': 25.759, 'epoch': 2.79}
{'eval_loss': 0.8639512062072754, 'eval_content_rmse': 0.6772307753562927, 'eval_wording_rmse': 1.1266151666641235, 'eval_mcrmse': 0.9019229412078857, 'eval_runtime': 26.0063, 'eval_samples_per_second': 77.251, 'eval_steps_per_second': 25.763, 'epoch': 2.85}
{'loss': 0.119, 'learning_rate': 5.019197207678883e-06, 'epoch': 2.91}
{'eval_loss': 0.8130096793174744, 'eval_content_rmse': 0.5866442918777466, 'eval_wording_rmse': 1.1321971416473389, 'eval_mcrmse': 0.8594207167625427, 'eval_runtime': 25.9675, 'eval_samples_per_second': 77.366, 'eval_steps_per_second': 25.802, 'epoch': 2.91}
{'eval_loss': 0.7186383008956909, 'eval_content_rmse': 0.563258171081543, 'eval_wording_rmse': 1.0583083629608154, 'eval_mcrmse': 0.8107832670211792, 'eval_runtime': 26.016, 'eval_samples_per_second': 77.222, 'eval_steps_per_second': 25.753, 'epoch': 2.97}
{'eval_loss': 0.6580376029014587, 'eval_content_rmse': 0.5506175756454468, 'eval_wording_rmse': 1.0064274072647095, 'eval_mcrmse': 0.7785224914550781, 'eval_runtime': 26.0064, 'eval_samples_per_second': 77.25, 'eval_steps_per_second': 25.763, 'epoch': 3.03}
{'eval_loss': 0.6156827807426453, 'eval_content_rmse': 0.5583232045173645, 'eval_wording_rmse': 0.9589791297912598, 'eval_mcrmse': 0.7586511373519897, 'eval_runtime': 26.0155, 'eval_samples_per_second': 77.223, 'eval_steps_per_second': 25.754, 'epoch': 3.08}
{'eval_loss': 0.758104145526886, 'eval_content_rmse': 0.5717583298683167, 'eval_wording_rmse': 1.0905499458312988, 'eval_mcrmse': 0.8311541080474854, 'eval_runtime': 26.0137, 'eval_samples_per_second': 77.228, 'eval_steps_per_second': 25.756, 'epoch': 3.14}
{'loss': 0.0854, 'learning_rate': 4.321116928446771e-06, 'epoch': 3.2}
{'eval_loss': 0.8120852112770081, 'eval_content_rmse': 0.6008716225624084, 'eval_wording_rmse': 1.1238874197006226, 'eval_mcrmse': 0.8623795509338379, 'eval_runtime': 25.9703, 'eval_samples_per_second': 77.358, 'eval_steps_per_second': 25.799, 'epoch': 3.2}
{'eval_loss': 0.827293872833252, 'eval_content_rmse': 0.5797330141067505, 'eval_wording_rmse': 1.1482584476470947, 'eval_mcrmse': 0.8639957308769226, 'eval_runtime': 26.0233, 'eval_samples_per_second': 77.2, 'eval_steps_per_second': 25.746, 'epoch': 3.26}
{'eval_loss': 0.7839357852935791, 'eval_content_rmse': 0.5831184387207031, 'eval_wording_rmse': 1.1080816984176636, 'eval_mcrmse': 0.8456000685691833, 'eval_runtime': 26.0187, 'eval_samples_per_second': 77.214, 'eval_steps_per_second': 25.751, 'epoch': 3.32}
{'eval_loss': 0.7766878604888916, 'eval_content_rmse': 0.5653330087661743, 'eval_wording_rmse': 1.110754132270813, 'eval_mcrmse': 0.8380435705184937, 'eval_runtime': 26.0152, 'eval_samples_per_second': 77.224, 'eval_steps_per_second': 25.754, 'epoch': 3.37}
{'eval_loss': 0.8065251708030701, 'eval_content_rmse': 0.5643020868301392, 'eval_wording_rmse': 1.1378114223480225, 'eval_mcrmse': 0.8510567545890808, 'eval_runtime': 26.0126, 'eval_samples_per_second': 77.232, 'eval_steps_per_second': 25.757, 'epoch': 3.43}
{'loss': 0.0679, 'learning_rate': 3.62303664921466e-06, 'epoch': 3.49}
{'eval_loss': 0.648759663105011, 'eval_content_rmse': 0.533510148525238, 'eval_wording_rmse': 1.0064222812652588, 'eval_mcrmse': 0.7699662446975708, 'eval_runtime': 25.968, 'eval_samples_per_second': 77.364, 'eval_steps_per_second': 25.801, 'epoch': 3.49}
{'eval_loss': 0.6541122198104858, 'eval_content_rmse': 0.5633903741836548, 'eval_wording_rmse': 0.9953974485397339, 'eval_mcrmse': 0.7793939113616943, 'eval_runtime': 26.0139, 'eval_samples_per_second': 77.228, 'eval_steps_per_second': 25.755, 'epoch': 3.55}
{'eval_loss': 0.6569753885269165, 'eval_content_rmse': 0.5455545783042908, 'eval_wording_rmse': 1.0081275701522827, 'eval_mcrmse': 0.7768410444259644, 'eval_runtime': 26.0168, 'eval_samples_per_second': 77.219, 'eval_steps_per_second': 25.753, 'epoch': 3.61}
{'eval_loss': 0.8166879415512085, 'eval_content_rmse': 0.5755435228347778, 'eval_wording_rmse': 1.1411069631576538, 'eval_mcrmse': 0.8583252429962158, 'eval_runtime': 26.02, 'eval_samples_per_second': 77.21, 'eval_steps_per_second': 25.749, 'epoch': 3.66}
{'eval_loss': 0.886003851890564, 'eval_content_rmse': 0.5755602121353149, 'eval_wording_rmse': 1.2003071308135986, 'eval_mcrmse': 0.8879336714744568, 'eval_runtime': 26.0066, 'eval_samples_per_second': 77.25, 'eval_steps_per_second': 25.763, 'epoch': 3.72}
{'loss': 0.0683, 'learning_rate': 2.924956369982548e-06, 'epoch': 3.78}
{'eval_loss': 0.7944805026054382, 'eval_content_rmse': 0.5820279717445374, 'eval_wording_rmse': 1.1181256771087646, 'eval_mcrmse': 0.8500767946243286, 'eval_runtime': 25.9721, 'eval_samples_per_second': 77.352, 'eval_steps_per_second': 25.797, 'epoch': 3.78}
{'eval_loss': 0.7256960272789001, 'eval_content_rmse': 0.538726270198822, 'eval_wording_rmse': 1.0775738954544067, 'eval_mcrmse': 0.808150053024292, 'eval_runtime': 26.0174, 'eval_samples_per_second': 77.218, 'eval_steps_per_second': 25.752, 'epoch': 3.84}
{'eval_loss': 0.8379310369491577, 'eval_content_rmse': 0.5295214056968689, 'eval_wording_rmse': 1.1812992095947266, 'eval_mcrmse': 0.8554103374481201, 'eval_runtime': 26.0191, 'eval_samples_per_second': 77.213, 'eval_steps_per_second': 25.75, 'epoch': 3.9}
{'eval_loss': 0.6892480254173279, 'eval_content_rmse': 0.5507009625434875, 'eval_wording_rmse': 1.0369306802749634, 'eval_mcrmse': 0.7938158512115479, 'eval_runtime': 26.02, 'eval_samples_per_second': 77.21, 'eval_steps_per_second': 25.749, 'epoch': 3.96}
{'eval_loss': 0.7746999859809875, 'eval_content_rmse': 0.5251162648200989, 'eval_wording_rmse': 1.1285626888275146, 'eval_mcrmse': 0.8268394470214844, 'eval_runtime': 26.0142, 'eval_samples_per_second': 77.227, 'eval_steps_per_second': 25.755, 'epoch': 4.01}
{'loss': 0.0589, 'learning_rate': 2.2268760907504366e-06, 'epoch': 4.07}
{'eval_loss': 0.7817441821098328, 'eval_content_rmse': 0.5513864159584045, 'eval_wording_rmse': 1.1222567558288574, 'eval_mcrmse': 0.8368215560913086, 'eval_runtime': 25.9615, 'eval_samples_per_second': 77.384, 'eval_steps_per_second': 25.807, 'epoch': 4.07}
{'eval_loss': 0.7597085237503052, 'eval_content_rmse': 0.5353500843048096, 'eval_wording_rmse': 1.1103228330612183, 'eval_mcrmse': 0.8228364586830139, 'eval_runtime': 26.003, 'eval_samples_per_second': 77.26, 'eval_steps_per_second': 25.766, 'epoch': 4.13}
{'eval_loss': 0.746206521987915, 'eval_content_rmse': 0.539431631565094, 'eval_wording_rmse': 1.0960960388183594, 'eval_mcrmse': 0.8177638053894043, 'eval_runtime': 26.0163, 'eval_samples_per_second': 77.221, 'eval_steps_per_second': 25.753, 'epoch': 4.19}
{'eval_loss': 0.7376636862754822, 'eval_content_rmse': 0.5389389395713806, 'eval_wording_rmse': 1.0885180234909058, 'eval_mcrmse': 0.8137284517288208, 'eval_runtime': 26.0084, 'eval_samples_per_second': 77.244, 'eval_steps_per_second': 25.761, 'epoch': 4.25}
{'eval_loss': 0.7145680785179138, 'eval_content_rmse': 0.5524801015853882, 'eval_wording_rmse': 1.060141921043396, 'eval_mcrmse': 0.8063110113143921, 'eval_runtime': 26.0038, 'eval_samples_per_second': 77.258, 'eval_steps_per_second': 25.765, 'epoch': 4.3}
{'loss': 0.0346, 'learning_rate': 1.5287958115183247e-06, 'epoch': 4.36}
{'eval_loss': 0.708590030670166, 'eval_content_rmse': 0.5356631278991699, 'eval_wording_rmse': 1.0631297826766968, 'eval_mcrmse': 0.7993964552879333, 'eval_runtime': 25.9654, 'eval_samples_per_second': 77.372, 'eval_steps_per_second': 25.804, 'epoch': 4.36}
{'eval_loss': 0.8012339472770691, 'eval_content_rmse': 0.5497018694877625, 'eval_wording_rmse': 1.140305519104004, 'eval_mcrmse': 0.8450037240982056, 'eval_runtime': 26.0089, 'eval_samples_per_second': 77.243, 'eval_steps_per_second': 25.76, 'epoch': 4.42}
{'eval_loss': 0.7890281677246094, 'eval_content_rmse': 0.5618800520896912, 'eval_wording_rmse': 1.1235427856445312, 'eval_mcrmse': 0.8427114486694336, 'eval_runtime': 26.0144, 'eval_samples_per_second': 77.227, 'eval_steps_per_second': 25.755, 'epoch': 4.48}
{'eval_loss': 0.7370911836624146, 'eval_content_rmse': 0.5450992584228516, 'eval_wording_rmse': 1.0849194526672363, 'eval_mcrmse': 0.815009355545044, 'eval_runtime': 26.0067, 'eval_samples_per_second': 77.249, 'eval_steps_per_second': 25.763, 'epoch': 4.54}
{'eval_loss': 0.7712283134460449, 'eval_content_rmse': 0.5625383853912354, 'eval_wording_rmse': 1.1072524785995483, 'eval_mcrmse': 0.8348954319953918, 'eval_runtime': 26.0112, 'eval_samples_per_second': 77.236, 'eval_steps_per_second': 25.758, 'epoch': 4.6}
{'loss': 0.0329, 'learning_rate': 8.30715532286213e-07, 'epoch': 4.65}
{'eval_loss': 0.7418785691261292, 'eval_content_rmse': 0.5324960947036743, 'eval_wording_rmse': 1.0955380201339722, 'eval_mcrmse': 0.8140170574188232, 'eval_runtime': 25.9669, 'eval_samples_per_second': 77.368, 'eval_steps_per_second': 25.802, 'epoch': 4.65}
{'eval_loss': 0.7489312291145325, 'eval_content_rmse': 0.5499704480171204, 'eval_wording_rmse': 1.09334135055542, 'eval_mcrmse': 0.8216558694839478, 'eval_runtime': 26.0145, 'eval_samples_per_second': 77.226, 'eval_steps_per_second': 25.755, 'epoch': 4.71}
{'eval_loss': 0.7562090158462524, 'eval_content_rmse': 0.540756106376648, 'eval_wording_rmse': 1.104536533355713, 'eval_mcrmse': 0.8226463198661804, 'eval_runtime': 26.0025, 'eval_samples_per_second': 77.262, 'eval_steps_per_second': 25.767, 'epoch': 4.77}
{'eval_loss': 0.7387498617172241, 'eval_content_rmse': 0.5442119240760803, 'eval_wording_rmse': 1.0868914127349854, 'eval_mcrmse': 0.8155516386032104, 'eval_runtime': 26.0124, 'eval_samples_per_second': 77.232, 'eval_steps_per_second': 25.757, 'epoch': 4.83}
{'eval_loss': 0.7371924519538879, 'eval_content_rmse': 0.5498332977294922, 'eval_wording_rmse': 1.0826209783554077, 'eval_mcrmse': 0.81622713804245, 'eval_runtime': 26.0177, 'eval_samples_per_second': 77.217, 'eval_steps_per_second': 25.752, 'epoch': 4.89}
{'loss': 0.0311, 'learning_rate': 1.3263525305410123e-07, 'epoch': 4.94}
{'eval_loss': 0.7523231506347656, 'eval_content_rmse': 0.5469398498535156, 'eval_wording_rmse': 1.0979539155960083, 'eval_mcrmse': 0.822446882724762, 'eval_runtime': 25.9649, 'eval_samples_per_second': 77.374, 'eval_steps_per_second': 25.804, 'epoch': 4.94}
{'train_runtime': 3757.0484, 'train_samples_per_second': 6.862, 'train_steps_per_second': 2.288, 'train_loss': 0.15609786015322488, 'epoch': 5.0}
finish training
fold 2:
load model:  debertav3large
model_fold_dir debertav3large_lr12e-05_clean_text/fold_2/2
start training
{'eval_loss': 0.4567568302154541, 'eval_content_rmse': 0.5722659826278687, 'eval_wording_rmse': 0.7655230164527893, 'eval_mcrmse': 0.6688945293426514, 'eval_runtime': 23.418, 'eval_samples_per_second': 85.234, 'eval_steps_per_second': 28.44, 'epoch': 0.06}
{'eval_loss': 0.5115610957145691, 'eval_content_rmse': 0.5973808765411377, 'eval_wording_rmse': 0.8162462115287781, 'eval_mcrmse': 0.7068135738372803, 'eval_runtime': 23.4123, 'eval_samples_per_second': 85.254, 'eval_steps_per_second': 28.447, 'epoch': 0.12}
{'eval_loss': 0.4926384687423706, 'eval_content_rmse': 0.6626538634300232, 'eval_wording_rmse': 0.7390314340591431, 'eval_mcrmse': 0.7008426189422607, 'eval_runtime': 23.4173, 'eval_samples_per_second': 85.236, 'eval_steps_per_second': 28.441, 'epoch': 0.17}
{'eval_loss': 0.3919646739959717, 'eval_content_rmse': 0.5470560193061829, 'eval_wording_rmse': 0.6961744427680969, 'eval_mcrmse': 0.6216152310371399, 'eval_runtime': 23.4284, 'eval_samples_per_second': 85.196, 'eval_steps_per_second': 28.427, 'epoch': 0.23}
{'loss': 0.5319, 'learning_rate': 1.1303540336622171e-05, 'epoch': 0.29}
{'eval_loss': 0.6108641624450684, 'eval_content_rmse': 0.5980576872825623, 'eval_wording_rmse': 0.929545521736145, 'eval_mcrmse': 0.7638015747070312, 'eval_runtime': 23.373, 'eval_samples_per_second': 85.398, 'eval_steps_per_second': 28.494, 'epoch': 0.29}
{'eval_loss': 0.49831873178482056, 'eval_content_rmse': 0.5278952717781067, 'eval_wording_rmse': 0.847327470779419, 'eval_mcrmse': 0.6876113414764404, 'eval_runtime': 23.421, 'eval_samples_per_second': 85.223, 'eval_steps_per_second': 28.436, 'epoch': 0.35}
{'eval_loss': 0.39041411876678467, 'eval_content_rmse': 0.5496934056282043, 'eval_wording_rmse': 0.6918566823005676, 'eval_mcrmse': 0.620775043964386, 'eval_runtime': 23.41, 'eval_samples_per_second': 85.263, 'eval_steps_per_second': 28.449, 'epoch': 0.41}
{'eval_loss': 0.35356399416923523, 'eval_content_rmse': 0.48296117782592773, 'eval_wording_rmse': 0.6883869171142578, 'eval_mcrmse': 0.5856740474700928, 'eval_runtime': 23.4199, 'eval_samples_per_second': 85.227, 'eval_steps_per_second': 28.437, 'epoch': 0.46}
{'eval_loss': 0.5044476389884949, 'eval_content_rmse': 0.5387764573097229, 'eval_wording_rmse': 0.8477119207382202, 'eval_mcrmse': 0.693244218826294, 'eval_runtime': 23.4206, 'eval_samples_per_second': 85.224, 'eval_steps_per_second': 28.437, 'epoch': 0.52}
{'loss': 0.3356, 'learning_rate': 1.0607080673244342e-05, 'epoch': 0.58}
{'eval_loss': 0.548163115978241, 'eval_content_rmse': 0.48680388927459717, 'eval_wording_rmse': 0.9270104765892029, 'eval_mcrmse': 0.7069071531295776, 'eval_runtime': 23.3689, 'eval_samples_per_second': 85.413, 'eval_steps_per_second': 28.499, 'epoch': 0.58}
{'eval_loss': 0.572980523109436, 'eval_content_rmse': 0.5887394547462463, 'eval_wording_rmse': 0.894061803817749, 'eval_mcrmse': 0.7414005994796753, 'eval_runtime': 23.4188, 'eval_samples_per_second': 85.231, 'eval_steps_per_second': 28.439, 'epoch': 0.64}
{'eval_loss': 0.3902207016944885, 'eval_content_rmse': 0.4952535033226013, 'eval_wording_rmse': 0.7315499782562256, 'eval_mcrmse': 0.6134017705917358, 'eval_runtime': 23.418, 'eval_samples_per_second': 85.233, 'eval_steps_per_second': 28.44, 'epoch': 0.7}
{'eval_loss': 0.41151976585388184, 'eval_content_rmse': 0.5063748359680176, 'eval_wording_rmse': 0.7527444958686829, 'eval_mcrmse': 0.6295596361160278, 'eval_runtime': 23.4189, 'eval_samples_per_second': 85.23, 'eval_steps_per_second': 28.439, 'epoch': 0.75}
{'eval_loss': 0.40836024284362793, 'eval_content_rmse': 0.5201574563980103, 'eval_wording_rmse': 0.7390240430831909, 'eval_mcrmse': 0.6295907497406006, 'eval_runtime': 23.4173, 'eval_samples_per_second': 85.236, 'eval_steps_per_second': 28.441, 'epoch': 0.81}
{'loss': 0.344, 'learning_rate': 9.910621009866511e-06, 'epoch': 0.87}
{'eval_loss': 0.39092376828193665, 'eval_content_rmse': 0.5224112868309021, 'eval_wording_rmse': 0.713396430015564, 'eval_mcrmse': 0.6179038286209106, 'eval_runtime': 23.3669, 'eval_samples_per_second': 85.42, 'eval_steps_per_second': 28.502, 'epoch': 0.87}
{'eval_loss': 0.3653341233730316, 'eval_content_rmse': 0.5056014657020569, 'eval_wording_rmse': 0.6892281770706177, 'eval_mcrmse': 0.5974148511886597, 'eval_runtime': 23.4106, 'eval_samples_per_second': 85.261, 'eval_steps_per_second': 28.449, 'epoch': 0.93}
{'eval_loss': 0.637510359287262, 'eval_content_rmse': 0.5816680192947388, 'eval_wording_rmse': 0.9678239822387695, 'eval_mcrmse': 0.7747460007667542, 'eval_runtime': 23.4197, 'eval_samples_per_second': 85.227, 'eval_steps_per_second': 28.438, 'epoch': 0.99}
{'eval_loss': 0.4134855270385742, 'eval_content_rmse': 0.510779857635498, 'eval_wording_rmse': 0.752379834651947, 'eval_mcrmse': 0.6315798759460449, 'eval_runtime': 23.4254, 'eval_samples_per_second': 85.207, 'eval_steps_per_second': 28.431, 'epoch': 1.04}
{'eval_loss': 0.401367723941803, 'eval_content_rmse': 0.4929520785808563, 'eval_wording_rmse': 0.7481535077095032, 'eval_mcrmse': 0.6205527782440186, 'eval_runtime': 23.4236, 'eval_samples_per_second': 85.213, 'eval_steps_per_second': 28.433, 'epoch': 1.1}
{'loss': 0.2749, 'learning_rate': 9.214161346488682e-06, 'epoch': 1.16}
{'eval_loss': 0.3683546781539917, 'eval_content_rmse': 0.5376689434051514, 'eval_wording_rmse': 0.6690452694892883, 'eval_mcrmse': 0.6033570766448975, 'eval_runtime': 23.3693, 'eval_samples_per_second': 85.411, 'eval_steps_per_second': 28.499, 'epoch': 1.16}
{'eval_loss': 0.4285251200199127, 'eval_content_rmse': 0.5063194036483765, 'eval_wording_rmse': 0.7750431895256042, 'eval_mcrmse': 0.640681266784668, 'eval_runtime': 23.4147, 'eval_samples_per_second': 85.246, 'eval_steps_per_second': 28.444, 'epoch': 1.22}
{'eval_loss': 0.44471314549446106, 'eval_content_rmse': 0.4937794804573059, 'eval_wording_rmse': 0.8034973740577698, 'eval_mcrmse': 0.6486384272575378, 'eval_runtime': 23.4136, 'eval_samples_per_second': 85.25, 'eval_steps_per_second': 28.445, 'epoch': 1.28}
{'eval_loss': 0.542508602142334, 'eval_content_rmse': 0.5760656595230103, 'eval_wording_rmse': 0.8678506016731262, 'eval_mcrmse': 0.7219581604003906, 'eval_runtime': 23.4202, 'eval_samples_per_second': 85.226, 'eval_steps_per_second': 28.437, 'epoch': 1.33}
{'eval_loss': 0.3327105939388275, 'eval_content_rmse': 0.48104336857795715, 'eval_wording_rmse': 0.658800482749939, 'eval_mcrmse': 0.5699219107627869, 'eval_runtime': 23.4203, 'eval_samples_per_second': 85.225, 'eval_steps_per_second': 28.437, 'epoch': 1.39}
{'loss': 0.2052, 'learning_rate': 8.517701683110853e-06, 'epoch': 1.45}
{'eval_loss': 0.35001301765441895, 'eval_content_rmse': 0.5007616877555847, 'eval_wording_rmse': 0.6702709794044495, 'eval_mcrmse': 0.5855163335800171, 'eval_runtime': 23.3801, 'eval_samples_per_second': 85.372, 'eval_steps_per_second': 28.486, 'epoch': 1.45}
{'eval_loss': 0.2847544550895691, 'eval_content_rmse': 0.4790753126144409, 'eval_wording_rmse': 0.5830916166305542, 'eval_mcrmse': 0.5310834646224976, 'eval_runtime': 23.4272, 'eval_samples_per_second': 85.2, 'eval_steps_per_second': 28.429, 'epoch': 1.51}
{'eval_loss': 0.3993300795555115, 'eval_content_rmse': 0.4953620433807373, 'eval_wording_rmse': 0.7438251376152039, 'eval_mcrmse': 0.619593620300293, 'eval_runtime': 23.428, 'eval_samples_per_second': 85.197, 'eval_steps_per_second': 28.428, 'epoch': 1.57}
{'eval_loss': 0.4739236831665039, 'eval_content_rmse': 0.49019286036491394, 'eval_wording_rmse': 0.8411650657653809, 'eval_mcrmse': 0.6656789779663086, 'eval_runtime': 23.4213, 'eval_samples_per_second': 85.222, 'eval_steps_per_second': 28.436, 'epoch': 1.63}
{'eval_loss': 0.4509589970111847, 'eval_content_rmse': 0.4702982008457184, 'eval_wording_rmse': 0.8250683546066284, 'eval_mcrmse': 0.6476832628250122, 'eval_runtime': 23.4255, 'eval_samples_per_second': 85.206, 'eval_steps_per_second': 28.431, 'epoch': 1.68}
{'loss': 0.2131, 'learning_rate': 7.821242019733024e-06, 'epoch': 1.74}
{'eval_loss': 0.6232619285583496, 'eval_content_rmse': 0.5456636548042297, 'eval_wording_rmse': 0.9740503430366516, 'eval_mcrmse': 0.7598569989204407, 'eval_runtime': 23.3706, 'eval_samples_per_second': 85.406, 'eval_steps_per_second': 28.497, 'epoch': 1.74}
{'eval_loss': 0.5244337916374207, 'eval_content_rmse': 0.4863792061805725, 'eval_wording_rmse': 0.9012783765792847, 'eval_mcrmse': 0.693828821182251, 'eval_runtime': 23.4265, 'eval_samples_per_second': 85.203, 'eval_steps_per_second': 28.429, 'epoch': 1.8}
{'eval_loss': 0.4450741112232208, 'eval_content_rmse': 0.5037232637405396, 'eval_wording_rmse': 0.7977538704872131, 'eval_mcrmse': 0.6507385969161987, 'eval_runtime': 23.4187, 'eval_samples_per_second': 85.231, 'eval_steps_per_second': 28.439, 'epoch': 1.86}
{'eval_loss': 0.4839402437210083, 'eval_content_rmse': 0.5467909574508667, 'eval_wording_rmse': 0.8178629875183105, 'eval_mcrmse': 0.6823269724845886, 'eval_runtime': 23.4317, 'eval_samples_per_second': 85.184, 'eval_steps_per_second': 28.423, 'epoch': 1.92}
{'eval_loss': 0.5320819020271301, 'eval_content_rmse': 0.49786776304244995, 'eval_wording_rmse': 0.9034885168075562, 'eval_mcrmse': 0.7006781101226807, 'eval_runtime': 23.4245, 'eval_samples_per_second': 85.21, 'eval_steps_per_second': 28.432, 'epoch': 1.97}
{'loss': 0.2077, 'learning_rate': 7.124782356355195e-06, 'epoch': 2.03}
{'eval_loss': 0.41249027848243713, 'eval_content_rmse': 0.48662933707237244, 'eval_wording_rmse': 0.7669236063957214, 'eval_mcrmse': 0.6267764568328857, 'eval_runtime': 23.3711, 'eval_samples_per_second': 85.404, 'eval_steps_per_second': 28.497, 'epoch': 2.03}
{'eval_loss': 0.46973422169685364, 'eval_content_rmse': 0.4917052090167999, 'eval_wording_rmse': 0.8352815508842468, 'eval_mcrmse': 0.6634933948516846, 'eval_runtime': 23.4216, 'eval_samples_per_second': 85.221, 'eval_steps_per_second': 28.435, 'epoch': 2.09}
{'eval_loss': 0.3193279504776001, 'eval_content_rmse': 0.4829293191432953, 'eval_wording_rmse': 0.6367382407188416, 'eval_mcrmse': 0.5598337650299072, 'eval_runtime': 23.4254, 'eval_samples_per_second': 85.207, 'eval_steps_per_second': 28.431, 'epoch': 2.15}
{'eval_loss': 0.38937824964523315, 'eval_content_rmse': 0.582159698009491, 'eval_wording_rmse': 0.6632093787193298, 'eval_mcrmse': 0.6226845383644104, 'eval_runtime': 23.4206, 'eval_samples_per_second': 85.224, 'eval_steps_per_second': 28.437, 'epoch': 2.21}
{'eval_loss': 0.4354797899723053, 'eval_content_rmse': 0.4974023997783661, 'eval_wording_rmse': 0.7896514534950256, 'eval_mcrmse': 0.6435269117355347, 'eval_runtime': 23.4201, 'eval_samples_per_second': 85.226, 'eval_steps_per_second': 28.437, 'epoch': 2.26}
{'loss': 0.1356, 'learning_rate': 6.4283226929773656e-06, 'epoch': 2.32}
{'eval_loss': 0.3921755850315094, 'eval_content_rmse': 0.5237202048301697, 'eval_wording_rmse': 0.7141907215118408, 'eval_mcrmse': 0.6189554929733276, 'eval_runtime': 23.3661, 'eval_samples_per_second': 85.423, 'eval_steps_per_second': 28.503, 'epoch': 2.32}
{'eval_loss': 0.3158349096775055, 'eval_content_rmse': 0.5092846155166626, 'eval_wording_rmse': 0.6101630330085754, 'eval_mcrmse': 0.5597238540649414, 'eval_runtime': 23.4182, 'eval_samples_per_second': 85.233, 'eval_steps_per_second': 28.439, 'epoch': 2.38}
{'eval_loss': 0.422559916973114, 'eval_content_rmse': 0.5095803141593933, 'eval_wording_rmse': 0.7651452422142029, 'eval_mcrmse': 0.6373627781867981, 'eval_runtime': 23.4209, 'eval_samples_per_second': 85.223, 'eval_steps_per_second': 28.436, 'epoch': 2.44}
{'eval_loss': 0.4936496615409851, 'eval_content_rmse': 0.5080567002296448, 'eval_wording_rmse': 0.8539188504219055, 'eval_mcrmse': 0.6809877753257751, 'eval_runtime': 23.4296, 'eval_samples_per_second': 85.191, 'eval_steps_per_second': 28.426, 'epoch': 2.5}
{'eval_loss': 0.4610650837421417, 'eval_content_rmse': 0.5062642693519592, 'eval_wording_rmse': 0.8159818649291992, 'eval_mcrmse': 0.6611230373382568, 'eval_runtime': 23.4204, 'eval_samples_per_second': 85.225, 'eval_steps_per_second': 28.437, 'epoch': 2.55}
{'loss': 0.1271, 'learning_rate': 5.731863029599536e-06, 'epoch': 2.61}
{'eval_loss': 0.35353636741638184, 'eval_content_rmse': 0.48405948281288147, 'eval_wording_rmse': 0.6875747442245483, 'eval_mcrmse': 0.5858170986175537, 'eval_runtime': 23.3723, 'eval_samples_per_second': 85.4, 'eval_steps_per_second': 28.495, 'epoch': 2.61}
{'eval_loss': 0.4416787624359131, 'eval_content_rmse': 0.48453402519226074, 'eval_wording_rmse': 0.8053473830223083, 'eval_mcrmse': 0.6449407339096069, 'eval_runtime': 23.4265, 'eval_samples_per_second': 85.203, 'eval_steps_per_second': 28.429, 'epoch': 2.67}
{'eval_loss': 0.4622320830821991, 'eval_content_rmse': 0.49362269043922424, 'eval_wording_rmse': 0.8251065611839294, 'eval_mcrmse': 0.659364640712738, 'eval_runtime': 23.431, 'eval_samples_per_second': 85.186, 'eval_steps_per_second': 28.424, 'epoch': 2.73}
{'eval_loss': 0.40846875309944153, 'eval_content_rmse': 0.4905910789966583, 'eval_wording_rmse': 0.7591170072555542, 'eval_mcrmse': 0.6248540282249451, 'eval_runtime': 23.4221, 'eval_samples_per_second': 85.219, 'eval_steps_per_second': 28.435, 'epoch': 2.79}
{'eval_loss': 0.37727829813957214, 'eval_content_rmse': 0.49022263288497925, 'eval_wording_rmse': 0.7171041369438171, 'eval_mcrmse': 0.6036633849143982, 'eval_runtime': 23.4215, 'eval_samples_per_second': 85.221, 'eval_steps_per_second': 28.435, 'epoch': 2.84}
{'loss': 0.1232, 'learning_rate': 5.0354033662217065e-06, 'epoch': 2.9}
{'eval_loss': 0.3347102403640747, 'eval_content_rmse': 0.47484809160232544, 'eval_wording_rmse': 0.6662881970405579, 'eval_mcrmse': 0.5705681443214417, 'eval_runtime': 23.3751, 'eval_samples_per_second': 85.39, 'eval_steps_per_second': 28.492, 'epoch': 2.9}
{'eval_loss': 0.3902042508125305, 'eval_content_rmse': 0.5613065361976624, 'eval_wording_rmse': 0.682160496711731, 'eval_mcrmse': 0.621733546257019, 'eval_runtime': 23.4171, 'eval_samples_per_second': 85.237, 'eval_steps_per_second': 28.441, 'epoch': 2.96}
{'eval_loss': 0.418640673160553, 'eval_content_rmse': 0.5026138424873352, 'eval_wording_rmse': 0.7646311521530151, 'eval_mcrmse': 0.6336225271224976, 'eval_runtime': 23.4247, 'eval_samples_per_second': 85.209, 'eval_steps_per_second': 28.431, 'epoch': 3.02}
{'eval_loss': 0.434804767370224, 'eval_content_rmse': 0.5187840461730957, 'eval_wording_rmse': 0.7749015688896179, 'eval_mcrmse': 0.6468428373336792, 'eval_runtime': 23.43, 'eval_samples_per_second': 85.19, 'eval_steps_per_second': 28.425, 'epoch': 3.08}
{'eval_loss': 0.3617561161518097, 'eval_content_rmse': 0.4929327964782715, 'eval_wording_rmse': 0.6932021975517273, 'eval_mcrmse': 0.5930675268173218, 'eval_runtime': 23.4265, 'eval_samples_per_second': 85.203, 'eval_steps_per_second': 28.429, 'epoch': 3.13}
{'loss': 0.0888, 'learning_rate': 4.338943702843877e-06, 'epoch': 3.19}
{'eval_loss': 0.43122631311416626, 'eval_content_rmse': 0.5187290906906128, 'eval_wording_rmse': 0.7703074812889099, 'eval_mcrmse': 0.644518256187439, 'eval_runtime': 23.3761, 'eval_samples_per_second': 85.386, 'eval_steps_per_second': 28.491, 'epoch': 3.19}
{'eval_loss': 0.36655715107917786, 'eval_content_rmse': 0.4970535933971405, 'eval_wording_rmse': 0.6971743702888489, 'eval_mcrmse': 0.5971139669418335, 'eval_runtime': 23.4237, 'eval_samples_per_second': 85.213, 'eval_steps_per_second': 28.433, 'epoch': 3.25}
{'eval_loss': 0.3890828490257263, 'eval_content_rmse': 0.48781782388687134, 'eval_wording_rmse': 0.734982430934906, 'eval_mcrmse': 0.6114001274108887, 'eval_runtime': 23.4264, 'eval_samples_per_second': 85.203, 'eval_steps_per_second': 28.429, 'epoch': 3.31}
{'eval_loss': 0.5199263095855713, 'eval_content_rmse': 0.5217224359512329, 'eval_wording_rmse': 0.8761608600616455, 'eval_mcrmse': 0.6989416480064392, 'eval_runtime': 23.4248, 'eval_samples_per_second': 85.209, 'eval_steps_per_second': 28.431, 'epoch': 3.37}
{'eval_loss': 0.38397902250289917, 'eval_content_rmse': 0.4928382337093353, 'eval_wording_rmse': 0.7246160507202148, 'eval_mcrmse': 0.6087271571159363, 'eval_runtime': 23.4191, 'eval_samples_per_second': 85.23, 'eval_steps_per_second': 28.438, 'epoch': 3.42}
{'loss': 0.0729, 'learning_rate': 3.6424840394660474e-06, 'epoch': 3.48}
{'eval_loss': 0.4240686297416687, 'eval_content_rmse': 0.5283242464065552, 'eval_wording_rmse': 0.7543274760246277, 'eval_mcrmse': 0.641325831413269, 'eval_runtime': 23.3756, 'eval_samples_per_second': 85.388, 'eval_steps_per_second': 28.491, 'epoch': 3.48}
{'eval_loss': 0.4384390115737915, 'eval_content_rmse': 0.5157199501991272, 'eval_wording_rmse': 0.7816076278686523, 'eval_mcrmse': 0.6486637592315674, 'eval_runtime': 23.4179, 'eval_samples_per_second': 85.234, 'eval_steps_per_second': 28.44, 'epoch': 3.54}
{'eval_loss': 0.4166146218776703, 'eval_content_rmse': 0.5136417150497437, 'eval_wording_rmse': 0.7545869946479797, 'eval_mcrmse': 0.6341143846511841, 'eval_runtime': 23.4202, 'eval_samples_per_second': 85.226, 'eval_steps_per_second': 28.437, 'epoch': 3.6}
{'eval_loss': 0.4042869806289673, 'eval_content_rmse': 0.5349677205085754, 'eval_wording_rmse': 0.7227607369422913, 'eval_mcrmse': 0.6288642287254333, 'eval_runtime': 23.4248, 'eval_samples_per_second': 85.209, 'eval_steps_per_second': 28.431, 'epoch': 3.66}
{'eval_loss': 0.36225563287734985, 'eval_content_rmse': 0.5096595883369446, 'eval_wording_rmse': 0.6817315816879272, 'eval_mcrmse': 0.5956956148147583, 'eval_runtime': 23.4223, 'eval_samples_per_second': 85.218, 'eval_steps_per_second': 28.434, 'epoch': 3.71}
{'loss': 0.0678, 'learning_rate': 2.9460243760882182e-06, 'epoch': 3.77}
{'eval_loss': 0.43168962001800537, 'eval_content_rmse': 0.5321547985076904, 'eval_wording_rmse': 0.7617025375366211, 'eval_mcrmse': 0.6469286680221558, 'eval_runtime': 23.3719, 'eval_samples_per_second': 85.402, 'eval_steps_per_second': 28.496, 'epoch': 3.77}
{'eval_loss': 0.40181127190589905, 'eval_content_rmse': 0.5667914748191833, 'eval_wording_rmse': 0.6945285201072693, 'eval_mcrmse': 0.6306599974632263, 'eval_runtime': 23.4221, 'eval_samples_per_second': 85.219, 'eval_steps_per_second': 28.435, 'epoch': 3.83}
{'eval_loss': 0.46721166372299194, 'eval_content_rmse': 0.5422793030738831, 'eval_wording_rmse': 0.8002222776412964, 'eval_mcrmse': 0.6712508201599121, 'eval_runtime': 23.4215, 'eval_samples_per_second': 85.221, 'eval_steps_per_second': 28.435, 'epoch': 3.89}
{'eval_loss': 0.39212489128112793, 'eval_content_rmse': 0.5119951963424683, 'eval_wording_rmse': 0.7225723266601562, 'eval_mcrmse': 0.6172837615013123, 'eval_runtime': 23.4213, 'eval_samples_per_second': 85.222, 'eval_steps_per_second': 28.436, 'epoch': 3.95}
{'eval_loss': 0.4558250308036804, 'eval_content_rmse': 0.5130885243415833, 'eval_wording_rmse': 0.8052268028259277, 'eval_mcrmse': 0.6591576337814331, 'eval_runtime': 23.416, 'eval_samples_per_second': 85.241, 'eval_steps_per_second': 28.442, 'epoch': 4.0}
{'loss': 0.0553, 'learning_rate': 2.2495647127103887e-06, 'epoch': 4.06}
{'eval_loss': 0.4488341808319092, 'eval_content_rmse': 0.532780647277832, 'eval_wording_rmse': 0.7834625840187073, 'eval_mcrmse': 0.6581215858459473, 'eval_runtime': 23.3753, 'eval_samples_per_second': 85.389, 'eval_steps_per_second': 28.492, 'epoch': 4.06}
{'eval_loss': 0.4134672284126282, 'eval_content_rmse': 0.5457875728607178, 'eval_wording_rmse': 0.7273588180541992, 'eval_mcrmse': 0.6365731954574585, 'eval_runtime': 23.4152, 'eval_samples_per_second': 85.244, 'eval_steps_per_second': 28.443, 'epoch': 4.12}
{'eval_loss': 0.42015618085861206, 'eval_content_rmse': 0.5295794606208801, 'eval_wording_rmse': 0.748236358165741, 'eval_mcrmse': 0.6389079093933105, 'eval_runtime': 23.4097, 'eval_samples_per_second': 85.264, 'eval_steps_per_second': 28.45, 'epoch': 4.18}
{'eval_loss': 0.4332737624645233, 'eval_content_rmse': 0.5231232047080994, 'eval_wording_rmse': 0.7699928283691406, 'eval_mcrmse': 0.6465580463409424, 'eval_runtime': 23.4147, 'eval_samples_per_second': 85.246, 'eval_steps_per_second': 28.444, 'epoch': 4.24}
{'eval_loss': 0.4355676472187042, 'eval_content_rmse': 0.5425352454185486, 'eval_wording_rmse': 0.7594670653343201, 'eval_mcrmse': 0.6510011553764343, 'eval_runtime': 23.419, 'eval_samples_per_second': 85.23, 'eval_steps_per_second': 28.438, 'epoch': 4.29}
{'loss': 0.0344, 'learning_rate': 1.5531050493325595e-06, 'epoch': 4.35}
{'eval_loss': 0.40525367856025696, 'eval_content_rmse': 0.5078132152557373, 'eval_wording_rmse': 0.7433931231498718, 'eval_mcrmse': 0.625603199005127, 'eval_runtime': 23.3704, 'eval_samples_per_second': 85.407, 'eval_steps_per_second': 28.498, 'epoch': 4.35}
{'eval_loss': 0.41675040125846863, 'eval_content_rmse': 0.5143587589263916, 'eval_wording_rmse': 0.754277765750885, 'eval_mcrmse': 0.6343182325363159, 'eval_runtime': 23.4175, 'eval_samples_per_second': 85.235, 'eval_steps_per_second': 28.44, 'epoch': 4.41}
{'eval_loss': 0.4046267569065094, 'eval_content_rmse': 0.5404548048973083, 'eval_wording_rmse': 0.7191395163536072, 'eval_mcrmse': 0.6297971606254578, 'eval_runtime': 23.4269, 'eval_samples_per_second': 85.201, 'eval_steps_per_second': 28.429, 'epoch': 4.47}
{'eval_loss': 0.39539363980293274, 'eval_content_rmse': 0.5220980644226074, 'eval_wording_rmse': 0.7198620438575745, 'eval_mcrmse': 0.6209800243377686, 'eval_runtime': 23.4296, 'eval_samples_per_second': 85.191, 'eval_steps_per_second': 28.426, 'epoch': 4.53}
{'eval_loss': 0.4188609719276428, 'eval_content_rmse': 0.5209597945213318, 'eval_wording_rmse': 0.7525444030761719, 'eval_mcrmse': 0.6367521286010742, 'eval_runtime': 23.4266, 'eval_samples_per_second': 85.202, 'eval_steps_per_second': 28.429, 'epoch': 4.59}
{'loss': 0.0348, 'learning_rate': 8.566453859547301e-07, 'epoch': 4.64}
{'eval_loss': 0.4087170362472534, 'eval_content_rmse': 0.5138943195343018, 'eval_wording_rmse': 0.7438721656799316, 'eval_mcrmse': 0.6288832426071167, 'eval_runtime': 23.3775, 'eval_samples_per_second': 85.381, 'eval_steps_per_second': 28.489, 'epoch': 4.64}
{'eval_loss': 0.41402390599250793, 'eval_content_rmse': 0.5296540856361389, 'eval_wording_rmse': 0.7399420142173767, 'eval_mcrmse': 0.6347980499267578, 'eval_runtime': 23.4335, 'eval_samples_per_second': 85.177, 'eval_steps_per_second': 28.421, 'epoch': 4.7}
{'eval_loss': 0.43632495403289795, 'eval_content_rmse': 0.5182745456695557, 'eval_wording_rmse': 0.7772007584571838, 'eval_mcrmse': 0.6477376222610474, 'eval_runtime': 23.4235, 'eval_samples_per_second': 85.214, 'eval_steps_per_second': 28.433, 'epoch': 4.76}
{'eval_loss': 0.43257051706314087, 'eval_content_rmse': 0.533033013343811, 'eval_wording_rmse': 0.7622445225715637, 'eval_mcrmse': 0.6476387977600098, 'eval_runtime': 23.4231, 'eval_samples_per_second': 85.215, 'eval_steps_per_second': 28.433, 'epoch': 4.82}
{'eval_loss': 0.4222063720226288, 'eval_content_rmse': 0.5205974578857422, 'eval_wording_rmse': 0.7572256922721863, 'eval_mcrmse': 0.6389116048812866, 'eval_runtime': 23.4268, 'eval_samples_per_second': 85.201, 'eval_steps_per_second': 28.429, 'epoch': 4.88}
{'loss': 0.0326, 'learning_rate': 1.6018572257690075e-07, 'epoch': 4.93}
{'eval_loss': 0.41664695739746094, 'eval_content_rmse': 0.5257881879806519, 'eval_wording_rmse': 0.7462170720100403, 'eval_mcrmse': 0.6360026597976685, 'eval_runtime': 23.3768, 'eval_samples_per_second': 85.384, 'eval_steps_per_second': 28.49, 'epoch': 4.93}
{'eval_loss': 0.4191504120826721, 'eval_content_rmse': 0.5251495242118835, 'eval_wording_rmse': 0.7500125169754028, 'eval_mcrmse': 0.6375809907913208, 'eval_runtime': 23.4267, 'eval_samples_per_second': 85.202, 'eval_steps_per_second': 28.429, 'epoch': 4.99}
{'train_runtime': 3610.5526, 'train_samples_per_second': 7.158, 'train_steps_per_second': 2.386, 'train_loss': 0.16784884742851944, 'epoch': 5.0}
finish training
fold 3:
load model:  debertav3large
model_fold_dir debertav3large_lr12e-05_clean_text/fold_3/3
start training
{'eval_loss': 0.8129074573516846, 'eval_content_rmse': 0.5807288289070129, 'eval_wording_rmse': 1.1351512670516968, 'eval_mcrmse': 0.8579400777816772, 'eval_runtime': 11.9045, 'eval_samples_per_second': 92.654, 'eval_steps_per_second': 30.913, 'epoch': 0.05}
{'eval_loss': 0.5545482635498047, 'eval_content_rmse': 0.6543363332748413, 'eval_wording_rmse': 0.8251913785934448, 'eval_mcrmse': 0.7397638559341431, 'eval_runtime': 11.9018, 'eval_samples_per_second': 92.675, 'eval_steps_per_second': 30.92, 'epoch': 0.1}
{'eval_loss': 0.5602039098739624, 'eval_content_rmse': 0.5090364813804626, 'eval_wording_rmse': 0.9280569553375244, 'eval_mcrmse': 0.7185467481613159, 'eval_runtime': 11.8985, 'eval_samples_per_second': 92.701, 'eval_steps_per_second': 30.928, 'epoch': 0.15}
{'eval_loss': 0.7496423125267029, 'eval_content_rmse': 0.6095225811004639, 'eval_wording_rmse': 1.061963677406311, 'eval_mcrmse': 0.8357431292533875, 'eval_runtime': 11.8949, 'eval_samples_per_second': 92.729, 'eval_steps_per_second': 30.938, 'epoch': 0.2}
{'loss': 0.4617, 'learning_rate': 1.1406234537357743e-05, 'epoch': 0.25}
{'eval_loss': 0.6830511093139648, 'eval_content_rmse': 0.6141666173934937, 'eval_wording_rmse': 0.99443519115448, 'eval_mcrmse': 0.8043009042739868, 'eval_runtime': 11.8625, 'eval_samples_per_second': 92.982, 'eval_steps_per_second': 31.022, 'epoch': 0.25}
{'eval_loss': 0.6115599870681763, 'eval_content_rmse': 0.7061120867729187, 'eval_wording_rmse': 0.851190984249115, 'eval_mcrmse': 0.7786515355110168, 'eval_runtime': 11.9036, 'eval_samples_per_second': 92.661, 'eval_steps_per_second': 30.915, 'epoch': 0.3}
{'eval_loss': 0.5222839713096619, 'eval_content_rmse': 0.5270649194717407, 'eval_wording_rmse': 0.8756540417671204, 'eval_mcrmse': 0.7013595104217529, 'eval_runtime': 11.9028, 'eval_samples_per_second': 92.668, 'eval_steps_per_second': 30.917, 'epoch': 0.35}
{'eval_loss': 0.5130550861358643, 'eval_content_rmse': 0.6100276708602905, 'eval_wording_rmse': 0.8086881637573242, 'eval_mcrmse': 0.7093579173088074, 'eval_runtime': 11.8987, 'eval_samples_per_second': 92.699, 'eval_steps_per_second': 30.928, 'epoch': 0.4}
{'eval_loss': 0.41189393401145935, 'eval_content_rmse': 0.5326688289642334, 'eval_wording_rmse': 0.7348819971084595, 'eval_mcrmse': 0.6337754130363464, 'eval_runtime': 11.9027, 'eval_samples_per_second': 92.668, 'eval_steps_per_second': 30.917, 'epoch': 0.45}
{'loss': 0.3248, 'learning_rate': 1.0812469074715488e-05, 'epoch': 0.49}
{'eval_loss': 0.5052754878997803, 'eval_content_rmse': 0.5804309248924255, 'eval_wording_rmse': 0.820762574672699, 'eval_mcrmse': 0.7005967497825623, 'eval_runtime': 11.8572, 'eval_samples_per_second': 93.023, 'eval_steps_per_second': 31.036, 'epoch': 0.49}
{'eval_loss': 0.4050065279006958, 'eval_content_rmse': 0.49510374665260315, 'eval_wording_rmse': 0.7515887022018433, 'eval_mcrmse': 0.623346209526062, 'eval_runtime': 11.9082, 'eval_samples_per_second': 92.625, 'eval_steps_per_second': 30.903, 'epoch': 0.54}
{'eval_loss': 0.3845137059688568, 'eval_content_rmse': 0.50717693567276, 'eval_wording_rmse': 0.7154014110565186, 'eval_mcrmse': 0.6112891435623169, 'eval_runtime': 11.9023, 'eval_samples_per_second': 92.671, 'eval_steps_per_second': 30.918, 'epoch': 0.59}
{'eval_loss': 0.4459536075592041, 'eval_content_rmse': 0.5307475924491882, 'eval_wording_rmse': 0.7811622023582458, 'eval_mcrmse': 0.655954897403717, 'eval_runtime': 11.9027, 'eval_samples_per_second': 92.668, 'eval_steps_per_second': 30.917, 'epoch': 0.64}
{'eval_loss': 0.4725203514099121, 'eval_content_rmse': 0.4999184012413025, 'eval_wording_rmse': 0.8337394595146179, 'eval_mcrmse': 0.6668289303779602, 'eval_runtime': 11.9055, 'eval_samples_per_second': 92.646, 'eval_steps_per_second': 30.91, 'epoch': 0.69}
{'loss': 0.2974, 'learning_rate': 1.021870361207323e-05, 'epoch': 0.74}
{'eval_loss': 0.39456355571746826, 'eval_content_rmse': 0.5224050283432007, 'eval_wording_rmse': 0.7184846997261047, 'eval_mcrmse': 0.6204448938369751, 'eval_runtime': 11.8575, 'eval_samples_per_second': 93.021, 'eval_steps_per_second': 31.035, 'epoch': 0.74}
{'eval_loss': 0.370123952627182, 'eval_content_rmse': 0.47723081707954407, 'eval_wording_rmse': 0.7158905863761902, 'eval_mcrmse': 0.5965607166290283, 'eval_runtime': 11.8991, 'eval_samples_per_second': 92.696, 'eval_steps_per_second': 30.927, 'epoch': 0.79}
{'eval_loss': 0.39438116550445557, 'eval_content_rmse': 0.48324358463287354, 'eval_wording_rmse': 0.7451431751251221, 'eval_mcrmse': 0.6141933798789978, 'eval_runtime': 11.8978, 'eval_samples_per_second': 92.707, 'eval_steps_per_second': 30.93, 'epoch': 0.84}
{'eval_loss': 0.39726555347442627, 'eval_content_rmse': 0.5088058710098267, 'eval_wording_rmse': 0.731879711151123, 'eval_mcrmse': 0.6203427910804749, 'eval_runtime': 11.902, 'eval_samples_per_second': 92.673, 'eval_steps_per_second': 30.919, 'epoch': 0.89}
{'eval_loss': 0.41572296619415283, 'eval_content_rmse': 0.5101157426834106, 'eval_wording_rmse': 0.7557964324951172, 'eval_mcrmse': 0.6329560875892639, 'eval_runtime': 11.9016, 'eval_samples_per_second': 92.676, 'eval_steps_per_second': 30.92, 'epoch': 0.94}
{'loss': 0.271, 'learning_rate': 9.624938149430975e-06, 'epoch': 0.99}
{'eval_loss': 0.4447454512119293, 'eval_content_rmse': 0.5998576283454895, 'eval_wording_rmse': 0.7277783155441284, 'eval_mcrmse': 0.6638180017471313, 'eval_runtime': 11.8613, 'eval_samples_per_second': 92.992, 'eval_steps_per_second': 31.025, 'epoch': 0.99}
{'eval_loss': 0.39789658784866333, 'eval_content_rmse': 0.5003672242164612, 'eval_wording_rmse': 0.7385293245315552, 'eval_mcrmse': 0.6194483041763306, 'eval_runtime': 11.9044, 'eval_samples_per_second': 92.655, 'eval_steps_per_second': 30.913, 'epoch': 1.04}
{'eval_loss': 0.3918532431125641, 'eval_content_rmse': 0.47721898555755615, 'eval_wording_rmse': 0.7456331253051758, 'eval_mcrmse': 0.611426055431366, 'eval_runtime': 11.9032, 'eval_samples_per_second': 92.664, 'eval_steps_per_second': 30.916, 'epoch': 1.09}
{'eval_loss': 0.5389659404754639, 'eval_content_rmse': 0.7180209755897522, 'eval_wording_rmse': 0.7499186992645264, 'eval_mcrmse': 0.7339698076248169, 'eval_runtime': 11.9073, 'eval_samples_per_second': 92.632, 'eval_steps_per_second': 30.905, 'epoch': 1.14}
{'eval_loss': 0.3824922740459442, 'eval_content_rmse': 0.5062487721443176, 'eval_wording_rmse': 0.7132293581962585, 'eval_mcrmse': 0.6097390651702881, 'eval_runtime': 11.9032, 'eval_samples_per_second': 92.664, 'eval_steps_per_second': 30.916, 'epoch': 1.19}
{'loss': 0.1988, 'learning_rate': 9.03117268678872e-06, 'epoch': 1.24}
{'eval_loss': 0.4279331862926483, 'eval_content_rmse': 0.5452520251274109, 'eval_wording_rmse': 0.7473734617233276, 'eval_mcrmse': 0.6463127136230469, 'eval_runtime': 11.8648, 'eval_samples_per_second': 92.964, 'eval_steps_per_second': 31.016, 'epoch': 1.24}
{'eval_loss': 0.46988654136657715, 'eval_content_rmse': 0.6127045750617981, 'eval_wording_rmse': 0.7512430548667908, 'eval_mcrmse': 0.6819738149642944, 'eval_runtime': 11.9128, 'eval_samples_per_second': 92.589, 'eval_steps_per_second': 30.891, 'epoch': 1.29}
{'eval_loss': 0.4060051739215851, 'eval_content_rmse': 0.48639294505119324, 'eval_wording_rmse': 0.7585726976394653, 'eval_mcrmse': 0.6224828362464905, 'eval_runtime': 11.9063, 'eval_samples_per_second': 92.64, 'eval_steps_per_second': 30.908, 'epoch': 1.34}
{'eval_loss': 0.5636925101280212, 'eval_content_rmse': 0.6951388120651245, 'eval_wording_rmse': 0.8026000261306763, 'eval_mcrmse': 0.7488694190979004, 'eval_runtime': 11.9031, 'eval_samples_per_second': 92.665, 'eval_steps_per_second': 30.916, 'epoch': 1.39}
{'eval_loss': 0.44500482082366943, 'eval_content_rmse': 0.5961219668388367, 'eval_wording_rmse': 0.7311961054801941, 'eval_mcrmse': 0.6636590361595154, 'eval_runtime': 11.9086, 'eval_samples_per_second': 92.622, 'eval_steps_per_second': 30.902, 'epoch': 1.43}
{'loss': 0.1994, 'learning_rate': 8.437407224146462e-06, 'epoch': 1.48}
{'eval_loss': 0.4509963393211365, 'eval_content_rmse': 0.5508338212966919, 'eval_wording_rmse': 0.7736759781837463, 'eval_mcrmse': 0.6622549295425415, 'eval_runtime': 11.8585, 'eval_samples_per_second': 93.013, 'eval_steps_per_second': 31.033, 'epoch': 1.48}
{'eval_loss': 0.4100683331489563, 'eval_content_rmse': 0.49199914932250977, 'eval_wording_rmse': 0.7603116631507874, 'eval_mcrmse': 0.6261553764343262, 'eval_runtime': 11.9045, 'eval_samples_per_second': 92.654, 'eval_steps_per_second': 30.913, 'epoch': 1.53}
{'eval_loss': 0.46076279878616333, 'eval_content_rmse': 0.5244232416152954, 'eval_wording_rmse': 0.8040555119514465, 'eval_mcrmse': 0.6642394065856934, 'eval_runtime': 11.9061, 'eval_samples_per_second': 92.642, 'eval_steps_per_second': 30.909, 'epoch': 1.58}
{'eval_loss': 0.5084695816040039, 'eval_content_rmse': 0.6037980914115906, 'eval_wording_rmse': 0.8076925873756409, 'eval_mcrmse': 0.7057453393936157, 'eval_runtime': 11.9044, 'eval_samples_per_second': 92.655, 'eval_steps_per_second': 30.913, 'epoch': 1.63}
{'eval_loss': 0.39348822832107544, 'eval_content_rmse': 0.49668675661087036, 'eval_wording_rmse': 0.7350365519523621, 'eval_mcrmse': 0.6158616542816162, 'eval_runtime': 11.9084, 'eval_samples_per_second': 92.624, 'eval_steps_per_second': 30.903, 'epoch': 1.68}
{'loss': 0.2037, 'learning_rate': 7.843641761504206e-06, 'epoch': 1.73}
{'eval_loss': 0.39955660700798035, 'eval_content_rmse': 0.5336357951164246, 'eval_wording_rmse': 0.7171792984008789, 'eval_mcrmse': 0.6254075765609741, 'eval_runtime': 11.8585, 'eval_samples_per_second': 93.014, 'eval_steps_per_second': 31.033, 'epoch': 1.73}
{'eval_loss': 0.4508638083934784, 'eval_content_rmse': 0.5620152950286865, 'eval_wording_rmse': 0.7654186487197876, 'eval_mcrmse': 0.6637169718742371, 'eval_runtime': 11.9004, 'eval_samples_per_second': 92.686, 'eval_steps_per_second': 30.923, 'epoch': 1.78}
{'eval_loss': 0.4318663477897644, 'eval_content_rmse': 0.5781786441802979, 'eval_wording_rmse': 0.7276279330253601, 'eval_mcrmse': 0.6529033184051514, 'eval_runtime': 11.9017, 'eval_samples_per_second': 92.676, 'eval_steps_per_second': 30.92, 'epoch': 1.83}
{'eval_loss': 0.4041386842727661, 'eval_content_rmse': 0.4812749922275543, 'eval_wording_rmse': 0.7593756318092346, 'eval_mcrmse': 0.6203253269195557, 'eval_runtime': 11.902, 'eval_samples_per_second': 92.674, 'eval_steps_per_second': 30.919, 'epoch': 1.88}
{'eval_loss': 0.40588581562042236, 'eval_content_rmse': 0.5344792604446411, 'eval_wording_rmse': 0.7253298163414001, 'eval_mcrmse': 0.6299045085906982, 'eval_runtime': 11.907, 'eval_samples_per_second': 92.635, 'eval_steps_per_second': 30.906, 'epoch': 1.93}
{'loss': 0.2039, 'learning_rate': 7.249876298861949e-06, 'epoch': 1.98}
{'eval_loss': 0.5286709070205688, 'eval_content_rmse': 0.6585081815719604, 'eval_wording_rmse': 0.7897520661354065, 'eval_mcrmse': 0.7241301536560059, 'eval_runtime': 11.8576, 'eval_samples_per_second': 93.021, 'eval_steps_per_second': 31.035, 'epoch': 1.98}
{'eval_loss': 0.40387389063835144, 'eval_content_rmse': 0.5366523861885071, 'eval_wording_rmse': 0.7209382057189941, 'eval_mcrmse': 0.6287952661514282, 'eval_runtime': 11.9078, 'eval_samples_per_second': 92.628, 'eval_steps_per_second': 30.904, 'epoch': 2.03}
{'eval_loss': 0.3749573826789856, 'eval_content_rmse': 0.4972545802593231, 'eval_wording_rmse': 0.7089802622795105, 'eval_mcrmse': 0.6031174063682556, 'eval_runtime': 11.9062, 'eval_samples_per_second': 92.641, 'eval_steps_per_second': 30.908, 'epoch': 2.08}
{'eval_loss': 0.4725489020347595, 'eval_content_rmse': 0.5838517546653748, 'eval_wording_rmse': 0.7773123383522034, 'eval_mcrmse': 0.6805820465087891, 'eval_runtime': 11.902, 'eval_samples_per_second': 92.674, 'eval_steps_per_second': 30.919, 'epoch': 2.13}
{'eval_loss': 0.4201982617378235, 'eval_content_rmse': 0.5799954533576965, 'eval_wording_rmse': 0.7099308371543884, 'eval_mcrmse': 0.6449631452560425, 'eval_runtime': 11.9072, 'eval_samples_per_second': 92.633, 'eval_steps_per_second': 30.906, 'epoch': 2.18}
{'loss': 0.1265, 'learning_rate': 6.656110836219693e-06, 'epoch': 2.23}
{'eval_loss': 0.4278530776500702, 'eval_content_rmse': 0.5163522362709045, 'eval_wording_rmse': 0.7675195336341858, 'eval_mcrmse': 0.6419358849525452, 'eval_runtime': 11.8584, 'eval_samples_per_second': 93.014, 'eval_steps_per_second': 31.033, 'epoch': 2.23}
{'eval_loss': 0.4194182753562927, 'eval_content_rmse': 0.5670509338378906, 'eval_wording_rmse': 0.7192284464836121, 'eval_mcrmse': 0.6431397199630737, 'eval_runtime': 11.9036, 'eval_samples_per_second': 92.661, 'eval_steps_per_second': 30.915, 'epoch': 2.28}
{'eval_loss': 0.456455260515213, 'eval_content_rmse': 0.6005328297615051, 'eval_wording_rmse': 0.7431492209434509, 'eval_mcrmse': 0.671841025352478, 'eval_runtime': 11.9083, 'eval_samples_per_second': 92.624, 'eval_steps_per_second': 30.903, 'epoch': 2.33}
{'eval_loss': 0.3964633047580719, 'eval_content_rmse': 0.5061859488487244, 'eval_wording_rmse': 0.7326003313064575, 'eval_mcrmse': 0.6193931102752686, 'eval_runtime': 11.9048, 'eval_samples_per_second': 92.652, 'eval_steps_per_second': 30.912, 'epoch': 2.38}
{'eval_loss': 0.48625144362449646, 'eval_content_rmse': 0.6484523415565491, 'eval_wording_rmse': 0.7429751753807068, 'eval_mcrmse': 0.6957137584686279, 'eval_runtime': 11.9054, 'eval_samples_per_second': 92.647, 'eval_steps_per_second': 30.91, 'epoch': 2.42}
{'loss': 0.1264, 'learning_rate': 6.062345373577437e-06, 'epoch': 2.47}
{'eval_loss': 0.4676891565322876, 'eval_content_rmse': 0.6038141250610352, 'eval_wording_rmse': 0.7555040717124939, 'eval_mcrmse': 0.6796591281890869, 'eval_runtime': 11.8594, 'eval_samples_per_second': 93.006, 'eval_steps_per_second': 31.03, 'epoch': 2.47}
{'eval_loss': 0.4023887515068054, 'eval_content_rmse': 0.5494826436042786, 'eval_wording_rmse': 0.7091164588928223, 'eval_mcrmse': 0.629299521446228, 'eval_runtime': 11.9064, 'eval_samples_per_second': 92.639, 'eval_steps_per_second': 30.908, 'epoch': 2.52}
{'eval_loss': 0.39533987641334534, 'eval_content_rmse': 0.5388513803482056, 'eval_wording_rmse': 0.707332193851471, 'eval_mcrmse': 0.6230918169021606, 'eval_runtime': 11.9123, 'eval_samples_per_second': 92.594, 'eval_steps_per_second': 30.893, 'epoch': 2.57}
{'eval_loss': 0.41464123129844666, 'eval_content_rmse': 0.5653365850448608, 'eval_wording_rmse': 0.7139167785644531, 'eval_mcrmse': 0.639626681804657, 'eval_runtime': 11.9081, 'eval_samples_per_second': 92.626, 'eval_steps_per_second': 30.903, 'epoch': 2.62}
{'eval_loss': 0.4356577396392822, 'eval_content_rmse': 0.5948278903961182, 'eval_wording_rmse': 0.7193718552589417, 'eval_mcrmse': 0.6570998430252075, 'eval_runtime': 11.9108, 'eval_samples_per_second': 92.605, 'eval_steps_per_second': 30.896, 'epoch': 2.67}
{'loss': 0.132, 'learning_rate': 5.468579910935181e-06, 'epoch': 2.72}
{'eval_loss': 0.4910867512226105, 'eval_content_rmse': 0.6816772818565369, 'eval_wording_rmse': 0.7193673849105835, 'eval_mcrmse': 0.7005223035812378, 'eval_runtime': 11.8633, 'eval_samples_per_second': 92.976, 'eval_steps_per_second': 31.02, 'epoch': 2.72}
{'eval_loss': 0.4127832055091858, 'eval_content_rmse': 0.4931284487247467, 'eval_wording_rmse': 0.7631452679634094, 'eval_mcrmse': 0.6281368732452393, 'eval_runtime': 11.9087, 'eval_samples_per_second': 92.621, 'eval_steps_per_second': 30.902, 'epoch': 2.77}
{'eval_loss': 0.3776504099369049, 'eval_content_rmse': 0.5134856104850769, 'eval_wording_rmse': 0.7011658549308777, 'eval_mcrmse': 0.6073257327079773, 'eval_runtime': 11.9082, 'eval_samples_per_second': 92.625, 'eval_steps_per_second': 30.903, 'epoch': 2.82}
{'eval_loss': 0.43802931904792786, 'eval_content_rmse': 0.6130592226982117, 'eval_wording_rmse': 0.7072605490684509, 'eval_mcrmse': 0.6601598858833313, 'eval_runtime': 11.9105, 'eval_samples_per_second': 92.607, 'eval_steps_per_second': 30.897, 'epoch': 2.87}
{'eval_loss': 0.40627893805503845, 'eval_content_rmse': 0.5389479994773865, 'eval_wording_rmse': 0.7225603461265564, 'eval_mcrmse': 0.6307541728019714, 'eval_runtime': 11.9074, 'eval_samples_per_second': 92.631, 'eval_steps_per_second': 30.905, 'epoch': 2.92}
{'loss': 0.1231, 'learning_rate': 4.8748144482929245e-06, 'epoch': 2.97}
{'eval_loss': 0.4242601990699768, 'eval_content_rmse': 0.560511589050293, 'eval_wording_rmse': 0.7309905886650085, 'eval_mcrmse': 0.6457511186599731, 'eval_runtime': 11.8656, 'eval_samples_per_second': 92.957, 'eval_steps_per_second': 31.014, 'epoch': 2.97}
{'eval_loss': 0.43486061692237854, 'eval_content_rmse': 0.5789246559143066, 'eval_wording_rmse': 0.7311410307884216, 'eval_mcrmse': 0.6550328731536865, 'eval_runtime': 11.9087, 'eval_samples_per_second': 92.622, 'eval_steps_per_second': 30.902, 'epoch': 3.02}
{'eval_loss': 0.3968505263328552, 'eval_content_rmse': 0.5310930609703064, 'eval_wording_rmse': 0.7152907252311707, 'eval_mcrmse': 0.6231918931007385, 'eval_runtime': 11.916, 'eval_samples_per_second': 92.565, 'eval_steps_per_second': 30.883, 'epoch': 3.07}
{'eval_loss': 0.4688328802585602, 'eval_content_rmse': 0.6541644930839539, 'eval_wording_rmse': 0.7139564156532288, 'eval_mcrmse': 0.6840604543685913, 'eval_runtime': 11.9116, 'eval_samples_per_second': 92.599, 'eval_steps_per_second': 30.894, 'epoch': 3.12}
{'eval_loss': 0.4301845133304596, 'eval_content_rmse': 0.5771856307983398, 'eval_wording_rmse': 0.7261030077934265, 'eval_mcrmse': 0.6516443490982056, 'eval_runtime': 11.9088, 'eval_samples_per_second': 92.621, 'eval_steps_per_second': 30.902, 'epoch': 3.17}
{'loss': 0.0772, 'learning_rate': 4.281048985650668e-06, 'epoch': 3.22}
{'eval_loss': 0.45334070920944214, 'eval_content_rmse': 0.6183006167411804, 'eval_wording_rmse': 0.7241446375846863, 'eval_mcrmse': 0.6712226271629333, 'eval_runtime': 11.8636, 'eval_samples_per_second': 92.974, 'eval_steps_per_second': 31.019, 'epoch': 3.22}
{'eval_loss': 0.4255099892616272, 'eval_content_rmse': 0.5822341442108154, 'eval_wording_rmse': 0.7155575156211853, 'eval_mcrmse': 0.6488958597183228, 'eval_runtime': 11.9152, 'eval_samples_per_second': 92.571, 'eval_steps_per_second': 30.885, 'epoch': 3.27}
{'eval_loss': 0.4908139705657959, 'eval_content_rmse': 0.6754765510559082, 'eval_wording_rmse': 0.7248167395591736, 'eval_mcrmse': 0.7001466751098633, 'eval_runtime': 11.9155, 'eval_samples_per_second': 92.568, 'eval_steps_per_second': 30.884, 'epoch': 3.32}
{'eval_loss': 0.41766491532325745, 'eval_content_rmse': 0.5630296468734741, 'eval_wording_rmse': 0.71994948387146, 'eval_mcrmse': 0.641489565372467, 'eval_runtime': 11.9144, 'eval_samples_per_second': 92.577, 'eval_steps_per_second': 30.887, 'epoch': 3.36}
{'eval_loss': 0.4280749559402466, 'eval_content_rmse': 0.5972481966018677, 'eval_wording_rmse': 0.7067141532897949, 'eval_mcrmse': 0.6519811749458313, 'eval_runtime': 11.9148, 'eval_samples_per_second': 92.574, 'eval_steps_per_second': 30.886, 'epoch': 3.41}
{'loss': 0.0704, 'learning_rate': 3.6872835230084118e-06, 'epoch': 3.46}
{'eval_loss': 0.40418127179145813, 'eval_content_rmse': 0.5542390942573547, 'eval_wording_rmse': 0.7079416513442993, 'eval_mcrmse': 0.6310904026031494, 'eval_runtime': 11.7495, 'eval_samples_per_second': 93.877, 'eval_steps_per_second': 31.321, 'epoch': 3.46}
{'eval_loss': 0.4198777973651886, 'eval_content_rmse': 0.5813628435134888, 'eval_wording_rmse': 0.7083593010902405, 'eval_mcrmse': 0.644861102104187, 'eval_runtime': 11.7966, 'eval_samples_per_second': 93.501, 'eval_steps_per_second': 31.195, 'epoch': 3.51}
{'eval_loss': 0.4172154664993286, 'eval_content_rmse': 0.5716792941093445, 'eval_wording_rmse': 0.7124698758125305, 'eval_mcrmse': 0.6420745849609375, 'eval_runtime': 11.9177, 'eval_samples_per_second': 92.551, 'eval_steps_per_second': 30.878, 'epoch': 3.56}
{'eval_loss': 0.4408172369003296, 'eval_content_rmse': 0.6153649687767029, 'eval_wording_rmse': 0.7091968059539795, 'eval_mcrmse': 0.6622809171676636, 'eval_runtime': 11.9161, 'eval_samples_per_second': 92.564, 'eval_steps_per_second': 30.883, 'epoch': 3.61}
{'eval_loss': 0.4521048069000244, 'eval_content_rmse': 0.6300570964813232, 'eval_wording_rmse': 0.7122063040733337, 'eval_mcrmse': 0.6711317300796509, 'eval_runtime': 11.9198, 'eval_samples_per_second': 92.535, 'eval_steps_per_second': 30.873, 'epoch': 3.66}
{'loss': 0.0668, 'learning_rate': 3.093518060366156e-06, 'epoch': 3.71}
{'eval_loss': 0.43255260586738586, 'eval_content_rmse': 0.5952618718147278, 'eval_wording_rmse': 0.7146806120872498, 'eval_mcrmse': 0.6549712419509888, 'eval_runtime': 11.8687, 'eval_samples_per_second': 92.933, 'eval_steps_per_second': 31.006, 'epoch': 3.71}
{'eval_loss': 0.44657304883003235, 'eval_content_rmse': 0.6010288596153259, 'eval_wording_rmse': 0.7293214797973633, 'eval_mcrmse': 0.665175199508667, 'eval_runtime': 11.9203, 'eval_samples_per_second': 92.531, 'eval_steps_per_second': 30.872, 'epoch': 3.76}
{'eval_loss': 0.46901628375053406, 'eval_content_rmse': 0.6459527015686035, 'eval_wording_rmse': 0.7216492295265198, 'eval_mcrmse': 0.6838009357452393, 'eval_runtime': 11.9176, 'eval_samples_per_second': 92.552, 'eval_steps_per_second': 30.879, 'epoch': 3.81}
{'eval_loss': 0.4653875231742859, 'eval_content_rmse': 0.6320471167564392, 'eval_wording_rmse': 0.7288976907730103, 'eval_mcrmse': 0.6804723739624023, 'eval_runtime': 11.9205, 'eval_samples_per_second': 92.529, 'eval_steps_per_second': 30.871, 'epoch': 3.86}
{'eval_loss': 0.42689448595046997, 'eval_content_rmse': 0.5695227384567261, 'eval_wording_rmse': 0.7276210784912109, 'eval_mcrmse': 0.6485719084739685, 'eval_runtime': 11.9217, 'eval_samples_per_second': 92.52, 'eval_steps_per_second': 30.868, 'epoch': 3.91}
{'loss': 0.0655, 'learning_rate': 2.499752597723899e-06, 'epoch': 3.96}
{'eval_loss': 0.4815931022167206, 'eval_content_rmse': 0.6740261316299438, 'eval_wording_rmse': 0.7133551239967346, 'eval_mcrmse': 0.6936906576156616, 'eval_runtime': 11.8751, 'eval_samples_per_second': 92.883, 'eval_steps_per_second': 30.989, 'epoch': 3.96}
{'eval_loss': 0.4544347822666168, 'eval_content_rmse': 0.6098459362983704, 'eval_wording_rmse': 0.7327737808227539, 'eval_mcrmse': 0.6713098287582397, 'eval_runtime': 11.9199, 'eval_samples_per_second': 92.534, 'eval_steps_per_second': 30.873, 'epoch': 4.01}
{'eval_loss': 0.4608588218688965, 'eval_content_rmse': 0.6418503522872925, 'eval_wording_rmse': 0.7139647603034973, 'eval_mcrmse': 0.6779075860977173, 'eval_runtime': 11.7976, 'eval_samples_per_second': 93.494, 'eval_steps_per_second': 31.193, 'epoch': 4.06}
{'eval_loss': 0.46199995279312134, 'eval_content_rmse': 0.6403816342353821, 'eval_wording_rmse': 0.7168757319450378, 'eval_mcrmse': 0.67862868309021, 'eval_runtime': 11.7945, 'eval_samples_per_second': 93.518, 'eval_steps_per_second': 31.201, 'epoch': 4.11}
{'eval_loss': 0.45243802666664124, 'eval_content_rmse': 0.6260018944740295, 'eval_wording_rmse': 0.7162384390830994, 'eval_mcrmse': 0.6711201667785645, 'eval_runtime': 11.8121, 'eval_samples_per_second': 93.379, 'eval_steps_per_second': 31.155, 'epoch': 4.16}
{'loss': 0.0388, 'learning_rate': 1.9059871350816426e-06, 'epoch': 4.21}
{'eval_loss': 0.46448814868927, 'eval_content_rmse': 0.6257659196853638, 'eval_wording_rmse': 0.7330713868141174, 'eval_mcrmse': 0.679418683052063, 'eval_runtime': 11.7516, 'eval_samples_per_second': 93.86, 'eval_steps_per_second': 31.315, 'epoch': 4.21}
{'eval_loss': 0.4645880460739136, 'eval_content_rmse': 0.6493505835533142, 'eval_wording_rmse': 0.7124044895172119, 'eval_mcrmse': 0.6808775663375854, 'eval_runtime': 11.7984, 'eval_samples_per_second': 93.487, 'eval_steps_per_second': 31.191, 'epoch': 4.26}
{'eval_loss': 0.4716285467147827, 'eval_content_rmse': 0.6535912752151489, 'eval_wording_rmse': 0.7183837294578552, 'eval_mcrmse': 0.6859874725341797, 'eval_runtime': 11.7959, 'eval_samples_per_second': 93.507, 'eval_steps_per_second': 31.197, 'epoch': 4.3}
{'eval_loss': 0.44647571444511414, 'eval_content_rmse': 0.6204524636268616, 'eval_wording_rmse': 0.7127342224121094, 'eval_mcrmse': 0.6665933132171631, 'eval_runtime': 11.8001, 'eval_samples_per_second': 93.474, 'eval_steps_per_second': 31.186, 'epoch': 4.35}
{'eval_loss': 0.4406193196773529, 'eval_content_rmse': 0.5989949107170105, 'eval_wording_rmse': 0.7228027582168579, 'eval_mcrmse': 0.6608988046646118, 'eval_runtime': 11.8008, 'eval_samples_per_second': 93.468, 'eval_steps_per_second': 31.184, 'epoch': 4.4}
{'loss': 0.0325, 'learning_rate': 1.3122216724393864e-06, 'epoch': 4.45}
{'eval_loss': 0.46259695291519165, 'eval_content_rmse': 0.6455506086349487, 'eval_wording_rmse': 0.7130624055862427, 'eval_mcrmse': 0.6793065071105957, 'eval_runtime': 11.7514, 'eval_samples_per_second': 93.861, 'eval_steps_per_second': 31.315, 'epoch': 4.45}
{'eval_loss': 0.46807533502578735, 'eval_content_rmse': 0.6516746878623962, 'eval_wording_rmse': 0.7151721715927124, 'eval_mcrmse': 0.6834233999252319, 'eval_runtime': 11.9195, 'eval_samples_per_second': 92.537, 'eval_steps_per_second': 30.874, 'epoch': 4.5}
{'eval_loss': 0.4926069974899292, 'eval_content_rmse': 0.694305419921875, 'eval_wording_rmse': 0.7093337178230286, 'eval_mcrmse': 0.7018195390701294, 'eval_runtime': 11.9167, 'eval_samples_per_second': 92.559, 'eval_steps_per_second': 30.881, 'epoch': 4.55}
{'eval_loss': 0.4744555354118347, 'eval_content_rmse': 0.666330873966217, 'eval_wording_rmse': 0.710573136806488, 'eval_mcrmse': 0.6884520053863525, 'eval_runtime': 11.8015, 'eval_samples_per_second': 93.463, 'eval_steps_per_second': 31.183, 'epoch': 4.6}
{'eval_loss': 0.4420621991157532, 'eval_content_rmse': 0.6194416284561157, 'eval_wording_rmse': 0.7074010968208313, 'eval_mcrmse': 0.6634213924407959, 'eval_runtime': 11.8032, 'eval_samples_per_second': 93.45, 'eval_steps_per_second': 31.178, 'epoch': 4.65}
{'loss': 0.0342, 'learning_rate': 7.184562097971302e-07, 'epoch': 4.7}
{'eval_loss': 0.4781467616558075, 'eval_content_rmse': 0.6651044487953186, 'eval_wording_rmse': 0.7168888449668884, 'eval_mcrmse': 0.6909966468811035, 'eval_runtime': 11.7573, 'eval_samples_per_second': 93.814, 'eval_steps_per_second': 31.3, 'epoch': 4.7}
{'eval_loss': 0.4498191475868225, 'eval_content_rmse': 0.6164779663085938, 'eval_wording_rmse': 0.7208282351493835, 'eval_mcrmse': 0.668653130531311, 'eval_runtime': 11.9223, 'eval_samples_per_second': 92.516, 'eval_steps_per_second': 30.867, 'epoch': 4.75}
{'eval_loss': 0.4521377682685852, 'eval_content_rmse': 0.6259348392486572, 'eval_wording_rmse': 0.7158776521682739, 'eval_mcrmse': 0.6709062457084656, 'eval_runtime': 11.9223, 'eval_samples_per_second': 92.516, 'eval_steps_per_second': 30.867, 'epoch': 4.8}
{'eval_loss': 0.4502275586128235, 'eval_content_rmse': 0.6214558482170105, 'eval_wording_rmse': 0.7171106338500977, 'eval_mcrmse': 0.6692832708358765, 'eval_runtime': 11.9207, 'eval_samples_per_second': 92.528, 'eval_steps_per_second': 30.871, 'epoch': 4.85}
{'eval_loss': 0.4563620984554291, 'eval_content_rmse': 0.631001889705658, 'eval_wording_rmse': 0.7173284888267517, 'eval_mcrmse': 0.6741651892662048, 'eval_runtime': 11.9179, 'eval_samples_per_second': 92.55, 'eval_steps_per_second': 30.878, 'epoch': 4.9}
{'loss': 0.03, 'learning_rate': 1.2469074715487383e-07, 'epoch': 4.95}
{'eval_loss': 0.4625943601131439, 'eval_content_rmse': 0.6465635299682617, 'eval_wording_rmse': 0.7121402025222778, 'eval_mcrmse': 0.6793518662452698, 'eval_runtime': 11.8728, 'eval_samples_per_second': 92.901, 'eval_steps_per_second': 30.995, 'epoch': 4.95}
{'eval_loss': 0.4570091664791107, 'eval_content_rmse': 0.6371377110481262, 'eval_wording_rmse': 0.7127928137779236, 'eval_mcrmse': 0.6749652624130249, 'eval_runtime': 11.9173, 'eval_samples_per_second': 92.555, 'eval_steps_per_second': 30.88, 'epoch': 5.0}
{'train_runtime': 3095.4801, 'train_samples_per_second': 9.792, 'train_steps_per_second': 3.264, 'train_loss': 0.15288256048743293, 'epoch': 5.0}
finish training
fold 0:
pred shape (2057, 2)
fold 1:
pred shape (2009, 2)
fold 2:
pred shape (1996, 2)
fold 3:
pred shape (1103, 2)
cv content rmse: 0.5808531936165187
cv wording rmse: 0.7544081391937256
fold 0:
fold 1:
fold 2:
fold 3:
content_rmse : 0.4444997527660609
wording_rmse : 0.5830350901708906
mcrmse : 0.5137674214684758
__module__ __main__
model_name debertav3large
learning_rate 1.2e-05
weight_decay 0.03
hidden_dropout_prob 0.0
attention_probs_dropout_prob 0.007
num_train_epochs 5
n_splits 4
batch_size 3
random_seed 42
save_steps 100
max_length 1462
test_mode False
device GPU
__dict__ {'__module__': '__main__', 'model_name': 'debertav3large', 'learning_rate': 1.2e-05, 'weight_decay': 0.03, 'hidden_dropout_prob': 0.0, 'attention_probs_dropout_prob': 0.007, 'num_train_epochs': 5, 'n_splits': 4, 'batch_size': 3, 'random_seed': 42, 'save_steps': 100, 'max_length': 1462, 'test_mode': False, 'device': 'GPU', '__dict__': <attribute '__dict__' of 'CFG' objects>, '__weakref__': <attribute '__weakref__' of 'CFG' objects>, '__doc__': None}
__weakref__ <attribute '__weakref__' of 'CFG' objects>
__doc__ None
