cuda
fold 0:
(4005, 20) (3160, 20)
{'eval_loss': 0.7386082410812378, 'eval_rmse': 0.8594232201576233, 'eval_runtime': 35.0442, 'eval_samples_per_second': 90.172, 'eval_steps_per_second': 11.271, 'epoch': 0.05}
{'eval_loss': 0.41709402203559875, 'eval_rmse': 0.6458281874656677, 'eval_runtime': 35.0878, 'eval_samples_per_second': 90.06, 'eval_steps_per_second': 11.257, 'epoch': 0.1}
{'eval_loss': 0.4034661054611206, 'eval_rmse': 0.6351897716522217, 'eval_runtime': 35.0953, 'eval_samples_per_second': 90.04, 'eval_steps_per_second': 11.255, 'epoch': 0.15}
{'eval_loss': 0.35884663462638855, 'eval_rmse': 0.5990380644798279, 'eval_runtime': 35.1223, 'eval_samples_per_second': 89.971, 'eval_steps_per_second': 11.246, 'epoch': 0.2}
{'loss': 0.4696, 'learning_rate': 1.5334331835579962e-05, 'epoch': 0.25}
{'eval_loss': 0.3642317056655884, 'eval_rmse': 0.6035161018371582, 'eval_runtime': 35.0857, 'eval_samples_per_second': 90.065, 'eval_steps_per_second': 11.258, 'epoch': 0.25}
{'eval_loss': 0.5205996632575989, 'eval_rmse': 0.7215259075164795, 'eval_runtime': 35.1383, 'eval_samples_per_second': 89.93, 'eval_steps_per_second': 11.241, 'epoch': 0.3}
{'eval_loss': 0.28177714347839355, 'eval_rmse': 0.5308268666267395, 'eval_runtime': 35.166, 'eval_samples_per_second': 89.86, 'eval_steps_per_second': 11.232, 'epoch': 0.35}
{'eval_loss': 0.8706638216972351, 'eval_rmse': 0.9330936670303345, 'eval_runtime': 35.1812, 'eval_samples_per_second': 89.821, 'eval_steps_per_second': 11.228, 'epoch': 0.4}
{'eval_loss': 0.26028043031692505, 'eval_rmse': 0.5101768374443054, 'eval_runtime': 35.1914, 'eval_samples_per_second': 89.795, 'eval_steps_per_second': 11.224, 'epoch': 0.45}
{'loss': 0.2731, 'learning_rate': 1.4668663671159926e-05, 'epoch': 0.5}
{'eval_loss': 0.3013458251953125, 'eval_rmse': 0.5489497184753418, 'eval_runtime': 35.1446, 'eval_samples_per_second': 89.914, 'eval_steps_per_second': 11.239, 'epoch': 0.5}
{'eval_loss': 0.3189804255962372, 'eval_rmse': 0.56478351354599, 'eval_runtime': 35.1904, 'eval_samples_per_second': 89.797, 'eval_steps_per_second': 11.225, 'epoch': 0.55}
{'eval_loss': 0.38424772024154663, 'eval_rmse': 0.6198771595954895, 'eval_runtime': 35.1862, 'eval_samples_per_second': 89.808, 'eval_steps_per_second': 11.226, 'epoch': 0.6}
{'eval_loss': 0.6752112507820129, 'eval_rmse': 0.8217123746871948, 'eval_runtime': 35.1817, 'eval_samples_per_second': 89.819, 'eval_steps_per_second': 11.227, 'epoch': 0.65}
{'eval_loss': 0.39602044224739075, 'eval_rmse': 0.6293015480041504, 'eval_runtime': 35.179, 'eval_samples_per_second': 89.826, 'eval_steps_per_second': 11.228, 'epoch': 0.7}
{'loss': 0.2516, 'learning_rate': 1.400299550673989e-05, 'epoch': 0.75}
{'eval_loss': 0.5718334913253784, 'eval_rmse': 0.7561967372894287, 'eval_runtime': 35.1352, 'eval_samples_per_second': 89.938, 'eval_steps_per_second': 11.242, 'epoch': 0.75}
{'eval_loss': 0.5945228934288025, 'eval_rmse': 0.77105313539505, 'eval_runtime': 35.1911, 'eval_samples_per_second': 89.795, 'eval_steps_per_second': 11.224, 'epoch': 0.8}
{'eval_loss': 0.32538288831710815, 'eval_rmse': 0.570423424243927, 'eval_runtime': 35.1837, 'eval_samples_per_second': 89.814, 'eval_steps_per_second': 11.227, 'epoch': 0.85}
{'eval_loss': 0.27935174107551575, 'eval_rmse': 0.5285373330116272, 'eval_runtime': 35.1731, 'eval_samples_per_second': 89.841, 'eval_steps_per_second': 11.23, 'epoch': 0.9}
{'eval_loss': 0.7145763039588928, 'eval_rmse': 0.8453261256217957, 'eval_runtime': 35.1958, 'eval_samples_per_second': 89.784, 'eval_steps_per_second': 11.223, 'epoch': 0.95}
{'loss': 0.2595, 'learning_rate': 1.3337327342319854e-05, 'epoch': 1.0}
{'eval_loss': 0.3673384189605713, 'eval_rmse': 0.6060845255851746, 'eval_runtime': 35.15, 'eval_samples_per_second': 89.901, 'eval_steps_per_second': 11.238, 'epoch': 1.0}
{'eval_loss': 0.33832478523254395, 'eval_rmse': 0.5816569328308105, 'eval_runtime': 35.205, 'eval_samples_per_second': 89.76, 'eval_steps_per_second': 11.22, 'epoch': 1.05}
{'eval_loss': 0.6015660762786865, 'eval_rmse': 0.7756069302558899, 'eval_runtime': 35.2096, 'eval_samples_per_second': 89.748, 'eval_steps_per_second': 11.219, 'epoch': 1.1}
{'eval_loss': 0.40842917561531067, 'eval_rmse': 0.6390846371650696, 'eval_runtime': 35.2023, 'eval_samples_per_second': 89.767, 'eval_steps_per_second': 11.221, 'epoch': 1.15}
{'eval_loss': 0.5165175199508667, 'eval_rmse': 0.7186915278434753, 'eval_runtime': 35.1985, 'eval_samples_per_second': 89.776, 'eval_steps_per_second': 11.222, 'epoch': 1.2}
{'loss': 0.2092, 'learning_rate': 1.2671659177899816e-05, 'epoch': 1.25}
{'eval_loss': 0.5468600392341614, 'eval_rmse': 0.7394998669624329, 'eval_runtime': 35.1606, 'eval_samples_per_second': 89.873, 'eval_steps_per_second': 11.234, 'epoch': 1.25}
{'eval_loss': 0.6124817132949829, 'eval_rmse': 0.782612144947052, 'eval_runtime': 35.1996, 'eval_samples_per_second': 89.774, 'eval_steps_per_second': 11.222, 'epoch': 1.3}
{'eval_loss': 0.4217367172241211, 'eval_rmse': 0.6494125723838806, 'eval_runtime': 35.1814, 'eval_samples_per_second': 89.82, 'eval_steps_per_second': 11.228, 'epoch': 1.35}
{'eval_loss': 0.3937121033668518, 'eval_rmse': 0.6274648308753967, 'eval_runtime': 35.184, 'eval_samples_per_second': 89.814, 'eval_steps_per_second': 11.227, 'epoch': 1.4}
{'eval_loss': 0.35508012771606445, 'eval_rmse': 0.5958859920501709, 'eval_runtime': 35.1943, 'eval_samples_per_second': 89.787, 'eval_steps_per_second': 11.223, 'epoch': 1.45}
{'loss': 0.215, 'learning_rate': 1.2005991013479781e-05, 'epoch': 1.5}
{'eval_loss': 0.302937388420105, 'eval_rmse': 0.5503974556922913, 'eval_runtime': 35.1464, 'eval_samples_per_second': 89.91, 'eval_steps_per_second': 11.239, 'epoch': 1.5}
{'eval_loss': 0.30520033836364746, 'eval_rmse': 0.5524494051933289, 'eval_runtime': 35.1754, 'eval_samples_per_second': 89.835, 'eval_steps_per_second': 11.229, 'epoch': 1.55}
{'eval_loss': 0.5244764089584351, 'eval_rmse': 0.7242074608802795, 'eval_runtime': 35.1756, 'eval_samples_per_second': 89.835, 'eval_steps_per_second': 11.229, 'epoch': 1.6}
{'eval_loss': 0.3648565113544464, 'eval_rmse': 0.6040334701538086, 'eval_runtime': 35.1707, 'eval_samples_per_second': 89.848, 'eval_steps_per_second': 11.231, 'epoch': 1.65}
{'eval_loss': 0.34138956665992737, 'eval_rmse': 0.5842854976654053, 'eval_runtime': 35.1733, 'eval_samples_per_second': 89.841, 'eval_steps_per_second': 11.23, 'epoch': 1.7}
{'loss': 0.1775, 'learning_rate': 1.1340322849059744e-05, 'epoch': 1.75}
{'eval_loss': 0.2910023629665375, 'eval_rmse': 0.5394463539123535, 'eval_runtime': 35.1199, 'eval_samples_per_second': 89.977, 'eval_steps_per_second': 11.247, 'epoch': 1.75}
{'eval_loss': 0.615875780582428, 'eval_rmse': 0.7847775220870972, 'eval_runtime': 35.1787, 'eval_samples_per_second': 89.827, 'eval_steps_per_second': 11.228, 'epoch': 1.8}
{'eval_loss': 0.2895972430706024, 'eval_rmse': 0.5381423830986023, 'eval_runtime': 35.1843, 'eval_samples_per_second': 89.813, 'eval_steps_per_second': 11.227, 'epoch': 1.85}
{'eval_loss': 0.3824155032634735, 'eval_rmse': 0.6183975338935852, 'eval_runtime': 35.1907, 'eval_samples_per_second': 89.797, 'eval_steps_per_second': 11.225, 'epoch': 1.9}
{'eval_loss': 0.28195515275001526, 'eval_rmse': 0.5309944748878479, 'eval_runtime': 35.178, 'eval_samples_per_second': 89.829, 'eval_steps_per_second': 11.229, 'epoch': 1.95}
{'loss': 0.1754, 'learning_rate': 1.0674654684639706e-05, 'epoch': 2.0}
{'eval_loss': 0.3149237036705017, 'eval_rmse': 0.5611806511878967, 'eval_runtime': 35.1319, 'eval_samples_per_second': 89.947, 'eval_steps_per_second': 11.243, 'epoch': 2.0}
{'eval_loss': 0.39146724343299866, 'eval_rmse': 0.6256734132766724, 'eval_runtime': 35.179, 'eval_samples_per_second': 89.826, 'eval_steps_per_second': 11.228, 'epoch': 2.05}
{'eval_loss': 0.3558318018913269, 'eval_rmse': 0.5965163707733154, 'eval_runtime': 35.1885, 'eval_samples_per_second': 89.802, 'eval_steps_per_second': 11.225, 'epoch': 2.1}
{'eval_loss': 0.41538867354393005, 'eval_rmse': 0.6445065140724182, 'eval_runtime': 35.1737, 'eval_samples_per_second': 89.84, 'eval_steps_per_second': 11.23, 'epoch': 2.15}
{'eval_loss': 0.3784019649028778, 'eval_rmse': 0.6151438355445862, 'eval_runtime': 35.1763, 'eval_samples_per_second': 89.833, 'eval_steps_per_second': 11.229, 'epoch': 2.2}
{'loss': 0.14, 'learning_rate': 1.0008986520219669e-05, 'epoch': 2.25}
{'eval_loss': 0.25399360060691833, 'eval_rmse': 0.5039777755737305, 'eval_runtime': 35.1306, 'eval_samples_per_second': 89.95, 'eval_steps_per_second': 11.244, 'epoch': 2.25}
{'eval_loss': 0.6020470857620239, 'eval_rmse': 0.7759169340133667, 'eval_runtime': 35.1718, 'eval_samples_per_second': 89.845, 'eval_steps_per_second': 11.231, 'epoch': 2.3}
{'eval_loss': 0.4204196631908417, 'eval_rmse': 0.6483977437019348, 'eval_runtime': 35.1725, 'eval_samples_per_second': 89.843, 'eval_steps_per_second': 11.23, 'epoch': 2.35}
{'eval_loss': 0.3221501410007477, 'eval_rmse': 0.5675826668739319, 'eval_runtime': 35.1742, 'eval_samples_per_second': 89.839, 'eval_steps_per_second': 11.23, 'epoch': 2.4}
{'eval_loss': 0.6436566114425659, 'eval_rmse': 0.8022821545600891, 'eval_runtime': 35.1719, 'eval_samples_per_second': 89.844, 'eval_steps_per_second': 11.231, 'epoch': 2.45}
{'loss': 0.1233, 'learning_rate': 9.343318355799634e-06, 'epoch': 2.5}
{'eval_loss': 0.2709040343761444, 'eval_rmse': 0.520484447479248, 'eval_runtime': 35.13, 'eval_samples_per_second': 89.952, 'eval_steps_per_second': 11.244, 'epoch': 2.5}
{'eval_loss': 0.27955272793769836, 'eval_rmse': 0.5287274718284607, 'eval_runtime': 35.1776, 'eval_samples_per_second': 89.83, 'eval_steps_per_second': 11.229, 'epoch': 2.55}
{'eval_loss': 0.34716010093688965, 'eval_rmse': 0.5892029404640198, 'eval_runtime': 35.1717, 'eval_samples_per_second': 89.845, 'eval_steps_per_second': 11.231, 'epoch': 2.6}
{'eval_loss': 0.3318421244621277, 'eval_rmse': 0.5760573744773865, 'eval_runtime': 35.1762, 'eval_samples_per_second': 89.834, 'eval_steps_per_second': 11.229, 'epoch': 2.65}
{'eval_loss': 0.5216867923736572, 'eval_rmse': 0.722278892993927, 'eval_runtime': 35.1693, 'eval_samples_per_second': 89.851, 'eval_steps_per_second': 11.231, 'epoch': 2.7}
{'loss': 0.1239, 'learning_rate': 8.677650191379596e-06, 'epoch': 2.75}
{'eval_loss': 0.5732579231262207, 'eval_rmse': 0.7571379542350769, 'eval_runtime': 35.1255, 'eval_samples_per_second': 89.963, 'eval_steps_per_second': 11.245, 'epoch': 2.75}
{'eval_loss': 0.47179123759269714, 'eval_rmse': 0.6868706345558167, 'eval_runtime': 35.1704, 'eval_samples_per_second': 89.848, 'eval_steps_per_second': 11.231, 'epoch': 2.8}
{'eval_loss': 0.38792887330055237, 'eval_rmse': 0.6228393912315369, 'eval_runtime': 35.1758, 'eval_samples_per_second': 89.835, 'eval_steps_per_second': 11.229, 'epoch': 2.85}
{'eval_loss': 0.3239831328392029, 'eval_rmse': 0.5691951513290405, 'eval_runtime': 35.1767, 'eval_samples_per_second': 89.832, 'eval_steps_per_second': 11.229, 'epoch': 2.9}
{'eval_loss': 0.3738499879837036, 'eval_rmse': 0.6114327311515808, 'eval_runtime': 35.1682, 'eval_samples_per_second': 89.854, 'eval_steps_per_second': 11.232, 'epoch': 2.95}
{'loss': 0.1249, 'learning_rate': 8.01198202695956e-06, 'epoch': 3.0}
{'eval_loss': 0.3647593557834625, 'eval_rmse': 0.6039530634880066, 'eval_runtime': 35.1247, 'eval_samples_per_second': 89.965, 'eval_steps_per_second': 11.246, 'epoch': 3.0}
{'eval_loss': 0.3632953464984894, 'eval_rmse': 0.6027398705482483, 'eval_runtime': 35.1785, 'eval_samples_per_second': 89.827, 'eval_steps_per_second': 11.228, 'epoch': 3.05}
{'eval_loss': 0.5868874788284302, 'eval_rmse': 0.7660858035087585, 'eval_runtime': 35.1829, 'eval_samples_per_second': 89.816, 'eval_steps_per_second': 11.227, 'epoch': 3.1}
{'eval_loss': 0.3123362958431244, 'eval_rmse': 0.5588705539703369, 'eval_runtime': 35.1805, 'eval_samples_per_second': 89.823, 'eval_steps_per_second': 11.228, 'epoch': 3.15}
{'eval_loss': 0.379362016916275, 'eval_rmse': 0.6159237027168274, 'eval_runtime': 35.1817, 'eval_samples_per_second': 89.819, 'eval_steps_per_second': 11.227, 'epoch': 3.2}
{'loss': 0.0849, 'learning_rate': 7.3463138625395235e-06, 'epoch': 3.25}
{'eval_loss': 0.3927995264530182, 'eval_rmse': 0.6267371773719788, 'eval_runtime': 35.1218, 'eval_samples_per_second': 89.973, 'eval_steps_per_second': 11.247, 'epoch': 3.25}
{'eval_loss': 0.4885602295398712, 'eval_rmse': 0.6989708542823792, 'eval_runtime': 35.1724, 'eval_samples_per_second': 89.843, 'eval_steps_per_second': 11.23, 'epoch': 3.3}
{'eval_loss': 0.5195489525794983, 'eval_rmse': 0.7207974195480347, 'eval_runtime': 35.1734, 'eval_samples_per_second': 89.841, 'eval_steps_per_second': 11.23, 'epoch': 3.34}
{'eval_loss': 0.3787270486354828, 'eval_rmse': 0.6154080629348755, 'eval_runtime': 35.1868, 'eval_samples_per_second': 89.806, 'eval_steps_per_second': 11.226, 'epoch': 3.39}
{'eval_loss': 0.4252653121948242, 'eval_rmse': 0.6521236896514893, 'eval_runtime': 35.1811, 'eval_samples_per_second': 89.821, 'eval_steps_per_second': 11.228, 'epoch': 3.44}
{'loss': 0.0711, 'learning_rate': 6.680645698119487e-06, 'epoch': 3.49}
{'eval_loss': 0.3242892026901245, 'eval_rmse': 0.5694640278816223, 'eval_runtime': 35.1351, 'eval_samples_per_second': 89.939, 'eval_steps_per_second': 11.242, 'epoch': 3.49}
{'eval_loss': 0.399030476808548, 'eval_rmse': 0.6316885948181152, 'eval_runtime': 35.1682, 'eval_samples_per_second': 89.854, 'eval_steps_per_second': 11.232, 'epoch': 3.54}
{'eval_loss': 0.41101035475730896, 'eval_rmse': 0.6411008834838867, 'eval_runtime': 35.1729, 'eval_samples_per_second': 89.842, 'eval_steps_per_second': 11.23, 'epoch': 3.59}
{'eval_loss': 0.45347681641578674, 'eval_rmse': 0.6734068393707275, 'eval_runtime': 35.1739, 'eval_samples_per_second': 89.839, 'eval_steps_per_second': 11.23, 'epoch': 3.64}
{'eval_loss': 0.456062376499176, 'eval_rmse': 0.6753239035606384, 'eval_runtime': 35.1862, 'eval_samples_per_second': 89.808, 'eval_steps_per_second': 11.226, 'epoch': 3.69}
{'loss': 0.0786, 'learning_rate': 6.014977533699451e-06, 'epoch': 3.74}
{'eval_loss': 0.5321287512779236, 'eval_rmse': 0.7294715046882629, 'eval_runtime': 35.1366, 'eval_samples_per_second': 89.935, 'eval_steps_per_second': 11.242, 'epoch': 3.74}
{'eval_loss': 0.512806236743927, 'eval_rmse': 0.7161049246788025, 'eval_runtime': 35.1789, 'eval_samples_per_second': 89.827, 'eval_steps_per_second': 11.228, 'epoch': 3.79}
{'eval_loss': 0.6071821451187134, 'eval_rmse': 0.7792189121246338, 'eval_runtime': 35.1844, 'eval_samples_per_second': 89.813, 'eval_steps_per_second': 11.227, 'epoch': 3.84}
{'eval_loss': 0.5431452989578247, 'eval_rmse': 0.7369838953018188, 'eval_runtime': 35.1749, 'eval_samples_per_second': 89.837, 'eval_steps_per_second': 11.23, 'epoch': 3.89}
{'eval_loss': 0.36940592527389526, 'eval_rmse': 0.6077877283096313, 'eval_runtime': 35.1895, 'eval_samples_per_second': 89.8, 'eval_steps_per_second': 11.225, 'epoch': 3.94}
{'loss': 0.0774, 'learning_rate': 5.3493093692794135e-06, 'epoch': 3.99}
{'eval_loss': 0.39575326442718506, 'eval_rmse': 0.6290892362594604, 'eval_runtime': 35.1503, 'eval_samples_per_second': 89.9, 'eval_steps_per_second': 11.237, 'epoch': 3.99}
{'eval_loss': 0.36561131477355957, 'eval_rmse': 0.6046580076217651, 'eval_runtime': 35.1859, 'eval_samples_per_second': 89.809, 'eval_steps_per_second': 11.226, 'epoch': 4.04}
{'eval_loss': 0.37866437435150146, 'eval_rmse': 0.6153571605682373, 'eval_runtime': 35.1786, 'eval_samples_per_second': 89.827, 'eval_steps_per_second': 11.228, 'epoch': 4.09}
{'eval_loss': 0.41805556416511536, 'eval_rmse': 0.6465721130371094, 'eval_runtime': 35.1899, 'eval_samples_per_second': 89.799, 'eval_steps_per_second': 11.225, 'epoch': 4.14}
{'eval_loss': 0.44345325231552124, 'eval_rmse': 0.6659228801727295, 'eval_runtime': 35.1863, 'eval_samples_per_second': 89.808, 'eval_steps_per_second': 11.226, 'epoch': 4.19}
{'loss': 0.0464, 'learning_rate': 4.683641204859377e-06, 'epoch': 4.24}
{'eval_loss': 0.3741794228553772, 'eval_rmse': 0.6117020845413208, 'eval_runtime': 35.1464, 'eval_samples_per_second': 89.91, 'eval_steps_per_second': 11.239, 'epoch': 4.24}
{'eval_loss': 0.4473021328449249, 'eval_rmse': 0.6688064932823181, 'eval_runtime': 35.1745, 'eval_samples_per_second': 89.838, 'eval_steps_per_second': 11.23, 'epoch': 4.29}
{'eval_loss': 0.3543001115322113, 'eval_rmse': 0.5952311158180237, 'eval_runtime': 35.1744, 'eval_samples_per_second': 89.838, 'eval_steps_per_second': 11.23, 'epoch': 4.34}
{'eval_loss': 0.34038618206977844, 'eval_rmse': 0.5834262371063232, 'eval_runtime': 35.1753, 'eval_samples_per_second': 89.836, 'eval_steps_per_second': 11.229, 'epoch': 4.39}
{'eval_loss': 0.33983954787254333, 'eval_rmse': 0.5829575657844543, 'eval_runtime': 35.2522, 'eval_samples_per_second': 89.64, 'eval_steps_per_second': 11.205, 'epoch': 4.44}
{'loss': 0.0416, 'learning_rate': 4.017973040439341e-06, 'epoch': 4.49}
{'eval_loss': 0.4119420051574707, 'eval_rmse': 0.6418271064758301, 'eval_runtime': 35.157, 'eval_samples_per_second': 89.882, 'eval_steps_per_second': 11.235, 'epoch': 4.49}
{'eval_loss': 0.38619276881217957, 'eval_rmse': 0.6214441061019897, 'eval_runtime': 35.1838, 'eval_samples_per_second': 89.814, 'eval_steps_per_second': 11.227, 'epoch': 4.54}
{'eval_loss': 0.38347238302230835, 'eval_rmse': 0.6192514896392822, 'eval_runtime': 35.1864, 'eval_samples_per_second': 89.808, 'eval_steps_per_second': 11.226, 'epoch': 4.59}
{'eval_loss': 0.3840583264827728, 'eval_rmse': 0.6197243928909302, 'eval_runtime': 35.1924, 'eval_samples_per_second': 89.792, 'eval_steps_per_second': 11.224, 'epoch': 4.64}
{'eval_loss': 0.49639198184013367, 'eval_rmse': 0.7045509219169617, 'eval_runtime': 35.1927, 'eval_samples_per_second': 89.791, 'eval_steps_per_second': 11.224, 'epoch': 4.69}
{'loss': 0.0443, 'learning_rate': 3.3523048760193043e-06, 'epoch': 4.74}
{'eval_loss': 0.4496779441833496, 'eval_rmse': 0.6705803275108337, 'eval_runtime': 35.1235, 'eval_samples_per_second': 89.968, 'eval_steps_per_second': 11.246, 'epoch': 4.74}
{'eval_loss': 0.4098329246044159, 'eval_rmse': 0.6401819586753845, 'eval_runtime': 35.1853, 'eval_samples_per_second': 89.81, 'eval_steps_per_second': 11.226, 'epoch': 4.79}
{'eval_loss': 0.36106380820274353, 'eval_rmse': 0.6008858680725098, 'eval_runtime': 35.1804, 'eval_samples_per_second': 89.823, 'eval_steps_per_second': 11.228, 'epoch': 4.84}
{'eval_loss': 0.389295756816864, 'eval_rmse': 0.6239356398582458, 'eval_runtime': 35.1735, 'eval_samples_per_second': 89.84, 'eval_steps_per_second': 11.23, 'epoch': 4.89}
{'eval_loss': 0.3956230580806732, 'eval_rmse': 0.6289857625961304, 'eval_runtime': 35.1801, 'eval_samples_per_second': 89.823, 'eval_steps_per_second': 11.228, 'epoch': 4.94}
{'loss': 0.0417, 'learning_rate': 2.686636711599268e-06, 'epoch': 4.99}
{'eval_loss': 0.46854525804519653, 'eval_rmse': 0.6845036745071411, 'eval_runtime': 35.1378, 'eval_samples_per_second': 89.932, 'eval_steps_per_second': 11.241, 'epoch': 4.99}
{'eval_loss': 0.36554232239723206, 'eval_rmse': 0.6046009659767151, 'eval_runtime': 35.1844, 'eval_samples_per_second': 89.813, 'eval_steps_per_second': 11.227, 'epoch': 5.04}
{'eval_loss': 0.47867485880851746, 'eval_rmse': 0.6918632984161377, 'eval_runtime': 35.1887, 'eval_samples_per_second': 89.802, 'eval_steps_per_second': 11.225, 'epoch': 5.09}
{'eval_loss': 0.44015124440193176, 'eval_rmse': 0.6634389758110046, 'eval_runtime': 35.1918, 'eval_samples_per_second': 89.794, 'eval_steps_per_second': 11.224, 'epoch': 5.14}
{'eval_loss': 0.4186967611312866, 'eval_rmse': 0.6470678448677063, 'eval_runtime': 35.1799, 'eval_samples_per_second': 89.824, 'eval_steps_per_second': 11.228, 'epoch': 5.19}
{'loss': 0.0251, 'learning_rate': 2.020968547179231e-06, 'epoch': 5.24}
{'eval_loss': 0.42296645045280457, 'eval_rmse': 0.6503587365150452, 'eval_runtime': 35.1476, 'eval_samples_per_second': 89.907, 'eval_steps_per_second': 11.238, 'epoch': 5.24}
{'eval_loss': 0.442522794008255, 'eval_rmse': 0.6652238965034485, 'eval_runtime': 35.1833, 'eval_samples_per_second': 89.815, 'eval_steps_per_second': 11.227, 'epoch': 5.29}
{'eval_loss': 0.4626275897026062, 'eval_rmse': 0.6801673173904419, 'eval_runtime': 35.1854, 'eval_samples_per_second': 89.81, 'eval_steps_per_second': 11.226, 'epoch': 5.34}
{'eval_loss': 0.49723172187805176, 'eval_rmse': 0.7051465511322021, 'eval_runtime': 35.18, 'eval_samples_per_second': 89.824, 'eval_steps_per_second': 11.228, 'epoch': 5.39}
{'eval_loss': 0.4938078820705414, 'eval_rmse': 0.7027146816253662, 'eval_runtime': 35.1728, 'eval_samples_per_second': 89.842, 'eval_steps_per_second': 11.23, 'epoch': 5.44}
{'loss': 0.0206, 'learning_rate': 1.3553003827591944e-06, 'epoch': 5.49}
{'eval_loss': 0.41315221786499023, 'eval_rmse': 0.6427691578865051, 'eval_runtime': 35.1243, 'eval_samples_per_second': 89.966, 'eval_steps_per_second': 11.246, 'epoch': 5.49}
{'eval_loss': 0.4896300435066223, 'eval_rmse': 0.699735701084137, 'eval_runtime': 35.1653, 'eval_samples_per_second': 89.861, 'eval_steps_per_second': 11.233, 'epoch': 5.54}
{'eval_loss': 0.41955628991127014, 'eval_rmse': 0.647731602191925, 'eval_runtime': 35.1726, 'eval_samples_per_second': 89.843, 'eval_steps_per_second': 11.23, 'epoch': 5.59}
{'eval_loss': 0.42875009775161743, 'eval_rmse': 0.6547901034355164, 'eval_runtime': 35.1785, 'eval_samples_per_second': 89.827, 'eval_steps_per_second': 11.228, 'epoch': 5.64}
{'eval_loss': 0.3858257830142975, 'eval_rmse': 0.6211487054824829, 'eval_runtime': 35.1764, 'eval_samples_per_second': 89.833, 'eval_steps_per_second': 11.229, 'epoch': 5.69}
{'loss': 0.0221, 'learning_rate': 6.896322183391578e-07, 'epoch': 5.74}
{'eval_loss': 0.41959741711616516, 'eval_rmse': 0.6477634310722351, 'eval_runtime': 35.1406, 'eval_samples_per_second': 89.925, 'eval_steps_per_second': 11.241, 'epoch': 5.74}
{'eval_loss': 0.40263989567756653, 'eval_rmse': 0.6345391273498535, 'eval_runtime': 35.1817, 'eval_samples_per_second': 89.819, 'eval_steps_per_second': 11.227, 'epoch': 5.79}
{'eval_loss': 0.39491477608680725, 'eval_rmse': 0.6284224390983582, 'eval_runtime': 35.1835, 'eval_samples_per_second': 89.815, 'eval_steps_per_second': 11.227, 'epoch': 5.84}
{'eval_loss': 0.4080582559108734, 'eval_rmse': 0.6387943625450134, 'eval_runtime': 35.1829, 'eval_samples_per_second': 89.816, 'eval_steps_per_second': 11.227, 'epoch': 5.89}
{'eval_loss': 0.41481587290763855, 'eval_rmse': 0.6440620422363281, 'eval_runtime': 35.188, 'eval_samples_per_second': 89.803, 'eval_steps_per_second': 11.225, 'epoch': 5.94}
{'loss': 0.0223, 'learning_rate': 2.3964053919121317e-08, 'epoch': 5.99}
{'eval_loss': 0.40905243158340454, 'eval_rmse': 0.6395720839500427, 'eval_runtime': 35.1434, 'eval_samples_per_second': 89.917, 'eval_steps_per_second': 11.24, 'epoch': 5.99}
{'train_runtime': 6235.03, 'train_samples_per_second': 3.854, 'train_steps_per_second': 1.927, 'train_loss': 0.12989639191406105, 'epoch': 6.0}
fold 1:
(3160, 20) (4005, 20)
{'eval_loss': 0.6450889110565186, 'eval_rmse': 0.8031742572784424, 'eval_runtime': 59.1598, 'eval_samples_per_second': 67.698, 'eval_steps_per_second': 8.469, 'epoch': 0.06}
{'eval_loss': 0.4073549509048462, 'eval_rmse': 0.6382436156272888, 'eval_runtime': 59.1816, 'eval_samples_per_second': 67.673, 'eval_steps_per_second': 8.465, 'epoch': 0.13}
{'eval_loss': 0.9152846932411194, 'eval_rmse': 0.9567051529884338, 'eval_runtime': 59.2211, 'eval_samples_per_second': 67.628, 'eval_steps_per_second': 8.46, 'epoch': 0.19}
{'eval_loss': 0.35235852003097534, 'eval_rmse': 0.593597948551178, 'eval_runtime': 59.2169, 'eval_samples_per_second': 67.633, 'eval_steps_per_second': 8.46, 'epoch': 0.25}
{'loss': 0.4832, 'learning_rate': 1.5156118143459915e-05, 'epoch': 0.32}
{'eval_loss': 0.4654998183250427, 'eval_rmse': 0.6822754740715027, 'eval_runtime': 59.1491, 'eval_samples_per_second': 67.71, 'eval_steps_per_second': 8.47, 'epoch': 0.32}
{'eval_loss': 0.6612787842750549, 'eval_rmse': 0.8131905198097229, 'eval_runtime': 59.2015, 'eval_samples_per_second': 67.65, 'eval_steps_per_second': 8.463, 'epoch': 0.38}
{'eval_loss': 0.724921703338623, 'eval_rmse': 0.8514233827590942, 'eval_runtime': 59.2033, 'eval_samples_per_second': 67.648, 'eval_steps_per_second': 8.462, 'epoch': 0.44}
{'eval_loss': 0.5903760194778442, 'eval_rmse': 0.7683593034744263, 'eval_runtime': 59.1822, 'eval_samples_per_second': 67.672, 'eval_steps_per_second': 8.465, 'epoch': 0.51}
{'eval_loss': 0.3497856855392456, 'eval_rmse': 0.5914268493652344, 'eval_runtime': 59.1814, 'eval_samples_per_second': 67.673, 'eval_steps_per_second': 8.466, 'epoch': 0.57}
{'loss': 0.3316, 'learning_rate': 1.431223628691983e-05, 'epoch': 0.63}
{'eval_loss': 0.8526575565338135, 'eval_rmse': 0.9233945608139038, 'eval_runtime': 59.1468, 'eval_samples_per_second': 67.713, 'eval_steps_per_second': 8.47, 'epoch': 0.63}
{'eval_loss': 0.3484499454498291, 'eval_rmse': 0.5902965068817139, 'eval_runtime': 59.1825, 'eval_samples_per_second': 67.672, 'eval_steps_per_second': 8.465, 'epoch': 0.7}
{'eval_loss': 0.6212784647941589, 'eval_rmse': 0.7882121801376343, 'eval_runtime': 59.1848, 'eval_samples_per_second': 67.669, 'eval_steps_per_second': 8.465, 'epoch': 0.76}
{'eval_loss': 0.5683299899101257, 'eval_rmse': 0.7538766264915466, 'eval_runtime': 59.1755, 'eval_samples_per_second': 67.68, 'eval_steps_per_second': 8.466, 'epoch': 0.82}
{'eval_loss': 0.48316630721092224, 'eval_rmse': 0.6951016783714294, 'eval_runtime': 59.1819, 'eval_samples_per_second': 67.673, 'eval_steps_per_second': 8.465, 'epoch': 0.89}
{'loss': 0.2939, 'learning_rate': 1.3468354430379747e-05, 'epoch': 0.95}
{'eval_loss': 0.5478978753089905, 'eval_rmse': 0.7402012348175049, 'eval_runtime': 59.1624, 'eval_samples_per_second': 67.695, 'eval_steps_per_second': 8.468, 'epoch': 0.95}
{'eval_loss': 0.3113832175731659, 'eval_rmse': 0.5580171942710876, 'eval_runtime': 59.2106, 'eval_samples_per_second': 67.64, 'eval_steps_per_second': 8.461, 'epoch': 1.01}
{'eval_loss': 0.4250216484069824, 'eval_rmse': 0.6519368290901184, 'eval_runtime': 59.1804, 'eval_samples_per_second': 67.674, 'eval_steps_per_second': 8.466, 'epoch': 1.08}
{'eval_loss': 0.45464634895324707, 'eval_rmse': 0.6742746829986572, 'eval_runtime': 59.1907, 'eval_samples_per_second': 67.663, 'eval_steps_per_second': 8.464, 'epoch': 1.14}
{'eval_loss': 0.4418199956417084, 'eval_rmse': 0.6646954417228699, 'eval_runtime': 59.1968, 'eval_samples_per_second': 67.656, 'eval_steps_per_second': 8.463, 'epoch': 1.2}
{'loss': 0.2373, 'learning_rate': 1.2624472573839662e-05, 'epoch': 1.27}
{'eval_loss': 0.5761992931365967, 'eval_rmse': 0.7590779066085815, 'eval_runtime': 59.1439, 'eval_samples_per_second': 67.716, 'eval_steps_per_second': 8.471, 'epoch': 1.27}
{'eval_loss': 0.6590577363967896, 'eval_rmse': 0.8118237257003784, 'eval_runtime': 59.1912, 'eval_samples_per_second': 67.662, 'eval_steps_per_second': 8.464, 'epoch': 1.33}
{'eval_loss': 0.5874353647232056, 'eval_rmse': 0.7664433121681213, 'eval_runtime': 59.1908, 'eval_samples_per_second': 67.663, 'eval_steps_per_second': 8.464, 'epoch': 1.39}
{'eval_loss': 0.3800027668476105, 'eval_rmse': 0.6164436340332031, 'eval_runtime': 59.1979, 'eval_samples_per_second': 67.654, 'eval_steps_per_second': 8.463, 'epoch': 1.46}
{'eval_loss': 0.4038770794868469, 'eval_rmse': 0.6355132460594177, 'eval_runtime': 59.2032, 'eval_samples_per_second': 67.648, 'eval_steps_per_second': 8.462, 'epoch': 1.52}
{'loss': 0.2091, 'learning_rate': 1.1780590717299578e-05, 'epoch': 1.58}
{'eval_loss': 0.4198895990848541, 'eval_rmse': 0.6479889154434204, 'eval_runtime': 59.1584, 'eval_samples_per_second': 67.7, 'eval_steps_per_second': 8.469, 'epoch': 1.58}
{'eval_loss': 0.7750675678253174, 'eval_rmse': 0.8803791999816895, 'eval_runtime': 59.2046, 'eval_samples_per_second': 67.647, 'eval_steps_per_second': 8.462, 'epoch': 1.65}
{'eval_loss': 0.26643526554107666, 'eval_rmse': 0.5161736607551575, 'eval_runtime': 59.1858, 'eval_samples_per_second': 67.668, 'eval_steps_per_second': 8.465, 'epoch': 1.71}
{'eval_loss': 0.6330784559249878, 'eval_rmse': 0.7956622242927551, 'eval_runtime': 59.1881, 'eval_samples_per_second': 67.666, 'eval_steps_per_second': 8.465, 'epoch': 1.77}
{'eval_loss': 0.5006528496742249, 'eval_rmse': 0.7075682878494263, 'eval_runtime': 59.1929, 'eval_samples_per_second': 67.66, 'eval_steps_per_second': 8.464, 'epoch': 1.84}
{'loss': 0.2025, 'learning_rate': 1.0936708860759492e-05, 'epoch': 1.9}
{'eval_loss': 0.3459252119064331, 'eval_rmse': 0.5881540775299072, 'eval_runtime': 59.1521, 'eval_samples_per_second': 67.707, 'eval_steps_per_second': 8.47, 'epoch': 1.9}
{'eval_loss': 0.48627033829689026, 'eval_rmse': 0.6973308324813843, 'eval_runtime': 59.1939, 'eval_samples_per_second': 67.659, 'eval_steps_per_second': 8.464, 'epoch': 1.96}
{'eval_loss': 0.26133278012275696, 'eval_rmse': 0.5112071633338928, 'eval_runtime': 59.1838, 'eval_samples_per_second': 67.671, 'eval_steps_per_second': 8.465, 'epoch': 2.03}
{'eval_loss': 0.26627117395401, 'eval_rmse': 0.5160146951675415, 'eval_runtime': 59.1921, 'eval_samples_per_second': 67.661, 'eval_steps_per_second': 8.464, 'epoch': 2.09}
{'eval_loss': 0.26215022802352905, 'eval_rmse': 0.5120061039924622, 'eval_runtime': 59.176, 'eval_samples_per_second': 67.679, 'eval_steps_per_second': 8.466, 'epoch': 2.15}
{'loss': 0.1838, 'learning_rate': 1.0092827004219408e-05, 'epoch': 2.22}
{'eval_loss': 0.4390440881252289, 'eval_rmse': 0.662604033946991, 'eval_runtime': 59.1343, 'eval_samples_per_second': 67.727, 'eval_steps_per_second': 8.472, 'epoch': 2.22}
{'eval_loss': 0.26623255014419556, 'eval_rmse': 0.5159772634506226, 'eval_runtime': 59.1791, 'eval_samples_per_second': 67.676, 'eval_steps_per_second': 8.466, 'epoch': 2.28}
{'eval_loss': 0.2807534337043762, 'eval_rmse': 0.5298616886138916, 'eval_runtime': 59.1705, 'eval_samples_per_second': 67.686, 'eval_steps_per_second': 8.467, 'epoch': 2.34}
{'eval_loss': 0.3943328261375427, 'eval_rmse': 0.6279592514038086, 'eval_runtime': 59.1706, 'eval_samples_per_second': 67.686, 'eval_steps_per_second': 8.467, 'epoch': 2.41}
{'eval_loss': 0.38308119773864746, 'eval_rmse': 0.6189355254173279, 'eval_runtime': 59.1828, 'eval_samples_per_second': 67.672, 'eval_steps_per_second': 8.465, 'epoch': 2.47}
{'loss': 0.1408, 'learning_rate': 9.248945147679326e-06, 'epoch': 2.53}
{'eval_loss': 0.289777010679245, 'eval_rmse': 0.5383093953132629, 'eval_runtime': 59.1376, 'eval_samples_per_second': 67.723, 'eval_steps_per_second': 8.472, 'epoch': 2.53}
{'eval_loss': 0.3002305328845978, 'eval_rmse': 0.5479329824447632, 'eval_runtime': 59.1731, 'eval_samples_per_second': 67.683, 'eval_steps_per_second': 8.467, 'epoch': 2.59}
{'eval_loss': 0.2670111060142517, 'eval_rmse': 0.5167311429977417, 'eval_runtime': 59.1752, 'eval_samples_per_second': 67.68, 'eval_steps_per_second': 8.466, 'epoch': 2.66}
{'eval_loss': 0.3790917992591858, 'eval_rmse': 0.6157042980194092, 'eval_runtime': 59.1651, 'eval_samples_per_second': 67.692, 'eval_steps_per_second': 8.468, 'epoch': 2.72}
{'eval_loss': 0.3237733542919159, 'eval_rmse': 0.569010853767395, 'eval_runtime': 59.1869, 'eval_samples_per_second': 67.667, 'eval_steps_per_second': 8.465, 'epoch': 2.78}
{'loss': 0.1551, 'learning_rate': 8.405063291139241e-06, 'epoch': 2.85}
{'eval_loss': 0.41860100626945496, 'eval_rmse': 0.6469938158988953, 'eval_runtime': 59.1606, 'eval_samples_per_second': 67.697, 'eval_steps_per_second': 8.468, 'epoch': 2.85}
{'eval_loss': 0.34869369864463806, 'eval_rmse': 0.590502917766571, 'eval_runtime': 59.2247, 'eval_samples_per_second': 67.624, 'eval_steps_per_second': 8.459, 'epoch': 2.91}
{'eval_loss': 0.32765865325927734, 'eval_rmse': 0.572414755821228, 'eval_runtime': 59.2245, 'eval_samples_per_second': 67.624, 'eval_steps_per_second': 8.459, 'epoch': 2.97}
{'eval_loss': 0.32294368743896484, 'eval_rmse': 0.568281352519989, 'eval_runtime': 59.2289, 'eval_samples_per_second': 67.619, 'eval_steps_per_second': 8.459, 'epoch': 3.04}
{'eval_loss': 0.28505444526672363, 'eval_rmse': 0.5339049100875854, 'eval_runtime': 59.2218, 'eval_samples_per_second': 67.627, 'eval_steps_per_second': 8.46, 'epoch': 3.1}
{'loss': 0.1219, 'learning_rate': 7.5611814345991554e-06, 'epoch': 3.16}
{'eval_loss': 0.3262803554534912, 'eval_rmse': 0.5712095499038696, 'eval_runtime': 59.1882, 'eval_samples_per_second': 67.666, 'eval_steps_per_second': 8.465, 'epoch': 3.16}
{'eval_loss': 0.2740219235420227, 'eval_rmse': 0.5234710574150085, 'eval_runtime': 59.1968, 'eval_samples_per_second': 67.656, 'eval_steps_per_second': 8.463, 'epoch': 3.23}
{'eval_loss': 0.4627622365951538, 'eval_rmse': 0.680266261100769, 'eval_runtime': 59.1842, 'eval_samples_per_second': 67.67, 'eval_steps_per_second': 8.465, 'epoch': 3.29}
{'eval_loss': 0.39632558822631836, 'eval_rmse': 0.6295439004898071, 'eval_runtime': 59.1989, 'eval_samples_per_second': 67.653, 'eval_steps_per_second': 8.463, 'epoch': 3.35}
{'eval_loss': 0.35804256796836853, 'eval_rmse': 0.5983665585517883, 'eval_runtime': 59.194, 'eval_samples_per_second': 67.659, 'eval_steps_per_second': 8.464, 'epoch': 3.42}
{'loss': 0.0919, 'learning_rate': 6.717299578059071e-06, 'epoch': 3.48}
{'eval_loss': 0.4417498707771301, 'eval_rmse': 0.6646426916122437, 'eval_runtime': 59.1607, 'eval_samples_per_second': 67.697, 'eval_steps_per_second': 8.468, 'epoch': 3.48}
{'eval_loss': 0.31747570633888245, 'eval_rmse': 0.5634498000144958, 'eval_runtime': 59.2076, 'eval_samples_per_second': 67.643, 'eval_steps_per_second': 8.462, 'epoch': 3.54}
{'eval_loss': 0.31708693504333496, 'eval_rmse': 0.5631047487258911, 'eval_runtime': 59.2064, 'eval_samples_per_second': 67.645, 'eval_steps_per_second': 8.462, 'epoch': 3.61}
{'eval_loss': 0.31365320086479187, 'eval_rmse': 0.560047447681427, 'eval_runtime': 59.2202, 'eval_samples_per_second': 67.629, 'eval_steps_per_second': 8.46, 'epoch': 3.67}
{'eval_loss': 0.4558468759059906, 'eval_rmse': 0.6751643419265747, 'eval_runtime': 59.2142, 'eval_samples_per_second': 67.636, 'eval_steps_per_second': 8.461, 'epoch': 3.73}
{'loss': 0.1001, 'learning_rate': 5.873417721518987e-06, 'epoch': 3.8}
{'eval_loss': 0.42307260632514954, 'eval_rmse': 0.6504403352737427, 'eval_runtime': 59.1751, 'eval_samples_per_second': 67.681, 'eval_steps_per_second': 8.466, 'epoch': 3.8}
{'eval_loss': 0.3668968975543976, 'eval_rmse': 0.6057201623916626, 'eval_runtime': 59.2261, 'eval_samples_per_second': 67.622, 'eval_steps_per_second': 8.459, 'epoch': 3.86}
{'eval_loss': 0.30383267998695374, 'eval_rmse': 0.5512102246284485, 'eval_runtime': 59.265, 'eval_samples_per_second': 67.578, 'eval_steps_per_second': 8.454, 'epoch': 3.92}
{'eval_loss': 0.28282493352890015, 'eval_rmse': 0.531812846660614, 'eval_runtime': 59.2612, 'eval_samples_per_second': 67.582, 'eval_steps_per_second': 8.454, 'epoch': 3.99}
{'eval_loss': 0.3349018692970276, 'eval_rmse': 0.5787070393562317, 'eval_runtime': 59.2619, 'eval_samples_per_second': 67.581, 'eval_steps_per_second': 8.454, 'epoch': 4.05}
{'loss': 0.0719, 'learning_rate': 5.029535864978903e-06, 'epoch': 4.11}
{'eval_loss': 0.3733718693256378, 'eval_rmse': 0.6110416054725647, 'eval_runtime': 59.1913, 'eval_samples_per_second': 67.662, 'eval_steps_per_second': 8.464, 'epoch': 4.11}
{'eval_loss': 0.3027016818523407, 'eval_rmse': 0.5501832962036133, 'eval_runtime': 59.2102, 'eval_samples_per_second': 67.64, 'eval_steps_per_second': 8.461, 'epoch': 4.18}
{'eval_loss': 0.2895476222038269, 'eval_rmse': 0.5380963087081909, 'eval_runtime': 59.2161, 'eval_samples_per_second': 67.634, 'eval_steps_per_second': 8.461, 'epoch': 4.24}
{'eval_loss': 0.36219847202301025, 'eval_rmse': 0.6018292903900146, 'eval_runtime': 59.2157, 'eval_samples_per_second': 67.634, 'eval_steps_per_second': 8.461, 'epoch': 4.3}
{'eval_loss': 0.4107736647129059, 'eval_rmse': 0.6409162282943726, 'eval_runtime': 59.2111, 'eval_samples_per_second': 67.639, 'eval_steps_per_second': 8.461, 'epoch': 4.37}
{'loss': 0.0537, 'learning_rate': 4.185654008438819e-06, 'epoch': 4.43}
{'eval_loss': 0.31611648201942444, 'eval_rmse': 0.5622423887252808, 'eval_runtime': 59.1558, 'eval_samples_per_second': 67.703, 'eval_steps_per_second': 8.469, 'epoch': 4.43}
{'eval_loss': 0.39705193042755127, 'eval_rmse': 0.630120575428009, 'eval_runtime': 59.1937, 'eval_samples_per_second': 67.659, 'eval_steps_per_second': 8.464, 'epoch': 4.49}
{'eval_loss': 0.28601163625717163, 'eval_rmse': 0.5348005294799805, 'eval_runtime': 59.2088, 'eval_samples_per_second': 67.642, 'eval_steps_per_second': 8.462, 'epoch': 4.56}
{'eval_loss': 0.3254792392253876, 'eval_rmse': 0.570507824420929, 'eval_runtime': 59.2317, 'eval_samples_per_second': 67.616, 'eval_steps_per_second': 8.458, 'epoch': 4.62}
{'eval_loss': 0.4056125581264496, 'eval_rmse': 0.636877179145813, 'eval_runtime': 59.2243, 'eval_samples_per_second': 67.624, 'eval_steps_per_second': 8.459, 'epoch': 4.68}
{'loss': 0.0486, 'learning_rate': 3.341772151898734e-06, 'epoch': 4.75}
{'eval_loss': 0.32188907265663147, 'eval_rmse': 0.5673527121543884, 'eval_runtime': 59.2219, 'eval_samples_per_second': 67.627, 'eval_steps_per_second': 8.46, 'epoch': 4.75}
{'eval_loss': 0.3332037329673767, 'eval_rmse': 0.5772380232810974, 'eval_runtime': 59.2567, 'eval_samples_per_second': 67.587, 'eval_steps_per_second': 8.455, 'epoch': 4.81}
{'eval_loss': 0.2964553236961365, 'eval_rmse': 0.544477105140686, 'eval_runtime': 59.2457, 'eval_samples_per_second': 67.6, 'eval_steps_per_second': 8.456, 'epoch': 4.87}
{'eval_loss': 0.325495183467865, 'eval_rmse': 0.5705218315124512, 'eval_runtime': 59.2527, 'eval_samples_per_second': 67.592, 'eval_steps_per_second': 8.455, 'epoch': 4.94}
{'eval_loss': 0.3262938857078552, 'eval_rmse': 0.5712214112281799, 'eval_runtime': 59.2487, 'eval_samples_per_second': 67.596, 'eval_steps_per_second': 8.456, 'epoch': 5.0}
{'loss': 0.0429, 'learning_rate': 2.4978902953586497e-06, 'epoch': 5.06}
{'eval_loss': 0.3281345069408417, 'eval_rmse': 0.5728302597999573, 'eval_runtime': 59.201, 'eval_samples_per_second': 67.651, 'eval_steps_per_second': 8.463, 'epoch': 5.06}
{'eval_loss': 0.3015568256378174, 'eval_rmse': 0.5491418838500977, 'eval_runtime': 59.2461, 'eval_samples_per_second': 67.599, 'eval_steps_per_second': 8.456, 'epoch': 5.13}
{'eval_loss': 0.30824732780456543, 'eval_rmse': 0.5552002787590027, 'eval_runtime': 59.2333, 'eval_samples_per_second': 67.614, 'eval_steps_per_second': 8.458, 'epoch': 5.19}
{'eval_loss': 0.3288955092430115, 'eval_rmse': 0.5734940767288208, 'eval_runtime': 59.2515, 'eval_samples_per_second': 67.593, 'eval_steps_per_second': 8.455, 'epoch': 5.25}
{'eval_loss': 0.3411555886268616, 'eval_rmse': 0.5840852856636047, 'eval_runtime': 59.2283, 'eval_samples_per_second': 67.62, 'eval_steps_per_second': 8.459, 'epoch': 5.32}
{'loss': 0.024, 'learning_rate': 1.6540084388185653e-06, 'epoch': 5.38}
{'eval_loss': 0.34566015005111694, 'eval_rmse': 0.5879287123680115, 'eval_runtime': 59.175, 'eval_samples_per_second': 67.681, 'eval_steps_per_second': 8.466, 'epoch': 5.38}
{'eval_loss': 0.3082231283187866, 'eval_rmse': 0.5551784634590149, 'eval_runtime': 59.2177, 'eval_samples_per_second': 67.632, 'eval_steps_per_second': 8.46, 'epoch': 5.44}
{'eval_loss': 0.31116199493408203, 'eval_rmse': 0.5578190088272095, 'eval_runtime': 59.2147, 'eval_samples_per_second': 67.635, 'eval_steps_per_second': 8.461, 'epoch': 5.51}
{'eval_loss': 0.31134045124053955, 'eval_rmse': 0.5579789280891418, 'eval_runtime': 59.2123, 'eval_samples_per_second': 67.638, 'eval_steps_per_second': 8.461, 'epoch': 5.57}
{'eval_loss': 0.322096049785614, 'eval_rmse': 0.5675350427627563, 'eval_runtime': 59.2124, 'eval_samples_per_second': 67.638, 'eval_steps_per_second': 8.461, 'epoch': 5.63}
{'loss': 0.0253, 'learning_rate': 8.10126582278481e-07, 'epoch': 5.7}
{'eval_loss': 0.31881090998649597, 'eval_rmse': 0.5646334290504456, 'eval_runtime': 59.1646, 'eval_samples_per_second': 67.693, 'eval_steps_per_second': 8.468, 'epoch': 5.7}
{'eval_loss': 0.3089407980442047, 'eval_rmse': 0.5558244585990906, 'eval_runtime': 59.2075, 'eval_samples_per_second': 67.643, 'eval_steps_per_second': 8.462, 'epoch': 5.76}
{'eval_loss': 0.30727025866508484, 'eval_rmse': 0.5543196201324463, 'eval_runtime': 59.2038, 'eval_samples_per_second': 67.648, 'eval_steps_per_second': 8.462, 'epoch': 5.82}
{'eval_loss': 0.3167005181312561, 'eval_rmse': 0.5627614855766296, 'eval_runtime': 59.176, 'eval_samples_per_second': 67.679, 'eval_steps_per_second': 8.466, 'epoch': 5.89}
{'eval_loss': 0.32139280438423157, 'eval_rmse': 0.5669151544570923, 'eval_runtime': 59.1643, 'eval_samples_per_second': 67.693, 'eval_steps_per_second': 8.468, 'epoch': 5.95}
{'train_runtime': 7019.925, 'train_samples_per_second': 2.701, 'train_steps_per_second': 1.35, 'train_loss': 0.14987602334485275, 'epoch': 6.0}
fold 0:
fold 1:
cv content rmse: 0.5080314641893534
fold 0:
fold 1:
fold 0:
(4005, 21) (3160, 21)
{'eval_loss': 1.0787521600723267, 'eval_rmse': 1.0386298894882202, 'eval_runtime': 35.1639, 'eval_samples_per_second': 89.865, 'eval_steps_per_second': 11.233, 'epoch': 0.05}
{'eval_loss': 0.9616501331329346, 'eval_rmse': 0.9806376099586487, 'eval_runtime': 35.1677, 'eval_samples_per_second': 89.855, 'eval_steps_per_second': 11.232, 'epoch': 0.1}
{'eval_loss': 0.9535400867462158, 'eval_rmse': 0.9764938354492188, 'eval_runtime': 35.1598, 'eval_samples_per_second': 89.875, 'eval_steps_per_second': 11.234, 'epoch': 0.15}
{'eval_loss': 0.7148917317390442, 'eval_rmse': 0.8455126881599426, 'eval_runtime': 35.1585, 'eval_samples_per_second': 89.879, 'eval_steps_per_second': 11.235, 'epoch': 0.2}
{'loss': 0.717, 'learning_rate': 1.5334331835579962e-05, 'epoch': 0.25}
{'eval_loss': 0.5885139107704163, 'eval_rmse': 0.7671465873718262, 'eval_runtime': 35.1255, 'eval_samples_per_second': 89.963, 'eval_steps_per_second': 11.245, 'epoch': 0.25}
{'eval_loss': 0.7435746192932129, 'eval_rmse': 0.8623077273368835, 'eval_runtime': 35.1598, 'eval_samples_per_second': 89.875, 'eval_steps_per_second': 11.234, 'epoch': 0.3}
{'eval_loss': 0.6180620789527893, 'eval_rmse': 0.7861692309379578, 'eval_runtime': 35.1756, 'eval_samples_per_second': 89.835, 'eval_steps_per_second': 11.229, 'epoch': 0.35}
{'eval_loss': 0.5744491219520569, 'eval_rmse': 0.7579241991043091, 'eval_runtime': 35.1782, 'eval_samples_per_second': 89.828, 'eval_steps_per_second': 11.229, 'epoch': 0.4}
{'eval_loss': 0.47464558482170105, 'eval_rmse': 0.6889452934265137, 'eval_runtime': 35.1754, 'eval_samples_per_second': 89.836, 'eval_steps_per_second': 11.229, 'epoch': 0.45}
{'loss': 0.4914, 'learning_rate': 1.4668663671159926e-05, 'epoch': 0.5}
{'eval_loss': 0.5942150354385376, 'eval_rmse': 0.7708534598350525, 'eval_runtime': 35.1231, 'eval_samples_per_second': 89.969, 'eval_steps_per_second': 11.246, 'epoch': 0.5}
{'eval_loss': 0.9920588135719299, 'eval_rmse': 0.9960215091705322, 'eval_runtime': 35.1776, 'eval_samples_per_second': 89.83, 'eval_steps_per_second': 11.229, 'epoch': 0.55}
{'eval_loss': 0.5407989025115967, 'eval_rmse': 0.735390305519104, 'eval_runtime': 35.1876, 'eval_samples_per_second': 89.804, 'eval_steps_per_second': 11.226, 'epoch': 0.6}
{'eval_loss': 0.47240400314331055, 'eval_rmse': 0.6873165369033813, 'eval_runtime': 35.2002, 'eval_samples_per_second': 89.772, 'eval_steps_per_second': 11.222, 'epoch': 0.65}
{'eval_loss': 0.583071768283844, 'eval_rmse': 0.7635913491249084, 'eval_runtime': 35.1864, 'eval_samples_per_second': 89.807, 'eval_steps_per_second': 11.226, 'epoch': 0.7}
{'loss': 0.3844, 'learning_rate': 1.400299550673989e-05, 'epoch': 0.75}
{'eval_loss': 0.5254361033439636, 'eval_rmse': 0.7248697280883789, 'eval_runtime': 35.1352, 'eval_samples_per_second': 89.938, 'eval_steps_per_second': 11.242, 'epoch': 0.75}
{'eval_loss': 0.599780261516571, 'eval_rmse': 0.7744548320770264, 'eval_runtime': 35.1913, 'eval_samples_per_second': 89.795, 'eval_steps_per_second': 11.224, 'epoch': 0.8}
{'eval_loss': 0.6200724244117737, 'eval_rmse': 0.7874467372894287, 'eval_runtime': 35.1923, 'eval_samples_per_second': 89.792, 'eval_steps_per_second': 11.224, 'epoch': 0.85}
{'eval_loss': 0.5978336334228516, 'eval_rmse': 0.7731969952583313, 'eval_runtime': 35.1968, 'eval_samples_per_second': 89.781, 'eval_steps_per_second': 11.223, 'epoch': 0.9}
{'eval_loss': 0.49784722924232483, 'eval_rmse': 0.7055829167366028, 'eval_runtime': 35.1883, 'eval_samples_per_second': 89.803, 'eval_steps_per_second': 11.225, 'epoch': 0.95}
{'loss': 0.4061, 'learning_rate': 1.3337327342319854e-05, 'epoch': 1.0}
{'eval_loss': 0.497450590133667, 'eval_rmse': 0.7053017616271973, 'eval_runtime': 35.1403, 'eval_samples_per_second': 89.925, 'eval_steps_per_second': 11.241, 'epoch': 1.0}
{'eval_loss': 0.5080671310424805, 'eval_rmse': 0.7127882838249207, 'eval_runtime': 35.1916, 'eval_samples_per_second': 89.794, 'eval_steps_per_second': 11.224, 'epoch': 1.05}
{'eval_loss': 0.47109606862068176, 'eval_rmse': 0.6863644123077393, 'eval_runtime': 35.187, 'eval_samples_per_second': 89.806, 'eval_steps_per_second': 11.226, 'epoch': 1.1}
{'eval_loss': 0.451103150844574, 'eval_rmse': 0.6716421246528625, 'eval_runtime': 35.1872, 'eval_samples_per_second': 89.805, 'eval_steps_per_second': 11.226, 'epoch': 1.15}
{'eval_loss': 0.4560215175151825, 'eval_rmse': 0.6752936244010925, 'eval_runtime': 35.1929, 'eval_samples_per_second': 89.791, 'eval_steps_per_second': 11.224, 'epoch': 1.2}
{'loss': 0.2924, 'learning_rate': 1.2671659177899816e-05, 'epoch': 1.25}
{'eval_loss': 0.43619778752326965, 'eval_rmse': 0.6604527235031128, 'eval_runtime': 35.1495, 'eval_samples_per_second': 89.902, 'eval_steps_per_second': 11.238, 'epoch': 1.25}
{'eval_loss': 0.6023449301719666, 'eval_rmse': 0.7761088609695435, 'eval_runtime': 35.1789, 'eval_samples_per_second': 89.827, 'eval_steps_per_second': 11.228, 'epoch': 1.3}
{'eval_loss': 0.5625002980232239, 'eval_rmse': 0.7500001788139343, 'eval_runtime': 35.1756, 'eval_samples_per_second': 89.835, 'eval_steps_per_second': 11.229, 'epoch': 1.35}
{'eval_loss': 0.40518614649772644, 'eval_rmse': 0.6365423202514648, 'eval_runtime': 35.1827, 'eval_samples_per_second': 89.817, 'eval_steps_per_second': 11.227, 'epoch': 1.4}
{'eval_loss': 0.5795155763626099, 'eval_rmse': 0.7612591981887817, 'eval_runtime': 35.1734, 'eval_samples_per_second': 89.841, 'eval_steps_per_second': 11.23, 'epoch': 1.45}
{'loss': 0.3056, 'learning_rate': 1.2005991013479781e-05, 'epoch': 1.5}
{'eval_loss': 0.4456504285335541, 'eval_rmse': 0.6675705313682556, 'eval_runtime': 35.1388, 'eval_samples_per_second': 89.929, 'eval_steps_per_second': 11.241, 'epoch': 1.5}
{'eval_loss': 0.3988530933856964, 'eval_rmse': 0.6315481662750244, 'eval_runtime': 35.1782, 'eval_samples_per_second': 89.828, 'eval_steps_per_second': 11.229, 'epoch': 1.55}
{'eval_loss': 0.46716177463531494, 'eval_rmse': 0.6834923624992371, 'eval_runtime': 35.1813, 'eval_samples_per_second': 89.82, 'eval_steps_per_second': 11.228, 'epoch': 1.6}
{'eval_loss': 0.4839707016944885, 'eval_rmse': 0.6956800222396851, 'eval_runtime': 35.1849, 'eval_samples_per_second': 89.811, 'eval_steps_per_second': 11.226, 'epoch': 1.65}
{'eval_loss': 0.5306785106658936, 'eval_rmse': 0.7284768223762512, 'eval_runtime': 35.1912, 'eval_samples_per_second': 89.795, 'eval_steps_per_second': 11.224, 'epoch': 1.7}
{'loss': 0.2784, 'learning_rate': 1.1340322849059744e-05, 'epoch': 1.75}
{'eval_loss': 0.549763023853302, 'eval_rmse': 0.7414600849151611, 'eval_runtime': 35.2154, 'eval_samples_per_second': 89.734, 'eval_steps_per_second': 11.217, 'epoch': 1.75}
{'eval_loss': 0.4337708353996277, 'eval_rmse': 0.6586127877235413, 'eval_runtime': 35.2365, 'eval_samples_per_second': 89.68, 'eval_steps_per_second': 11.21, 'epoch': 1.8}
{'eval_loss': 0.5230560898780823, 'eval_rmse': 0.7232261896133423, 'eval_runtime': 35.2492, 'eval_samples_per_second': 89.647, 'eval_steps_per_second': 11.206, 'epoch': 1.85}
{'eval_loss': 0.6001967191696167, 'eval_rmse': 0.7747236490249634, 'eval_runtime': 35.235, 'eval_samples_per_second': 89.683, 'eval_steps_per_second': 11.21, 'epoch': 1.9}
{'eval_loss': 0.4443379342556, 'eval_rmse': 0.6665867567062378, 'eval_runtime': 35.2394, 'eval_samples_per_second': 89.672, 'eval_steps_per_second': 11.209, 'epoch': 1.95}
{'loss': 0.305, 'learning_rate': 1.0674654684639706e-05, 'epoch': 2.0}
{'eval_loss': 0.4907083511352539, 'eval_rmse': 0.700505793094635, 'eval_runtime': 35.1376, 'eval_samples_per_second': 89.932, 'eval_steps_per_second': 11.242, 'epoch': 2.0}
{'eval_loss': 0.40423494577407837, 'eval_rmse': 0.6357946991920471, 'eval_runtime': 35.186, 'eval_samples_per_second': 89.808, 'eval_steps_per_second': 11.226, 'epoch': 2.05}
{'eval_loss': 0.49920129776000977, 'eval_rmse': 0.7065417766571045, 'eval_runtime': 35.1779, 'eval_samples_per_second': 89.829, 'eval_steps_per_second': 11.229, 'epoch': 2.1}
{'eval_loss': 0.4579490125179291, 'eval_rmse': 0.6767193078994751, 'eval_runtime': 35.1871, 'eval_samples_per_second': 89.806, 'eval_steps_per_second': 11.226, 'epoch': 2.15}
{'eval_loss': 0.512599527835846, 'eval_rmse': 0.7159605622291565, 'eval_runtime': 35.1956, 'eval_samples_per_second': 89.784, 'eval_steps_per_second': 11.223, 'epoch': 2.2}
{'loss': 0.2069, 'learning_rate': 1.0008986520219669e-05, 'epoch': 2.25}
{'eval_loss': 0.4155760109424591, 'eval_rmse': 0.6446518301963806, 'eval_runtime': 35.2612, 'eval_samples_per_second': 89.617, 'eval_steps_per_second': 11.202, 'epoch': 2.25}
{'eval_loss': 0.42376813292503357, 'eval_rmse': 0.6509747505187988, 'eval_runtime': 35.2069, 'eval_samples_per_second': 89.755, 'eval_steps_per_second': 11.219, 'epoch': 2.3}
{'eval_loss': 0.5103235840797424, 'eval_rmse': 0.7143693566322327, 'eval_runtime': 35.1902, 'eval_samples_per_second': 89.798, 'eval_steps_per_second': 11.225, 'epoch': 2.35}
{'eval_loss': 0.4156818985939026, 'eval_rmse': 0.6447340250015259, 'eval_runtime': 35.2047, 'eval_samples_per_second': 89.761, 'eval_steps_per_second': 11.22, 'epoch': 2.4}
{'eval_loss': 0.47029194235801697, 'eval_rmse': 0.6857783198356628, 'eval_runtime': 35.2198, 'eval_samples_per_second': 89.722, 'eval_steps_per_second': 11.215, 'epoch': 2.45}
{'loss': 0.1825, 'learning_rate': 9.343318355799634e-06, 'epoch': 2.5}
{'eval_loss': 0.4025724530220032, 'eval_rmse': 0.6344859600067139, 'eval_runtime': 35.2324, 'eval_samples_per_second': 89.69, 'eval_steps_per_second': 11.211, 'epoch': 2.5}
{'eval_loss': 0.4197419285774231, 'eval_rmse': 0.6478749513626099, 'eval_runtime': 35.289, 'eval_samples_per_second': 89.546, 'eval_steps_per_second': 11.193, 'epoch': 2.55}
{'eval_loss': 0.49005019664764404, 'eval_rmse': 0.7000358700752258, 'eval_runtime': 35.2772, 'eval_samples_per_second': 89.576, 'eval_steps_per_second': 11.197, 'epoch': 2.6}
{'eval_loss': 0.6217359304428101, 'eval_rmse': 0.7885023355484009, 'eval_runtime': 35.2788, 'eval_samples_per_second': 89.572, 'eval_steps_per_second': 11.197, 'epoch': 2.65}
{'eval_loss': 0.46043509244918823, 'eval_rmse': 0.6785537004470825, 'eval_runtime': 35.2772, 'eval_samples_per_second': 89.576, 'eval_steps_per_second': 11.197, 'epoch': 2.7}
{'loss': 0.1736, 'learning_rate': 8.677650191379596e-06, 'epoch': 2.75}
{'eval_loss': 0.4896465837955475, 'eval_rmse': 0.6997475028038025, 'eval_runtime': 35.2272, 'eval_samples_per_second': 89.703, 'eval_steps_per_second': 11.213, 'epoch': 2.75}
{'eval_loss': 0.4454876482486725, 'eval_rmse': 0.6674486398696899, 'eval_runtime': 35.2838, 'eval_samples_per_second': 89.56, 'eval_steps_per_second': 11.195, 'epoch': 2.8}
{'eval_loss': 0.4294116199016571, 'eval_rmse': 0.6552950739860535, 'eval_runtime': 35.2759, 'eval_samples_per_second': 89.58, 'eval_steps_per_second': 11.197, 'epoch': 2.85}
{'eval_loss': 0.5406371355056763, 'eval_rmse': 0.7352803349494934, 'eval_runtime': 35.2748, 'eval_samples_per_second': 89.582, 'eval_steps_per_second': 11.198, 'epoch': 2.9}
{'eval_loss': 0.5038034915924072, 'eval_rmse': 0.7097911834716797, 'eval_runtime': 35.2932, 'eval_samples_per_second': 89.536, 'eval_steps_per_second': 11.192, 'epoch': 2.95}
{'loss': 0.1812, 'learning_rate': 8.01198202695956e-06, 'epoch': 3.0}
{'eval_loss': 0.5085644125938416, 'eval_rmse': 0.7131370306015015, 'eval_runtime': 35.2096, 'eval_samples_per_second': 89.748, 'eval_steps_per_second': 11.219, 'epoch': 3.0}
{'eval_loss': 0.419295072555542, 'eval_rmse': 0.6475299596786499, 'eval_runtime': 35.1838, 'eval_samples_per_second': 89.814, 'eval_steps_per_second': 11.227, 'epoch': 3.05}
{'eval_loss': 0.4263535439968109, 'eval_rmse': 0.652957558631897, 'eval_runtime': 35.1799, 'eval_samples_per_second': 89.824, 'eval_steps_per_second': 11.228, 'epoch': 3.1}
{'eval_loss': 0.49047520756721497, 'eval_rmse': 0.7003393769264221, 'eval_runtime': 35.1839, 'eval_samples_per_second': 89.814, 'eval_steps_per_second': 11.227, 'epoch': 3.15}
{'eval_loss': 0.40479177236557007, 'eval_rmse': 0.6362324357032776, 'eval_runtime': 35.1815, 'eval_samples_per_second': 89.82, 'eval_steps_per_second': 11.227, 'epoch': 3.2}
{'loss': 0.1023, 'learning_rate': 7.3463138625395235e-06, 'epoch': 3.25}
{'eval_loss': 0.4284241199493408, 'eval_rmse': 0.6545411944389343, 'eval_runtime': 35.1455, 'eval_samples_per_second': 89.912, 'eval_steps_per_second': 11.239, 'epoch': 3.25}
{'eval_loss': 0.4638221561908722, 'eval_rmse': 0.68104487657547, 'eval_runtime': 35.2176, 'eval_samples_per_second': 89.728, 'eval_steps_per_second': 11.216, 'epoch': 3.3}
{'eval_loss': 0.39042991399765015, 'eval_rmse': 0.6248438954353333, 'eval_runtime': 35.1844, 'eval_samples_per_second': 89.813, 'eval_steps_per_second': 11.227, 'epoch': 3.34}
{'eval_loss': 0.45468974113464355, 'eval_rmse': 0.6743068695068359, 'eval_runtime': 35.1773, 'eval_samples_per_second': 89.831, 'eval_steps_per_second': 11.229, 'epoch': 3.39}
{'eval_loss': 0.4661034047603607, 'eval_rmse': 0.6827176809310913, 'eval_runtime': 35.1866, 'eval_samples_per_second': 89.807, 'eval_steps_per_second': 11.226, 'epoch': 3.44}
{'loss': 0.1125, 'learning_rate': 6.680645698119487e-06, 'epoch': 3.49}
{'eval_loss': 0.4506060779094696, 'eval_rmse': 0.6712719798088074, 'eval_runtime': 35.1433, 'eval_samples_per_second': 89.917, 'eval_steps_per_second': 11.24, 'epoch': 3.49}
{'eval_loss': 0.5082945823669434, 'eval_rmse': 0.7129477858543396, 'eval_runtime': 35.2066, 'eval_samples_per_second': 89.756, 'eval_steps_per_second': 11.219, 'epoch': 3.54}
{'eval_loss': 0.48650240898132324, 'eval_rmse': 0.6974972486495972, 'eval_runtime': 35.1866, 'eval_samples_per_second': 89.807, 'eval_steps_per_second': 11.226, 'epoch': 3.59}
{'eval_loss': 0.42132139205932617, 'eval_rmse': 0.6490927338600159, 'eval_runtime': 35.1655, 'eval_samples_per_second': 89.861, 'eval_steps_per_second': 11.233, 'epoch': 3.64}
{'eval_loss': 0.473846971988678, 'eval_rmse': 0.6883654594421387, 'eval_runtime': 35.1619, 'eval_samples_per_second': 89.87, 'eval_steps_per_second': 11.234, 'epoch': 3.69}
{'loss': 0.1053, 'learning_rate': 6.014977533699451e-06, 'epoch': 3.74}
{'eval_loss': 0.4290270209312439, 'eval_rmse': 0.6550015211105347, 'eval_runtime': 35.1208, 'eval_samples_per_second': 89.975, 'eval_steps_per_second': 11.247, 'epoch': 3.74}
{'eval_loss': 0.4187144935131073, 'eval_rmse': 0.6470814943313599, 'eval_runtime': 35.1719, 'eval_samples_per_second': 89.844, 'eval_steps_per_second': 11.231, 'epoch': 3.79}
{'eval_loss': 0.4226111173629761, 'eval_rmse': 0.65008544921875, 'eval_runtime': 35.2214, 'eval_samples_per_second': 89.718, 'eval_steps_per_second': 11.215, 'epoch': 3.84}
{'eval_loss': 0.43625688552856445, 'eval_rmse': 0.6604974269866943, 'eval_runtime': 35.2307, 'eval_samples_per_second': 89.695, 'eval_steps_per_second': 11.212, 'epoch': 3.89}
{'eval_loss': 0.42635732889175415, 'eval_rmse': 0.6529604196548462, 'eval_runtime': 35.2014, 'eval_samples_per_second': 89.769, 'eval_steps_per_second': 11.221, 'epoch': 3.94}
{'loss': 0.1086, 'learning_rate': 5.3493093692794135e-06, 'epoch': 3.99}
{'eval_loss': 0.4190487563610077, 'eval_rmse': 0.6473397612571716, 'eval_runtime': 35.1372, 'eval_samples_per_second': 89.933, 'eval_steps_per_second': 11.242, 'epoch': 3.99}
{'eval_loss': 0.41624438762664795, 'eval_rmse': 0.6451700329780579, 'eval_runtime': 35.1596, 'eval_samples_per_second': 89.876, 'eval_steps_per_second': 11.234, 'epoch': 4.04}
{'eval_loss': 0.4421957731246948, 'eval_rmse': 0.66497802734375, 'eval_runtime': 35.1725, 'eval_samples_per_second': 89.843, 'eval_steps_per_second': 11.23, 'epoch': 4.09}
{'eval_loss': 0.44721633195877075, 'eval_rmse': 0.6687423586845398, 'eval_runtime': 35.1645, 'eval_samples_per_second': 89.863, 'eval_steps_per_second': 11.233, 'epoch': 4.14}
{'eval_loss': 0.4642314314842224, 'eval_rmse': 0.6813453435897827, 'eval_runtime': 35.1989, 'eval_samples_per_second': 89.775, 'eval_steps_per_second': 11.222, 'epoch': 4.19}
{'loss': 0.0641, 'learning_rate': 4.683641204859377e-06, 'epoch': 4.24}
{'eval_loss': 0.45094412565231323, 'eval_rmse': 0.6715237498283386, 'eval_runtime': 35.1356, 'eval_samples_per_second': 89.937, 'eval_steps_per_second': 11.242, 'epoch': 4.24}
{'eval_loss': 0.4456198513507843, 'eval_rmse': 0.6675476431846619, 'eval_runtime': 35.1957, 'eval_samples_per_second': 89.784, 'eval_steps_per_second': 11.223, 'epoch': 4.29}
{'eval_loss': 0.46621885895729065, 'eval_rmse': 0.6828022003173828, 'eval_runtime': 35.2176, 'eval_samples_per_second': 89.728, 'eval_steps_per_second': 11.216, 'epoch': 4.34}
{'eval_loss': 0.4712737798690796, 'eval_rmse': 0.6864938139915466, 'eval_runtime': 35.2051, 'eval_samples_per_second': 89.76, 'eval_steps_per_second': 11.22, 'epoch': 4.39}
{'eval_loss': 0.49256181716918945, 'eval_rmse': 0.7018274664878845, 'eval_runtime': 35.1847, 'eval_samples_per_second': 89.812, 'eval_steps_per_second': 11.226, 'epoch': 4.44}
{'loss': 0.0643, 'learning_rate': 4.017973040439341e-06, 'epoch': 4.49}
{'eval_loss': 0.46040835976600647, 'eval_rmse': 0.6785339713096619, 'eval_runtime': 35.1384, 'eval_samples_per_second': 89.93, 'eval_steps_per_second': 11.241, 'epoch': 4.49}
{'eval_loss': 0.4621732831001282, 'eval_rmse': 0.6798332929611206, 'eval_runtime': 35.1837, 'eval_samples_per_second': 89.814, 'eval_steps_per_second': 11.227, 'epoch': 4.54}
{'eval_loss': 0.42154765129089355, 'eval_rmse': 0.6492670178413391, 'eval_runtime': 35.2199, 'eval_samples_per_second': 89.722, 'eval_steps_per_second': 11.215, 'epoch': 4.59}
{'eval_loss': 0.4276026487350464, 'eval_rmse': 0.6539133191108704, 'eval_runtime': 35.1972, 'eval_samples_per_second': 89.78, 'eval_steps_per_second': 11.222, 'epoch': 4.64}
{'eval_loss': 0.4512452781200409, 'eval_rmse': 0.6717479228973389, 'eval_runtime': 35.2068, 'eval_samples_per_second': 89.755, 'eval_steps_per_second': 11.219, 'epoch': 4.69}
{'loss': 0.0688, 'learning_rate': 3.3523048760193043e-06, 'epoch': 4.74}
{'eval_loss': 0.4565601944923401, 'eval_rmse': 0.6756923794746399, 'eval_runtime': 35.3559, 'eval_samples_per_second': 89.377, 'eval_steps_per_second': 11.172, 'epoch': 4.74}
{'eval_loss': 0.4898785650730133, 'eval_rmse': 0.6999132633209229, 'eval_runtime': 35.1916, 'eval_samples_per_second': 89.794, 'eval_steps_per_second': 11.224, 'epoch': 4.79}
{'eval_loss': 0.4966890215873718, 'eval_rmse': 0.7047616839408875, 'eval_runtime': 35.1803, 'eval_samples_per_second': 89.823, 'eval_steps_per_second': 11.228, 'epoch': 4.84}
{'eval_loss': 0.43974199891090393, 'eval_rmse': 0.6631304025650024, 'eval_runtime': 35.1775, 'eval_samples_per_second': 89.83, 'eval_steps_per_second': 11.229, 'epoch': 4.89}
{'eval_loss': 0.44754356145858765, 'eval_rmse': 0.668986976146698, 'eval_runtime': 35.2117, 'eval_samples_per_second': 89.743, 'eval_steps_per_second': 11.218, 'epoch': 4.94}
{'loss': 0.0486, 'learning_rate': 2.686636711599268e-06, 'epoch': 4.99}
{'eval_loss': 0.44798290729522705, 'eval_rmse': 0.6693152785301208, 'eval_runtime': 35.1423, 'eval_samples_per_second': 89.92, 'eval_steps_per_second': 11.24, 'epoch': 4.99}
{'eval_loss': 0.4907034635543823, 'eval_rmse': 0.7005022764205933, 'eval_runtime': 35.2066, 'eval_samples_per_second': 89.756, 'eval_steps_per_second': 11.219, 'epoch': 5.04}
{'eval_loss': 0.4450766146183014, 'eval_rmse': 0.6671406030654907, 'eval_runtime': 35.193, 'eval_samples_per_second': 89.791, 'eval_steps_per_second': 11.224, 'epoch': 5.09}
{'eval_loss': 0.4404808282852173, 'eval_rmse': 0.6636872887611389, 'eval_runtime': 35.2092, 'eval_samples_per_second': 89.749, 'eval_steps_per_second': 11.219, 'epoch': 5.14}
{'eval_loss': 0.4374885559082031, 'eval_rmse': 0.6614291667938232, 'eval_runtime': 35.2089, 'eval_samples_per_second': 89.75, 'eval_steps_per_second': 11.219, 'epoch': 5.19}
{'loss': 0.036, 'learning_rate': 2.020968547179231e-06, 'epoch': 5.24}
{'eval_loss': 0.4436037540435791, 'eval_rmse': 0.6660358309745789, 'eval_runtime': 35.1944, 'eval_samples_per_second': 89.787, 'eval_steps_per_second': 11.223, 'epoch': 5.24}
{'eval_loss': 0.43369054794311523, 'eval_rmse': 0.6585519313812256, 'eval_runtime': 35.207, 'eval_samples_per_second': 89.755, 'eval_steps_per_second': 11.219, 'epoch': 5.29}
{'eval_loss': 0.4293053448200226, 'eval_rmse': 0.6552139520645142, 'eval_runtime': 35.2124, 'eval_samples_per_second': 89.741, 'eval_steps_per_second': 11.218, 'epoch': 5.34}
{'eval_loss': 0.44293826818466187, 'eval_rmse': 0.6655360460281372, 'eval_runtime': 35.2044, 'eval_samples_per_second': 89.762, 'eval_steps_per_second': 11.22, 'epoch': 5.39}
{'eval_loss': 0.4579993784427643, 'eval_rmse': 0.6767565011978149, 'eval_runtime': 35.3574, 'eval_samples_per_second': 89.373, 'eval_steps_per_second': 11.172, 'epoch': 5.44}
{'loss': 0.0305, 'learning_rate': 1.3553003827591944e-06, 'epoch': 5.49}
{'eval_loss': 0.4290373623371124, 'eval_rmse': 0.655009388923645, 'eval_runtime': 35.1382, 'eval_samples_per_second': 89.93, 'eval_steps_per_second': 11.241, 'epoch': 5.49}
{'eval_loss': 0.44151386618614197, 'eval_rmse': 0.6644651293754578, 'eval_runtime': 35.3588, 'eval_samples_per_second': 89.37, 'eval_steps_per_second': 11.171, 'epoch': 5.54}
