cuda
fold 0:
model_fold_dir debertav3base_lr16e-05/fold_0/0
start training
{'eval_loss': 0.3641716241836548, 'eval_rmse': 0.5934115648269653, 'eval_runtime': 7.293, 'eval_samples_per_second': 282.05, 'eval_steps_per_second': 31.4, 'epoch': 0.35}
{'eval_loss': 0.2763652801513672, 'eval_rmse': 0.5198414325714111, 'eval_runtime': 7.3123, 'eval_samples_per_second': 281.305, 'eval_steps_per_second': 31.317, 'epoch': 0.7}
{'eval_loss': 0.2587635815143585, 'eval_rmse': 0.5016987323760986, 'eval_runtime': 7.3135, 'eval_samples_per_second': 281.262, 'eval_steps_per_second': 31.312, 'epoch': 1.06}
{'eval_loss': 0.2421804964542389, 'eval_rmse': 0.48561424016952515, 'eval_runtime': 7.3078, 'eval_samples_per_second': 281.479, 'eval_steps_per_second': 31.336, 'epoch': 1.41}
{'loss': 0.3378, 'learning_rate': 1.0366197183098592e-05, 'epoch': 1.76}
{'eval_loss': 0.22183360159397125, 'eval_rmse': 0.46648651361465454, 'eval_runtime': 7.2954, 'eval_samples_per_second': 281.957, 'eval_steps_per_second': 31.389, 'epoch': 1.76}
{'eval_loss': 0.22710682451725006, 'eval_rmse': 0.474062979221344, 'eval_runtime': 7.3376, 'eval_samples_per_second': 280.339, 'eval_steps_per_second': 31.209, 'epoch': 2.11}
{'eval_loss': 0.24117423593997955, 'eval_rmse': 0.48521918058395386, 'eval_runtime': 7.3491, 'eval_samples_per_second': 279.9, 'eval_steps_per_second': 31.16, 'epoch': 2.46}
{'eval_loss': 0.26377809047698975, 'eval_rmse': 0.5118899941444397, 'eval_runtime': 7.3502, 'eval_samples_per_second': 279.855, 'eval_steps_per_second': 31.156, 'epoch': 2.82}
{'eval_loss': 0.25533321499824524, 'eval_rmse': 0.4989747107028961, 'eval_runtime': 7.3526, 'eval_samples_per_second': 279.764, 'eval_steps_per_second': 31.145, 'epoch': 3.17}
{'loss': 0.1679, 'learning_rate': 4.732394366197182e-06, 'epoch': 3.52}
{'eval_loss': 0.24574097990989685, 'eval_rmse': 0.49043503403663635, 'eval_runtime': 7.3352, 'eval_samples_per_second': 280.43, 'eval_steps_per_second': 31.219, 'epoch': 3.52}
{'eval_loss': 0.23980960249900818, 'eval_rmse': 0.4861711263656616, 'eval_runtime': 7.3567, 'eval_samples_per_second': 279.611, 'eval_steps_per_second': 31.128, 'epoch': 3.87}
{'eval_loss': 0.24312375485897064, 'eval_rmse': 0.4890173077583313, 'eval_runtime': 7.3604, 'eval_samples_per_second': 279.47, 'eval_steps_per_second': 31.113, 'epoch': 4.23}
{'eval_loss': 0.2486123889684677, 'eval_rmse': 0.49445733428001404, 'eval_runtime': 21.9628, 'eval_samples_per_second': 93.658, 'eval_steps_per_second': 10.427, 'epoch': 4.58}
{'eval_loss': 0.24002963304519653, 'eval_rmse': 0.48490238189697266, 'eval_runtime': 10.9666, 'eval_samples_per_second': 187.57, 'eval_steps_per_second': 20.882, 'epoch': 4.93}
{'train_runtime': 556.8239, 'train_samples_per_second': 45.867, 'train_steps_per_second': 2.55, 'train_loss': 0.20924338488511637, 'epoch': 5.0}
finish training
fold 1:
model_fold_dir debertav3base_lr16e-05/fold_1/1
start training
{'eval_loss': 0.5367818474769592, 'eval_rmse': 0.7181257009506226, 'eval_runtime': 10.5739, 'eval_samples_per_second': 189.997, 'eval_steps_per_second': 21.184, 'epoch': 0.35}
{'eval_loss': 0.6416693925857544, 'eval_rmse': 0.7828937768936157, 'eval_runtime': 10.5764, 'eval_samples_per_second': 189.951, 'eval_steps_per_second': 21.179, 'epoch': 0.7}
{'eval_loss': 0.5121216177940369, 'eval_rmse': 0.7049771547317505, 'eval_runtime': 10.5762, 'eval_samples_per_second': 189.954, 'eval_steps_per_second': 21.18, 'epoch': 1.05}
{'eval_loss': 0.6707040071487427, 'eval_rmse': 0.7975940108299255, 'eval_runtime': 10.5829, 'eval_samples_per_second': 189.834, 'eval_steps_per_second': 21.166, 'epoch': 1.39}
{'loss': 0.3003, 'learning_rate': 1.0425087108013937e-05, 'epoch': 1.74}
{'eval_loss': 0.46414944529533386, 'eval_rmse': 0.668832540512085, 'eval_runtime': 10.5704, 'eval_samples_per_second': 190.059, 'eval_steps_per_second': 21.191, 'epoch': 1.74}
{'eval_loss': 0.4810399115085602, 'eval_rmse': 0.6805869340896606, 'eval_runtime': 10.5661, 'eval_samples_per_second': 190.137, 'eval_steps_per_second': 21.2, 'epoch': 2.09}
{'eval_loss': 0.4853058159351349, 'eval_rmse': 0.6854907870292664, 'eval_runtime': 10.5664, 'eval_samples_per_second': 190.13, 'eval_steps_per_second': 21.199, 'epoch': 2.44}
{'eval_loss': 0.4833202660083771, 'eval_rmse': 0.6773639917373657, 'eval_runtime': 10.5736, 'eval_samples_per_second': 190.002, 'eval_steps_per_second': 21.185, 'epoch': 2.79}
{'eval_loss': 0.4684869945049286, 'eval_rmse': 0.6650190353393555, 'eval_runtime': 10.5661, 'eval_samples_per_second': 190.137, 'eval_steps_per_second': 21.2, 'epoch': 3.14}
{'loss': 0.1534, 'learning_rate': 4.850174216027874e-06, 'epoch': 3.48}
{'eval_loss': 0.4923957586288452, 'eval_rmse': 0.6865034103393555, 'eval_runtime': 10.5482, 'eval_samples_per_second': 190.46, 'eval_steps_per_second': 21.236, 'epoch': 3.48}
{'eval_loss': 0.4465482234954834, 'eval_rmse': 0.6563475131988525, 'eval_runtime': 10.5718, 'eval_samples_per_second': 190.033, 'eval_steps_per_second': 21.188, 'epoch': 3.83}
{'eval_loss': 0.4799257814884186, 'eval_rmse': 0.6764302849769592, 'eval_runtime': 10.5756, 'eval_samples_per_second': 189.966, 'eval_steps_per_second': 21.181, 'epoch': 4.18}
{'eval_loss': 0.47143882513046265, 'eval_rmse': 0.6710327863693237, 'eval_runtime': 10.5684, 'eval_samples_per_second': 190.095, 'eval_steps_per_second': 21.195, 'epoch': 4.53}
{'eval_loss': 0.48458555340766907, 'eval_rmse': 0.6803500056266785, 'eval_runtime': 10.569, 'eval_samples_per_second': 190.085, 'eval_steps_per_second': 21.194, 'epoch': 4.88}
{'train_runtime': 534.8725, 'train_samples_per_second': 48.198, 'train_steps_per_second': 2.683, 'train_loss': 0.1878573401049039, 'epoch': 5.0}
finish training
fold 2:
model_fold_dir debertav3base_lr16e-05/fold_2/2
start training
{'eval_loss': 0.3274500072002411, 'eval_rmse': 0.5667279958724976, 'eval_runtime': 9.3457, 'eval_samples_per_second': 213.575, 'eval_steps_per_second': 23.754, 'epoch': 0.35}
