args Namespace(attention_probs_dropout_prob=0.007, learning_rate=1.5e-05, model_name='debertav3large', test_mode=False)
cuda
fold 0:
model_fold_dir debertav3large_lr15e-05_att_0007/fold_0/0
start training
{'eval_loss': 0.5360220670700073, 'eval_rmse': 0.7251355648040771, 'eval_runtime': 21.1588, 'eval_samples_per_second': 97.217, 'eval_steps_per_second': 32.421, 'epoch': 0.06}
{'eval_loss': 0.3735336661338806, 'eval_rmse': 0.6020185351371765, 'eval_runtime': 21.1849, 'eval_samples_per_second': 97.097, 'eval_steps_per_second': 32.381, 'epoch': 0.12}
{'eval_loss': 0.33528247475624084, 'eval_rmse': 0.5774314999580383, 'eval_runtime': 21.1983, 'eval_samples_per_second': 97.036, 'eval_steps_per_second': 32.361, 'epoch': 0.18}
{'eval_loss': 0.354441374540329, 'eval_rmse': 0.589059054851532, 'eval_runtime': 21.2042, 'eval_samples_per_second': 97.009, 'eval_steps_per_second': 32.352, 'epoch': 0.23}
{'loss': 0.5575, 'learning_rate': 1.4119201409277744e-05, 'epoch': 0.29}
{'eval_loss': 0.315864235162735, 'eval_rmse': 0.5593831539154053, 'eval_runtime': 21.1624, 'eval_samples_per_second': 97.201, 'eval_steps_per_second': 32.416, 'epoch': 0.29}
{'eval_loss': 0.31380894780158997, 'eval_rmse': 0.5528923273086548, 'eval_runtime': 21.2169, 'eval_samples_per_second': 96.951, 'eval_steps_per_second': 32.333, 'epoch': 0.35}
{'eval_loss': 0.3106783628463745, 'eval_rmse': 0.5534729361534119, 'eval_runtime': 21.2582, 'eval_samples_per_second': 96.762, 'eval_steps_per_second': 32.27, 'epoch': 0.41}
{'eval_loss': 0.300627201795578, 'eval_rmse': 0.5462774038314819, 'eval_runtime': 21.2671, 'eval_samples_per_second': 96.722, 'eval_steps_per_second': 32.256, 'epoch': 0.47}
{'eval_loss': 0.27047955989837646, 'eval_rmse': 0.5146743655204773, 'eval_runtime': 21.2737, 'eval_samples_per_second': 96.692, 'eval_steps_per_second': 32.246, 'epoch': 0.53}
{'loss': 0.5212, 'learning_rate': 1.3238402818555492e-05, 'epoch': 0.59}
{'eval_loss': 0.4407839775085449, 'eval_rmse': 0.6630681753158569, 'eval_runtime': 21.2266, 'eval_samples_per_second': 96.906, 'eval_steps_per_second': 32.318, 'epoch': 0.59}
{'eval_loss': 0.3482397496700287, 'eval_rmse': 0.5888379812240601, 'eval_runtime': 21.2763, 'eval_samples_per_second': 96.68, 'eval_steps_per_second': 32.242, 'epoch': 0.65}
{'eval_loss': 0.27802303433418274, 'eval_rmse': 0.5196935534477234, 'eval_runtime': 21.2747, 'eval_samples_per_second': 96.688, 'eval_steps_per_second': 32.245, 'epoch': 0.7}
{'eval_loss': 0.2822977900505066, 'eval_rmse': 0.5293728113174438, 'eval_runtime': 21.2839, 'eval_samples_per_second': 96.646, 'eval_steps_per_second': 32.231, 'epoch': 0.76}
{'eval_loss': 0.3059716522693634, 'eval_rmse': 0.5510526299476624, 'eval_runtime': 21.2771, 'eval_samples_per_second': 96.677, 'eval_steps_per_second': 32.241, 'epoch': 0.82}
{'loss': 0.5354, 'learning_rate': 1.2357604227833236e-05, 'epoch': 0.88}
{'eval_loss': 0.37437424063682556, 'eval_rmse': 0.6111767292022705, 'eval_runtime': 21.2293, 'eval_samples_per_second': 96.894, 'eval_steps_per_second': 32.314, 'epoch': 0.88}
{'eval_loss': 0.26252368092536926, 'eval_rmse': 0.510279655456543, 'eval_runtime': 21.2753, 'eval_samples_per_second': 96.685, 'eval_steps_per_second': 32.244, 'epoch': 0.94}
{'eval_loss': 0.2882221043109894, 'eval_rmse': 0.535588800907135, 'eval_runtime': 21.2751, 'eval_samples_per_second': 96.686, 'eval_steps_per_second': 32.244, 'epoch': 1.0}
{'eval_loss': 0.30431458353996277, 'eval_rmse': 0.5489124059677124, 'eval_runtime': 21.2816, 'eval_samples_per_second': 96.656, 'eval_steps_per_second': 32.234, 'epoch': 1.06}
{'eval_loss': 0.3532011806964874, 'eval_rmse': 0.5761813521385193, 'eval_runtime': 21.2795, 'eval_samples_per_second': 96.666, 'eval_steps_per_second': 32.238, 'epoch': 1.12}
{'loss': 0.481, 'learning_rate': 1.147680563711098e-05, 'epoch': 1.17}
{'eval_loss': 0.3392499089241028, 'eval_rmse': 0.5819106698036194, 'eval_runtime': 21.2327, 'eval_samples_per_second': 96.879, 'eval_steps_per_second': 32.309, 'epoch': 1.17}
{'eval_loss': 0.3174762725830078, 'eval_rmse': 0.5631920695304871, 'eval_runtime': 21.2779, 'eval_samples_per_second': 96.673, 'eval_steps_per_second': 32.24, 'epoch': 1.23}
{'eval_loss': 0.2857150733470917, 'eval_rmse': 0.534442663192749, 'eval_runtime': 21.2789, 'eval_samples_per_second': 96.668, 'eval_steps_per_second': 32.238, 'epoch': 1.29}
{'eval_loss': 0.29822206497192383, 'eval_rmse': 0.5426492691040039, 'eval_runtime': 21.2773, 'eval_samples_per_second': 96.676, 'eval_steps_per_second': 32.241, 'epoch': 1.35}
{'eval_loss': 0.36676472425460815, 'eval_rmse': 0.5984561443328857, 'eval_runtime': 21.2784, 'eval_samples_per_second': 96.671, 'eval_steps_per_second': 32.239, 'epoch': 1.41}
{'loss': 0.4125, 'learning_rate': 1.0596007046388727e-05, 'epoch': 1.47}
{'eval_loss': 0.3292074203491211, 'eval_rmse': 0.5732272267341614, 'eval_runtime': 21.2349, 'eval_samples_per_second': 96.869, 'eval_steps_per_second': 32.305, 'epoch': 1.47}
{'eval_loss': 0.44353121519088745, 'eval_rmse': 0.6460810303688049, 'eval_runtime': 21.2818, 'eval_samples_per_second': 96.656, 'eval_steps_per_second': 32.234, 'epoch': 1.53}
{'eval_loss': 0.28261932730674744, 'eval_rmse': 0.5254368185997009, 'eval_runtime': 21.2723, 'eval_samples_per_second': 96.699, 'eval_steps_per_second': 32.249, 'epoch': 1.59}
{'eval_loss': 0.43045806884765625, 'eval_rmse': 0.6560474634170532, 'eval_runtime': 21.2728, 'eval_samples_per_second': 96.696, 'eval_steps_per_second': 32.248, 'epoch': 1.64}
{'eval_loss': 0.34626296162605286, 'eval_rmse': 0.5881282091140747, 'eval_runtime': 21.2757, 'eval_samples_per_second': 96.683, 'eval_steps_per_second': 32.243, 'epoch': 1.7}
{'loss': 0.4481, 'learning_rate': 9.715208455666471e-06, 'epoch': 1.76}
{'eval_loss': 0.27746057510375977, 'eval_rmse': 0.5262933969497681, 'eval_runtime': 21.2327, 'eval_samples_per_second': 96.879, 'eval_steps_per_second': 32.309, 'epoch': 1.76}
{'eval_loss': 0.3008330464363098, 'eval_rmse': 0.5484813451766968, 'eval_runtime': 21.28, 'eval_samples_per_second': 96.664, 'eval_steps_per_second': 32.237, 'epoch': 1.82}
{'eval_loss': 0.2996234595775604, 'eval_rmse': 0.5438082218170166, 'eval_runtime': 21.275, 'eval_samples_per_second': 96.686, 'eval_steps_per_second': 32.244, 'epoch': 1.88}
{'eval_loss': 0.33526307344436646, 'eval_rmse': 0.5780092477798462, 'eval_runtime': 21.2771, 'eval_samples_per_second': 96.677, 'eval_steps_per_second': 32.241, 'epoch': 1.94}
{'eval_loss': 0.34180963039398193, 'eval_rmse': 0.5845086574554443, 'eval_runtime': 21.2788, 'eval_samples_per_second': 96.669, 'eval_steps_per_second': 32.239, 'epoch': 2.0}
{'loss': 0.451, 'learning_rate': 8.834409864944215e-06, 'epoch': 2.06}
{'eval_loss': 0.3242378532886505, 'eval_rmse': 0.5613333582878113, 'eval_runtime': 21.2353, 'eval_samples_per_second': 96.867, 'eval_steps_per_second': 32.305, 'epoch': 2.06}
{'eval_loss': 0.2754986882209778, 'eval_rmse': 0.5211321115493774, 'eval_runtime': 21.2865, 'eval_samples_per_second': 96.634, 'eval_steps_per_second': 32.227, 'epoch': 2.11}
{'eval_loss': 0.355182021856308, 'eval_rmse': 0.5924158096313477, 'eval_runtime': 21.2883, 'eval_samples_per_second': 96.626, 'eval_steps_per_second': 32.224, 'epoch': 2.17}
{'eval_loss': 0.3725673258304596, 'eval_rmse': 0.6091442108154297, 'eval_runtime': 21.2857, 'eval_samples_per_second': 96.638, 'eval_steps_per_second': 32.228, 'epoch': 2.23}
{'eval_loss': 0.2447524070739746, 'eval_rmse': 0.4921979308128357, 'eval_runtime': 21.29, 'eval_samples_per_second': 96.618, 'eval_steps_per_second': 32.222, 'epoch': 2.29}
{'loss': 0.3716, 'learning_rate': 7.953611274221961e-06, 'epoch': 2.35}
{'eval_loss': 0.328975647687912, 'eval_rmse': 0.5732722282409668, 'eval_runtime': 21.2465, 'eval_samples_per_second': 96.816, 'eval_steps_per_second': 32.288, 'epoch': 2.35}
{'eval_loss': 0.32225340604782104, 'eval_rmse': 0.5660854578018188, 'eval_runtime': 21.2963, 'eval_samples_per_second': 96.589, 'eval_steps_per_second': 32.212, 'epoch': 2.41}
{'eval_loss': 0.31986433267593384, 'eval_rmse': 0.5642208456993103, 'eval_runtime': 21.2874, 'eval_samples_per_second': 96.63, 'eval_steps_per_second': 32.226, 'epoch': 2.47}
{'eval_loss': 0.33549752831459045, 'eval_rmse': 0.5791909098625183, 'eval_runtime': 21.289, 'eval_samples_per_second': 96.623, 'eval_steps_per_second': 32.223, 'epoch': 2.52}
{'eval_loss': 0.32982712984085083, 'eval_rmse': 0.5716022253036499, 'eval_runtime': 21.2848, 'eval_samples_per_second': 96.642, 'eval_steps_per_second': 32.23, 'epoch': 2.58}
{'loss': 0.388, 'learning_rate': 7.072812683499706e-06, 'epoch': 2.64}
{'eval_loss': 0.3389163017272949, 'eval_rmse': 0.5820786952972412, 'eval_runtime': 21.2422, 'eval_samples_per_second': 96.835, 'eval_steps_per_second': 32.294, 'epoch': 2.64}
{'eval_loss': 0.31330564618110657, 'eval_rmse': 0.5590807795524597, 'eval_runtime': 21.286, 'eval_samples_per_second': 96.636, 'eval_steps_per_second': 32.228, 'epoch': 2.7}
{'eval_loss': 0.26937606930732727, 'eval_rmse': 0.5171877145767212, 'eval_runtime': 21.2849, 'eval_samples_per_second': 96.641, 'eval_steps_per_second': 32.229, 'epoch': 2.76}
{'eval_loss': 0.2772606313228607, 'eval_rmse': 0.5252701044082642, 'eval_runtime': 21.2873, 'eval_samples_per_second': 96.631, 'eval_steps_per_second': 32.226, 'epoch': 2.82}
{'eval_loss': 0.3246147036552429, 'eval_rmse': 0.5633615255355835, 'eval_runtime': 21.2946, 'eval_samples_per_second': 96.597, 'eval_steps_per_second': 32.215, 'epoch': 2.88}
{'loss': 0.3605, 'learning_rate': 6.192014092777452e-06, 'epoch': 2.94}
{'eval_loss': 0.3238031566143036, 'eval_rmse': 0.5657262802124023, 'eval_runtime': 21.2463, 'eval_samples_per_second': 96.817, 'eval_steps_per_second': 32.288, 'epoch': 2.94}
{'eval_loss': 0.28576159477233887, 'eval_rmse': 0.5341572761535645, 'eval_runtime': 21.2911, 'eval_samples_per_second': 96.613, 'eval_steps_per_second': 32.22, 'epoch': 2.99}
{'eval_loss': 0.30945825576782227, 'eval_rmse': 0.5562888979911804, 'eval_runtime': 21.2927, 'eval_samples_per_second': 96.606, 'eval_steps_per_second': 32.218, 'epoch': 3.05}
{'eval_loss': 0.32891565561294556, 'eval_rmse': 0.5725909471511841, 'eval_runtime': 21.2937, 'eval_samples_per_second': 96.601, 'eval_steps_per_second': 32.216, 'epoch': 3.11}
{'eval_loss': 0.3083019554615021, 'eval_rmse': 0.5532325506210327, 'eval_runtime': 21.2859, 'eval_samples_per_second': 96.637, 'eval_steps_per_second': 32.228, 'epoch': 3.17}
{'loss': 0.298, 'learning_rate': 5.3112155020551975e-06, 'epoch': 3.23}
{'eval_loss': 0.342301607131958, 'eval_rmse': 0.5829716920852661, 'eval_runtime': 21.2521, 'eval_samples_per_second': 96.791, 'eval_steps_per_second': 32.279, 'epoch': 3.23}
{'eval_loss': 0.4171029329299927, 'eval_rmse': 0.6451926231384277, 'eval_runtime': 21.2954, 'eval_samples_per_second': 96.594, 'eval_steps_per_second': 32.214, 'epoch': 3.29}
{'eval_loss': 0.31793835759162903, 'eval_rmse': 0.5634340047836304, 'eval_runtime': 21.2926, 'eval_samples_per_second': 96.606, 'eval_steps_per_second': 32.218, 'epoch': 3.35}
{'eval_loss': 0.30531975626945496, 'eval_rmse': 0.5487799644470215, 'eval_runtime': 21.2847, 'eval_samples_per_second': 96.642, 'eval_steps_per_second': 32.23, 'epoch': 3.41}
{'eval_loss': 0.32275035977363586, 'eval_rmse': 0.5679817199707031, 'eval_runtime': 21.2879, 'eval_samples_per_second': 96.628, 'eval_steps_per_second': 32.225, 'epoch': 3.46}
{'loss': 0.3447, 'learning_rate': 4.4304169113329416e-06, 'epoch': 3.52}
{'eval_loss': 0.28378167748451233, 'eval_rmse': 0.5294384956359863, 'eval_runtime': 21.2541, 'eval_samples_per_second': 96.781, 'eval_steps_per_second': 32.276, 'epoch': 3.52}
{'eval_loss': 0.2773970365524292, 'eval_rmse': 0.5266643762588501, 'eval_runtime': 21.2992, 'eval_samples_per_second': 96.577, 'eval_steps_per_second': 32.208, 'epoch': 3.58}
{'eval_loss': 0.35797587037086487, 'eval_rmse': 0.5981183052062988, 'eval_runtime': 21.2912, 'eval_samples_per_second': 96.613, 'eval_steps_per_second': 32.22, 'epoch': 3.64}
{'eval_loss': 0.3298884928226471, 'eval_rmse': 0.574154257774353, 'eval_runtime': 21.2886, 'eval_samples_per_second': 96.624, 'eval_steps_per_second': 32.224, 'epoch': 3.7}
{'eval_loss': 0.3125033378601074, 'eval_rmse': 0.5582772493362427, 'eval_runtime': 21.281, 'eval_samples_per_second': 96.659, 'eval_steps_per_second': 32.235, 'epoch': 3.76}
{'loss': 0.3449, 'learning_rate': 3.5496183206106873e-06, 'epoch': 3.82}
{'eval_loss': 0.33232277631759644, 'eval_rmse': 0.5761282444000244, 'eval_runtime': 21.2422, 'eval_samples_per_second': 96.836, 'eval_steps_per_second': 32.294, 'epoch': 3.82}
{'eval_loss': 0.3550547659397125, 'eval_rmse': 0.5956305265426636, 'eval_runtime': 21.2877, 'eval_samples_per_second': 96.628, 'eval_steps_per_second': 32.225, 'epoch': 3.88}
{'eval_loss': 0.3139698803424835, 'eval_rmse': 0.5598620176315308, 'eval_runtime': 21.2927, 'eval_samples_per_second': 96.606, 'eval_steps_per_second': 32.218, 'epoch': 3.93}
{'eval_loss': 0.3391694128513336, 'eval_rmse': 0.5821131467819214, 'eval_runtime': 21.2864, 'eval_samples_per_second': 96.635, 'eval_steps_per_second': 32.227, 'epoch': 3.99}
{'eval_loss': 0.31536853313446045, 'eval_rmse': 0.5615013837814331, 'eval_runtime': 21.2883, 'eval_samples_per_second': 96.626, 'eval_steps_per_second': 32.224, 'epoch': 4.05}
{'loss': 0.3227, 'learning_rate': 2.668819729888432e-06, 'epoch': 4.11}
{'eval_loss': 0.3392902612686157, 'eval_rmse': 0.5824776887893677, 'eval_runtime': 21.2434, 'eval_samples_per_second': 96.83, 'eval_steps_per_second': 32.292, 'epoch': 4.11}
{'eval_loss': 0.30458739399909973, 'eval_rmse': 0.5513765811920166, 'eval_runtime': 21.2766, 'eval_samples_per_second': 96.679, 'eval_steps_per_second': 32.242, 'epoch': 4.17}
{'eval_loss': 0.2952525317668915, 'eval_rmse': 0.5432807207107544, 'eval_runtime': 21.281, 'eval_samples_per_second': 96.659, 'eval_steps_per_second': 32.235, 'epoch': 4.23}
{'eval_loss': 0.29452526569366455, 'eval_rmse': 0.5425071716308594, 'eval_runtime': 21.2729, 'eval_samples_per_second': 96.696, 'eval_steps_per_second': 32.248, 'epoch': 4.29}
{'eval_loss': 0.2969410717487335, 'eval_rmse': 0.5440772771835327, 'eval_runtime': 21.2875, 'eval_samples_per_second': 96.629, 'eval_steps_per_second': 32.225, 'epoch': 4.35}
{'loss': 0.3212, 'learning_rate': 1.7880211391661773e-06, 'epoch': 4.4}
{'eval_loss': 0.31968456506729126, 'eval_rmse': 0.5653885006904602, 'eval_runtime': 21.242, 'eval_samples_per_second': 96.837, 'eval_steps_per_second': 32.295, 'epoch': 4.4}
{'eval_loss': 0.30202123522758484, 'eval_rmse': 0.5495613217353821, 'eval_runtime': 21.2864, 'eval_samples_per_second': 96.634, 'eval_steps_per_second': 32.227, 'epoch': 4.46}
{'eval_loss': 0.302251398563385, 'eval_rmse': 0.5493776798248291, 'eval_runtime': 21.2923, 'eval_samples_per_second': 96.607, 'eval_steps_per_second': 32.218, 'epoch': 4.52}
{'eval_loss': 0.3189493715763092, 'eval_rmse': 0.5647541880607605, 'eval_runtime': 21.2885, 'eval_samples_per_second': 96.625, 'eval_steps_per_second': 32.224, 'epoch': 4.58}
{'eval_loss': 0.31849682331085205, 'eval_rmse': 0.5639983415603638, 'eval_runtime': 21.2862, 'eval_samples_per_second': 96.635, 'eval_steps_per_second': 32.227, 'epoch': 4.64}
{'loss': 0.3112, 'learning_rate': 9.072225484439226e-07, 'epoch': 4.7}
{'eval_loss': 0.3124842941761017, 'eval_rmse': 0.5582858920097351, 'eval_runtime': 21.2422, 'eval_samples_per_second': 96.835, 'eval_steps_per_second': 32.294, 'epoch': 4.7}
{'eval_loss': 0.29019981622695923, 'eval_rmse': 0.5382993221282959, 'eval_runtime': 21.2863, 'eval_samples_per_second': 96.635, 'eval_steps_per_second': 32.227, 'epoch': 4.76}
{'eval_loss': 0.2975180149078369, 'eval_rmse': 0.5446809530258179, 'eval_runtime': 21.2846, 'eval_samples_per_second': 96.643, 'eval_steps_per_second': 32.23, 'epoch': 4.82}
{'eval_loss': 0.29825475811958313, 'eval_rmse': 0.5455430150032043, 'eval_runtime': 21.2894, 'eval_samples_per_second': 96.621, 'eval_steps_per_second': 32.223, 'epoch': 4.87}
{'eval_loss': 0.3040955364704132, 'eval_rmse': 0.5508565902709961, 'eval_runtime': 21.2881, 'eval_samples_per_second': 96.627, 'eval_steps_per_second': 32.225, 'epoch': 4.93}
{'loss': 0.246, 'learning_rate': 2.6423957721667646e-08, 'epoch': 4.99}
{'eval_loss': 0.30008259415626526, 'eval_rmse': 0.5472829937934875, 'eval_runtime': 21.2355, 'eval_samples_per_second': 96.866, 'eval_steps_per_second': 32.304, 'epoch': 4.99}
{'train_runtime': 3512.6004, 'train_samples_per_second': 7.271, 'train_steps_per_second': 2.424, 'train_loss': 0.394987266762286, 'epoch': 5.0}
finish training
fold 1:
model_fold_dir debertav3large_lr15e-05_att_0007/fold_1/1
start training
{'eval_loss': 0.7551693916320801, 'eval_rmse': 0.8428555727005005, 'eval_runtime': 28.7344, 'eval_samples_per_second': 69.916, 'eval_steps_per_second': 23.317, 'epoch': 0.06}
{'eval_loss': 0.7882431745529175, 'eval_rmse': 0.8731784820556641, 'eval_runtime': 28.7405, 'eval_samples_per_second': 69.901, 'eval_steps_per_second': 23.312, 'epoch': 0.12}
{'eval_loss': 0.6238494515419006, 'eval_rmse': 0.7895686030387878, 'eval_runtime': 28.7418, 'eval_samples_per_second': 69.898, 'eval_steps_per_second': 23.311, 'epoch': 0.17}
{'eval_loss': 0.9021569490432739, 'eval_rmse': 0.9377247095108032, 'eval_runtime': 28.7348, 'eval_samples_per_second': 69.915, 'eval_steps_per_second': 23.317, 'epoch': 0.23}
{'loss': 0.4204, 'learning_rate': 1.412739965095986e-05, 'epoch': 0.29}
{'eval_loss': 0.4275173246860504, 'eval_rmse': 0.6457850933074951, 'eval_runtime': 28.693, 'eval_samples_per_second': 70.017, 'eval_steps_per_second': 23.351, 'epoch': 0.29}
{'eval_loss': 0.658932626247406, 'eval_rmse': 0.7899887561798096, 'eval_runtime': 28.7386, 'eval_samples_per_second': 69.906, 'eval_steps_per_second': 23.314, 'epoch': 0.35}
{'eval_loss': 1.2246366739273071, 'eval_rmse': 1.0991700887680054, 'eval_runtime': 28.7409, 'eval_samples_per_second': 69.9, 'eval_steps_per_second': 23.312, 'epoch': 0.41}
{'eval_loss': 0.5070031881332397, 'eval_rmse': 0.7057180404663086, 'eval_runtime': 28.7377, 'eval_samples_per_second': 69.908, 'eval_steps_per_second': 23.314, 'epoch': 0.47}
{'eval_loss': 0.756293773651123, 'eval_rmse': 0.8411120176315308, 'eval_runtime': 28.7411, 'eval_samples_per_second': 69.9, 'eval_steps_per_second': 23.312, 'epoch': 0.52}
{'loss': 0.2939, 'learning_rate': 1.3254799301919722e-05, 'epoch': 0.58}
{'eval_loss': 0.7407675981521606, 'eval_rmse': 0.8458678722381592, 'eval_runtime': 28.6936, 'eval_samples_per_second': 70.016, 'eval_steps_per_second': 23.35, 'epoch': 0.58}
{'eval_loss': 0.6107303500175476, 'eval_rmse': 0.7721306085586548, 'eval_runtime': 28.7341, 'eval_samples_per_second': 69.917, 'eval_steps_per_second': 23.317, 'epoch': 0.64}
{'eval_loss': 1.0820287466049194, 'eval_rmse': 1.0330150127410889, 'eval_runtime': 28.7332, 'eval_samples_per_second': 69.919, 'eval_steps_per_second': 23.318, 'epoch': 0.7}
{'eval_loss': 0.7142868041992188, 'eval_rmse': 0.81663578748703, 'eval_runtime': 28.7443, 'eval_samples_per_second': 69.892, 'eval_steps_per_second': 23.309, 'epoch': 0.76}
{'eval_loss': 0.6632948517799377, 'eval_rmse': 0.7875464558601379, 'eval_runtime': 28.7459, 'eval_samples_per_second': 69.888, 'eval_steps_per_second': 23.308, 'epoch': 0.81}
{'loss': 0.2927, 'learning_rate': 1.2382198952879581e-05, 'epoch': 0.87}
{'eval_loss': 0.44199222326278687, 'eval_rmse': 0.6532561182975769, 'eval_runtime': 28.7001, 'eval_samples_per_second': 70.0, 'eval_steps_per_second': 23.345, 'epoch': 0.87}
{'eval_loss': 0.5525993704795837, 'eval_rmse': 0.7335954904556274, 'eval_runtime': 28.7421, 'eval_samples_per_second': 69.897, 'eval_steps_per_second': 23.311, 'epoch': 0.93}
{'eval_loss': 0.7554265260696411, 'eval_rmse': 0.8284480571746826, 'eval_runtime': 28.7387, 'eval_samples_per_second': 69.906, 'eval_steps_per_second': 23.314, 'epoch': 0.99}
{'eval_loss': 0.6889623403549194, 'eval_rmse': 0.8013965487480164, 'eval_runtime': 28.7413, 'eval_samples_per_second': 69.9, 'eval_steps_per_second': 23.311, 'epoch': 1.05}
{'eval_loss': 0.5471725463867188, 'eval_rmse': 0.7307518720626831, 'eval_runtime': 28.7443, 'eval_samples_per_second': 69.892, 'eval_steps_per_second': 23.309, 'epoch': 1.11}
{'loss': 0.2273, 'learning_rate': 1.1509598603839443e-05, 'epoch': 1.16}
{'eval_loss': 0.5223264098167419, 'eval_rmse': 0.7044046521186829, 'eval_runtime': 28.7013, 'eval_samples_per_second': 69.997, 'eval_steps_per_second': 23.344, 'epoch': 1.16}
{'eval_loss': 0.44577229022979736, 'eval_rmse': 0.6562017202377319, 'eval_runtime': 28.7446, 'eval_samples_per_second': 69.891, 'eval_steps_per_second': 23.309, 'epoch': 1.22}
{'eval_loss': 0.8833860754966736, 'eval_rmse': 0.8892596960067749, 'eval_runtime': 28.743, 'eval_samples_per_second': 69.895, 'eval_steps_per_second': 23.31, 'epoch': 1.28}
{'eval_loss': 0.3884706497192383, 'eval_rmse': 0.6117887496948242, 'eval_runtime': 28.7416, 'eval_samples_per_second': 69.899, 'eval_steps_per_second': 23.311, 'epoch': 1.34}
{'eval_loss': 0.5564100742340088, 'eval_rmse': 0.738690197467804, 'eval_runtime': 28.7469, 'eval_samples_per_second': 69.886, 'eval_steps_per_second': 23.307, 'epoch': 1.4}
{'loss': 0.1989, 'learning_rate': 1.0636998254799302e-05, 'epoch': 1.45}
{'eval_loss': 0.533668577671051, 'eval_rmse': 0.713370680809021, 'eval_runtime': 28.6979, 'eval_samples_per_second': 70.005, 'eval_steps_per_second': 23.347, 'epoch': 1.45}
{'eval_loss': 0.49061310291290283, 'eval_rmse': 0.679336667060852, 'eval_runtime': 28.7403, 'eval_samples_per_second': 69.902, 'eval_steps_per_second': 23.312, 'epoch': 1.51}
{'eval_loss': 0.612866222858429, 'eval_rmse': 0.7551838159561157, 'eval_runtime': 28.7366, 'eval_samples_per_second': 69.911, 'eval_steps_per_second': 23.315, 'epoch': 1.57}
{'eval_loss': 0.6698378920555115, 'eval_rmse': 0.7802555561065674, 'eval_runtime': 28.7391, 'eval_samples_per_second': 69.905, 'eval_steps_per_second': 23.313, 'epoch': 1.63}
{'eval_loss': 0.38790544867515564, 'eval_rmse': 0.6087782979011536, 'eval_runtime': 28.737, 'eval_samples_per_second': 69.91, 'eval_steps_per_second': 23.315, 'epoch': 1.69}
{'loss': 0.1798, 'learning_rate': 9.764397905759162e-06, 'epoch': 1.75}
{'eval_loss': 0.45949074625968933, 'eval_rmse': 0.6604673862457275, 'eval_runtime': 28.6895, 'eval_samples_per_second': 70.026, 'eval_steps_per_second': 23.354, 'epoch': 1.75}
{'eval_loss': 0.5607194304466248, 'eval_rmse': 0.7291841506958008, 'eval_runtime': 28.7428, 'eval_samples_per_second': 69.896, 'eval_steps_per_second': 23.31, 'epoch': 1.8}
{'eval_loss': 0.4828549027442932, 'eval_rmse': 0.6740726232528687, 'eval_runtime': 28.7388, 'eval_samples_per_second': 69.905, 'eval_steps_per_second': 23.313, 'epoch': 1.86}
{'eval_loss': 0.4728129208087921, 'eval_rmse': 0.6702011227607727, 'eval_runtime': 28.7397, 'eval_samples_per_second': 69.903, 'eval_steps_per_second': 23.313, 'epoch': 1.92}
{'eval_loss': 0.6312366127967834, 'eval_rmse': 0.757095992565155, 'eval_runtime': 28.7382, 'eval_samples_per_second': 69.907, 'eval_steps_per_second': 23.314, 'epoch': 1.98}
{'loss': 0.1732, 'learning_rate': 8.891797556719024e-06, 'epoch': 2.04}
{'eval_loss': 0.4849005937576294, 'eval_rmse': 0.6865642070770264, 'eval_runtime': 28.6949, 'eval_samples_per_second': 70.012, 'eval_steps_per_second': 23.349, 'epoch': 2.04}
{'eval_loss': 0.4961617887020111, 'eval_rmse': 0.684717059135437, 'eval_runtime': 28.7369, 'eval_samples_per_second': 69.91, 'eval_steps_per_second': 23.315, 'epoch': 2.09}
{'eval_loss': 0.6196239590644836, 'eval_rmse': 0.7573036551475525, 'eval_runtime': 28.741, 'eval_samples_per_second': 69.9, 'eval_steps_per_second': 23.312, 'epoch': 2.15}
{'eval_loss': 0.5774336457252502, 'eval_rmse': 0.7408297061920166, 'eval_runtime': 28.7356, 'eval_samples_per_second': 69.913, 'eval_steps_per_second': 23.316, 'epoch': 2.21}
{'eval_loss': 0.5947397947311401, 'eval_rmse': 0.7408206462860107, 'eval_runtime': 28.7399, 'eval_samples_per_second': 69.903, 'eval_steps_per_second': 23.313, 'epoch': 2.27}
{'loss': 0.1151, 'learning_rate': 8.019197207678883e-06, 'epoch': 2.33}
{'eval_loss': 0.6227131485939026, 'eval_rmse': 0.7709568738937378, 'eval_runtime': 28.697, 'eval_samples_per_second': 70.007, 'eval_steps_per_second': 23.347, 'epoch': 2.33}
{'eval_loss': 0.4264315366744995, 'eval_rmse': 0.6410143375396729, 'eval_runtime': 28.7491, 'eval_samples_per_second': 69.881, 'eval_steps_per_second': 23.305, 'epoch': 2.39}
{'eval_loss': 0.4529016315937042, 'eval_rmse': 0.65711510181427, 'eval_runtime': 28.7397, 'eval_samples_per_second': 69.903, 'eval_steps_per_second': 23.313, 'epoch': 2.44}
{'eval_loss': 0.6415953636169434, 'eval_rmse': 0.7827301025390625, 'eval_runtime': 28.7375, 'eval_samples_per_second': 69.909, 'eval_steps_per_second': 23.314, 'epoch': 2.5}
{'eval_loss': 0.5447321534156799, 'eval_rmse': 0.72551429271698, 'eval_runtime': 28.7458, 'eval_samples_per_second': 69.888, 'eval_steps_per_second': 23.308, 'epoch': 2.56}
{'loss': 0.1113, 'learning_rate': 7.146596858638744e-06, 'epoch': 2.62}
{'eval_loss': 0.6745707988739014, 'eval_rmse': 0.7968766689300537, 'eval_runtime': 28.6911, 'eval_samples_per_second': 70.022, 'eval_steps_per_second': 23.352, 'epoch': 2.62}
{'eval_loss': 0.5431053638458252, 'eval_rmse': 0.7177306413650513, 'eval_runtime': 28.7514, 'eval_samples_per_second': 69.875, 'eval_steps_per_second': 23.303, 'epoch': 2.68}
{'eval_loss': 0.6173996329307556, 'eval_rmse': 0.7576743364334106, 'eval_runtime': 28.7413, 'eval_samples_per_second': 69.899, 'eval_steps_per_second': 23.311, 'epoch': 2.73}
{'eval_loss': 0.7478860020637512, 'eval_rmse': 0.8397212028503418, 'eval_runtime': 28.7498, 'eval_samples_per_second': 69.879, 'eval_steps_per_second': 23.305, 'epoch': 2.79}
{'eval_loss': 0.6193522214889526, 'eval_rmse': 0.7694182395935059, 'eval_runtime': 28.7532, 'eval_samples_per_second': 69.87, 'eval_steps_per_second': 23.302, 'epoch': 2.85}
{'loss': 0.1108, 'learning_rate': 6.2739965095986045e-06, 'epoch': 2.91}
{'eval_loss': 0.47066381573677063, 'eval_rmse': 0.6683012247085571, 'eval_runtime': 28.7063, 'eval_samples_per_second': 69.985, 'eval_steps_per_second': 23.34, 'epoch': 2.91}
{'eval_loss': 0.568060040473938, 'eval_rmse': 0.7321981191635132, 'eval_runtime': 28.7351, 'eval_samples_per_second': 69.914, 'eval_steps_per_second': 23.316, 'epoch': 2.97}
{'eval_loss': 0.5095110535621643, 'eval_rmse': 0.6911909580230713, 'eval_runtime': 28.7418, 'eval_samples_per_second': 69.898, 'eval_steps_per_second': 23.311, 'epoch': 3.03}
{'eval_loss': 0.5190416574478149, 'eval_rmse': 0.7015599608421326, 'eval_runtime': 28.7412, 'eval_samples_per_second': 69.9, 'eval_steps_per_second': 23.311, 'epoch': 3.08}
{'eval_loss': 0.5629680156707764, 'eval_rmse': 0.7228438854217529, 'eval_runtime': 28.7454, 'eval_samples_per_second': 69.889, 'eval_steps_per_second': 23.308, 'epoch': 3.14}
{'loss': 0.0777, 'learning_rate': 5.401396160558464e-06, 'epoch': 3.2}
{'eval_loss': 0.6369572877883911, 'eval_rmse': 0.7661135196685791, 'eval_runtime': 28.7013, 'eval_samples_per_second': 69.997, 'eval_steps_per_second': 23.344, 'epoch': 3.2}
{'eval_loss': 0.5613948702812195, 'eval_rmse': 0.7206096649169922, 'eval_runtime': 28.743, 'eval_samples_per_second': 69.895, 'eval_steps_per_second': 23.31, 'epoch': 3.26}
{'eval_loss': 0.5797224044799805, 'eval_rmse': 0.7327148914337158, 'eval_runtime': 28.7479, 'eval_samples_per_second': 69.883, 'eval_steps_per_second': 23.306, 'epoch': 3.32}
{'eval_loss': 0.5407537817955017, 'eval_rmse': 0.7114914655685425, 'eval_runtime': 28.7453, 'eval_samples_per_second': 69.89, 'eval_steps_per_second': 23.308, 'epoch': 3.37}
{'eval_loss': 0.5224125981330872, 'eval_rmse': 0.7003498077392578, 'eval_runtime': 28.7441, 'eval_samples_per_second': 69.893, 'eval_steps_per_second': 23.309, 'epoch': 3.43}
{'loss': 0.0587, 'learning_rate': 4.528795811518325e-06, 'epoch': 3.49}
{'eval_loss': 0.5255616307258606, 'eval_rmse': 0.6986122131347656, 'eval_runtime': 28.7029, 'eval_samples_per_second': 69.993, 'eval_steps_per_second': 23.343, 'epoch': 3.49}
{'eval_loss': 0.5355126261711121, 'eval_rmse': 0.7116460800170898, 'eval_runtime': 28.7466, 'eval_samples_per_second': 69.887, 'eval_steps_per_second': 23.307, 'epoch': 3.55}
{'eval_loss': 0.5326460003852844, 'eval_rmse': 0.7031824588775635, 'eval_runtime': 28.7458, 'eval_samples_per_second': 69.889, 'eval_steps_per_second': 23.308, 'epoch': 3.61}
{'eval_loss': 0.528093695640564, 'eval_rmse': 0.7099250555038452, 'eval_runtime': 28.7522, 'eval_samples_per_second': 69.873, 'eval_steps_per_second': 23.303, 'epoch': 3.66}
{'eval_loss': 0.5463290214538574, 'eval_rmse': 0.7205148935317993, 'eval_runtime': 28.75, 'eval_samples_per_second': 69.878, 'eval_steps_per_second': 23.304, 'epoch': 3.72}
{'loss': 0.0576, 'learning_rate': 3.6561954624781853e-06, 'epoch': 3.78}
{'eval_loss': 0.5500558614730835, 'eval_rmse': 0.7200168371200562, 'eval_runtime': 28.6978, 'eval_samples_per_second': 70.005, 'eval_steps_per_second': 23.347, 'epoch': 3.78}
{'eval_loss': 0.5393030047416687, 'eval_rmse': 0.7081578969955444, 'eval_runtime': 28.7474, 'eval_samples_per_second': 69.885, 'eval_steps_per_second': 23.306, 'epoch': 3.84}
{'eval_loss': 0.5242236852645874, 'eval_rmse': 0.6985205411911011, 'eval_runtime': 28.7451, 'eval_samples_per_second': 69.89, 'eval_steps_per_second': 23.308, 'epoch': 3.9}
{'eval_loss': 0.507210373878479, 'eval_rmse': 0.6904666423797607, 'eval_runtime': 28.7387, 'eval_samples_per_second': 69.906, 'eval_steps_per_second': 23.314, 'epoch': 3.96}
{'eval_loss': 0.5204828381538391, 'eval_rmse': 0.6964383125305176, 'eval_runtime': 28.745, 'eval_samples_per_second': 69.89, 'eval_steps_per_second': 23.308, 'epoch': 4.01}
{'loss': 0.0526, 'learning_rate': 2.7835951134380455e-06, 'epoch': 4.07}
{'eval_loss': 0.5378139019012451, 'eval_rmse': 0.7101155519485474, 'eval_runtime': 28.6958, 'eval_samples_per_second': 70.01, 'eval_steps_per_second': 23.348, 'epoch': 4.07}
{'eval_loss': 0.5688436031341553, 'eval_rmse': 0.7267298698425293, 'eval_runtime': 28.7472, 'eval_samples_per_second': 69.885, 'eval_steps_per_second': 23.307, 'epoch': 4.13}
{'eval_loss': 0.5098099708557129, 'eval_rmse': 0.6937085390090942, 'eval_runtime': 28.7415, 'eval_samples_per_second': 69.899, 'eval_steps_per_second': 23.311, 'epoch': 4.19}
{'eval_loss': 0.5211911201477051, 'eval_rmse': 0.6964775323867798, 'eval_runtime': 28.7374, 'eval_samples_per_second': 69.909, 'eval_steps_per_second': 23.315, 'epoch': 4.25}
{'eval_loss': 0.5114247798919678, 'eval_rmse': 0.6933165788650513, 'eval_runtime': 28.7371, 'eval_samples_per_second': 69.91, 'eval_steps_per_second': 23.315, 'epoch': 4.3}
{'loss': 0.0295, 'learning_rate': 1.910994764397906e-06, 'epoch': 4.36}
{'eval_loss': 0.5326234698295593, 'eval_rmse': 0.7039474248886108, 'eval_runtime': 28.6907, 'eval_samples_per_second': 70.023, 'eval_steps_per_second': 23.353, 'epoch': 4.36}
{'eval_loss': 0.5549995303153992, 'eval_rmse': 0.7183657884597778, 'eval_runtime': 28.7421, 'eval_samples_per_second': 69.898, 'eval_steps_per_second': 23.311, 'epoch': 4.42}
{'eval_loss': 0.5575171709060669, 'eval_rmse': 0.7186437845230103, 'eval_runtime': 28.7406, 'eval_samples_per_second': 69.901, 'eval_steps_per_second': 23.312, 'epoch': 4.48}
{'eval_loss': 0.5544472932815552, 'eval_rmse': 0.7169814705848694, 'eval_runtime': 28.7463, 'eval_samples_per_second': 69.887, 'eval_steps_per_second': 23.307, 'epoch': 4.54}
{'eval_loss': 0.5304660797119141, 'eval_rmse': 0.7043284177780151, 'eval_runtime': 28.7462, 'eval_samples_per_second': 69.887, 'eval_steps_per_second': 23.307, 'epoch': 4.6}
{'loss': 0.0249, 'learning_rate': 1.0383944153577662e-06, 'epoch': 4.65}
{'eval_loss': 0.5632156729698181, 'eval_rmse': 0.7221099138259888, 'eval_runtime': 28.7, 'eval_samples_per_second': 70.0, 'eval_steps_per_second': 23.345, 'epoch': 4.65}
{'eval_loss': 0.551831066608429, 'eval_rmse': 0.716044545173645, 'eval_runtime': 28.741, 'eval_samples_per_second': 69.9, 'eval_steps_per_second': 23.312, 'epoch': 4.71}
{'eval_loss': 0.5495661497116089, 'eval_rmse': 0.7132198810577393, 'eval_runtime': 28.74, 'eval_samples_per_second': 69.902, 'eval_steps_per_second': 23.312, 'epoch': 4.77}
{'eval_loss': 0.5476752519607544, 'eval_rmse': 0.7141625285148621, 'eval_runtime': 28.7425, 'eval_samples_per_second': 69.897, 'eval_steps_per_second': 23.31, 'epoch': 4.83}
{'eval_loss': 0.5352307558059692, 'eval_rmse': 0.7066896557807922, 'eval_runtime': 28.7423, 'eval_samples_per_second': 69.897, 'eval_steps_per_second': 23.311, 'epoch': 4.89}
{'loss': 0.0257, 'learning_rate': 1.6579406631762654e-07, 'epoch': 4.94}
{'eval_loss': 0.5372310280799866, 'eval_rmse': 0.7075304985046387, 'eval_runtime': 28.7009, 'eval_samples_per_second': 69.998, 'eval_steps_per_second': 23.344, 'epoch': 4.94}
{'train_runtime': 4025.308, 'train_samples_per_second': 6.404, 'train_steps_per_second': 2.135, 'train_loss': 0.1428289228431564, 'epoch': 5.0}
finish training
fold 2:
model_fold_dir debertav3large_lr15e-05_att_0007/fold_2/2
start training
{'eval_loss': 0.4996127486228943, 'eval_rmse': 0.7013195753097534, 'eval_runtime': 25.6504, 'eval_samples_per_second': 77.816, 'eval_steps_per_second': 25.965, 'epoch': 0.06}
{'eval_loss': 0.4277838468551636, 'eval_rmse': 0.6502166986465454, 'eval_runtime': 25.6483, 'eval_samples_per_second': 77.822, 'eval_steps_per_second': 25.967, 'epoch': 0.12}
{'eval_loss': 0.4696509838104248, 'eval_rmse': 0.6851344108581543, 'eval_runtime': 25.6491, 'eval_samples_per_second': 77.82, 'eval_steps_per_second': 25.966, 'epoch': 0.17}
{'eval_loss': 0.3132922351360321, 'eval_rmse': 0.5570236444473267, 'eval_runtime': 25.6506, 'eval_samples_per_second': 77.815, 'eval_steps_per_second': 25.964, 'epoch': 0.23}
{'loss': 0.5426, 'learning_rate': 1.4129425420777714e-05, 'epoch': 0.29}
{'eval_loss': 0.49255967140197754, 'eval_rmse': 0.6940586566925049, 'eval_runtime': 25.6103, 'eval_samples_per_second': 77.937, 'eval_steps_per_second': 26.005, 'epoch': 0.29}
{'eval_loss': 0.48098334670066833, 'eval_rmse': 0.690950870513916, 'eval_runtime': 25.6536, 'eval_samples_per_second': 77.806, 'eval_steps_per_second': 25.961, 'epoch': 0.35}
{'eval_loss': 0.4789539873600006, 'eval_rmse': 0.6833264827728271, 'eval_runtime': 25.6544, 'eval_samples_per_second': 77.803, 'eval_steps_per_second': 25.96, 'epoch': 0.41}
{'eval_loss': 0.34853503108024597, 'eval_rmse': 0.5859490633010864, 'eval_runtime': 25.6575, 'eval_samples_per_second': 77.794, 'eval_steps_per_second': 25.957, 'epoch': 0.46}
{'eval_loss': 0.32705944776535034, 'eval_rmse': 0.5676259398460388, 'eval_runtime': 25.6616, 'eval_samples_per_second': 77.782, 'eval_steps_per_second': 25.953, 'epoch': 0.52}
{'loss': 0.3483, 'learning_rate': 1.3258850841555427e-05, 'epoch': 0.58}
{'eval_loss': 0.39312314987182617, 'eval_rmse': 0.6211960315704346, 'eval_runtime': 25.6037, 'eval_samples_per_second': 77.958, 'eval_steps_per_second': 26.012, 'epoch': 0.58}
{'eval_loss': 0.3758929669857025, 'eval_rmse': 0.6092475652694702, 'eval_runtime': 25.6565, 'eval_samples_per_second': 77.797, 'eval_steps_per_second': 25.958, 'epoch': 0.64}
{'eval_loss': 0.34024524688720703, 'eval_rmse': 0.5788801908493042, 'eval_runtime': 25.6526, 'eval_samples_per_second': 77.809, 'eval_steps_per_second': 25.962, 'epoch': 0.7}
{'eval_loss': 0.2991120219230652, 'eval_rmse': 0.5445489287376404, 'eval_runtime': 25.6535, 'eval_samples_per_second': 77.806, 'eval_steps_per_second': 25.961, 'epoch': 0.75}
{'eval_loss': 0.3430739939212799, 'eval_rmse': 0.5848403573036194, 'eval_runtime': 25.6477, 'eval_samples_per_second': 77.824, 'eval_steps_per_second': 25.967, 'epoch': 0.81}
{'loss': 0.3412, 'learning_rate': 1.238827626233314e-05, 'epoch': 0.87}
{'eval_loss': 0.36008134484291077, 'eval_rmse': 0.5958734750747681, 'eval_runtime': 25.6049, 'eval_samples_per_second': 77.954, 'eval_steps_per_second': 26.011, 'epoch': 0.87}
{'eval_loss': 0.3616126477718353, 'eval_rmse': 0.5871002674102783, 'eval_runtime': 25.643, 'eval_samples_per_second': 77.838, 'eval_steps_per_second': 25.972, 'epoch': 0.93}
{'eval_loss': 0.5170897245407104, 'eval_rmse': 0.7120020389556885, 'eval_runtime': 25.6549, 'eval_samples_per_second': 77.802, 'eval_steps_per_second': 25.96, 'epoch': 0.99}
{'eval_loss': 0.25917962193489075, 'eval_rmse': 0.505081057548523, 'eval_runtime': 25.654, 'eval_samples_per_second': 77.805, 'eval_steps_per_second': 25.961, 'epoch': 1.04}
{'eval_loss': 0.27531471848487854, 'eval_rmse': 0.5238571166992188, 'eval_runtime': 25.6559, 'eval_samples_per_second': 77.799, 'eval_steps_per_second': 25.959, 'epoch': 1.1}
{'loss': 0.261, 'learning_rate': 1.1517701683110853e-05, 'epoch': 1.16}
{'eval_loss': 0.23467932641506195, 'eval_rmse': 0.4819331765174866, 'eval_runtime': 25.6006, 'eval_samples_per_second': 77.967, 'eval_steps_per_second': 26.015, 'epoch': 1.16}
{'eval_loss': 0.23016883432865143, 'eval_rmse': 0.4774096608161926, 'eval_runtime': 25.6534, 'eval_samples_per_second': 77.806, 'eval_steps_per_second': 25.961, 'epoch': 1.22}
{'eval_loss': 0.3567882180213928, 'eval_rmse': 0.582487165927887, 'eval_runtime': 25.6574, 'eval_samples_per_second': 77.794, 'eval_steps_per_second': 25.957, 'epoch': 1.28}
{'eval_loss': 0.28838106989860535, 'eval_rmse': 0.533354640007019, 'eval_runtime': 25.6589, 'eval_samples_per_second': 77.79, 'eval_steps_per_second': 25.956, 'epoch': 1.33}
{'eval_loss': 0.3225196301937103, 'eval_rmse': 0.5612099170684814, 'eval_runtime': 25.6408, 'eval_samples_per_second': 77.845, 'eval_steps_per_second': 25.974, 'epoch': 1.39}
{'loss': 0.23, 'learning_rate': 1.0647127103888566e-05, 'epoch': 1.45}
{'eval_loss': 0.34396892786026, 'eval_rmse': 0.5829540491104126, 'eval_runtime': 25.6001, 'eval_samples_per_second': 77.968, 'eval_steps_per_second': 26.016, 'epoch': 1.45}
{'eval_loss': 0.36561429500579834, 'eval_rmse': 0.5950554609298706, 'eval_runtime': 25.6509, 'eval_samples_per_second': 77.814, 'eval_steps_per_second': 25.964, 'epoch': 1.51}
{'eval_loss': 0.27041903138160706, 'eval_rmse': 0.517517626285553, 'eval_runtime': 25.6525, 'eval_samples_per_second': 77.809, 'eval_steps_per_second': 25.962, 'epoch': 1.57}
{'eval_loss': 0.3434610962867737, 'eval_rmse': 0.5790858864784241, 'eval_runtime': 25.6544, 'eval_samples_per_second': 77.803, 'eval_steps_per_second': 25.96, 'epoch': 1.63}
{'eval_loss': 0.24934139847755432, 'eval_rmse': 0.49497532844543457, 'eval_runtime': 25.6534, 'eval_samples_per_second': 77.806, 'eval_steps_per_second': 25.961, 'epoch': 1.68}
{'loss': 0.2213, 'learning_rate': 9.776552524666281e-06, 'epoch': 1.74}
{'eval_loss': 0.4461899697780609, 'eval_rmse': 0.6567342877388, 'eval_runtime': 25.6032, 'eval_samples_per_second': 77.959, 'eval_steps_per_second': 26.012, 'epoch': 1.74}
{'eval_loss': 0.31388118863105774, 'eval_rmse': 0.5526434183120728, 'eval_runtime': 25.6478, 'eval_samples_per_second': 77.824, 'eval_steps_per_second': 25.967, 'epoch': 1.8}
{'eval_loss': 0.4219191372394562, 'eval_rmse': 0.6408227682113647, 'eval_runtime': 25.6473, 'eval_samples_per_second': 77.825, 'eval_steps_per_second': 25.968, 'epoch': 1.86}
{'eval_loss': 0.4239135682582855, 'eval_rmse': 0.6442195773124695, 'eval_runtime': 25.6463, 'eval_samples_per_second': 77.828, 'eval_steps_per_second': 25.969, 'epoch': 1.92}
{'eval_loss': 0.39736002683639526, 'eval_rmse': 0.6183512210845947, 'eval_runtime': 25.6501, 'eval_samples_per_second': 77.816, 'eval_steps_per_second': 25.965, 'epoch': 1.97}
{'loss': 0.2144, 'learning_rate': 8.905977945443994e-06, 'epoch': 2.03}
{'eval_loss': 0.25508368015289307, 'eval_rmse': 0.5008382797241211, 'eval_runtime': 25.6034, 'eval_samples_per_second': 77.958, 'eval_steps_per_second': 26.012, 'epoch': 2.03}
{'eval_loss': 0.34450653195381165, 'eval_rmse': 0.5748289227485657, 'eval_runtime': 25.6439, 'eval_samples_per_second': 77.835, 'eval_steps_per_second': 25.971, 'epoch': 2.09}
{'eval_loss': 0.24899336695671082, 'eval_rmse': 0.49446073174476624, 'eval_runtime': 25.6463, 'eval_samples_per_second': 77.828, 'eval_steps_per_second': 25.969, 'epoch': 2.15}
{'eval_loss': 0.26960286498069763, 'eval_rmse': 0.5165195465087891, 'eval_runtime': 25.6435, 'eval_samples_per_second': 77.836, 'eval_steps_per_second': 25.971, 'epoch': 2.21}
{'eval_loss': 0.3062468469142914, 'eval_rmse': 0.545648455619812, 'eval_runtime': 25.6431, 'eval_samples_per_second': 77.838, 'eval_steps_per_second': 25.972, 'epoch': 2.26}
{'loss': 0.147, 'learning_rate': 8.035403366221707e-06, 'epoch': 2.32}
{'eval_loss': 0.3003896474838257, 'eval_rmse': 0.5432718992233276, 'eval_runtime': 25.5941, 'eval_samples_per_second': 77.987, 'eval_steps_per_second': 26.022, 'epoch': 2.32}
{'eval_loss': 0.25462475419044495, 'eval_rmse': 0.5025900602340698, 'eval_runtime': 25.6452, 'eval_samples_per_second': 77.831, 'eval_steps_per_second': 25.97, 'epoch': 2.38}
{'eval_loss': 0.2998412847518921, 'eval_rmse': 0.5422439575195312, 'eval_runtime': 25.6563, 'eval_samples_per_second': 77.798, 'eval_steps_per_second': 25.959, 'epoch': 2.44}
{'eval_loss': 0.29446345567703247, 'eval_rmse': 0.5366278886795044, 'eval_runtime': 25.6496, 'eval_samples_per_second': 77.818, 'eval_steps_per_second': 25.965, 'epoch': 2.5}
{'eval_loss': 0.4064035415649414, 'eval_rmse': 0.6227148771286011, 'eval_runtime': 25.6485, 'eval_samples_per_second': 77.821, 'eval_steps_per_second': 25.966, 'epoch': 2.55}
{'loss': 0.1348, 'learning_rate': 7.16482878699942e-06, 'epoch': 2.61}
{'eval_loss': 0.28914326429367065, 'eval_rmse': 0.5342503190040588, 'eval_runtime': 25.602, 'eval_samples_per_second': 77.963, 'eval_steps_per_second': 26.014, 'epoch': 2.61}
{'eval_loss': 0.33316442370414734, 'eval_rmse': 0.5686390995979309, 'eval_runtime': 25.6535, 'eval_samples_per_second': 77.806, 'eval_steps_per_second': 25.961, 'epoch': 2.67}
{'eval_loss': 0.33889684081077576, 'eval_rmse': 0.5698250532150269, 'eval_runtime': 25.6444, 'eval_samples_per_second': 77.834, 'eval_steps_per_second': 25.971, 'epoch': 2.73}
{'eval_loss': 0.2783379852771759, 'eval_rmse': 0.5217077732086182, 'eval_runtime': 25.6578, 'eval_samples_per_second': 77.793, 'eval_steps_per_second': 25.957, 'epoch': 2.79}
{'eval_loss': 0.28034859895706177, 'eval_rmse': 0.5268278121948242, 'eval_runtime': 25.6465, 'eval_samples_per_second': 77.827, 'eval_steps_per_second': 25.968, 'epoch': 2.84}
{'loss': 0.132, 'learning_rate': 6.294254207777133e-06, 'epoch': 2.9}
{'eval_loss': 0.3021831512451172, 'eval_rmse': 0.5451004505157471, 'eval_runtime': 25.599, 'eval_samples_per_second': 77.972, 'eval_steps_per_second': 26.017, 'epoch': 2.9}
{'eval_loss': 0.3025709092617035, 'eval_rmse': 0.548209547996521, 'eval_runtime': 25.6541, 'eval_samples_per_second': 77.804, 'eval_steps_per_second': 25.961, 'epoch': 2.96}
{'eval_loss': 0.24510593712329865, 'eval_rmse': 0.49312907457351685, 'eval_runtime': 25.648, 'eval_samples_per_second': 77.823, 'eval_steps_per_second': 25.967, 'epoch': 3.02}
{'eval_loss': 0.2575248181819916, 'eval_rmse': 0.5065304040908813, 'eval_runtime': 25.652, 'eval_samples_per_second': 77.811, 'eval_steps_per_second': 25.963, 'epoch': 3.08}
{'eval_loss': 0.2790309488773346, 'eval_rmse': 0.5243445634841919, 'eval_runtime': 25.6433, 'eval_samples_per_second': 77.837, 'eval_steps_per_second': 25.972, 'epoch': 3.13}
{'loss': 0.0931, 'learning_rate': 5.423679628554846e-06, 'epoch': 3.19}
{'eval_loss': 0.32103732228279114, 'eval_rmse': 0.5621433258056641, 'eval_runtime': 25.5982, 'eval_samples_per_second': 77.974, 'eval_steps_per_second': 26.017, 'epoch': 3.19}
{'eval_loss': 0.2534586489200592, 'eval_rmse': 0.500706672668457, 'eval_runtime': 25.6478, 'eval_samples_per_second': 77.823, 'eval_steps_per_second': 25.967, 'epoch': 3.25}
{'eval_loss': 0.29065200686454773, 'eval_rmse': 0.532631516456604, 'eval_runtime': 25.6406, 'eval_samples_per_second': 77.845, 'eval_steps_per_second': 25.974, 'epoch': 3.31}
{'eval_loss': 0.3754410147666931, 'eval_rmse': 0.6022372245788574, 'eval_runtime': 25.6456, 'eval_samples_per_second': 77.83, 'eval_steps_per_second': 25.969, 'epoch': 3.37}
{'eval_loss': 0.27655738592147827, 'eval_rmse': 0.5215293765068054, 'eval_runtime': 25.6441, 'eval_samples_per_second': 77.835, 'eval_steps_per_second': 25.971, 'epoch': 3.42}
{'loss': 0.0732, 'learning_rate': 4.553105049332559e-06, 'epoch': 3.48}
{'eval_loss': 0.28272441029548645, 'eval_rmse': 0.5281680226325989, 'eval_runtime': 25.5984, 'eval_samples_per_second': 77.974, 'eval_steps_per_second': 26.017, 'epoch': 3.48}
{'eval_loss': 0.29750093817710876, 'eval_rmse': 0.5396034121513367, 'eval_runtime': 25.6496, 'eval_samples_per_second': 77.818, 'eval_steps_per_second': 25.965, 'epoch': 3.54}
{'eval_loss': 0.2714807987213135, 'eval_rmse': 0.5174658298492432, 'eval_runtime': 25.6513, 'eval_samples_per_second': 77.813, 'eval_steps_per_second': 25.964, 'epoch': 3.6}
{'eval_loss': 0.28160610795021057, 'eval_rmse': 0.5263286828994751, 'eval_runtime': 25.6447, 'eval_samples_per_second': 77.833, 'eval_steps_per_second': 25.97, 'epoch': 3.66}
{'eval_loss': 0.2870374619960785, 'eval_rmse': 0.5296034812927246, 'eval_runtime': 25.6439, 'eval_samples_per_second': 77.835, 'eval_steps_per_second': 25.971, 'epoch': 3.71}
{'loss': 0.0666, 'learning_rate': 3.6825304701102728e-06, 'epoch': 3.77}
{'eval_loss': 0.30867525935173035, 'eval_rmse': 0.5487880110740662, 'eval_runtime': 25.593, 'eval_samples_per_second': 77.99, 'eval_steps_per_second': 26.023, 'epoch': 3.77}
{'eval_loss': 0.332867830991745, 'eval_rmse': 0.5733644366264343, 'eval_runtime': 25.6489, 'eval_samples_per_second': 77.82, 'eval_steps_per_second': 25.966, 'epoch': 3.83}
{'eval_loss': 0.3843056261539459, 'eval_rmse': 0.6068301200866699, 'eval_runtime': 25.6435, 'eval_samples_per_second': 77.837, 'eval_steps_per_second': 25.972, 'epoch': 3.89}
{'eval_loss': 0.3100425899028778, 'eval_rmse': 0.5496677756309509, 'eval_runtime': 25.6492, 'eval_samples_per_second': 77.819, 'eval_steps_per_second': 25.966, 'epoch': 3.95}
{'eval_loss': 0.34946492314338684, 'eval_rmse': 0.5817275643348694, 'eval_runtime': 25.6448, 'eval_samples_per_second': 77.833, 'eval_steps_per_second': 25.97, 'epoch': 4.0}
{'loss': 0.0562, 'learning_rate': 2.811955890887986e-06, 'epoch': 4.06}
{'eval_loss': 0.29951566457748413, 'eval_rmse': 0.5420196056365967, 'eval_runtime': 25.6099, 'eval_samples_per_second': 77.938, 'eval_steps_per_second': 26.006, 'epoch': 4.06}
{'eval_loss': 0.2849280834197998, 'eval_rmse': 0.530610978603363, 'eval_runtime': 25.6467, 'eval_samples_per_second': 77.827, 'eval_steps_per_second': 25.968, 'epoch': 4.12}
{'eval_loss': 0.31817129254341125, 'eval_rmse': 0.5592035055160522, 'eval_runtime': 25.6504, 'eval_samples_per_second': 77.816, 'eval_steps_per_second': 25.965, 'epoch': 4.18}
{'eval_loss': 0.2982499301433563, 'eval_rmse': 0.5406463742256165, 'eval_runtime': 25.6543, 'eval_samples_per_second': 77.804, 'eval_steps_per_second': 25.961, 'epoch': 4.24}
{'eval_loss': 0.31422126293182373, 'eval_rmse': 0.5548363327980042, 'eval_runtime': 25.6551, 'eval_samples_per_second': 77.801, 'eval_steps_per_second': 25.96, 'epoch': 4.29}
{'loss': 0.0335, 'learning_rate': 1.9413813116656995e-06, 'epoch': 4.35}
{'eval_loss': 0.2989523410797119, 'eval_rmse': 0.5409622192382812, 'eval_runtime': 25.6026, 'eval_samples_per_second': 77.961, 'eval_steps_per_second': 26.013, 'epoch': 4.35}
{'eval_loss': 0.3011896014213562, 'eval_rmse': 0.5426516532897949, 'eval_runtime': 25.6475, 'eval_samples_per_second': 77.824, 'eval_steps_per_second': 25.967, 'epoch': 4.41}
{'eval_loss': 0.318008154630661, 'eval_rmse': 0.558132529258728, 'eval_runtime': 25.6471, 'eval_samples_per_second': 77.826, 'eval_steps_per_second': 25.968, 'epoch': 4.47}
{'eval_loss': 0.3112978935241699, 'eval_rmse': 0.5535559058189392, 'eval_runtime': 25.657, 'eval_samples_per_second': 77.795, 'eval_steps_per_second': 25.958, 'epoch': 4.53}
{'eval_loss': 0.2890692949295044, 'eval_rmse': 0.5340690016746521, 'eval_runtime': 25.6467, 'eval_samples_per_second': 77.827, 'eval_steps_per_second': 25.968, 'epoch': 4.59}
{'loss': 0.0326, 'learning_rate': 1.0708067324434127e-06, 'epoch': 4.64}
{'eval_loss': 0.3051850199699402, 'eval_rmse': 0.5475943684577942, 'eval_runtime': 25.606, 'eval_samples_per_second': 77.95, 'eval_steps_per_second': 26.01, 'epoch': 4.64}
{'eval_loss': 0.3129001557826996, 'eval_rmse': 0.5540981888771057, 'eval_runtime': 25.6503, 'eval_samples_per_second': 77.816, 'eval_steps_per_second': 25.965, 'epoch': 4.7}
{'eval_loss': 0.3251397907733917, 'eval_rmse': 0.5633335113525391, 'eval_runtime': 25.6474, 'eval_samples_per_second': 77.825, 'eval_steps_per_second': 25.968, 'epoch': 4.76}
{'eval_loss': 0.30033543705940247, 'eval_rmse': 0.5440756678581238, 'eval_runtime': 25.65, 'eval_samples_per_second': 77.817, 'eval_steps_per_second': 25.965, 'epoch': 4.82}
{'eval_loss': 0.3015120029449463, 'eval_rmse': 0.5442010760307312, 'eval_runtime': 25.6521, 'eval_samples_per_second': 77.81, 'eval_steps_per_second': 25.963, 'epoch': 4.88}
{'loss': 0.0303, 'learning_rate': 2.0023215322112593e-07, 'epoch': 4.93}
{'eval_loss': 0.3074040710926056, 'eval_rmse': 0.5492426156997681, 'eval_runtime': 25.6047, 'eval_samples_per_second': 77.954, 'eval_steps_per_second': 26.011, 'epoch': 4.93}
{'eval_loss': 0.31190982460975647, 'eval_rmse': 0.5530030131340027, 'eval_runtime': 25.6536, 'eval_samples_per_second': 77.806, 'eval_steps_per_second': 25.961, 'epoch': 4.99}
{'train_runtime': 3874.8394, 'train_samples_per_second': 6.67, 'train_steps_per_second': 2.223, 'train_loss': 0.17208330009956382, 'epoch': 5.0}
finish training
fold 3:
model_fold_dir debertav3large_lr15e-05_att_0007/fold_3/3
start training
{'eval_loss': 0.8334930539131165, 'eval_rmse': 0.8967680931091309, 'eval_runtime': 12.6241, 'eval_samples_per_second': 87.373, 'eval_steps_per_second': 29.151, 'epoch': 0.05}
{'eval_loss': 0.4874817132949829, 'eval_rmse': 0.6867135763168335, 'eval_runtime': 12.6251, 'eval_samples_per_second': 87.366, 'eval_steps_per_second': 29.148, 'epoch': 0.1}
{'eval_loss': 0.5956506133079529, 'eval_rmse': 0.7714782357215881, 'eval_runtime': 12.6298, 'eval_samples_per_second': 87.333, 'eval_steps_per_second': 29.137, 'epoch': 0.15}
{'eval_loss': 0.5529701113700867, 'eval_rmse': 0.7171321511268616, 'eval_runtime': 12.628, 'eval_samples_per_second': 87.346, 'eval_steps_per_second': 29.142, 'epoch': 0.2}
{'loss': 0.4764, 'learning_rate': 1.425779317169718e-05, 'epoch': 0.25}
{'eval_loss': 0.6658247113227844, 'eval_rmse': 0.7930282950401306, 'eval_runtime': 12.5818, 'eval_samples_per_second': 87.666, 'eval_steps_per_second': 29.249, 'epoch': 0.25}
{'eval_loss': 0.5060113668441772, 'eval_rmse': 0.6951720714569092, 'eval_runtime': 12.6295, 'eval_samples_per_second': 87.335, 'eval_steps_per_second': 29.138, 'epoch': 0.3}
{'eval_loss': 0.6619120836257935, 'eval_rmse': 0.788817822933197, 'eval_runtime': 12.628, 'eval_samples_per_second': 87.345, 'eval_steps_per_second': 29.142, 'epoch': 0.35}
{'eval_loss': 0.4588790237903595, 'eval_rmse': 0.6632177829742432, 'eval_runtime': 12.625, 'eval_samples_per_second': 87.366, 'eval_steps_per_second': 29.148, 'epoch': 0.4}
{'eval_loss': 0.4902256429195404, 'eval_rmse': 0.6860612630844116, 'eval_runtime': 12.6241, 'eval_samples_per_second': 87.373, 'eval_steps_per_second': 29.151, 'epoch': 0.45}
{'loss': 0.2987, 'learning_rate': 1.351558634339436e-05, 'epoch': 0.49}
{'eval_loss': 0.45735418796539307, 'eval_rmse': 0.6700237989425659, 'eval_runtime': 12.5798, 'eval_samples_per_second': 87.68, 'eval_steps_per_second': 29.253, 'epoch': 0.49}
{'eval_loss': 0.5745843052864075, 'eval_rmse': 0.7530121803283691, 'eval_runtime': 12.621, 'eval_samples_per_second': 87.394, 'eval_steps_per_second': 29.158, 'epoch': 0.54}
{'eval_loss': 0.4738020896911621, 'eval_rmse': 0.6871095299720764, 'eval_runtime': 12.6231, 'eval_samples_per_second': 87.379, 'eval_steps_per_second': 29.153, 'epoch': 0.59}
{'eval_loss': 0.6585805416107178, 'eval_rmse': 0.8059862852096558, 'eval_runtime': 12.621, 'eval_samples_per_second': 87.394, 'eval_steps_per_second': 29.158, 'epoch': 0.64}
{'eval_loss': 0.48000869154930115, 'eval_rmse': 0.6766812801361084, 'eval_runtime': 12.6212, 'eval_samples_per_second': 87.392, 'eval_steps_per_second': 29.157, 'epoch': 0.69}
{'loss': 0.2868, 'learning_rate': 1.277337951509154e-05, 'epoch': 0.74}
{'eval_loss': 0.39982250332832336, 'eval_rmse': 0.6265718936920166, 'eval_runtime': 12.575, 'eval_samples_per_second': 87.714, 'eval_steps_per_second': 29.264, 'epoch': 0.74}
{'eval_loss': 0.38264694809913635, 'eval_rmse': 0.6101095676422119, 'eval_runtime': 12.6267, 'eval_samples_per_second': 87.355, 'eval_steps_per_second': 29.145, 'epoch': 0.79}
{'eval_loss': 0.4036732017993927, 'eval_rmse': 0.6281040906906128, 'eval_runtime': 12.6222, 'eval_samples_per_second': 87.386, 'eval_steps_per_second': 29.155, 'epoch': 0.84}
{'eval_loss': 0.3621407747268677, 'eval_rmse': 0.5961103439331055, 'eval_runtime': 12.6237, 'eval_samples_per_second': 87.375, 'eval_steps_per_second': 29.151, 'epoch': 0.89}
{'eval_loss': 0.3781721293926239, 'eval_rmse': 0.6078143119812012, 'eval_runtime': 12.6205, 'eval_samples_per_second': 87.398, 'eval_steps_per_second': 29.159, 'epoch': 0.94}
{'loss': 0.2528, 'learning_rate': 1.203117268678872e-05, 'epoch': 0.99}
{'eval_loss': 0.3562113642692566, 'eval_rmse': 0.5908294916152954, 'eval_runtime': 12.5738, 'eval_samples_per_second': 87.722, 'eval_steps_per_second': 29.267, 'epoch': 0.99}
{'eval_loss': 0.3566560447216034, 'eval_rmse': 0.5897031426429749, 'eval_runtime': 12.6222, 'eval_samples_per_second': 87.386, 'eval_steps_per_second': 29.155, 'epoch': 1.04}
{'eval_loss': 0.4200419485569, 'eval_rmse': 0.6440205574035645, 'eval_runtime': 12.6225, 'eval_samples_per_second': 87.383, 'eval_steps_per_second': 29.154, 'epoch': 1.09}
{'eval_loss': 0.5903910994529724, 'eval_rmse': 0.768207311630249, 'eval_runtime': 12.62, 'eval_samples_per_second': 87.401, 'eval_steps_per_second': 29.16, 'epoch': 1.14}
{'eval_loss': 0.3634193539619446, 'eval_rmse': 0.5983225107192993, 'eval_runtime': 12.6225, 'eval_samples_per_second': 87.384, 'eval_steps_per_second': 29.154, 'epoch': 1.19}
{'loss': 0.1915, 'learning_rate': 1.1288965858485899e-05, 'epoch': 1.24}
{'eval_loss': 0.43725723028182983, 'eval_rmse': 0.6557818651199341, 'eval_runtime': 12.5725, 'eval_samples_per_second': 87.731, 'eval_steps_per_second': 29.27, 'epoch': 1.24}
{'eval_loss': 0.43157055974006653, 'eval_rmse': 0.6524605751037598, 'eval_runtime': 12.6241, 'eval_samples_per_second': 87.373, 'eval_steps_per_second': 29.151, 'epoch': 1.29}
{'eval_loss': 0.36629971861839294, 'eval_rmse': 0.5935308933258057, 'eval_runtime': 12.6197, 'eval_samples_per_second': 87.403, 'eval_steps_per_second': 29.161, 'epoch': 1.34}
{'eval_loss': 0.5663524866104126, 'eval_rmse': 0.7521085739135742, 'eval_runtime': 12.6221, 'eval_samples_per_second': 87.386, 'eval_steps_per_second': 29.155, 'epoch': 1.39}
{'eval_loss': 0.458374947309494, 'eval_rmse': 0.6764563322067261, 'eval_runtime': 12.6221, 'eval_samples_per_second': 87.386, 'eval_steps_per_second': 29.155, 'epoch': 1.43}
{'loss': 0.1852, 'learning_rate': 1.0546759030183077e-05, 'epoch': 1.48}
{'eval_loss': 0.6403105854988098, 'eval_rmse': 0.797613799571991, 'eval_runtime': 12.5768, 'eval_samples_per_second': 87.701, 'eval_steps_per_second': 29.26, 'epoch': 1.48}
{'eval_loss': 0.36002883315086365, 'eval_rmse': 0.5915170907974243, 'eval_runtime': 12.6219, 'eval_samples_per_second': 87.388, 'eval_steps_per_second': 29.156, 'epoch': 1.53}
{'eval_loss': 0.40419191122055054, 'eval_rmse': 0.6248257160186768, 'eval_runtime': 12.6228, 'eval_samples_per_second': 87.382, 'eval_steps_per_second': 29.154, 'epoch': 1.58}
{'eval_loss': 0.6229275465011597, 'eval_rmse': 0.7876958847045898, 'eval_runtime': 12.6224, 'eval_samples_per_second': 87.384, 'eval_steps_per_second': 29.155, 'epoch': 1.63}
{'eval_loss': 0.4433155059814453, 'eval_rmse': 0.664455771446228, 'eval_runtime': 12.6233, 'eval_samples_per_second': 87.378, 'eval_steps_per_second': 29.152, 'epoch': 1.68}
{'loss': 0.196, 'learning_rate': 9.804552201880258e-06, 'epoch': 1.73}
{'eval_loss': 0.42743778228759766, 'eval_rmse': 0.6526708602905273, 'eval_runtime': 12.577, 'eval_samples_per_second': 87.7, 'eval_steps_per_second': 29.26, 'epoch': 1.73}
{'eval_loss': 0.357048898935318, 'eval_rmse': 0.5923731327056885, 'eval_runtime': 12.6198, 'eval_samples_per_second': 87.402, 'eval_steps_per_second': 29.161, 'epoch': 1.78}
{'eval_loss': 0.5051161646842957, 'eval_rmse': 0.7096027731895447, 'eval_runtime': 12.622, 'eval_samples_per_second': 87.387, 'eval_steps_per_second': 29.155, 'epoch': 1.83}
{'eval_loss': 0.40299949049949646, 'eval_rmse': 0.6305733919143677, 'eval_runtime': 12.6187, 'eval_samples_per_second': 87.41, 'eval_steps_per_second': 29.163, 'epoch': 1.88}
{'eval_loss': 0.4244332015514374, 'eval_rmse': 0.648827075958252, 'eval_runtime': 12.6241, 'eval_samples_per_second': 87.372, 'eval_steps_per_second': 29.151, 'epoch': 1.93}
{'loss': 0.1959, 'learning_rate': 9.062345373577437e-06, 'epoch': 1.98}
{'eval_loss': 0.6376228332519531, 'eval_rmse': 0.7974290251731873, 'eval_runtime': 12.5716, 'eval_samples_per_second': 87.737, 'eval_steps_per_second': 29.272, 'epoch': 1.98}
{'eval_loss': 0.34879592061042786, 'eval_rmse': 0.5845266580581665, 'eval_runtime': 12.6231, 'eval_samples_per_second': 87.38, 'eval_steps_per_second': 29.153, 'epoch': 2.03}
{'eval_loss': 0.3984585404396057, 'eval_rmse': 0.6288956999778748, 'eval_runtime': 12.6238, 'eval_samples_per_second': 87.375, 'eval_steps_per_second': 29.151, 'epoch': 2.08}
{'eval_loss': 0.42141926288604736, 'eval_rmse': 0.6484488248825073, 'eval_runtime': 12.6241, 'eval_samples_per_second': 87.373, 'eval_steps_per_second': 29.151, 'epoch': 2.13}
{'eval_loss': 0.3847073018550873, 'eval_rmse': 0.6185941100120544, 'eval_runtime': 12.6219, 'eval_samples_per_second': 87.388, 'eval_steps_per_second': 29.156, 'epoch': 2.18}
{'loss': 0.113, 'learning_rate': 8.320138545274616e-06, 'epoch': 2.23}
{'eval_loss': 0.41942712664604187, 'eval_rmse': 0.6465511322021484, 'eval_runtime': 12.5749, 'eval_samples_per_second': 87.715, 'eval_steps_per_second': 29.265, 'epoch': 2.23}
{'eval_loss': 0.4538115859031677, 'eval_rmse': 0.6726714372634888, 'eval_runtime': 12.6257, 'eval_samples_per_second': 87.362, 'eval_steps_per_second': 29.147, 'epoch': 2.28}
{'eval_loss': 0.46850818395614624, 'eval_rmse': 0.6844480037689209, 'eval_runtime': 12.63, 'eval_samples_per_second': 87.332, 'eval_steps_per_second': 29.137, 'epoch': 2.33}
{'eval_loss': 0.3671415150165558, 'eval_rmse': 0.6020552515983582, 'eval_runtime': 12.6291, 'eval_samples_per_second': 87.338, 'eval_steps_per_second': 29.139, 'epoch': 2.38}
{'eval_loss': 0.5551612377166748, 'eval_rmse': 0.7441976070404053, 'eval_runtime': 12.6221, 'eval_samples_per_second': 87.386, 'eval_steps_per_second': 29.155, 'epoch': 2.42}
{'loss': 0.1139, 'learning_rate': 7.577931716971797e-06, 'epoch': 2.47}
{'eval_loss': 0.49420127272605896, 'eval_rmse': 0.6997729539871216, 'eval_runtime': 12.5783, 'eval_samples_per_second': 87.691, 'eval_steps_per_second': 29.257, 'epoch': 2.47}
{'eval_loss': 0.42572736740112305, 'eval_rmse': 0.6516705751419067, 'eval_runtime': 12.6228, 'eval_samples_per_second': 87.381, 'eval_steps_per_second': 29.154, 'epoch': 2.52}
{'eval_loss': 0.37940487265586853, 'eval_rmse': 0.6089773178100586, 'eval_runtime': 12.6267, 'eval_samples_per_second': 87.355, 'eval_steps_per_second': 29.145, 'epoch': 2.57}
{'eval_loss': 0.3947949707508087, 'eval_rmse': 0.6259699463844299, 'eval_runtime': 12.6228, 'eval_samples_per_second': 87.382, 'eval_steps_per_second': 29.154, 'epoch': 2.62}
{'eval_loss': 0.4382297992706299, 'eval_rmse': 0.6581806540489197, 'eval_runtime': 12.6222, 'eval_samples_per_second': 87.386, 'eval_steps_per_second': 29.155, 'epoch': 2.67}
{'loss': 0.1153, 'learning_rate': 6.8357248886689766e-06, 'epoch': 2.72}
{'eval_loss': 0.41722729802131653, 'eval_rmse': 0.6443621516227722, 'eval_runtime': 12.5775, 'eval_samples_per_second': 87.696, 'eval_steps_per_second': 29.258, 'epoch': 2.72}
{'eval_loss': 0.3713037073612213, 'eval_rmse': 0.602981686592102, 'eval_runtime': 12.6228, 'eval_samples_per_second': 87.382, 'eval_steps_per_second': 29.154, 'epoch': 2.77}
{'eval_loss': 0.41544821858406067, 'eval_rmse': 0.6428262591362, 'eval_runtime': 12.6237, 'eval_samples_per_second': 87.375, 'eval_steps_per_second': 29.151, 'epoch': 2.82}
{'eval_loss': 0.49434807896614075, 'eval_rmse': 0.7030731439590454, 'eval_runtime': 12.6235, 'eval_samples_per_second': 87.377, 'eval_steps_per_second': 29.152, 'epoch': 2.87}
{'eval_loss': 0.4628503918647766, 'eval_rmse': 0.6784916520118713, 'eval_runtime': 12.6254, 'eval_samples_per_second': 87.363, 'eval_steps_per_second': 29.148, 'epoch': 2.92}
{'loss': 0.1105, 'learning_rate': 6.0935180603661555e-06, 'epoch': 2.97}
{'eval_loss': 0.42458999156951904, 'eval_rmse': 0.6503937840461731, 'eval_runtime': 12.578, 'eval_samples_per_second': 87.693, 'eval_steps_per_second': 29.258, 'epoch': 2.97}
{'eval_loss': 0.5174008011817932, 'eval_rmse': 0.7186391353607178, 'eval_runtime': 12.6249, 'eval_samples_per_second': 87.367, 'eval_steps_per_second': 29.149, 'epoch': 3.02}
{'eval_loss': 0.4375898241996765, 'eval_rmse': 0.6610361337661743, 'eval_runtime': 12.6242, 'eval_samples_per_second': 87.372, 'eval_steps_per_second': 29.15, 'epoch': 3.07}
{'eval_loss': 0.5602141618728638, 'eval_rmse': 0.7471086978912354, 'eval_runtime': 12.6241, 'eval_samples_per_second': 87.373, 'eval_steps_per_second': 29.151, 'epoch': 3.12}
{'eval_loss': 0.44055578112602234, 'eval_rmse': 0.6634165048599243, 'eval_runtime': 12.6222, 'eval_samples_per_second': 87.386, 'eval_steps_per_second': 29.155, 'epoch': 3.17}
{'loss': 0.0656, 'learning_rate': 5.351311232063335e-06, 'epoch': 3.22}
{'eval_loss': 0.47115543484687805, 'eval_rmse': 0.6863904595375061, 'eval_runtime': 12.5773, 'eval_samples_per_second': 87.698, 'eval_steps_per_second': 29.259, 'epoch': 3.22}
{'eval_loss': 0.4326644539833069, 'eval_rmse': 0.6573474407196045, 'eval_runtime': 12.6179, 'eval_samples_per_second': 87.415, 'eval_steps_per_second': 29.165, 'epoch': 3.27}
{'eval_loss': 0.47043871879577637, 'eval_rmse': 0.685786783695221, 'eval_runtime': 12.6209, 'eval_samples_per_second': 87.395, 'eval_steps_per_second': 29.158, 'epoch': 3.32}
{'eval_loss': 0.44827914237976074, 'eval_rmse': 0.6682778000831604, 'eval_runtime': 12.625, 'eval_samples_per_second': 87.366, 'eval_steps_per_second': 29.149, 'epoch': 3.36}
{'eval_loss': 0.4225674271583557, 'eval_rmse': 0.6493958234786987, 'eval_runtime': 12.6247, 'eval_samples_per_second': 87.369, 'eval_steps_per_second': 29.149, 'epoch': 3.41}
{'loss': 0.0567, 'learning_rate': 4.609104403760515e-06, 'epoch': 3.46}
{'eval_loss': 0.4183485805988312, 'eval_rmse': 0.6452184915542603, 'eval_runtime': 12.5791, 'eval_samples_per_second': 87.685, 'eval_steps_per_second': 29.255, 'epoch': 3.46}
{'eval_loss': 0.4319249093532562, 'eval_rmse': 0.65639728307724, 'eval_runtime': 12.6238, 'eval_samples_per_second': 87.375, 'eval_steps_per_second': 29.151, 'epoch': 3.51}
{'eval_loss': 0.3890009820461273, 'eval_rmse': 0.6210743188858032, 'eval_runtime': 12.6195, 'eval_samples_per_second': 87.405, 'eval_steps_per_second': 29.161, 'epoch': 3.56}
{'eval_loss': 0.3957120180130005, 'eval_rmse': 0.6270465850830078, 'eval_runtime': 12.6203, 'eval_samples_per_second': 87.399, 'eval_steps_per_second': 29.159, 'epoch': 3.61}
{'eval_loss': 0.45363950729370117, 'eval_rmse': 0.6732462644577026, 'eval_runtime': 12.6238, 'eval_samples_per_second': 87.375, 'eval_steps_per_second': 29.151, 'epoch': 3.66}
{'loss': 0.0566, 'learning_rate': 3.866897575457695e-06, 'epoch': 3.71}
{'eval_loss': 0.415689080953598, 'eval_rmse': 0.6429462432861328, 'eval_runtime': 12.5751, 'eval_samples_per_second': 87.713, 'eval_steps_per_second': 29.264, 'epoch': 3.71}
{'eval_loss': 0.41799017786979675, 'eval_rmse': 0.6457372903823853, 'eval_runtime': 12.6218, 'eval_samples_per_second': 87.388, 'eval_steps_per_second': 29.156, 'epoch': 3.76}
{'eval_loss': 0.4577995836734772, 'eval_rmse': 0.6765825748443604, 'eval_runtime': 12.619, 'eval_samples_per_second': 87.408, 'eval_steps_per_second': 29.162, 'epoch': 3.81}
{'eval_loss': 0.455174058675766, 'eval_rmse': 0.6746530532836914, 'eval_runtime': 12.6279, 'eval_samples_per_second': 87.346, 'eval_steps_per_second': 29.142, 'epoch': 3.86}
{'eval_loss': 0.39718663692474365, 'eval_rmse': 0.6280794143676758, 'eval_runtime': 12.6317, 'eval_samples_per_second': 87.32, 'eval_steps_per_second': 29.133, 'epoch': 3.91}
{'loss': 0.0566, 'learning_rate': 3.124690747154874e-06, 'epoch': 3.96}
{'eval_loss': 0.42559564113616943, 'eval_rmse': 0.6517763137817383, 'eval_runtime': 12.5783, 'eval_samples_per_second': 87.691, 'eval_steps_per_second': 29.257, 'epoch': 3.96}
{'eval_loss': 0.4134019613265991, 'eval_rmse': 0.6423315405845642, 'eval_runtime': 12.6239, 'eval_samples_per_second': 87.374, 'eval_steps_per_second': 29.151, 'epoch': 4.01}
{'eval_loss': 0.4501658082008362, 'eval_rmse': 0.6708971858024597, 'eval_runtime': 12.6231, 'eval_samples_per_second': 87.379, 'eval_steps_per_second': 29.153, 'epoch': 4.06}
{'eval_loss': 0.43851932883262634, 'eval_rmse': 0.6621214151382446, 'eval_runtime': 12.6243, 'eval_samples_per_second': 87.371, 'eval_steps_per_second': 29.15, 'epoch': 4.11}
{'eval_loss': 0.4468678832054138, 'eval_rmse': 0.6682369112968445, 'eval_runtime': 12.6251, 'eval_samples_per_second': 87.366, 'eval_steps_per_second': 29.148, 'epoch': 4.16}
{'loss': 0.033, 'learning_rate': 2.3824839188520533e-06, 'epoch': 4.21}
{'eval_loss': 0.43510866165161133, 'eval_rmse': 0.6593857407569885, 'eval_runtime': 12.5828, 'eval_samples_per_second': 87.66, 'eval_steps_per_second': 29.246, 'epoch': 4.21}
{'eval_loss': 0.44304507970809937, 'eval_rmse': 0.6655512452125549, 'eval_runtime': 12.6241, 'eval_samples_per_second': 87.373, 'eval_steps_per_second': 29.151, 'epoch': 4.26}
{'eval_loss': 0.4202415943145752, 'eval_rmse': 0.6478439569473267, 'eval_runtime': 12.6278, 'eval_samples_per_second': 87.347, 'eval_steps_per_second': 29.142, 'epoch': 4.3}
{'eval_loss': 0.427351713180542, 'eval_rmse': 0.6534415483474731, 'eval_runtime': 12.6235, 'eval_samples_per_second': 87.377, 'eval_steps_per_second': 29.152, 'epoch': 4.35}
{'eval_loss': 0.43277573585510254, 'eval_rmse': 0.6575555205345154, 'eval_runtime': 12.6201, 'eval_samples_per_second': 87.4, 'eval_steps_per_second': 29.16, 'epoch': 4.4}
{'loss': 0.0271, 'learning_rate': 1.6402770905492332e-06, 'epoch': 4.45}
{'eval_loss': 0.42274215817451477, 'eval_rmse': 0.6497085690498352, 'eval_runtime': 12.5742, 'eval_samples_per_second': 87.719, 'eval_steps_per_second': 29.266, 'epoch': 4.45}
{'eval_loss': 0.44115522503852844, 'eval_rmse': 0.6640801429748535, 'eval_runtime': 12.625, 'eval_samples_per_second': 87.366, 'eval_steps_per_second': 29.149, 'epoch': 4.5}
{'eval_loss': 0.44747093319892883, 'eval_rmse': 0.6688697338104248, 'eval_runtime': 12.6275, 'eval_samples_per_second': 87.349, 'eval_steps_per_second': 29.143, 'epoch': 4.55}
{'eval_loss': 0.46712812781333923, 'eval_rmse': 0.6834380030632019, 'eval_runtime': 12.6245, 'eval_samples_per_second': 87.37, 'eval_steps_per_second': 29.15, 'epoch': 4.6}
{'eval_loss': 0.4244300425052643, 'eval_rmse': 0.6509384512901306, 'eval_runtime': 12.6233, 'eval_samples_per_second': 87.378, 'eval_steps_per_second': 29.152, 'epoch': 4.65}
{'loss': 0.0281, 'learning_rate': 8.980702622464127e-07, 'epoch': 4.7}
{'eval_loss': 0.4256061613559723, 'eval_rmse': 0.6519485712051392, 'eval_runtime': 12.5791, 'eval_samples_per_second': 87.685, 'eval_steps_per_second': 29.255, 'epoch': 4.7}
{'eval_loss': 0.44562944769859314, 'eval_rmse': 0.667483389377594, 'eval_runtime': 12.6306, 'eval_samples_per_second': 87.327, 'eval_steps_per_second': 29.135, 'epoch': 4.75}
{'eval_loss': 0.4599836766719818, 'eval_rmse': 0.6782012581825256, 'eval_runtime': 12.6265, 'eval_samples_per_second': 87.356, 'eval_steps_per_second': 29.145, 'epoch': 4.8}
{'eval_loss': 0.4476220905780792, 'eval_rmse': 0.6689348816871643, 'eval_runtime': 12.6263, 'eval_samples_per_second': 87.357, 'eval_steps_per_second': 29.146, 'epoch': 4.85}
{'eval_loss': 0.4428788423538208, 'eval_rmse': 0.6653175950050354, 'eval_runtime': 12.6241, 'eval_samples_per_second': 87.372, 'eval_steps_per_second': 29.151, 'epoch': 4.9}
{'loss': 0.0257, 'learning_rate': 1.5586343394359227e-07, 'epoch': 4.95}
{'eval_loss': 0.4493555426597595, 'eval_rmse': 0.6702525019645691, 'eval_runtime': 12.5787, 'eval_samples_per_second': 87.688, 'eval_steps_per_second': 29.256, 'epoch': 4.95}
{'eval_loss': 0.44887587428092957, 'eval_rmse': 0.6698989272117615, 'eval_runtime': 12.6246, 'eval_samples_per_second': 87.369, 'eval_steps_per_second': 29.15, 'epoch': 5.0}
{'train_runtime': 3259.5065, 'train_samples_per_second': 9.299, 'train_steps_per_second': 3.1, 'train_loss': 0.14300997593448872, 'epoch': 5.0}
finish training
fold 0:
pred shape (2057, 2)
fold 1:
pred shape (2009, 2)
fold 2:
pred shape (1996, 2)
fold 3:
pred shape (1103, 2)
cv content rmse: 0.6032899687395301
cv wording rmse: 0.7851384201402097
fold 0:
fold 1:
fold 2:
fold 3:
[LightGBM] [Info] Auto-choosing col-wise multi-threading, the overhead of testing was 0.001278 seconds.
You can set `force_col_wise=true` to remove the overhead.
[LightGBM] [Info] Total Bins 1682
[LightGBM] [Info] Number of data points in the train set: 5108, number of used features: 11
[LightGBM] [Info] Start training from score 0.017606
Training until validation scores don't improve for 30 rounds
[LightGBM] [Warning] No further splits with positive gain, best gain: -inf
[LightGBM] [Warning] No further splits with positive gain, best gain: -inf
[LightGBM] [Warning] No further splits with positive gain, best gain: -inf
[LightGBM] [Warning] No further splits with positive gain, best gain: -inf
[LightGBM] [Warning] No further splits with positive gain, best gain: -inf
[LightGBM] [Warning] No further splits with positive gain, best gain: -inf
[LightGBM] [Warning] No further splits with positive gain, best gain: -inf
[LightGBM] [Warning] No further splits with positive gain, best gain: -inf
[LightGBM] [Warning] No further splits with positive gain, best gain: -inf
[LightGBM] [Warning] No further splits with positive gain, best gain: -inf
[LightGBM] [Warning] No further splits with positive gain, best gain: -inf
[LightGBM] [Warning] No further splits with positive gain, best gain: -inf
[LightGBM] [Warning] No further splits with positive gain, best gain: -inf
[LightGBM] [Warning] No further splits with positive gain, best gain: -inf
[LightGBM] [Warning] No further splits with positive gain, best gain: -inf
[LightGBM] [Warning] No further splits with positive gain, best gain: -inf
[LightGBM] [Warning] No further splits with positive gain, best gain: -inf
[LightGBM] [Warning] No further splits with positive gain, best gain: -inf
[LightGBM] [Warning] No further splits with positive gain, best gain: -inf
[LightGBM] [Warning] No further splits with positive gain, best gain: -inf
[LightGBM] [Warning] No further splits with positive gain, best gain: -inf
[LightGBM] [Warning] No further splits with positive gain, best gain: -inf
[LightGBM] [Warning] No further splits with positive gain, best gain: -inf
[LightGBM] [Warning] No further splits with positive gain, best gain: -inf
[LightGBM] [Warning] No further splits with positive gain, best gain: -inf
[LightGBM] [Warning] No further splits with positive gain, best gain: -inf
[LightGBM] [Warning] No further splits with positive gain, best gain: -inf
[LightGBM] [Warning] No further splits with positive gain, best gain: -inf
[LightGBM] [Warning] No further splits with positive gain, best gain: -inf
[LightGBM] [Warning] No further splits with positive gain, best gain: -inf
[LightGBM] [Warning] No further splits with positive gain, best gain: -inf
[LightGBM] [Warning] No further splits with positive gain, best gain: -inf
[LightGBM] [Warning] No further splits with positive gain, best gain: -inf
[LightGBM] [Warning] No further splits with positive gain, best gain: -inf
[LightGBM] [Warning] No further splits with positive gain, best gain: -inf
[LightGBM] [Warning] No further splits with positive gain, best gain: -inf
[LightGBM] [Warning] No further splits with positive gain, best gain: -inf
[100]	train's rmse: 0.408275
[LightGBM] [Warning] No further splits with positive gain, best gain: -inf
[LightGBM] [Warning] No further splits with positive gain, best gain: -inf
[LightGBM] [Warning] No further splits with positive gain, best gain: -inf
[LightGBM] [Warning] No further splits with positive gain, best gain: -inf
[LightGBM] [Warning] No further splits with positive gain, best gain: -inf
[LightGBM] [Warning] No further splits with positive gain, best gain: -inf
[LightGBM] [Warning] No further splits with positive gain, best gain: -inf
[LightGBM] [Warning] No further splits with positive gain, best gain: -inf
[LightGBM] [Warning] No further splits with positive gain, best gain: -inf
[LightGBM] [Warning] No further splits with positive gain, best gain: -inf
[LightGBM] [Warning] No further splits with positive gain, best gain: -inf
[LightGBM] [Warning] No further splits with positive gain, best gain: -inf
[LightGBM] [Warning] No further splits with positive gain, best gain: -inf
[LightGBM] [Warning] No further splits with positive gain, best gain: -inf
[LightGBM] [Warning] No further splits with positive gain, best gain: -inf
[LightGBM] [Warning] No further splits with positive gain, best gain: -inf
[LightGBM] [Warning] No further splits with positive gain, best gain: -inf
[LightGBM] [Warning] No further splits with positive gain, best gain: -inf
[LightGBM] [Warning] No further splits with positive gain, best gain: -inf
[LightGBM] [Warning] No further splits with positive gain, best gain: -inf
[LightGBM] [Warning] No further splits with positive gain, best gain: -inf
[LightGBM] [Warning] No further splits with positive gain, best gain: -inf
[LightGBM] [Warning] No further splits with positive gain, best gain: -inf
[LightGBM] [Warning] No further splits with positive gain, best gain: -inf
[LightGBM] [Warning] No further splits with positive gain, best gain: -inf
[LightGBM] [Warning] No further splits with positive gain, best gain: -inf
[LightGBM] [Warning] No further splits with positive gain, best gain: -inf
[LightGBM] [Warning] No further splits with positive gain, best gain: -inf
[LightGBM] [Warning] No further splits with positive gain, best gain: -inf
[LightGBM] [Warning] No further splits with positive gain, best gain: -inf
[LightGBM] [Warning] No further splits with positive gain, best gain: -inf
[LightGBM] [Warning] No further splits with positive gain, best gain: -inf
[LightGBM] [Warning] No further splits with positive gain, best gain: -inf
[LightGBM] [Warning] No further splits with positive gain, best gain: -inf
[LightGBM] [Warning] No further splits with positive gain, best gain: -inf
[LightGBM] [Warning] No further splits with positive gain, best gain: -inf
[LightGBM] [Warning] No further splits with positive gain, best gain: -inf
[LightGBM] [Warning] No further splits with positive gain, best gain: -inf
[LightGBM] [Warning] No further splits with positive gain, best gain: -inf
[LightGBM] [Warning] No further splits with positive gain, best gain: -inf
[LightGBM] [Warning] No further splits with positive gain, best gain: -inf
[LightGBM] [Warning] No further splits with positive gain, best gain: -inf
[LightGBM] [Warning] No further splits with positive gain, best gain: -inf
[LightGBM] [Warning] No further splits with positive gain, best gain: -inf
[LightGBM] [Warning] No further splits with positive gain, best gain: -inf
[LightGBM] [Warning] No further splits with positive gain, best gain: -inf
[LightGBM] [Warning] No further splits with positive gain, best gain: -inf
[LightGBM] [Warning] No further splits with positive gain, best gain: -inf
[LightGBM] [Warning] No further splits with positive gain, best gain: -inf
[LightGBM] [Warning] No further splits with positive gain, best gain: -inf
[LightGBM] [Warning] No further splits with positive gain, best gain: -inf
[LightGBM] [Warning] No further splits with positive gain, best gain: -inf
[LightGBM] [Warning] No further splits with positive gain, best gain: -inf
[LightGBM] [Warning] No further splits with positive gain, best gain: -inf
[LightGBM] [Warning] No further splits with positive gain, best gain: -inf
[LightGBM] [Warning] No further splits with positive gain, best gain: -inf
[200]	train's rmse: 0.404563
[LightGBM] [Warning] No further splits with positive gain, best gain: -inf
[LightGBM] [Warning] No further splits with positive gain, best gain: -inf
[LightGBM] [Warning] No further splits with positive gain, best gain: -inf
[LightGBM] [Warning] No further splits with positive gain, best gain: -inf
[LightGBM] [Warning] No further splits with positive gain, best gain: -inf
[LightGBM] [Warning] No further splits with positive gain, best gain: -inf
[LightGBM] [Warning] No further splits with positive gain, best gain: -inf
[LightGBM] [Warning] No further splits with positive gain, best gain: -inf
[LightGBM] [Warning] No further splits with positive gain, best gain: -inf
[LightGBM] [Warning] No further splits with positive gain, best gain: -inf
[LightGBM] [Warning] No further splits with positive gain, best gain: -inf
[LightGBM] [Warning] No further splits with positive gain, best gain: -inf
[LightGBM] [Warning] No further splits with positive gain, best gain: -inf
[LightGBM] [Warning] No further splits with positive gain, best gain: -inf
[LightGBM] [Warning] No further splits with positive gain, best gain: -inf
Early stopping, best iteration is:
[199]	train's rmse: 0.404387
[LightGBM] [Info] Auto-choosing col-wise multi-threading, the overhead of testing was 0.000137 seconds.
You can set `force_col_wise=true` to remove the overhead.
[LightGBM] [Info] Total Bins 1646
[LightGBM] [Info] Number of data points in the train set: 5156, number of used features: 11
[LightGBM] [Info] Start training from score -0.039959
Training until validation scores don't improve for 30 rounds
[LightGBM] [Warning] No further splits with positive gain, best gain: -inf
[LightGBM] [Warning] No further splits with positive gain, best gain: -inf
[LightGBM] [Warning] No further splits with positive gain, best gain: -inf
[LightGBM] [Warning] No further splits with positive gain, best gain: -inf
[LightGBM] [Warning] No further splits with positive gain, best gain: -inf
[LightGBM] [Warning] No further splits with positive gain, best gain: -inf
[LightGBM] [Warning] No further splits with positive gain, best gain: -inf
[LightGBM] [Warning] No further splits with positive gain, best gain: -inf
[LightGBM] [Warning] No further splits with positive gain, best gain: -inf
[LightGBM] [Warning] No further splits with positive gain, best gain: -inf
[LightGBM] [Warning] No further splits with positive gain, best gain: -inf
[100]	train's rmse: 0.472137
[LightGBM] [Warning] No further splits with positive gain, best gain: -inf
[LightGBM] [Warning] No further splits with positive gain, best gain: -inf
[LightGBM] [Warning] No further splits with positive gain, best gain: -inf
[LightGBM] [Warning] No further splits with positive gain, best gain: -inf
[LightGBM] [Warning] No further splits with positive gain, best gain: -inf
[LightGBM] [Warning] No further splits with positive gain, best gain: -inf
[LightGBM] [Warning] No further splits with positive gain, best gain: -inf
[LightGBM] [Warning] No further splits with positive gain, best gain: -inf
[LightGBM] [Warning] No further splits with positive gain, best gain: -inf
[LightGBM] [Warning] No further splits with positive gain, best gain: -inf
Early stopping, best iteration is:
[84]	train's rmse: 0.471898
[LightGBM] [Info] Auto-choosing col-wise multi-threading, the overhead of testing was 0.000141 seconds.
You can set `force_col_wise=true` to remove the overhead.
[LightGBM] [Info] Total Bins 1634
[LightGBM] [Info] Number of data points in the train set: 5169, number of used features: 11
[LightGBM] [Info] Start training from score 0.013356
Training until validation scores don't improve for 30 rounds
[LightGBM] [Warning] No further splits with positive gain, best gain: -inf
[LightGBM] [Warning] No further splits with positive gain, best gain: -inf
[LightGBM] [Warning] No further splits with positive gain, best gain: -inf
[LightGBM] [Warning] No further splits with positive gain, best gain: -inf
[LightGBM] [Warning] No further splits with positive gain, best gain: -inf
[LightGBM] [Warning] No further splits with positive gain, best gain: -inf
[LightGBM] [Warning] No further splits with positive gain, best gain: -inf
[LightGBM] [Warning] No further splits with positive gain, best gain: -inf
[LightGBM] [Warning] No further splits with positive gain, best gain: -inf
[LightGBM] [Warning] No further splits with positive gain, best gain: -inf
[LightGBM] [Warning] No further splits with positive gain, best gain: -inf
[LightGBM] [Warning] No further splits with positive gain, best gain: -inf
[LightGBM] [Warning] No further splits with positive gain, best gain: -inf
[LightGBM] [Warning] No further splits with positive gain, best gain: -inf
[LightGBM] [Warning] No further splits with positive gain, best gain: -inf
[LightGBM] [Warning] No further splits with positive gain, best gain: -inf
[LightGBM] [Warning] No further splits with positive gain, best gain: -inf
[LightGBM] [Warning] No further splits with positive gain, best gain: -inf
[LightGBM] [Warning] No further splits with positive gain, best gain: -inf
[LightGBM] [Warning] No further splits with positive gain, best gain: -inf
[LightGBM] [Warning] No further splits with positive gain, best gain: -inf
[100]	train's rmse: 0.408104
[LightGBM] [Warning] No further splits with positive gain, best gain: -inf
[LightGBM] [Warning] No further splits with positive gain, best gain: -inf
[LightGBM] [Warning] No further splits with positive gain, best gain: -inf
Early stopping, best iteration is:
[77]	train's rmse: 0.407166
[LightGBM] [Info] Auto-choosing col-wise multi-threading, the overhead of testing was 0.000150 seconds.
You can set `force_col_wise=true` to remove the overhead.
[LightGBM] [Info] Total Bins 1687
[LightGBM] [Info] Number of data points in the train set: 6062, number of used features: 11
[LightGBM] [Info] Start training from score -0.044904
Training until validation scores don't improve for 30 rounds
[LightGBM] [Warning] No further splits with positive gain, best gain: -inf
[LightGBM] [Warning] No further splits with positive gain, best gain: -inf
[LightGBM] [Warning] No further splits with positive gain, best gain: -inf
[LightGBM] [Warning] No further splits with positive gain, best gain: -inf
[LightGBM] [Warning] No further splits with positive gain, best gain: -inf
[LightGBM] [Warning] No further splits with positive gain, best gain: -inf
[LightGBM] [Warning] No further splits with positive gain, best gain: -inf
[LightGBM] [Warning] No further splits with positive gain, best gain: -inf
[LightGBM] [Warning] No further splits with positive gain, best gain: -inf
[LightGBM] [Warning] No further splits with positive gain, best gain: -inf
[LightGBM] [Warning] No further splits with positive gain, best gain: -inf
[LightGBM] [Warning] No further splits with positive gain, best gain: -inf
[LightGBM] [Warning] No further splits with positive gain, best gain: -inf
[LightGBM] [Warning] No further splits with positive gain, best gain: -inf
[LightGBM] [Warning] No further splits with positive gain, best gain: -inf
[LightGBM] [Warning] No further splits with positive gain, best gain: -inf
[LightGBM] [Warning] No further splits with positive gain, best gain: -inf
[LightGBM] [Warning] No further splits with positive gain, best gain: -inf
[LightGBM] [Warning] No further splits with positive gain, best gain: -inf
[LightGBM] [Warning] No further splits with positive gain, best gain: -inf
[LightGBM] [Warning] No further splits with positive gain, best gain: -inf
[LightGBM] [Warning] No further splits with positive gain, best gain: -inf
[LightGBM] [Warning] No further splits with positive gain, best gain: -inf
[100]	train's rmse: 0.456652
[LightGBM] [Warning] No further splits with positive gain, best gain: -inf
[LightGBM] [Warning] No further splits with positive gain, best gain: -inf
[LightGBM] [Warning] No further splits with positive gain, best gain: -inf
[LightGBM] [Warning] No further splits with positive gain, best gain: -inf
[LightGBM] [Warning] No further splits with positive gain, best gain: -inf
[LightGBM] [Warning] No further splits with positive gain, best gain: -inf
[LightGBM] [Warning] No further splits with positive gain, best gain: -inf
[LightGBM] [Warning] No further splits with positive gain, best gain: -inf
[LightGBM] [Warning] No further splits with positive gain, best gain: -inf
[LightGBM] [Warning] No further splits with positive gain, best gain: -inf
[LightGBM] [Warning] No further splits with positive gain, best gain: -inf
[LightGBM] [Warning] No further splits with positive gain, best gain: -inf
[LightGBM] [Warning] No further splits with positive gain, best gain: -inf
[LightGBM] [Warning] No further splits with positive gain, best gain: -inf
[LightGBM] [Warning] No further splits with positive gain, best gain: -inf
[LightGBM] [Warning] No further splits with positive gain, best gain: -inf
[LightGBM] [Warning] No further splits with positive gain, best gain: -inf
[LightGBM] [Warning] No further splits with positive gain, best gain: -inf
Early stopping, best iteration is:
[99]	train's rmse: 0.456116
[LightGBM] [Info] Auto-choosing col-wise multi-threading, the overhead of testing was 0.000147 seconds.
You can set `force_col_wise=true` to remove the overhead.
[LightGBM] [Info] Total Bins 1682
[LightGBM] [Info] Number of data points in the train set: 5108, number of used features: 11
[LightGBM] [Info] Start training from score -0.031791
Training until validation scores don't improve for 30 rounds
[LightGBM] [Warning] No further splits with positive gain, best gain: -inf
[LightGBM] [Warning] No further splits with positive gain, best gain: -inf
[LightGBM] [Warning] No further splits with positive gain, best gain: -inf
[LightGBM] [Warning] No further splits with positive gain, best gain: -inf
[LightGBM] [Warning] No further splits with positive gain, best gain: -inf
[LightGBM] [Warning] No further splits with positive gain, best gain: -inf
[LightGBM] [Warning] No further splits with positive gain, best gain: -inf
[LightGBM] [Warning] No further splits with positive gain, best gain: -inf
[LightGBM] [Warning] No further splits with positive gain, best gain: -inf
[LightGBM] [Warning] No further splits with positive gain, best gain: -inf
[LightGBM] [Warning] No further splits with positive gain, best gain: -inf
[LightGBM] [Warning] No further splits with positive gain, best gain: -inf
[LightGBM] [Warning] No further splits with positive gain, best gain: -inf
[LightGBM] [Warning] No further splits with positive gain, best gain: -inf
[LightGBM] [Warning] No further splits with positive gain, best gain: -inf
[LightGBM] [Warning] No further splits with positive gain, best gain: -inf
[100]	train's rmse: 0.540465
[LightGBM] [Warning] No further splits with positive gain, best gain: -inf
Early stopping, best iteration is:
[71]	train's rmse: 0.532058
[LightGBM] [Info] Auto-choosing col-wise multi-threading, the overhead of testing was 0.000135 seconds.
You can set `force_col_wise=true` to remove the overhead.
[LightGBM] [Info] Total Bins 1646
[LightGBM] [Info] Number of data points in the train set: 5156, number of used features: 11
[LightGBM] [Info] Start training from score -0.060941
Training until validation scores don't improve for 30 rounds
[LightGBM] [Warning] No further splits with positive gain, best gain: -inf
[LightGBM] [Warning] No further splits with positive gain, best gain: -inf
[LightGBM] [Warning] No further splits with positive gain, best gain: -inf
[LightGBM] [Warning] No further splits with positive gain, best gain: -inf
[LightGBM] [Warning] No further splits with positive gain, best gain: -inf
[LightGBM] [Warning] No further splits with positive gain, best gain: -inf
[LightGBM] [Warning] No further splits with positive gain, best gain: -inf
[LightGBM] [Warning] No further splits with positive gain, best gain: -inf
[LightGBM] [Warning] No further splits with positive gain, best gain: -inf
[LightGBM] [Warning] No further splits with positive gain, best gain: -inf
[LightGBM] [Warning] No further splits with positive gain, best gain: -inf
[LightGBM] [Warning] No further splits with positive gain, best gain: -inf
Early stopping, best iteration is:
[41]	train's rmse: 0.661302
[LightGBM] [Info] Auto-choosing col-wise multi-threading, the overhead of testing was 0.000142 seconds.
You can set `force_col_wise=true` to remove the overhead.
[LightGBM] [Info] Total Bins 1634
[LightGBM] [Info] Number of data points in the train set: 5169, number of used features: 11
[LightGBM] [Info] Start training from score 0.028040
Training until validation scores don't improve for 30 rounds
[LightGBM] [Warning] No further splits with positive gain, best gain: -inf
[LightGBM] [Warning] No further splits with positive gain, best gain: -inf
[LightGBM] [Warning] No further splits with positive gain, best gain: -inf
[LightGBM] [Warning] No further splits with positive gain, best gain: -inf
[LightGBM] [Warning] No further splits with positive gain, best gain: -inf
[LightGBM] [Warning] No further splits with positive gain, best gain: -inf
[LightGBM] [Warning] No further splits with positive gain, best gain: -inf
[LightGBM] [Warning] No further splits with positive gain, best gain: -inf
[LightGBM] [Warning] No further splits with positive gain, best gain: -inf
[LightGBM] [Warning] No further splits with positive gain, best gain: -inf
[LightGBM] [Warning] No further splits with positive gain, best gain: -inf
[LightGBM] [Warning] No further splits with positive gain, best gain: -inf
[LightGBM] [Warning] No further splits with positive gain, best gain: -inf
[LightGBM] [Warning] No further splits with positive gain, best gain: -inf
[LightGBM] [Warning] No further splits with positive gain, best gain: -inf
[LightGBM] [Warning] No further splits with positive gain, best gain: -inf
[LightGBM] [Warning] No further splits with positive gain, best gain: -inf
[LightGBM] [Warning] No further splits with positive gain, best gain: -inf
[LightGBM] [Warning] No further splits with positive gain, best gain: -inf
[LightGBM] [Warning] No further splits with positive gain, best gain: -inf
[LightGBM] [Warning] No further splits with positive gain, best gain: -inf
[LightGBM] [Warning] No further splits with positive gain, best gain: -inf
[LightGBM] [Warning] No further splits with positive gain, best gain: -inf
[LightGBM] [Warning] No further splits with positive gain, best gain: -inf
[100]	train's rmse: 0.485589
[LightGBM] [Warning] No further splits with positive gain, best gain: -inf
[LightGBM] [Warning] No further splits with positive gain, best gain: -inf
[LightGBM] [Warning] No further splits with positive gain, best gain: -inf
[LightGBM] [Warning] No further splits with positive gain, best gain: -inf
[LightGBM] [Warning] No further splits with positive gain, best gain: -inf
[LightGBM] [Warning] No further splits with positive gain, best gain: -inf
[LightGBM] [Warning] No further splits with positive gain, best gain: -inf
[LightGBM] [Warning] No further splits with positive gain, best gain: -inf
[LightGBM] [Warning] No further splits with positive gain, best gain: -inf
[LightGBM] [Warning] No further splits with positive gain, best gain: -inf
[LightGBM] [Warning] No further splits with positive gain, best gain: -inf
[LightGBM] [Warning] No further splits with positive gain, best gain: -inf
[LightGBM] [Warning] No further splits with positive gain, best gain: -inf
[LightGBM] [Warning] No further splits with positive gain, best gain: -inf
[LightGBM] [Warning] No further splits with positive gain, best gain: -inf
[LightGBM] [Warning] No further splits with positive gain, best gain: -inf
[LightGBM] [Warning] No further splits with positive gain, best gain: -inf
[LightGBM] [Warning] No further splits with positive gain, best gain: -inf
[LightGBM] [Warning] No further splits with positive gain, best gain: -inf
Early stopping, best iteration is:
[113]	train's rmse: 0.484966
[LightGBM] [Info] Auto-choosing col-wise multi-threading, the overhead of testing was 0.000161 seconds.
You can set `force_col_wise=true` to remove the overhead.
[LightGBM] [Info] Total Bins 1687
[LightGBM] [Info] Number of data points in the train set: 6062, number of used features: 11
[LightGBM] [Info] Start training from score -0.168933
Training until validation scores don't improve for 30 rounds
[LightGBM] [Warning] No further splits with positive gain, best gain: -inf
[LightGBM] [Warning] No further splits with positive gain, best gain: -inf
[LightGBM] [Warning] No further splits with positive gain, best gain: -inf
[LightGBM] [Warning] No further splits with positive gain, best gain: -inf
[LightGBM] [Warning] No further splits with positive gain, best gain: -inf
[LightGBM] [Warning] No further splits with positive gain, best gain: -inf
[LightGBM] [Warning] No further splits with positive gain, best gain: -inf
[LightGBM] [Warning] No further splits with positive gain, best gain: -inf
[LightGBM] [Warning] No further splits with positive gain, best gain: -inf
[LightGBM] [Warning] No further splits with positive gain, best gain: -inf
[LightGBM] [Warning] No further splits with positive gain, best gain: -inf
[LightGBM] [Warning] No further splits with positive gain, best gain: -inf
[LightGBM] [Warning] No further splits with positive gain, best gain: -inf
[LightGBM] [Warning] No further splits with positive gain, best gain: -inf
[LightGBM] [Warning] No further splits with positive gain, best gain: -inf
[LightGBM] [Warning] No further splits with positive gain, best gain: -inf
[LightGBM] [Warning] No further splits with positive gain, best gain: -inf
[LightGBM] [Warning] No further splits with positive gain, best gain: -inf
[100]	train's rmse: 0.698667
[LightGBM] [Warning] No further splits with positive gain, best gain: -inf
[LightGBM] [Warning] No further splits with positive gain, best gain: -inf
[LightGBM] [Warning] No further splits with positive gain, best gain: -inf
[LightGBM] [Warning] No further splits with positive gain, best gain: -inf
[LightGBM] [Warning] No further splits with positive gain, best gain: -inf
[LightGBM] [Warning] No further splits with positive gain, best gain: -inf
[LightGBM] [Warning] No further splits with positive gain, best gain: -inf
[LightGBM] [Warning] No further splits with positive gain, best gain: -inf
[LightGBM] [Warning] No further splits with positive gain, best gain: -inf
[LightGBM] [Warning] No further splits with positive gain, best gain: -inf
[LightGBM] [Warning] No further splits with positive gain, best gain: -inf
[LightGBM] [Warning] No further splits with positive gain, best gain: -inf
[LightGBM] [Warning] No further splits with positive gain, best gain: -inf
[LightGBM] [Warning] No further splits with positive gain, best gain: -inf
[LightGBM] [Warning] No further splits with positive gain, best gain: -inf
[LightGBM] [Warning] No further splits with positive gain, best gain: -inf
[LightGBM] [Warning] No further splits with positive gain, best gain: -inf
[LightGBM] [Warning] No further splits with positive gain, best gain: -inf
[LightGBM] [Warning] No further splits with positive gain, best gain: -inf
[LightGBM] [Warning] No further splits with positive gain, best gain: -inf
[LightGBM] [Warning] No further splits with positive gain, best gain: -inf
[LightGBM] [Warning] No further splits with positive gain, best gain: -inf
[LightGBM] [Warning] No further splits with positive gain, best gain: -inf
[LightGBM] [Warning] No further splits with positive gain, best gain: -inf
[LightGBM] [Warning] No further splits with positive gain, best gain: -inf
[LightGBM] [Warning] No further splits with positive gain, best gain: -inf
[LightGBM] [Warning] No further splits with positive gain, best gain: -inf
[LightGBM] [Warning] No further splits with positive gain, best gain: -inf
[LightGBM] [Warning] No further splits with positive gain, best gain: -inf
[LightGBM] [Warning] No further splits with positive gain, best gain: -inf
[LightGBM] [Warning] No further splits with positive gain, best gain: -inf
[LightGBM] [Warning] No further splits with positive gain, best gain: -inf
[LightGBM] [Warning] No further splits with positive gain, best gain: -inf
[LightGBM] [Warning] No further splits with positive gain, best gain: -inf
[LightGBM] [Warning] No further splits with positive gain, best gain: -inf
[LightGBM] [Warning] No further splits with positive gain, best gain: -inf
[LightGBM] [Warning] No further splits with positive gain, best gain: -inf
[LightGBM] [Warning] No further splits with positive gain, best gain: -inf
[LightGBM] [Warning] No further splits with positive gain, best gain: -inf
[LightGBM] [Warning] No further splits with positive gain, best gain: -inf
[LightGBM] [Warning] No further splits with positive gain, best gain: -inf
[LightGBM] [Warning] No further splits with positive gain, best gain: -inf
[LightGBM] [Warning] No further splits with positive gain, best gain: -inf
[LightGBM] [Warning] No further splits with positive gain, best gain: -inf
[LightGBM] [Warning] No further splits with positive gain, best gain: -inf
[LightGBM] [Warning] No further splits with positive gain, best gain: -inf
[LightGBM] [Warning] No further splits with positive gain, best gain: -inf
[LightGBM] [Warning] No further splits with positive gain, best gain: -inf
[LightGBM] [Warning] No further splits with positive gain, best gain: -inf
[LightGBM] [Warning] No further splits with positive gain, best gain: -inf
[LightGBM] [Warning] No further splits with positive gain, best gain: -inf
[LightGBM] [Warning] No further splits with positive gain, best gain: -inf
[LightGBM] [Warning] No further splits with positive gain, best gain: -inf
[LightGBM] [Warning] No further splits with positive gain, best gain: -inf
[LightGBM] [Warning] No further splits with positive gain, best gain: -inf
[LightGBM] [Warning] No further splits with positive gain, best gain: -inf
[LightGBM] [Warning] No further splits with positive gain, best gain: -inf
Early stopping, best iteration is:
[145]	train's rmse: 0.694642
content_rmse : 0.4331250865808627
wording_rmse : 0.5862527698964446
mcrmse : 0.5096889282386536
__module__ __main__
model_name debertav3large
learning_rate 1.5e-05
weight_decay 0.03
hidden_dropout_prob 0.0
attention_probs_dropout_prob 0.007
num_train_epochs 5
n_splits 4
batch_size 3
random_seed 42
save_steps 100
max_length 1462
test_mode False
device GPU
__dict__ {'__module__': '__main__', 'model_name': 'debertav3large', 'learning_rate': 1.5e-05, 'weight_decay': 0.03, 'hidden_dropout_prob': 0.0, 'attention_probs_dropout_prob': 0.007, 'num_train_epochs': 5, 'n_splits': 4, 'batch_size': 3, 'random_seed': 42, 'save_steps': 100, 'max_length': 1462, 'test_mode': False, 'device': 'GPU', '__dict__': <attribute '__dict__' of 'CFG' objects>, '__weakref__': <attribute '__weakref__' of 'CFG' objects>, '__doc__': None}
__weakref__ <attribute '__weakref__' of 'CFG' objects>
__doc__ None
