args Namespace(attention_probs_dropout_prob=0.007, learning_rate=2.1e-05, model_name='debertav3base', test_mode=False)
cuda
fold 0:
model_fold_dir debertav3base_lr21e-05/fold_0/0
start training
{'eval_loss': 0.3812641203403473, 'eval_rmse': 0.6049203872680664, 'eval_runtime': 8.2919, 'eval_samples_per_second': 248.073, 'eval_steps_per_second': 13.145, 'epoch': 0.37}
{'eval_loss': 0.3546300530433655, 'eval_rmse': 0.5869678258895874, 'eval_runtime': 8.3047, 'eval_samples_per_second': 247.69, 'eval_steps_per_second': 13.125, 'epoch': 0.74}
{'eval_loss': 0.28225842118263245, 'eval_rmse': 0.5214250087738037, 'eval_runtime': 8.3056, 'eval_samples_per_second': 247.665, 'eval_steps_per_second': 13.124, 'epoch': 1.12}
{'eval_loss': 0.30446138978004456, 'eval_rmse': 0.5508211851119995, 'eval_runtime': 8.3086, 'eval_samples_per_second': 247.575, 'eval_steps_per_second': 13.119, 'epoch': 1.49}
{'loss': 0.3658, 'learning_rate': 1.3193308550185873e-05, 'epoch': 1.86}
{'eval_loss': 0.2910797894001007, 'eval_rmse': 0.5381894707679749, 'eval_runtime': 8.3093, 'eval_samples_per_second': 247.555, 'eval_steps_per_second': 13.118, 'epoch': 1.86}
{'eval_loss': 0.24302498996257782, 'eval_rmse': 0.48882585763931274, 'eval_runtime': 8.3293, 'eval_samples_per_second': 246.959, 'eval_steps_per_second': 13.086, 'epoch': 2.23}
{'eval_loss': 0.24147018790245056, 'eval_rmse': 0.48898378014564514, 'eval_runtime': 8.3255, 'eval_samples_per_second': 247.074, 'eval_steps_per_second': 13.092, 'epoch': 2.6}
{'eval_loss': 0.2814232110977173, 'eval_rmse': 0.5292589664459229, 'eval_runtime': 8.3286, 'eval_samples_per_second': 246.981, 'eval_steps_per_second': 13.087, 'epoch': 2.97}
{'eval_loss': 0.2857809066772461, 'eval_rmse': 0.529897928237915, 'eval_runtime': 8.3275, 'eval_samples_per_second': 247.011, 'eval_steps_per_second': 13.089, 'epoch': 3.35}
{'loss': 0.1817, 'learning_rate': 5.386617100371747e-06, 'epoch': 3.72}
{'eval_loss': 0.2716454267501831, 'eval_rmse': 0.5191718339920044, 'eval_runtime': 8.3125, 'eval_samples_per_second': 247.457, 'eval_steps_per_second': 13.113, 'epoch': 3.72}
{'eval_loss': 0.2635939419269562, 'eval_rmse': 0.5122004747390747, 'eval_runtime': 8.327, 'eval_samples_per_second': 247.027, 'eval_steps_per_second': 13.09, 'epoch': 4.09}
{'eval_loss': 0.29334303736686707, 'eval_rmse': 0.538795530796051, 'eval_runtime': 8.3289, 'eval_samples_per_second': 246.971, 'eval_steps_per_second': 13.087, 'epoch': 4.46}
{'eval_loss': 0.28635069727897644, 'eval_rmse': 0.5340901017189026, 'eval_runtime': 8.3295, 'eval_samples_per_second': 246.954, 'eval_steps_per_second': 13.086, 'epoch': 4.83}
{'train_runtime': 544.5317, 'train_samples_per_second': 46.903, 'train_steps_per_second': 2.47, 'train_loss': 0.23483745192063343, 'epoch': 5.0}
finish training
fold 1:
model_fold_dir debertav3base_lr21e-05/fold_1/1
start training
{'eval_loss': 0.4729612469673157, 'eval_rmse': 0.6774763464927673, 'eval_runtime': 11.9721, 'eval_samples_per_second': 167.807, 'eval_steps_per_second': 8.854, 'epoch': 0.37}
{'eval_loss': 0.5158568620681763, 'eval_rmse': 0.7024775743484497, 'eval_runtime': 11.9776, 'eval_samples_per_second': 167.73, 'eval_steps_per_second': 8.85, 'epoch': 0.74}
{'eval_loss': 0.4900800883769989, 'eval_rmse': 0.6863410472869873, 'eval_runtime': 11.9811, 'eval_samples_per_second': 167.681, 'eval_steps_per_second': 8.847, 'epoch': 1.1}
{'eval_loss': 0.4607924520969391, 'eval_rmse': 0.6661994457244873, 'eval_runtime': 11.9786, 'eval_samples_per_second': 167.716, 'eval_steps_per_second': 8.849, 'epoch': 1.47}
{'loss': 0.2899, 'learning_rate': 1.3279411764705882e-05, 'epoch': 1.84}
{'eval_loss': 0.4343396723270416, 'eval_rmse': 0.6468320488929749, 'eval_runtime': 11.9624, 'eval_samples_per_second': 167.943, 'eval_steps_per_second': 8.861, 'epoch': 1.84}
{'eval_loss': 0.4246218502521515, 'eval_rmse': 0.6416028738021851, 'eval_runtime': 11.9824, 'eval_samples_per_second': 167.663, 'eval_steps_per_second': 8.846, 'epoch': 2.21}
{'eval_loss': 0.4408262372016907, 'eval_rmse': 0.6546744704246521, 'eval_runtime': 11.9809, 'eval_samples_per_second': 167.684, 'eval_steps_per_second': 8.847, 'epoch': 2.57}
{'eval_loss': 0.4782874584197998, 'eval_rmse': 0.6734132766723633, 'eval_runtime': 11.9824, 'eval_samples_per_second': 167.663, 'eval_steps_per_second': 8.846, 'epoch': 2.94}
{'eval_loss': 0.41807815432548523, 'eval_rmse': 0.6388736963272095, 'eval_runtime': 11.9786, 'eval_samples_per_second': 167.716, 'eval_steps_per_second': 8.849, 'epoch': 3.31}
{'loss': 0.1384, 'learning_rate': 5.558823529411764e-06, 'epoch': 3.68}
{'eval_loss': 0.4515380859375, 'eval_rmse': 0.6595306396484375, 'eval_runtime': 11.9635, 'eval_samples_per_second': 167.928, 'eval_steps_per_second': 8.86, 'epoch': 3.68}
{'eval_loss': 0.4210965633392334, 'eval_rmse': 0.639378547668457, 'eval_runtime': 11.9783, 'eval_samples_per_second': 167.72, 'eval_steps_per_second': 8.849, 'epoch': 4.04}
{'eval_loss': 0.4525936245918274, 'eval_rmse': 0.6606316566467285, 'eval_runtime': 11.9829, 'eval_samples_per_second': 167.655, 'eval_steps_per_second': 8.846, 'epoch': 4.41}
{'eval_loss': 0.4363754093647003, 'eval_rmse': 0.6508097648620605, 'eval_runtime': 11.9812, 'eval_samples_per_second': 167.679, 'eval_steps_per_second': 8.847, 'epoch': 4.78}
{'train_runtime': 545.1033, 'train_samples_per_second': 47.294, 'train_steps_per_second': 2.495, 'train_loss': 0.18029924280503218, 'epoch': 5.0}
finish training
fold 2:
model_fold_dir debertav3base_lr21e-05/fold_2/2
start training
{'eval_loss': 0.3594982326030731, 'eval_rmse': 0.5873464345932007, 'eval_runtime': 10.844, 'eval_samples_per_second': 184.065, 'eval_steps_per_second': 9.775, 'epoch': 0.37}
{'eval_loss': 0.39312705397605896, 'eval_rmse': 0.6194955110549927, 'eval_runtime': 10.8462, 'eval_samples_per_second': 184.028, 'eval_steps_per_second': 9.773, 'epoch': 0.73}
{'eval_loss': 0.3612872362136841, 'eval_rmse': 0.5899862051010132, 'eval_runtime': 10.8468, 'eval_samples_per_second': 184.017, 'eval_steps_per_second': 9.772, 'epoch': 1.1}
{'eval_loss': 0.26758867502212524, 'eval_rmse': 0.5133645534515381, 'eval_runtime': 10.8426, 'eval_samples_per_second': 184.088, 'eval_steps_per_second': 9.776, 'epoch': 1.47}
{'loss': 0.3175, 'learning_rate': 1.3307692307692307e-05, 'epoch': 1.83}
{'eval_loss': 0.3103767931461334, 'eval_rmse': 0.549556314945221, 'eval_runtime': 10.8261, 'eval_samples_per_second': 184.369, 'eval_steps_per_second': 9.791, 'epoch': 1.83}
{'eval_loss': 0.3020695447921753, 'eval_rmse': 0.5424013733863831, 'eval_runtime': 10.85, 'eval_samples_per_second': 183.963, 'eval_steps_per_second': 9.77, 'epoch': 2.2}
{'eval_loss': 0.2575569748878479, 'eval_rmse': 0.5034139156341553, 'eval_runtime': 10.8473, 'eval_samples_per_second': 184.01, 'eval_steps_per_second': 9.772, 'epoch': 2.56}
{'eval_loss': 0.26403936743736267, 'eval_rmse': 0.5112338662147522, 'eval_runtime': 10.8453, 'eval_samples_per_second': 184.042, 'eval_steps_per_second': 9.774, 'epoch': 2.93}
{'eval_loss': 0.3032916188240051, 'eval_rmse': 0.5445542931556702, 'eval_runtime': 10.8437, 'eval_samples_per_second': 184.07, 'eval_steps_per_second': 9.775, 'epoch': 3.3}
{'loss': 0.15, 'learning_rate': 5.615384615384615e-06, 'epoch': 3.66}
{'eval_loss': 0.2884422540664673, 'eval_rmse': 0.533280074596405, 'eval_runtime': 10.8271, 'eval_samples_per_second': 184.352, 'eval_steps_per_second': 9.79, 'epoch': 3.66}
{'eval_loss': 0.28409209847450256, 'eval_rmse': 0.5280743837356567, 'eval_runtime': 10.8473, 'eval_samples_per_second': 184.01, 'eval_steps_per_second': 9.772, 'epoch': 4.03}
{'eval_loss': 0.29223987460136414, 'eval_rmse': 0.538855254650116, 'eval_runtime': 10.8437, 'eval_samples_per_second': 184.069, 'eval_steps_per_second': 9.775, 'epoch': 4.4}
{'eval_loss': 0.2834782004356384, 'eval_rmse': 0.5303110480308533, 'eval_runtime': 10.8439, 'eval_samples_per_second': 184.067, 'eval_steps_per_second': 9.775, 'epoch': 4.76}
{'train_runtime': 554.3624, 'train_samples_per_second': 46.621, 'train_steps_per_second': 2.462, 'train_loss': 0.19497073386615013, 'epoch': 5.0}
finish training
fold 3:
model_fold_dir debertav3base_lr21e-05/fold_3/3
start training
{'eval_loss': 0.6746538281440735, 'eval_rmse': 0.8067479133605957, 'eval_runtime': 4.7882, 'eval_samples_per_second': 230.358, 'eval_steps_per_second': 12.322, 'epoch': 0.31}
{'eval_loss': 0.4062255024909973, 'eval_rmse': 0.6300886869430542, 'eval_runtime': 4.7904, 'eval_samples_per_second': 230.252, 'eval_steps_per_second': 12.316, 'epoch': 0.62}
{'eval_loss': 0.4825343191623688, 'eval_rmse': 0.6878113746643066, 'eval_runtime': 4.793, 'eval_samples_per_second': 230.129, 'eval_steps_per_second': 12.31, 'epoch': 0.94}
{'eval_loss': 0.41995900869369507, 'eval_rmse': 0.6421929597854614, 'eval_runtime': 4.7938, 'eval_samples_per_second': 230.09, 'eval_steps_per_second': 12.308, 'epoch': 1.25}
{'loss': 0.2999, 'learning_rate': 1.4437499999999999e-05, 'epoch': 1.56}
{'eval_loss': 0.3726342022418976, 'eval_rmse': 0.6045488119125366, 'eval_runtime': 4.7748, 'eval_samples_per_second': 231.004, 'eval_steps_per_second': 12.357, 'epoch': 1.56}
{'eval_loss': 0.35281288623809814, 'eval_rmse': 0.5862994194030762, 'eval_runtime': 4.7955, 'eval_samples_per_second': 230.009, 'eval_steps_per_second': 12.303, 'epoch': 1.88}
{'eval_loss': 0.38564634323120117, 'eval_rmse': 0.6182997226715088, 'eval_runtime': 4.7975, 'eval_samples_per_second': 229.912, 'eval_steps_per_second': 12.298, 'epoch': 2.19}
{'eval_loss': 0.3964822292327881, 'eval_rmse': 0.627626359462738, 'eval_runtime': 4.7953, 'eval_samples_per_second': 230.018, 'eval_steps_per_second': 12.304, 'epoch': 2.5}
{'eval_loss': 0.39076361060142517, 'eval_rmse': 0.6223838329315186, 'eval_runtime': 4.7946, 'eval_samples_per_second': 230.052, 'eval_steps_per_second': 12.306, 'epoch': 2.81}
{'loss': 0.1645, 'learning_rate': 7.875e-06, 'epoch': 3.12}
{'eval_loss': 0.40934014320373535, 'eval_rmse': 0.6383421421051025, 'eval_runtime': 4.7782, 'eval_samples_per_second': 230.838, 'eval_steps_per_second': 12.348, 'epoch': 3.12}
{'eval_loss': 0.45331642031669617, 'eval_rmse': 0.6731351613998413, 'eval_runtime': 4.7936, 'eval_samples_per_second': 230.1, 'eval_steps_per_second': 12.308, 'epoch': 3.44}
{'eval_loss': 0.39901864528656006, 'eval_rmse': 0.6301980018615723, 'eval_runtime': 4.7934, 'eval_samples_per_second': 230.11, 'eval_steps_per_second': 12.309, 'epoch': 3.75}
{'eval_loss': 0.40293505787849426, 'eval_rmse': 0.633784294128418, 'eval_runtime': 4.7939, 'eval_samples_per_second': 230.085, 'eval_steps_per_second': 12.307, 'epoch': 4.06}
{'eval_loss': 0.45927318930625916, 'eval_rmse': 0.677573561668396, 'eval_runtime': 4.7929, 'eval_samples_per_second': 230.13, 'eval_steps_per_second': 12.31, 'epoch': 4.38}
{'loss': 0.0865, 'learning_rate': 1.3125e-06, 'epoch': 4.69}
{'eval_loss': 0.40792518854141235, 'eval_rmse': 0.6376291513442993, 'eval_runtime': 4.7762, 'eval_samples_per_second': 230.939, 'eval_steps_per_second': 12.353, 'epoch': 4.69}
{'eval_loss': 0.4254421591758728, 'eval_rmse': 0.6517068147659302, 'eval_runtime': 4.7975, 'eval_samples_per_second': 229.913, 'eval_steps_per_second': 12.298, 'epoch': 5.0}
{'train_runtime': 583.9646, 'train_samples_per_second': 51.904, 'train_steps_per_second': 2.74, 'train_loss': 0.17647718966007234, 'epoch': 5.0}
finish training
fold 0:
pred shape (2057, 2)
fold 1:
pred shape (2009, 2)
fold 2:
pred shape (1996, 2)
fold 3:
pred shape (1103, 2)
cv content rmse: 0.5621366784537746
cv wording rmse: 0.7472600952496669
fold 0:
fold 1:
fold 2:
fold 3:
[LightGBM] [Info] Auto-choosing col-wise multi-threading, the overhead of testing was 0.000600 seconds.
You can set `force_col_wise=true` to remove the overhead.
[LightGBM] [Info] Total Bins 1682
[LightGBM] [Info] Number of data points in the train set: 5108, number of used features: 11
[LightGBM] [Info] Start training from score 0.017606
Training until validation scores don't improve for 30 rounds
[LightGBM] [Warning] No further splits with positive gain, best gain: -inf
[LightGBM] [Warning] No further splits with positive gain, best gain: -inf
[LightGBM] [Warning] No further splits with positive gain, best gain: -inf
[LightGBM] [Warning] No further splits with positive gain, best gain: -inf
[LightGBM] [Warning] No further splits with positive gain, best gain: -inf
[LightGBM] [Warning] No further splits with positive gain, best gain: -inf
[LightGBM] [Warning] No further splits with positive gain, best gain: -inf
[LightGBM] [Warning] No further splits with positive gain, best gain: -inf
[LightGBM] [Warning] No further splits with positive gain, best gain: -inf
[LightGBM] [Warning] No further splits with positive gain, best gain: -inf
[LightGBM] [Warning] No further splits with positive gain, best gain: -inf
[LightGBM] [Warning] No further splits with positive gain, best gain: -inf
[LightGBM] [Warning] No further splits with positive gain, best gain: -inf
[LightGBM] [Warning] No further splits with positive gain, best gain: -inf
[LightGBM] [Warning] No further splits with positive gain, best gain: -inf
[LightGBM] [Warning] No further splits with positive gain, best gain: -inf
[LightGBM] [Warning] No further splits with positive gain, best gain: -inf
[LightGBM] [Warning] No further splits with positive gain, best gain: -inf
[LightGBM] [Warning] No further splits with positive gain, best gain: -inf
[LightGBM] [Warning] No further splits with positive gain, best gain: -inf
[LightGBM] [Warning] No further splits with positive gain, best gain: -inf
[LightGBM] [Warning] No further splits with positive gain, best gain: -inf
[LightGBM] [Warning] No further splits with positive gain, best gain: -inf
[LightGBM] [Warning] No further splits with positive gain, best gain: -inf
[LightGBM] [Warning] No further splits with positive gain, best gain: -inf
[LightGBM] [Warning] No further splits with positive gain, best gain: -inf
[LightGBM] [Warning] No further splits with positive gain, best gain: -inf
[LightGBM] [Warning] No further splits with positive gain, best gain: -inf
[100]	train's rmse: 0.403306
[LightGBM] [Warning] No further splits with positive gain, best gain: -inf
[LightGBM] [Warning] No further splits with positive gain, best gain: -inf
[LightGBM] [Warning] No further splits with positive gain, best gain: -inf
[LightGBM] [Warning] No further splits with positive gain, best gain: -inf
[LightGBM] [Warning] No further splits with positive gain, best gain: -inf
[LightGBM] [Warning] No further splits with positive gain, best gain: -inf
[LightGBM] [Warning] No further splits with positive gain, best gain: -inf
[LightGBM] [Warning] No further splits with positive gain, best gain: -inf
[LightGBM] [Warning] No further splits with positive gain, best gain: -inf
[LightGBM] [Warning] No further splits with positive gain, best gain: -inf
[LightGBM] [Warning] No further splits with positive gain, best gain: -inf
[LightGBM] [Warning] No further splits with positive gain, best gain: -inf
[LightGBM] [Warning] No further splits with positive gain, best gain: -inf
[LightGBM] [Warning] No further splits with positive gain, best gain: -inf
[LightGBM] [Warning] No further splits with positive gain, best gain: -inf
[LightGBM] [Warning] No further splits with positive gain, best gain: -inf
[LightGBM] [Warning] No further splits with positive gain, best gain: -inf
[LightGBM] [Warning] No further splits with positive gain, best gain: -inf
[LightGBM] [Warning] No further splits with positive gain, best gain: -inf
[LightGBM] [Warning] No further splits with positive gain, best gain: -inf
[LightGBM] [Warning] No further splits with positive gain, best gain: -inf
[LightGBM] [Warning] No further splits with positive gain, best gain: -inf
[LightGBM] [Warning] No further splits with positive gain, best gain: -inf
[LightGBM] [Warning] No further splits with positive gain, best gain: -inf
[LightGBM] [Warning] No further splits with positive gain, best gain: -inf
[LightGBM] [Warning] No further splits with positive gain, best gain: -inf
[LightGBM] [Warning] No further splits with positive gain, best gain: -inf
[LightGBM] [Warning] No further splits with positive gain, best gain: -inf
[LightGBM] [Warning] No further splits with positive gain, best gain: -inf
[LightGBM] [Warning] No further splits with positive gain, best gain: -inf
[LightGBM] [Warning] No further splits with positive gain, best gain: -inf
[LightGBM] [Warning] No further splits with positive gain, best gain: -inf
[LightGBM] [Warning] No further splits with positive gain, best gain: -inf
[LightGBM] [Warning] No further splits with positive gain, best gain: -inf
[LightGBM] [Warning] No further splits with positive gain, best gain: -inf
[LightGBM] [Warning] No further splits with positive gain, best gain: -inf
[LightGBM] [Warning] No further splits with positive gain, best gain: -inf
[LightGBM] [Warning] No further splits with positive gain, best gain: -inf
[LightGBM] [Warning] No further splits with positive gain, best gain: -inf
[LightGBM] [Warning] No further splits with positive gain, best gain: -inf
[LightGBM] [Warning] No further splits with positive gain, best gain: -inf
[LightGBM] [Warning] No further splits with positive gain, best gain: -inf
[LightGBM] [Warning] No further splits with positive gain, best gain: -inf
[LightGBM] [Warning] No further splits with positive gain, best gain: -inf
[LightGBM] [Warning] No further splits with positive gain, best gain: -inf
[LightGBM] [Warning] No further splits with positive gain, best gain: -inf
[LightGBM] [Warning] No further splits with positive gain, best gain: -inf
[LightGBM] [Warning] No further splits with positive gain, best gain: -inf
[LightGBM] [Warning] No further splits with positive gain, best gain: -inf
[LightGBM] [Warning] No further splits with positive gain, best gain: -inf
[LightGBM] [Warning] No further splits with positive gain, best gain: -inf
[LightGBM] [Warning] No further splits with positive gain, best gain: -inf
[LightGBM] [Warning] No further splits with positive gain, best gain: -inf
Early stopping, best iteration is:
[146]	train's rmse: 0.402863
[LightGBM] [Info] Auto-choosing col-wise multi-threading, the overhead of testing was 0.000119 seconds.
You can set `force_col_wise=true` to remove the overhead.
[LightGBM] [Info] Total Bins 1646
[LightGBM] [Info] Number of data points in the train set: 5156, number of used features: 11
[LightGBM] [Info] Start training from score -0.039959
Training until validation scores don't improve for 30 rounds
[LightGBM] [Warning] No further splits with positive gain, best gain: -inf
[LightGBM] [Warning] No further splits with positive gain, best gain: -inf
[LightGBM] [Warning] No further splits with positive gain, best gain: -inf
[LightGBM] [Warning] No further splits with positive gain, best gain: -inf
[LightGBM] [Warning] No further splits with positive gain, best gain: -inf
[LightGBM] [Warning] No further splits with positive gain, best gain: -inf
[LightGBM] [Warning] No further splits with positive gain, best gain: -inf
[LightGBM] [Warning] No further splits with positive gain, best gain: -inf
[LightGBM] [Warning] No further splits with positive gain, best gain: -inf
[LightGBM] [Warning] No further splits with positive gain, best gain: -inf
[LightGBM] [Warning] No further splits with positive gain, best gain: -inf
[LightGBM] [Warning] No further splits with positive gain, best gain: -inf
[LightGBM] [Warning] No further splits with positive gain, best gain: -inf
[LightGBM] [Warning] No further splits with positive gain, best gain: -inf
[LightGBM] [Warning] No further splits with positive gain, best gain: -inf
[LightGBM] [Warning] No further splits with positive gain, best gain: -inf
[LightGBM] [Warning] No further splits with positive gain, best gain: -inf
[LightGBM] [Warning] No further splits with positive gain, best gain: -inf
[100]	train's rmse: 0.462223
[LightGBM] [Warning] No further splits with positive gain, best gain: -inf
[LightGBM] [Warning] No further splits with positive gain, best gain: -inf
[LightGBM] [Warning] No further splits with positive gain, best gain: -inf
[LightGBM] [Warning] No further splits with positive gain, best gain: -inf
[LightGBM] [Warning] No further splits with positive gain, best gain: -inf
[LightGBM] [Warning] No further splits with positive gain, best gain: -inf
[LightGBM] [Warning] No further splits with positive gain, best gain: -inf
[LightGBM] [Warning] No further splits with positive gain, best gain: -inf
[LightGBM] [Warning] No further splits with positive gain, best gain: -inf
[LightGBM] [Warning] No further splits with positive gain, best gain: -inf
[LightGBM] [Warning] No further splits with positive gain, best gain: -inf
[LightGBM] [Warning] No further splits with positive gain, best gain: -inf
[LightGBM] [Warning] No further splits with positive gain, best gain: -inf
[LightGBM] [Warning] No further splits with positive gain, best gain: -inf
[LightGBM] [Warning] No further splits with positive gain, best gain: -inf
[LightGBM] [Warning] No further splits with positive gain, best gain: -inf
[LightGBM] [Warning] No further splits with positive gain, best gain: -inf
[LightGBM] [Warning] No further splits with positive gain, best gain: -inf
[LightGBM] [Warning] No further splits with positive gain, best gain: -inf
[LightGBM] [Warning] No further splits with positive gain, best gain: -inf
[LightGBM] [Warning] No further splits with positive gain, best gain: -inf
[LightGBM] [Warning] No further splits with positive gain, best gain: -inf
[LightGBM] [Warning] No further splits with positive gain, best gain: -inf
[LightGBM] [Warning] No further splits with positive gain, best gain: -inf
[LightGBM] [Warning] No further splits with positive gain, best gain: -inf
[LightGBM] [Warning] No further splits with positive gain, best gain: -inf
[LightGBM] [Warning] No further splits with positive gain, best gain: -inf
[LightGBM] [Warning] No further splits with positive gain, best gain: -inf
[LightGBM] [Warning] No further splits with positive gain, best gain: -inf
[LightGBM] [Warning] No further splits with positive gain, best gain: -inf
[LightGBM] [Warning] No further splits with positive gain, best gain: -inf
[LightGBM] [Warning] No further splits with positive gain, best gain: -inf
[LightGBM] [Warning] No further splits with positive gain, best gain: -inf
[LightGBM] [Warning] No further splits with positive gain, best gain: -inf
[LightGBM] [Warning] No further splits with positive gain, best gain: -inf
[LightGBM] [Warning] No further splits with positive gain, best gain: -inf
[LightGBM] [Warning] No further splits with positive gain, best gain: -inf
[LightGBM] [Warning] No further splits with positive gain, best gain: -inf
[LightGBM] [Warning] No further splits with positive gain, best gain: -inf
[LightGBM] [Warning] No further splits with positive gain, best gain: -inf
[LightGBM] [Warning] No further splits with positive gain, best gain: -inf
[LightGBM] [Warning] No further splits with positive gain, best gain: -inf
[LightGBM] [Warning] No further splits with positive gain, best gain: -inf
[LightGBM] [Warning] No further splits with positive gain, best gain: -inf
[LightGBM] [Warning] No further splits with positive gain, best gain: -inf
[LightGBM] [Warning] No further splits with positive gain, best gain: -inf
[LightGBM] [Warning] No further splits with positive gain, best gain: -inf
Early stopping, best iteration is:
[135]	train's rmse: 0.456972
[LightGBM] [Info] Auto-choosing col-wise multi-threading, the overhead of testing was 0.000118 seconds.
You can set `force_col_wise=true` to remove the overhead.
[LightGBM] [Info] Total Bins 1634
[LightGBM] [Info] Number of data points in the train set: 5169, number of used features: 11
[LightGBM] [Info] Start training from score 0.013356
Training until validation scores don't improve for 30 rounds
[LightGBM] [Warning] No further splits with positive gain, best gain: -inf
[LightGBM] [Warning] No further splits with positive gain, best gain: -inf
[LightGBM] [Warning] No further splits with positive gain, best gain: -inf
[LightGBM] [Warning] No further splits with positive gain, best gain: -inf
[LightGBM] [Warning] No further splits with positive gain, best gain: -inf
[LightGBM] [Warning] No further splits with positive gain, best gain: -inf
[LightGBM] [Warning] No further splits with positive gain, best gain: -inf
[LightGBM] [Warning] No further splits with positive gain, best gain: -inf
[LightGBM] [Warning] No further splits with positive gain, best gain: -inf
[LightGBM] [Warning] No further splits with positive gain, best gain: -inf
[LightGBM] [Warning] No further splits with positive gain, best gain: -inf
[LightGBM] [Warning] No further splits with positive gain, best gain: -inf
[LightGBM] [Warning] No further splits with positive gain, best gain: -inf
[LightGBM] [Warning] No further splits with positive gain, best gain: -inf
[LightGBM] [Warning] No further splits with positive gain, best gain: -inf
[LightGBM] [Warning] No further splits with positive gain, best gain: -inf
[LightGBM] [Warning] No further splits with positive gain, best gain: -inf
Early stopping, best iteration is:
[51]	train's rmse: 0.436801
[LightGBM] [Info] Auto-choosing col-wise multi-threading, the overhead of testing was 0.000133 seconds.
You can set `force_col_wise=true` to remove the overhead.
[LightGBM] [Info] Total Bins 1687
[LightGBM] [Info] Number of data points in the train set: 6062, number of used features: 11
[LightGBM] [Info] Start training from score -0.044904
Training until validation scores don't improve for 30 rounds
[LightGBM] [Warning] No further splits with positive gain, best gain: -inf
[LightGBM] [Warning] No further splits with positive gain, best gain: -inf
[LightGBM] [Warning] No further splits with positive gain, best gain: -inf
[LightGBM] [Warning] No further splits with positive gain, best gain: -inf
[LightGBM] [Warning] No further splits with positive gain, best gain: -inf
[LightGBM] [Warning] No further splits with positive gain, best gain: -inf
[LightGBM] [Warning] No further splits with positive gain, best gain: -inf
[LightGBM] [Warning] No further splits with positive gain, best gain: -inf
[LightGBM] [Warning] No further splits with positive gain, best gain: -inf
[LightGBM] [Warning] No further splits with positive gain, best gain: -inf
[LightGBM] [Warning] No further splits with positive gain, best gain: -inf
[LightGBM] [Warning] No further splits with positive gain, best gain: -inf
[LightGBM] [Warning] No further splits with positive gain, best gain: -inf
[LightGBM] [Warning] No further splits with positive gain, best gain: -inf
[LightGBM] [Warning] No further splits with positive gain, best gain: -inf
[LightGBM] [Warning] No further splits with positive gain, best gain: -inf
[LightGBM] [Warning] No further splits with positive gain, best gain: -inf
[LightGBM] [Warning] No further splits with positive gain, best gain: -inf
[LightGBM] [Warning] No further splits with positive gain, best gain: -inf
[LightGBM] [Warning] No further splits with positive gain, best gain: -inf
[LightGBM] [Warning] No further splits with positive gain, best gain: -inf
[LightGBM] [Warning] No further splits with positive gain, best gain: -inf
[LightGBM] [Warning] No further splits with positive gain, best gain: -inf
[LightGBM] [Warning] No further splits with positive gain, best gain: -inf
[LightGBM] [Warning] No further splits with positive gain, best gain: -inf
[LightGBM] [Warning] No further splits with positive gain, best gain: -inf
[LightGBM] [Warning] No further splits with positive gain, best gain: -inf
[LightGBM] [Warning] No further splits with positive gain, best gain: -inf
[LightGBM] [Warning] No further splits with positive gain, best gain: -inf
[LightGBM] [Warning] No further splits with positive gain, best gain: -inf
[LightGBM] [Warning] No further splits with positive gain, best gain: -inf
[LightGBM] [Warning] No further splits with positive gain, best gain: -inf
[100]	train's rmse: 0.44645
[LightGBM] [Warning] No further splits with positive gain, best gain: -inf
[LightGBM] [Warning] No further splits with positive gain, best gain: -inf
[LightGBM] [Warning] No further splits with positive gain, best gain: -inf
[LightGBM] [Warning] No further splits with positive gain, best gain: -inf
[LightGBM] [Warning] No further splits with positive gain, best gain: -inf
[LightGBM] [Warning] No further splits with positive gain, best gain: -inf
[LightGBM] [Warning] No further splits with positive gain, best gain: -inf
[LightGBM] [Warning] No further splits with positive gain, best gain: -inf
[LightGBM] [Warning] No further splits with positive gain, best gain: -inf
[LightGBM] [Warning] No further splits with positive gain, best gain: -inf
[LightGBM] [Warning] No further splits with positive gain, best gain: -inf
[LightGBM] [Warning] No further splits with positive gain, best gain: -inf
[LightGBM] [Warning] No further splits with positive gain, best gain: -inf
[LightGBM] [Warning] No further splits with positive gain, best gain: -inf
[LightGBM] [Warning] No further splits with positive gain, best gain: -inf
[LightGBM] [Warning] No further splits with positive gain, best gain: -inf
[LightGBM] [Warning] No further splits with positive gain, best gain: -inf
[LightGBM] [Warning] No further splits with positive gain, best gain: -inf
[LightGBM] [Warning] No further splits with positive gain, best gain: -inf
[LightGBM] [Warning] No further splits with positive gain, best gain: -inf
[LightGBM] [Warning] No further splits with positive gain, best gain: -inf
[LightGBM] [Warning] No further splits with positive gain, best gain: -inf
[LightGBM] [Warning] No further splits with positive gain, best gain: -inf
[LightGBM] [Warning] No further splits with positive gain, best gain: -inf
[LightGBM] [Warning] No further splits with positive gain, best gain: -inf
[LightGBM] [Warning] No further splits with positive gain, best gain: -inf
[LightGBM] [Warning] No further splits with positive gain, best gain: -inf
[LightGBM] [Warning] No further splits with positive gain, best gain: -inf
[LightGBM] [Warning] No further splits with positive gain, best gain: -inf
[LightGBM] [Warning] No further splits with positive gain, best gain: -inf
[LightGBM] [Warning] No further splits with positive gain, best gain: -inf
[LightGBM] [Warning] No further splits with positive gain, best gain: -inf
[LightGBM] [Warning] No further splits with positive gain, best gain: -inf
[LightGBM] [Warning] No further splits with positive gain, best gain: -inf
[LightGBM] [Warning] No further splits with positive gain, best gain: -inf
[LightGBM] [Warning] No further splits with positive gain, best gain: -inf
[LightGBM] [Warning] No further splits with positive gain, best gain: -inf
[LightGBM] [Warning] No further splits with positive gain, best gain: -inf
[LightGBM] [Warning] No further splits with positive gain, best gain: -inf
[LightGBM] [Warning] No further splits with positive gain, best gain: -inf
[LightGBM] [Warning] No further splits with positive gain, best gain: -inf
[LightGBM] [Warning] No further splits with positive gain, best gain: -inf
[LightGBM] [Warning] No further splits with positive gain, best gain: -inf
[LightGBM] [Warning] No further splits with positive gain, best gain: -inf
[LightGBM] [Warning] No further splits with positive gain, best gain: -inf
[LightGBM] [Warning] No further splits with positive gain, best gain: -inf
[LightGBM] [Warning] No further splits with positive gain, best gain: -inf
[LightGBM] [Warning] No further splits with positive gain, best gain: -inf
[LightGBM] [Warning] No further splits with positive gain, best gain: -inf
[LightGBM] [Warning] No further splits with positive gain, best gain: -inf
[LightGBM] [Warning] No further splits with positive gain, best gain: -inf
[LightGBM] [Warning] No further splits with positive gain, best gain: -inf
[LightGBM] [Warning] No further splits with positive gain, best gain: -inf
[LightGBM] [Warning] No further splits with positive gain, best gain: -inf
[LightGBM] [Warning] No further splits with positive gain, best gain: -inf
[LightGBM] [Warning] No further splits with positive gain, best gain: -inf
[LightGBM] [Warning] No further splits with positive gain, best gain: -inf
[LightGBM] [Warning] No further splits with positive gain, best gain: -inf
[LightGBM] [Warning] No further splits with positive gain, best gain: -inf
[LightGBM] [Warning] No further splits with positive gain, best gain: -inf
[LightGBM] [Warning] No further splits with positive gain, best gain: -inf
[LightGBM] [Warning] No further splits with positive gain, best gain: -inf
[LightGBM] [Warning] No further splits with positive gain, best gain: -inf
[LightGBM] [Warning] No further splits with positive gain, best gain: -inf
[LightGBM] [Warning] No further splits with positive gain, best gain: -inf
[LightGBM] [Warning] No further splits with positive gain, best gain: -inf
[LightGBM] [Warning] No further splits with positive gain, best gain: -inf
[LightGBM] [Warning] No further splits with positive gain, best gain: -inf
[LightGBM] [Warning] No further splits with positive gain, best gain: -inf
[200]	train's rmse: 0.441023
[LightGBM] [Warning] No further splits with positive gain, best gain: -inf
[LightGBM] [Warning] No further splits with positive gain, best gain: -inf
[LightGBM] [Warning] No further splits with positive gain, best gain: -inf
[LightGBM] [Warning] No further splits with positive gain, best gain: -inf
[LightGBM] [Warning] No further splits with positive gain, best gain: -inf
[LightGBM] [Warning] No further splits with positive gain, best gain: -inf
[LightGBM] [Warning] No further splits with positive gain, best gain: -inf
[LightGBM] [Warning] No further splits with positive gain, best gain: -inf
[LightGBM] [Warning] No further splits with positive gain, best gain: -inf
[LightGBM] [Warning] No further splits with positive gain, best gain: -inf
[LightGBM] [Warning] No further splits with positive gain, best gain: -inf
[LightGBM] [Warning] No further splits with positive gain, best gain: -inf
[LightGBM] [Warning] No further splits with positive gain, best gain: -inf
[LightGBM] [Warning] No further splits with positive gain, best gain: -inf
[LightGBM] [Warning] No further splits with positive gain, best gain: -inf
[LightGBM] [Warning] No further splits with positive gain, best gain: -inf
[LightGBM] [Warning] No further splits with positive gain, best gain: -inf
[LightGBM] [Warning] No further splits with positive gain, best gain: -inf
[LightGBM] [Warning] No further splits with positive gain, best gain: -inf
[LightGBM] [Warning] No further splits with positive gain, best gain: -inf
[LightGBM] [Warning] No further splits with positive gain, best gain: -inf
[LightGBM] [Warning] No further splits with positive gain, best gain: -inf
[LightGBM] [Warning] No further splits with positive gain, best gain: -inf
[LightGBM] [Warning] No further splits with positive gain, best gain: -inf
[LightGBM] [Warning] No further splits with positive gain, best gain: -inf
[LightGBM] [Warning] No further splits with positive gain, best gain: -inf
[LightGBM] [Warning] No further splits with positive gain, best gain: -inf
[LightGBM] [Warning] No further splits with positive gain, best gain: -inf
[LightGBM] [Warning] No further splits with positive gain, best gain: -inf
[LightGBM] [Warning] No further splits with positive gain, best gain: -inf
[LightGBM] [Warning] No further splits with positive gain, best gain: -inf
[LightGBM] [Warning] No further splits with positive gain, best gain: -inf
[LightGBM] [Warning] No further splits with positive gain, best gain: -inf
[LightGBM] [Warning] No further splits with positive gain, best gain: -inf
[LightGBM] [Warning] No further splits with positive gain, best gain: -inf
[LightGBM] [Warning] No further splits with positive gain, best gain: -inf
[LightGBM] [Warning] No further splits with positive gain, best gain: -inf
[LightGBM] [Warning] No further splits with positive gain, best gain: -inf
[LightGBM] [Warning] No further splits with positive gain, best gain: -inf
[LightGBM] [Warning] No further splits with positive gain, best gain: -inf
[LightGBM] [Warning] No further splits with positive gain, best gain: -inf
[LightGBM] [Warning] No further splits with positive gain, best gain: -inf
[LightGBM] [Warning] No further splits with positive gain, best gain: -inf
[LightGBM] [Warning] No further splits with positive gain, best gain: -inf
[LightGBM] [Warning] No further splits with positive gain, best gain: -inf
[LightGBM] [Warning] No further splits with positive gain, best gain: -inf
[LightGBM] [Warning] No further splits with positive gain, best gain: -inf
[LightGBM] [Warning] No further splits with positive gain, best gain: -inf
[LightGBM] [Warning] No further splits with positive gain, best gain: -inf
[LightGBM] [Warning] No further splits with positive gain, best gain: -inf
[LightGBM] [Warning] No further splits with positive gain, best gain: -inf
Early stopping, best iteration is:
[256]	train's rmse: 0.439566
[LightGBM] [Info] Auto-choosing col-wise multi-threading, the overhead of testing was 0.000120 seconds.
You can set `force_col_wise=true` to remove the overhead.
[LightGBM] [Info] Total Bins 1682
[LightGBM] [Info] Number of data points in the train set: 5108, number of used features: 11
[LightGBM] [Info] Start training from score -0.031791
Training until validation scores don't improve for 30 rounds
[LightGBM] [Warning] No further splits with positive gain, best gain: -inf
[LightGBM] [Warning] No further splits with positive gain, best gain: -inf
[LightGBM] [Warning] No further splits with positive gain, best gain: -inf
[LightGBM] [Warning] No further splits with positive gain, best gain: -inf
[LightGBM] [Warning] No further splits with positive gain, best gain: -inf
[LightGBM] [Warning] No further splits with positive gain, best gain: -inf
[LightGBM] [Warning] No further splits with positive gain, best gain: -inf
[LightGBM] [Warning] No further splits with positive gain, best gain: -inf
[LightGBM] [Warning] No further splits with positive gain, best gain: -inf
[LightGBM] [Warning] No further splits with positive gain, best gain: -inf
[LightGBM] [Warning] No further splits with positive gain, best gain: -inf
[LightGBM] [Warning] No further splits with positive gain, best gain: -inf
[LightGBM] [Warning] No further splits with positive gain, best gain: -inf
[LightGBM] [Warning] No further splits with positive gain, best gain: -inf
[LightGBM] [Warning] No further splits with positive gain, best gain: -inf
Early stopping, best iteration is:
[67]	train's rmse: 0.543835
[LightGBM] [Info] Auto-choosing col-wise multi-threading, the overhead of testing was 0.000114 seconds.
You can set `force_col_wise=true` to remove the overhead.
[LightGBM] [Info] Total Bins 1646
[LightGBM] [Info] Number of data points in the train set: 5156, number of used features: 11
[LightGBM] [Info] Start training from score -0.060941
Training until validation scores don't improve for 30 rounds
[LightGBM] [Warning] No further splits with positive gain, best gain: -inf
[LightGBM] [Warning] No further splits with positive gain, best gain: -inf
[LightGBM] [Warning] No further splits with positive gain, best gain: -inf
[LightGBM] [Warning] No further splits with positive gain, best gain: -inf
[LightGBM] [Warning] No further splits with positive gain, best gain: -inf
[LightGBM] [Warning] No further splits with positive gain, best gain: -inf
[LightGBM] [Warning] No further splits with positive gain, best gain: -inf
[LightGBM] [Warning] No further splits with positive gain, best gain: -inf
[LightGBM] [Warning] No further splits with positive gain, best gain: -inf
[LightGBM] [Warning] No further splits with positive gain, best gain: -inf
[LightGBM] [Warning] No further splits with positive gain, best gain: -inf
[LightGBM] [Warning] No further splits with positive gain, best gain: -inf
[LightGBM] [Warning] No further splits with positive gain, best gain: -inf
[LightGBM] [Warning] No further splits with positive gain, best gain: -inf
[LightGBM] [Warning] No further splits with positive gain, best gain: -inf
[LightGBM] [Warning] No further splits with positive gain, best gain: -inf
[LightGBM] [Warning] No further splits with positive gain, best gain: -inf
[LightGBM] [Warning] No further splits with positive gain, best gain: -inf
[LightGBM] [Warning] No further splits with positive gain, best gain: -inf
[LightGBM] [Warning] No further splits with positive gain, best gain: -inf
[LightGBM] [Warning] No further splits with positive gain, best gain: -inf
[LightGBM] [Warning] No further splits with positive gain, best gain: -inf
[LightGBM] [Warning] No further splits with positive gain, best gain: -inf
[LightGBM] [Warning] No further splits with positive gain, best gain: -inf
[LightGBM] [Warning] No further splits with positive gain, best gain: -inf
[LightGBM] [Warning] No further splits with positive gain, best gain: -inf
[100]	train's rmse: 0.65115
[LightGBM] [Warning] No further splits with positive gain, best gain: -inf
[LightGBM] [Warning] No further splits with positive gain, best gain: -inf
Early stopping, best iteration is:
[77]	train's rmse: 0.64768
[LightGBM] [Info] Auto-choosing col-wise multi-threading, the overhead of testing was 0.000119 seconds.
You can set `force_col_wise=true` to remove the overhead.
[LightGBM] [Info] Total Bins 1634
[LightGBM] [Info] Number of data points in the train set: 5169, number of used features: 11
[LightGBM] [Info] Start training from score 0.028040
Training until validation scores don't improve for 30 rounds
[LightGBM] [Warning] No further splits with positive gain, best gain: -inf
[LightGBM] [Warning] No further splits with positive gain, best gain: -inf
[LightGBM] [Warning] No further splits with positive gain, best gain: -inf
[LightGBM] [Warning] No further splits with positive gain, best gain: -inf
[LightGBM] [Warning] No further splits with positive gain, best gain: -inf
[LightGBM] [Warning] No further splits with positive gain, best gain: -inf
[LightGBM] [Warning] No further splits with positive gain, best gain: -inf
[LightGBM] [Warning] No further splits with positive gain, best gain: -inf
[LightGBM] [Warning] No further splits with positive gain, best gain: -inf
[LightGBM] [Warning] No further splits with positive gain, best gain: -inf
[LightGBM] [Warning] No further splits with positive gain, best gain: -inf
[LightGBM] [Warning] No further splits with positive gain, best gain: -inf
[LightGBM] [Warning] No further splits with positive gain, best gain: -inf
[LightGBM] [Warning] No further splits with positive gain, best gain: -inf
[LightGBM] [Warning] No further splits with positive gain, best gain: -inf
[LightGBM] [Warning] No further splits with positive gain, best gain: -inf
[LightGBM] [Warning] No further splits with positive gain, best gain: -inf
[LightGBM] [Warning] No further splits with positive gain, best gain: -inf
Early stopping, best iteration is:
[67]	train's rmse: 0.503477
[LightGBM] [Info] Auto-choosing col-wise multi-threading, the overhead of testing was 0.000132 seconds.
You can set `force_col_wise=true` to remove the overhead.
[LightGBM] [Info] Total Bins 1687
[LightGBM] [Info] Number of data points in the train set: 6062, number of used features: 11
[LightGBM] [Info] Start training from score -0.168933
Training until validation scores don't improve for 30 rounds
[LightGBM] [Warning] No further splits with positive gain, best gain: -inf
[LightGBM] [Warning] No further splits with positive gain, best gain: -inf
[LightGBM] [Warning] No further splits with positive gain, best gain: -inf
[LightGBM] [Warning] No further splits with positive gain, best gain: -inf
[LightGBM] [Warning] No further splits with positive gain, best gain: -inf
[LightGBM] [Warning] No further splits with positive gain, best gain: -inf
[LightGBM] [Warning] No further splits with positive gain, best gain: -inf
[LightGBM] [Warning] No further splits with positive gain, best gain: -inf
[LightGBM] [Warning] No further splits with positive gain, best gain: -inf
[LightGBM] [Warning] No further splits with positive gain, best gain: -inf
[LightGBM] [Warning] No further splits with positive gain, best gain: -inf
[LightGBM] [Warning] No further splits with positive gain, best gain: -inf
[100]	train's rmse: 0.663401
[LightGBM] [Warning] No further splits with positive gain, best gain: -inf
[LightGBM] [Warning] No further splits with positive gain, best gain: -inf
[LightGBM] [Warning] No further splits with positive gain, best gain: -inf
[LightGBM] [Warning] No further splits with positive gain, best gain: -inf
[LightGBM] [Warning] No further splits with positive gain, best gain: -inf
[LightGBM] [Warning] No further splits with positive gain, best gain: -inf
[LightGBM] [Warning] No further splits with positive gain, best gain: -inf
[LightGBM] [Warning] No further splits with positive gain, best gain: -inf
[LightGBM] [Warning] No further splits with positive gain, best gain: -inf
[LightGBM] [Warning] No further splits with positive gain, best gain: -inf
[LightGBM] [Warning] No further splits with positive gain, best gain: -inf
[LightGBM] [Warning] No further splits with positive gain, best gain: -inf
[LightGBM] [Warning] No further splits with positive gain, best gain: -inf
[LightGBM] [Warning] No further splits with positive gain, best gain: -inf
[LightGBM] [Warning] No further splits with positive gain, best gain: -inf
[LightGBM] [Warning] No further splits with positive gain, best gain: -inf
[LightGBM] [Warning] No further splits with positive gain, best gain: -inf
[LightGBM] [Warning] No further splits with positive gain, best gain: -inf
[LightGBM] [Warning] No further splits with positive gain, best gain: -inf
[LightGBM] [Warning] No further splits with positive gain, best gain: -inf
[LightGBM] [Warning] No further splits with positive gain, best gain: -inf
[LightGBM] [Warning] No further splits with positive gain, best gain: -inf
[LightGBM] [Warning] No further splits with positive gain, best gain: -inf
[LightGBM] [Warning] No further splits with positive gain, best gain: -inf
[LightGBM] [Warning] No further splits with positive gain, best gain: -inf
[LightGBM] [Warning] No further splits with positive gain, best gain: -inf
[LightGBM] [Warning] No further splits with positive gain, best gain: -inf
[LightGBM] [Warning] No further splits with positive gain, best gain: -inf
[LightGBM] [Warning] No further splits with positive gain, best gain: -inf
[LightGBM] [Warning] No further splits with positive gain, best gain: -inf
[LightGBM] [Warning] No further splits with positive gain, best gain: -inf
[LightGBM] [Warning] No further splits with positive gain, best gain: -inf
[LightGBM] [Warning] No further splits with positive gain, best gain: -inf
[LightGBM] [Warning] No further splits with positive gain, best gain: -inf
[LightGBM] [Warning] No further splits with positive gain, best gain: -inf
[LightGBM] [Warning] No further splits with positive gain, best gain: -inf
[LightGBM] [Warning] No further splits with positive gain, best gain: -inf
[LightGBM] [Warning] No further splits with positive gain, best gain: -inf
[LightGBM] [Warning] No further splits with positive gain, best gain: -inf
[LightGBM] [Warning] No further splits with positive gain, best gain: -inf
[LightGBM] [Warning] No further splits with positive gain, best gain: -inf
[LightGBM] [Warning] No further splits with positive gain, best gain: -inf
[LightGBM] [Warning] No further splits with positive gain, best gain: -inf
[LightGBM] [Warning] No further splits with positive gain, best gain: -inf
[LightGBM] [Warning] No further splits with positive gain, best gain: -inf
[LightGBM] [Warning] No further splits with positive gain, best gain: -inf
[LightGBM] [Warning] No further splits with positive gain, best gain: -inf
[LightGBM] [Warning] No further splits with positive gain, best gain: -inf
[LightGBM] [Warning] No further splits with positive gain, best gain: -inf
[LightGBM] [Warning] No further splits with positive gain, best gain: -inf
[LightGBM] [Warning] No further splits with positive gain, best gain: -inf
[LightGBM] [Warning] No further splits with positive gain, best gain: -inf
[LightGBM] [Warning] No further splits with positive gain, best gain: -inf
[LightGBM] [Warning] No further splits with positive gain, best gain: -inf
[LightGBM] [Warning] No further splits with positive gain, best gain: -inf
[LightGBM] [Warning] No further splits with positive gain, best gain: -inf
[LightGBM] [Warning] No further splits with positive gain, best gain: -inf
[LightGBM] [Warning] No further splits with positive gain, best gain: -inf
[LightGBM] [Warning] No further splits with positive gain, best gain: -inf
[LightGBM] [Warning] No further splits with positive gain, best gain: -inf
[LightGBM] [Warning] No further splits with positive gain, best gain: -inf
[200]	train's rmse: 0.655346
[LightGBM] [Warning] No further splits with positive gain, best gain: -inf
[LightGBM] [Warning] No further splits with positive gain, best gain: -inf
[LightGBM] [Warning] No further splits with positive gain, best gain: -inf
[LightGBM] [Warning] No further splits with positive gain, best gain: -inf
[LightGBM] [Warning] No further splits with positive gain, best gain: -inf
[LightGBM] [Warning] No further splits with positive gain, best gain: -inf
[LightGBM] [Warning] No further splits with positive gain, best gain: -inf
[LightGBM] [Warning] No further splits with positive gain, best gain: -inf
[LightGBM] [Warning] No further splits with positive gain, best gain: -inf
[LightGBM] [Warning] No further splits with positive gain, best gain: -inf
[LightGBM] [Warning] No further splits with positive gain, best gain: -inf
[LightGBM] [Warning] No further splits with positive gain, best gain: -inf
[LightGBM] [Warning] No further splits with positive gain, best gain: -inf
[LightGBM] [Warning] No further splits with positive gain, best gain: -inf
[LightGBM] [Warning] No further splits with positive gain, best gain: -inf
Early stopping, best iteration is:
[190]	train's rmse: 0.655009
content_rmse : 0.4336379888220604
wording_rmse : 0.582402806217584
mcrmse : 0.5080203975198222
__module__ __main__
model_name debertav3base
learning_rate 2.1e-05
weight_decay 0.03
hidden_dropout_prob 0.0
attention_probs_dropout_prob 0.007
num_train_epochs 5
n_splits 4
batch_size 19
random_seed 42
save_steps 100
max_length 512
test_mode False
device GPU
__dict__ {'__module__': '__main__', 'model_name': 'debertav3base', 'learning_rate': 2.1e-05, 'weight_decay': 0.03, 'hidden_dropout_prob': 0.0, 'attention_probs_dropout_prob': 0.007, 'num_train_epochs': 5, 'n_splits': 4, 'batch_size': 19, 'random_seed': 42, 'save_steps': 100, 'max_length': 512, 'test_mode': False, 'device': 'GPU', '__dict__': <attribute '__dict__' of 'CFG' objects>, '__weakref__': <attribute '__weakref__' of 'CFG' objects>, '__doc__': None}
__weakref__ <attribute '__weakref__' of 'CFG' objects>
__doc__ None
